{"target": 0.15224255512322277, "params": {"baseflow": 0.3498281719880636, "fmax": 0.2461619166875286}, "datetime": {"datetime": "2024-04-21 20:51:24", "elapsed": 0.0, "delta": 0.0}}
{"target": 0.1416595316288725, "params": {"baseflow": 7.048497000249943, "fmax": 0.08712076721647005}, "datetime": {"datetime": "2024-04-21 20:59:51", "elapsed": 506.276095, "delta": 506.276095}}
{"target": 0.13699632800250805, "params": {"baseflow": 8.42541313923373, "fmax": 0.03837556536365483}, "datetime": {"datetime": "2024-04-21 21:08:01", "elapsed": 997.122143, "delta": 490.846048}}
{"target": 0.04342082830421346, "params": {"baseflow": 1.4396442711751267, "fmax": 0.37676199481551875}, "datetime": {"datetime": "2024-04-21 21:16:12", "elapsed": 1488.015301, "delta": 490.893158}}
{"target": 0.14265681750416984, "params": {"baseflow": 1.6365434652940603, "fmax": 0.35174056110142166}, "datetime": {"datetime": "2024-04-21 21:24:14", "elapsed": 1969.25793, "delta": 481.242629}}
{"target": 0.1494143882059684, "params": {"baseflow": 2.046352174550993, "fmax": 0.3246440096365877}, "datetime": {"datetime": "2024-04-21 21:32:15", "elapsed": 2450.527368, "delta": 481.269438}}
{"target": 0.1966514031041661, "params": {"baseflow": 3.7724265842940605, "fmax": 0.2623907794040278}, "datetime": {"datetime": "2024-04-21 21:40:26", "elapsed": 2941.618349, "delta": 491.090981}}
{"target": 0.14486157651591794, "params": {"baseflow": 5.316215306216031, "fmax": 0.19768766084860553}, "datetime": {"datetime": "2024-04-21 21:48:27", "elapsed": 3422.913298, "delta": 481.294949}}
{"target": 0.150986117638215, "params": {"baseflow": 7.983849887502091, "fmax": 0.32047855689838495}, "datetime": {"datetime": "2024-04-21 21:56:28", "elapsed": 3903.78739, "delta": 480.874092}}
{"target": 0.13722676690789057, "params": {"baseflow": 2.410545961903894, "fmax": 0.05920854534372642}, "datetime": {"datetime": "2024-04-21 22:04:34", "elapsed": 4389.608596, "delta": 485.821206}}
{"target": 0.14515795790348646, "params": {"baseflow": 3.5285428567416743, "fmax": 0.3362538104952361}, "datetime": {"datetime": "2024-04-21 22:12:55", "elapsed": 4891.04951, "delta": 501.440914}}
{"target": 0.28045143624385666, "params": {"baseflow": 7.958861535679488, "fmax": 0.14349255094578292}, "datetime": {"datetime": "2024-04-21 22:21:06", "elapsed": 5381.925112, "delta": 490.875602}}
{"target": 0.14750357533348035, "params": {"baseflow": 7.9386202328794315, "fmax": 0.10460817358444308}, "datetime": {"datetime": "2024-04-21 22:29:02", "elapsed": 5857.78203, "delta": 475.856918}}
{"target": 0.3996865946994162, "params": {"baseflow": 1.4362087270419177, "fmax": 0.2794370278560402}, "datetime": {"datetime": "2024-04-21 22:37:28", "elapsed": 6363.896377, "delta": 506.114347}}
{"target": 0.15659996545020527, "params": {"baseflow": 9.59307054378922, "fmax": 0.2682496821912258}, "datetime": {"datetime": "2024-04-21 22:45:29", "elapsed": 6844.949198, "delta": 481.052821}}
{"target": 0.1375260872725122, "params": {"baseflow": 1.273667348653088, "fmax": 0.0591119535282457}, "datetime": {"datetime": "2024-04-21 22:53:30", "elapsed": 7325.990918, "delta": 481.04172}}
{"target": 0.15218402028817898, "params": {"baseflow": 0.6179375187241287, "fmax": 0.23261784174765993}, "datetime": {"datetime": "2024-04-21 23:02:16", "elapsed": 7851.87921, "delta": 525.888292}}
{"target": 0.14849362454008502, "params": {"baseflow": 3.086339653457074, "fmax": 0.17153610700882319}, "datetime": {"datetime": "2024-04-21 23:10:17", "elapsed": 8332.719359, "delta": 480.840149}}
{"target": 0.15523078285930175, "params": {"baseflow": 6.791408820607703, "fmax": 0.30820546868649534}, "datetime": {"datetime": "2024-04-21 23:18:28", "elapsed": 8823.558831, "delta": 490.839472}}
{"target": 0.15488356153180285, "params": {"baseflow": 6.916714674315024, "fmax": 0.3113684071364598}, "datetime": {"datetime": "2024-04-21 23:26:44", "elapsed": 9319.698598, "delta": 496.139767}}
{"target": 0.007971947708233463, "params": {"baseflow": 6.395715827673839, "fmax": 0.3900950173949008}, "datetime": {"datetime": "2024-04-21 23:34:55", "elapsed": 9810.503516, "delta": 490.804918}}
{"target": 0.15161722797956137, "params": {"baseflow": 7.528831811203181, "fmax": 0.2343418013688906}, "datetime": {"datetime": "2024-04-21 23:42:56", "elapsed": 10291.210233, "delta": 480.706717}}
{"target": 0.13846928934047628, "params": {"baseflow": 6.7540862645380715, "fmax": 0.0448128456163329}, "datetime": {"datetime": "2024-04-21 23:50:46", "elapsed": 10762.044947, "delta": 470.834714}}
{"target": 0.14306283595323654, "params": {"baseflow": 2.4942744270593877, "fmax": 0.11930731598106625}, "datetime": {"datetime": "2024-04-21 23:59:02", "elapsed": 11257.928373, "delta": 495.883426}}
{"target": 0.14622322064575588, "params": {"baseflow": 2.4049402403020768, "fmax": 0.2016900495346715}, "datetime": {"datetime": "2024-04-22 00:07:43", "elapsed": 11778.814051, "delta": 520.885678}}
{"target": 0.14666850075111934, "params": {"baseflow": 1.3115640439703335, "fmax": 0.165514246810472}, "datetime": {"datetime": "2024-04-22 00:19:25", "elapsed": 12480.716153, "delta": 701.902102}}
{"target": 0.14306703925114983, "params": {"baseflow": 1.4657589023066064, "fmax": 0.08631392753104615}, "datetime": {"datetime": "2024-04-22 00:30:51", "elapsed": 13167.050609, "delta": 686.334456}}
{"target": 0.26871209072328656, "params": {"baseflow": 8.589403503870464, "fmax": 0.19172729338903305}, "datetime": {"datetime": "2024-04-22 00:39:37", "elapsed": 13692.972093, "delta": 525.921484}}
{"target": 0.1454566270353032, "params": {"baseflow": 5.356545687357174, "fmax": 0.09924055663293059}, "datetime": {"datetime": "2024-04-22 00:51:59", "elapsed": 14434.769296, "delta": 741.797203}}
{"target": 0.14056371790934222, "params": {"baseflow": 0.7693031695376529, "fmax": 0.10682386199896438}, "datetime": {"datetime": "2024-04-22 01:03:40", "elapsed": 15136.046028, "delta": 701.276732}}
{"target": 0.1627228014039014, "params": {"baseflow": 1.0556488892468718, "fmax": 0.12988627966428035}, "datetime": {"datetime": "2024-04-22 01:12:22", "elapsed": 15657.210746, "delta": 521.164718}}
{"target": 0.15779535220864344, "params": {"baseflow": 6.439925891658056, "fmax": 0.29542349595786715}, "datetime": {"datetime": "2024-04-22 01:21:38", "elapsed": 16213.453279, "delta": 556.242533}}
{"target": 0.1567614410519707, "params": {"baseflow": 5.820861198973377, "fmax": 0.306317615283241}, "datetime": {"datetime": "2024-04-22 01:30:34", "elapsed": 16749.549351, "delta": 536.096072}}
{"target": 0.14205935870667516, "params": {"baseflow": 8.691324165984497, "fmax": 0.09006957100691029}, "datetime": {"datetime": "2024-04-22 01:38:45", "elapsed": 17241.071853, "delta": 491.522502}}
{"target": 0.15550780385766202, "params": {"baseflow": 1.9964394201317481, "fmax": 0.30869035892525154}, "datetime": {"datetime": "2024-04-22 01:47:06", "elapsed": 17741.964331, "delta": 500.892478}}
{"target": 0.022328819745251322, "params": {"baseflow": 9.20232372317052, "fmax": 0.3796555349301227}, "datetime": {"datetime": "2024-04-22 01:55:27", "elapsed": 18242.851604, "delta": 500.887273}}
{"target": 0.1452867068853605, "params": {"baseflow": 2.236779994635648, "fmax": 0.09928587940066391}, "datetime": {"datetime": "2024-04-22 02:04:03", "elapsed": 18758.733107, "delta": 515.881503}}
{"target": 0.28988923585475307, "params": {"baseflow": 3.9286204801962263, "fmax": 0.1512544588672261}, "datetime": {"datetime": "2024-04-22 02:12:22", "elapsed": 19257.359259, "delta": 498.626152}}
{"target": 0.14343511908288945, "params": {"baseflow": 7.406332602286864, "fmax": 0.13631879334007277}, "datetime": {"datetime": "2024-04-22 02:20:28", "elapsed": 19743.282862, "delta": 485.923603}}
{"target": 0.2553419746831353, "params": {"baseflow": 3.452634271471612, "fmax": 0.1468576125433302}, "datetime": {"datetime": "2024-04-22 02:28:44", "elapsed": 20239.242315, "delta": 495.959453}}
{"target": 0.15874217381308925, "params": {"baseflow": 4.802816114021203, "fmax": 0.29561211555730954}, "datetime": {"datetime": "2024-04-22 02:36:59", "elapsed": 20735.135581, "delta": 495.893266}}
{"target": 0.02255312142194634, "params": {"baseflow": 9.545722860403261, "fmax": 0.3796667722564413}, "datetime": {"datetime": "2024-04-22 02:45:15", "elapsed": 21230.856499, "delta": 495.720918}}
{"target": 0.14656587558939774, "params": {"baseflow": 3.8199457421675542, "fmax": 0.21036597553192898}, "datetime": {"datetime": "2024-04-22 02:53:11", "elapsed": 21706.702307, "delta": 475.845808}}
{"target": 0.26634442198544184, "params": {"baseflow": 7.712610763174675, "fmax": 0.18304399663876852}, "datetime": {"datetime": "2024-04-22 03:01:17", "elapsed": 22192.553836, "delta": 485.851529}}
{"target": 0.1433259013700261, "params": {"baseflow": 3.783874128230579, "fmax": 0.12142704966097893}, "datetime": {"datetime": "2024-04-22 03:09:18", "elapsed": 22673.404578, "delta": 480.850742}}
{"target": 0.1523345074572783, "params": {"baseflow": 6.235012813743156, "fmax": 0.24105871437607385}, "datetime": {"datetime": "2024-04-22 03:17:29", "elapsed": 23164.298827, "delta": 490.894249}}
{"target": 0.1481989947744054, "params": {"baseflow": 4.265668851460042, "fmax": 0.2072096165956052}, "datetime": {"datetime": "2024-04-22 03:25:30", "elapsed": 23645.672723, "delta": 481.373896}}
{"target": 0.18723130118159526, "params": {"baseflow": 3.4614981530786135, "fmax": 0.2919202889045354}, "datetime": {"datetime": "2024-04-22 03:33:36", "elapsed": 24131.479325, "delta": 485.806602}}
{"target": 0.14035265802599375, "params": {"baseflow": 5.351959690704026, "fmax": 0.3618789556285269}, "datetime": {"datetime": "2024-04-22 03:41:42", "elapsed": 24617.343098, "delta": 485.863773}}
{"target": 0.136377895570377, "params": {"baseflow": 1.070878993609038, "fmax": 0.05541281355210281}, "datetime": {"datetime": "2024-04-22 03:49:43", "elapsed": 25098.291919, "delta": 480.948821}}
{"target": 0.14765191313996828, "params": {"baseflow": 6.041057616723798, "fmax": 0.10466867968598614}, "datetime": {"datetime": "2024-04-22 03:57:39", "elapsed": 25574.175824, "delta": 475.883905}}
{"target": 0.0015831940194238861, "params": {"baseflow": 2.0137089054711064, "fmax": 0.39607577412092665}, "datetime": {"datetime": "2024-04-22 04:05:44", "elapsed": 26060.039511, "delta": 485.863687}}
{"target": 0.15069775157096346, "params": {"baseflow": 5.327931297261637, "fmax": 0.16080427485517257}, "datetime": {"datetime": "2024-04-22 04:13:56", "elapsed": 26551.271348, "delta": 491.231837}}
{"target": 0.2798636817326872, "params": {"baseflow": 1.5574397354226055, "fmax": 0.14229241839931223}, "datetime": {"datetime": "2024-04-22 04:21:56", "elapsed": 27032.140612, "delta": 480.869264}}
{"target": 0.14107507760759844, "params": {"baseflow": 5.213736781897861, "fmax": 0.10998568222302368}, "datetime": {"datetime": "2024-04-22 04:29:57", "elapsed": 27512.996033, "delta": 480.855421}}
{"target": 0.1586823513585268, "params": {"baseflow": 0.015445132649557491, "fmax": 0.27868693842168946}, "datetime": {"datetime": "2024-04-22 04:38:03", "elapsed": 27998.891031, "delta": 485.894998}}
{"target": 0.1423141480136283, "params": {"baseflow": 2.4492343691652407, "fmax": 0.35526437771417635}, "datetime": {"datetime": "2024-04-22 04:46:09", "elapsed": 28484.73994, "delta": 485.848909}}
{"target": 0.15786214123906045, "params": {"baseflow": 0.09859172678774564, "fmax": 0.29476700731823}, "datetime": {"datetime": "2024-04-22 04:54:05", "elapsed": 28960.501057, "delta": 475.761117}}
{"target": 0.21401572462116006, "params": {"baseflow": 4.087485151894824, "fmax": 0.14465972652062936}, "datetime": {"datetime": "2024-04-22 05:02:21", "elapsed": 29456.326282, "delta": 495.825225}}
{"target": 0.15291021674901512, "params": {"baseflow": 5.9323328615181286, "fmax": 0.23761451264883254}, "datetime": {"datetime": "2024-04-22 05:10:22", "elapsed": 29937.182994, "delta": 480.856712}}
{"target": 0.1471592426668754, "params": {"baseflow": 1.7378693281028168, "fmax": 0.16636370636908102}, "datetime": {"datetime": "2024-04-22 05:18:22", "elapsed": 30418.040996, "delta": 480.858002}}
{"target": 0.19866224707112345, "params": {"baseflow": 7.960838212989053, "fmax": 0.14373806791106408}, "datetime": {"datetime": "2024-04-22 05:26:33", "elapsed": 30908.881771, "delta": 490.840775}}
{"target": 0.2635793618185617, "params": {"baseflow": 7.709045153351174, "fmax": 0.18602811678324094}, "datetime": {"datetime": "2024-04-22 05:34:34", "elapsed": 31389.78408, "delta": 480.902309}}
{"target": 0.2622114448544704, "params": {"baseflow": 7.710461263050305, "fmax": 0.18499811665075785}, "datetime": {"datetime": "2024-04-22 05:42:25", "elapsed": 31860.613808, "delta": 470.829728}}
{"target": 0.15609021832308514, "params": {"baseflow": 3.286305159361399, "fmax": 0.29430806313767593}, "datetime": {"datetime": "2024-04-22 05:50:21", "elapsed": 32336.433989, "delta": 475.820181}}
{"target": 0.1384393548764505, "params": {"baseflow": 6.7482271848226585, "fmax": 0.04334730623247851}, "datetime": {"datetime": "2024-04-22 05:58:22", "elapsed": 32817.34754, "delta": 480.913551}}
{"target": 0.1455356763663998, "params": {"baseflow": 3.4515386151675633, "fmax": 0.15279662745395012}, "datetime": {"datetime": "2024-04-22 06:06:28", "elapsed": 33303.224755, "delta": 485.877215}}
{"target": 0.1461452731341203, "params": {"baseflow": 1.4353192092673006, "fmax": 0.2782335188601814}, "datetime": {"datetime": "2024-04-22 06:14:29", "elapsed": 33784.952695, "delta": 481.72794}}
{"target": 0.14556851311608185, "params": {"baseflow": 2.632469179290845, "fmax": 0.2012959620521275}, "datetime": {"datetime": "2024-04-22 06:22:30", "elapsed": 34265.70117, "delta": 480.748475}}
{"target": 0.16996462216634353, "params": {"baseflow": 4.083007915922762, "fmax": 0.1414294543406623}, "datetime": {"datetime": "2024-04-22 06:30:26", "elapsed": 34742.164574, "delta": 476.463404}}
{"target": 0.1264028944111185, "params": {"baseflow": 9.195372458553274, "fmax": 0.015404888477860368}, "datetime": {"datetime": "2024-04-22 06:38:32", "elapsed": 35228.080581, "delta": 485.916007}}
{"target": 0.15203553789130378, "params": {"baseflow": 0.6443787224501585, "fmax": 0.3198001003154184}, "datetime": {"datetime": "2024-04-22 06:46:38", "elapsed": 35713.931765, "delta": 485.851184}}
{"target": 0.0012971384181335792, "params": {"baseflow": 8.155983630567468, "fmax": 0.3918022543183922}, "datetime": {"datetime": "2024-04-22 06:54:44", "elapsed": 36200.161313, "delta": 486.229548}}
{"target": 0.1449237487917991, "params": {"baseflow": 8.106459882318264, "fmax": 0.09743679334431343}, "datetime": {"datetime": "2024-04-22 07:02:51", "elapsed": 36686.19542, "delta": 486.034107}}
{"target": 0.2793651253614395, "params": {"baseflow": 7.962320634824481, "fmax": 0.14208709033441363}, "datetime": {"datetime": "2024-04-22 07:11:12", "elapsed": 37187.177655, "delta": 500.982235}}
{"target": 0.26636334361162456, "params": {"baseflow": 7.707485658585219, "fmax": 0.1842071123047156}, "datetime": {"datetime": "2024-04-22 07:19:17", "elapsed": 37673.148598, "delta": 485.970943}}
{"target": 0.15681150857477183, "params": {"baseflow": 3.8103217058690477, "fmax": 0.3053577826240757}, "datetime": {"datetime": "2024-04-22 07:27:23", "elapsed": 38159.001198, "delta": 485.8526}}
{"target": 0.13583262977287047, "params": {"baseflow": 9.862255264081568, "fmax": 0.03231516599005451}, "datetime": {"datetime": "2024-04-22 07:35:30", "elapsed": 38645.179208, "delta": 486.17801}}
{"target": 0.25439450787271256, "params": {"baseflow": 3.930223652016782, "fmax": 0.14726666094338844}, "datetime": {"datetime": "2024-04-22 07:43:35", "elapsed": 39131.166173, "delta": 485.986965}}
{"target": 0.1423274559882844, "params": {"baseflow": 9.562295315822206, "fmax": 0.3537350115532397}, "datetime": {"datetime": "2024-04-22 07:51:37", "elapsed": 39612.323474, "delta": 481.157301}}
{"target": 0.12594833675438374, "params": {"baseflow": 1.1767050191735462, "fmax": 0.012006788340505992}, "datetime": {"datetime": "2024-04-22 07:59:38", "elapsed": 40093.490174, "delta": 481.1667}}
{"target": 0.18749836336637363, "params": {"baseflow": 7.95944360857309, "fmax": 0.13971529977274985}, "datetime": {"datetime": "2024-04-22 08:07:49", "elapsed": 40584.627401, "delta": 491.137227}}
{"target": 0.14818345465422808, "params": {"baseflow": 5.784419723914832, "fmax": 0.2088148857864169}, "datetime": {"datetime": "2024-04-22 08:15:56", "elapsed": 41071.529035, "delta": 486.901634}}
{"target": 0.15581972724243065, "params": {"baseflow": 4.8903072135009875, "fmax": 0.312796953055864}, "datetime": {"datetime": "2024-04-22 08:24:07", "elapsed": 41562.870058, "delta": 491.341023}}
{"target": 0.14578116082497228, "params": {"baseflow": 3.537357478049146, "fmax": 0.3363406376978027}, "datetime": {"datetime": "2024-04-22 08:49:48", "elapsed": 0.0, "delta": 0.0}}
{"target": 0.2798736370307635, "params": {"baseflow": 1.5622764988891047, "fmax": 0.14348639814618994}, "datetime": {"datetime": "2024-04-22 08:58:04", "elapsed": 495.972266, "delta": 495.972266}}
{"target": 0.19264720848457853, "params": {"baseflow": 9.677834140150361, "fmax": 0.28625238456210117}, "datetime": {"datetime": "2024-04-22 09:06:15", "elapsed": 987.036156, "delta": 491.06389}}
