{"target": 0.0010993037361207252, "params": {"baseflow": 3.491821328280432, "fmax": 0.3910624614315164}, "datetime": {"datetime": "2024-04-20 09:34:21", "elapsed": 0.0, "delta": 0.0}}
{"target": 0.1411793820305115, "params": {"baseflow": 3.1160110723894796, "fmax": 0.05002759688946226}, "datetime": {"datetime": "2024-04-20 09:42:27", "elapsed": 485.842669, "delta": 485.842669}}
{"target": 0.1455633061507932, "params": {"baseflow": 1.6229384804450053, "fmax": 0.33733243726565343}, "datetime": {"datetime": "2024-04-20 09:50:58", "elapsed": 996.907252, "delta": 511.064583}}
{"target": 0.14606546485239008, "params": {"baseflow": 6.819539201695436, "fmax": 0.2587544274326972}, "datetime": {"datetime": "2024-04-20 10:04:55", "elapsed": 1833.376529, "delta": 836.469277}}
{"target": 0.1628991448645001, "params": {"baseflow": 6.167464926006282, "fmax": 0.12983909980096006}, "datetime": {"datetime": "2024-04-20 10:14:26", "elapsed": 2404.547882, "delta": 571.171353}}
{"target": 0.15177323682793237, "params": {"baseflow": 0.004974380083561103, "fmax": 0.31980253088718325}, "datetime": {"datetime": "2024-04-20 10:22:37", "elapsed": 2895.509797, "delta": 490.961915}}
{"target": 0.04888181712746775, "params": {"baseflow": 6.700227965750526, "fmax": 0.3728061208203721}, "datetime": {"datetime": "2024-04-20 10:31:38", "elapsed": 3436.595849, "delta": 541.086052}}
{"target": 0.14604289924307162, "params": {"baseflow": 4.2278843680028775, "fmax": 0.16235907636120506}, "datetime": {"datetime": "2024-04-20 10:43:44", "elapsed": 4162.743306, "delta": 726.147457}}
{"target": 0.1446995371024695, "params": {"baseflow": 0.5951414779924169, "fmax": 0.19704364386641737}, "datetime": {"datetime": "2024-04-20 11:01:36", "elapsed": 5234.409038, "delta": 1071.665732}}
{"target": 0.19655828195770295, "params": {"baseflow": 4.891109431021033, "fmax": 0.26238625316589137}, "datetime": {"datetime": "2024-04-20 11:19:23", "elapsed": 6301.229853, "delta": 1066.820815}}
{"target": 0.21986648790172245, "params": {"baseflow": 4.671355936653127, "fmax": 0.21661473562797107}, "datetime": {"datetime": "2024-04-20 11:30:59", "elapsed": 6997.507748, "delta": 696.277895}}
{"target": 0.05876130696894098, "params": {"baseflow": 9.3923184710447, "fmax": 0.39643933247057095}, "datetime": {"datetime": "2024-04-20 16:44:23", "elapsed": 25801.52823, "delta": 18804.020482}}
{"target": 0.1466984839814647, "params": {"baseflow": 7.867782144485921, "fmax": 0.16576271720086744}, "datetime": {"datetime": "2024-04-20 16:59:25", "elapsed": 26703.102115, "delta": 901.573885}}
{"target": 0.2792939117427542, "params": {"baseflow": 5.135569946960839, "fmax": 0.14163463995077638}, "datetime": {"datetime": "2024-04-20 17:08:20", "elapsed": 27239.028202, "delta": 535.926087}}
{"target": 0.13994063827843056, "params": {"baseflow": 7.592072701665894, "fmax": 0.0699870161828711}, "datetime": {"datetime": "2024-04-20 17:17:21", "elapsed": 27780.02222, "delta": 540.994018}}
{"target": 0.16240752665523286, "params": {"baseflow": 5.041251708134521, "fmax": 0.05205188939042014}, "datetime": {"datetime": "2024-04-20 17:26:12", "elapsed": 28311.043365, "delta": 531.021145}}
{"target": 0.14641458107158442, "params": {"baseflow": 5.099479334968388, "fmax": 0.20489996305937475}, "datetime": {"datetime": "2024-04-20 17:34:23", "elapsed": 28801.99304, "delta": 490.949675}}
{"target": 0.16320370615539473, "params": {"baseflow": 2.1101313994403768, "fmax": 0.13217966228724584}, "datetime": {"datetime": "2024-04-20 17:42:54", "elapsed": 29312.996055, "delta": 511.003015}}
{"target": 0.18694004534046382, "params": {"baseflow": 5.128086519396905, "fmax": 0.13948092466991743}, "datetime": {"datetime": "2024-04-20 17:51:05", "elapsed": 29803.966131, "delta": 490.970076}}
{"target": 0.14322671053678646, "params": {"baseflow": 3.6639566230060194, "fmax": 0.08709335717068152}, "datetime": {"datetime": "2024-04-20 17:59:21", "elapsed": 30300.046178, "delta": 496.080047}}
{"target": 0.2553676982336626, "params": {"baseflow": 5.14403516881505, "fmax": 0.1474165072441975}, "datetime": {"datetime": "2024-04-20 18:08:12", "elapsed": 30830.955994, "delta": 530.909816}}
{"target": 0.14327308202567982, "params": {"baseflow": 5.1378586701421805, "fmax": 0.13634536590679533}, "datetime": {"datetime": "2024-04-20 18:17:05", "elapsed": 31363.364052, "delta": 532.408058}}
{"target": 0.14338724447314755, "params": {"baseflow": 2.7111207073063737, "fmax": 0.0930074013705387}, "datetime": {"datetime": "2024-04-20 18:35:16", "elapsed": 32454.671098, "delta": 1091.307046}}
{"target": 0.12454648980740551, "params": {"baseflow": 0.12305352351478116, "fmax": 0.0029679557802045676}, "datetime": {"datetime": "2024-04-20 18:44:17", "elapsed": 32995.962814, "delta": 541.291716}}
{"target": 0.14000701373850527, "params": {"baseflow": 5.555505798959795, "fmax": 0.36247758292231186}, "datetime": {"datetime": "2024-04-20 18:52:48", "elapsed": 33506.866879, "delta": 510.904065}}
{"target": 0.14519137567211096, "params": {"baseflow": 4.529144123309984, "fmax": 0.3373158354978978}, "datetime": {"datetime": "2024-04-20 19:01:09", "elapsed": 34007.727288, "delta": 500.860409}}
{"target": 0.16408029896344686, "params": {"baseflow": 7.207984645653421, "fmax": 0.13553669836786267}, "datetime": {"datetime": "2024-04-20 19:09:40", "elapsed": 34518.69019, "delta": 510.962902}}
{"target": 0.27973404929017714, "params": {"baseflow": 5.146609828022813, "fmax": 0.14288520917277361}, "datetime": {"datetime": "2024-04-20 19:18:06", "elapsed": 35024.694331, "delta": 506.004141}}
{"target": 0.1455218614744855, "params": {"baseflow": 5.137240875829267, "fmax": 0.1520754990710072}, "datetime": {"datetime": "2024-04-20 19:26:17", "elapsed": 35515.58266, "delta": 490.888329}}
{"target": 0.143890867938281, "params": {"baseflow": 5.150651731862986, "fmax": 0.13801894002252846}, "datetime": {"datetime": "2024-04-20 19:34:28", "elapsed": 36006.842569, "delta": 491.259909}}
{"target": 0.14978035346187193, "params": {"baseflow": 0.15139099306849313, "fmax": 0.32653503064904066}, "datetime": {"datetime": "2024-04-20 19:42:39", "elapsed": 36497.887953, "delta": 491.045384}}
{"target": 0.25507956983204605, "params": {"baseflow": 5.153100538159629, "fmax": 0.14786841922334235}, "datetime": {"datetime": "2024-04-20 19:50:35", "elapsed": 36973.666331, "delta": 475.778378}}
{"target": 0.1391443521372559, "params": {"baseflow": 8.937551188280528, "fmax": 0.06020555090649209}, "datetime": {"datetime": "2024-04-20 20:58:30", "elapsed": 41048.351355, "delta": 4074.685024}}
{"target": 0.2199461869032097, "params": {"baseflow": 4.678723843231587, "fmax": 0.21686556363756226}, "datetime": {"datetime": "2024-04-20 21:08:41", "elapsed": 41659.419891, "delta": 611.068536}}
{"target": 0.15757658032275587, "params": {"baseflow": 3.808210263645566, "fmax": 0.2707927976193275}, "datetime": {"datetime": "2024-04-20 21:16:47", "elapsed": 42145.317602, "delta": 485.897711}}
{"target": 0.14316712074484803, "params": {"baseflow": 2.977341742963352, "fmax": 0.11915559511286014}, "datetime": {"datetime": "2024-04-20 21:39:50", "elapsed": 0.0, "delta": 0.0}}
{"target": 0.1421010330270981, "params": {"baseflow": 9.929924283611513, "fmax": 0.1138471390526882}, "datetime": {"datetime": "2024-04-20 21:48:06", "elapsed": 495.984318, "delta": 495.984318}}
{"target": 0.1466984839814647, "params": {"baseflow": 7.867782144485921, "fmax": 0.16576271720086744}, "datetime": {"datetime": "2024-04-20 21:56:17", "elapsed": 986.90509, "delta": 490.920772}}
{"target": 0.1431433117219515, "params": {"baseflow": 5.871604398422856, "fmax": 0.11907699741886457}, "datetime": {"datetime": "2024-04-20 22:04:23", "elapsed": 1472.854536, "delta": 485.949446}}
{"target": 0.14060925632937354, "params": {"baseflow": 0.1312910116905408, "fmax": 0.10810212069271669}, "datetime": {"datetime": "2024-04-20 22:12:39", "elapsed": 1969.425647, "delta": 496.571111}}
{"target": 0.14609744480865025, "params": {"baseflow": 8.185371587729067, "fmax": 0.25746347131285596}, "datetime": {"datetime": "2024-04-20 22:28:01", "elapsed": 2890.654744, "delta": 921.229097}}
{"target": 0.1371880180895553, "params": {"baseflow": 4.74872980060983, "fmax": 0.03751090096866401}, "datetime": {"datetime": "2024-04-20 22:41:02", "elapsed": 3671.920009, "delta": 781.265265}}
{"target": 0.14792619009393987, "params": {"baseflow": 0.13914107371355455, "fmax": 0.10418490017896614}, "datetime": {"datetime": "2024-04-20 22:50:23", "elapsed": 4232.914109, "delta": 560.9941}}
{"target": 0.14647207254796032, "params": {"baseflow": 8.328192630567347, "fmax": 0.2513692449476283}, "datetime": {"datetime": "2024-04-20 22:58:49", "elapsed": 4738.88368, "delta": 505.969571}}
{"target": 0.142709611203436, "params": {"baseflow": 9.921949825731351, "fmax": 0.11620079275695099}, "datetime": {"datetime": "2024-04-20 23:06:55", "elapsed": 5224.859887, "delta": 485.976207}}
{"target": 0.14227462414519954, "params": {"baseflow": 5.861206643620904, "fmax": 0.11420730180802008}, "datetime": {"datetime": "2024-04-20 23:15:06", "elapsed": 5715.663959, "delta": 490.804072}}
{"target": 0.14266682986703705, "params": {"baseflow": 6.874994505387798, "fmax": 0.3436837624402667}, "datetime": {"datetime": "2024-04-20 23:23:11", "elapsed": 6201.60752, "delta": 485.943561}}
{"target": 0.14150040011152554, "params": {"baseflow": 5.867773440021503, "fmax": 0.11149642187332952}, "datetime": {"datetime": "2024-04-20 23:58:24", "elapsed": 8314.211689, "delta": 2112.604169}}
{"target": 0.1397102648248631, "params": {"baseflow": 5.944203259877287, "fmax": 0.07165178177602308}, "datetime": {"datetime": "2024-04-21 00:07:30", "elapsed": 8860.172003, "delta": 545.960314}}
{"target": 0.143154401863761, "params": {"baseflow": 7.775280080283775, "fmax": 0.1192817850026763}, "datetime": {"datetime": "2024-04-21 00:17:53", "elapsed": 9482.750759, "delta": 622.578756}}
{"target": 0.14262284718124799, "params": {"baseflow": 5.9331653385898, "fmax": 0.0824227475487291}, "datetime": {"datetime": "2024-04-21 00:27:44", "elapsed": 10073.858523, "delta": 591.107764}}
{"target": 0.14353322644414476, "params": {"baseflow": 5.87585673844271, "fmax": 0.12303314710111964}, "datetime": {"datetime": "2024-04-21 00:38:00", "elapsed": 10689.877268, "delta": 616.018745}}
{"target": 0.1607346463668842, "params": {"baseflow": 1.753488128362679, "fmax": 0.12020315506543074}, "datetime": {"datetime": "2024-04-21 00:47:56", "elapsed": 11286.088593, "delta": 596.211325}}
{"target": 0.1625292217552369, "params": {"baseflow": 9.113662780888493, "fmax": 0.12767790766466566}, "datetime": {"datetime": "2024-04-21 01:11:48", "elapsed": 12718.32997, "delta": 1432.241377}}
{"target": 0.14705978532052713, "params": {"baseflow": 5.52899246485779, "fmax": 0.10270681756716094}, "datetime": {"datetime": "2024-04-21 01:21:24", "elapsed": 13294.530137, "delta": 576.200167}}
{"target": 0.14978035346187193, "params": {"baseflow": 0.15139099306849313, "fmax": 0.32653503064904066}, "datetime": {"datetime": "2024-04-21 01:29:55", "elapsed": 13805.642156, "delta": 511.112019}}
{"target": 0.14690219495211168, "params": {"baseflow": 0.1294828102127643, "fmax": 0.10283633644409403}, "datetime": {"datetime": "2024-04-21 01:39:17", "elapsed": 14366.735776, "delta": 561.09362}}
{"target": 0.1391443521372559, "params": {"baseflow": 8.937551188280528, "fmax": 0.06020555090649209}, "datetime": {"datetime": "2024-04-21 01:47:38", "elapsed": 14867.673883, "delta": 500.938107}}
{"target": 0.262907472061187, "params": {"baseflow": 7.0423008776118365, "fmax": 0.18504209512272884}, "datetime": {"datetime": "2024-04-21 02:01:39", "elapsed": 15709.255048, "delta": 841.581165}}
{"target": 0.197552049432085, "params": {"baseflow": 7.055685735959607, "fmax": 0.26313962406565544}, "datetime": {"datetime": "2024-04-21 02:18:56", "elapsed": 16746.072414, "delta": 1036.817366}}
{"target": 0.1412016043786799, "params": {"baseflow": 4.173664387133571, "fmax": 0.1097944243089208}, "datetime": {"datetime": "2024-04-21 02:31:32", "elapsed": 17502.311643, "delta": 756.239229}}
{"target": 0.14323186584819603, "params": {"baseflow": 5.867587800426249, "fmax": 0.1210029041300286}, "datetime": {"datetime": "2024-04-21 02:42:29", "elapsed": 18158.68102, "delta": 656.369377}}
{"target": 0.13711808216001334, "params": {"baseflow": 1.7315466454492512, "fmax": 0.0357993987182804}, "datetime": {"datetime": "2024-04-21 02:52:05", "elapsed": 18734.722422, "delta": 576.041402}}
{"target": 0.14261893704341244, "params": {"baseflow": 4.674168615092283, "fmax": 0.08311937741511786}, "datetime": {"datetime": "2024-04-21 03:00:35", "elapsed": 19245.574116, "delta": 510.851694}}
{"target": 0.14658330256238555, "params": {"baseflow": 0.14200142535328975, "fmax": 0.10164333168207391}, "datetime": {"datetime": "2024-04-21 03:08:46", "elapsed": 19736.532842, "delta": 490.958726}}
{"target": 0.1450873093715042, "params": {"baseflow": 0.14534524678152416, "fmax": 0.09962477964591021}, "datetime": {"datetime": "2024-04-21 03:16:57", "elapsed": 20227.561015, "delta": 491.028173}}
{"target": 0.1631841718464951, "params": {"baseflow": 6.1130781346776955, "fmax": 0.13262588112353121}, "datetime": {"datetime": "2024-04-21 03:25:13", "elapsed": 20723.529542, "delta": 495.968527}}
{"target": 0.14255609756930498, "params": {"baseflow": 9.928364743046757, "fmax": 0.11654862450195856}, "datetime": {"datetime": "2024-04-21 03:33:29", "elapsed": 21219.48427, "delta": 495.954728}}
{"target": 0.14144503449582796, "params": {"baseflow": 5.939480023384275, "fmax": 0.07539359785944254}, "datetime": {"datetime": "2024-04-21 03:41:45", "elapsed": 21715.335515, "delta": 495.851245}}
{"target": 0.14477838649274158, "params": {"baseflow": 4.390204514419834, "fmax": 0.09566355512243026}, "datetime": {"datetime": "2024-04-21 03:50:01", "elapsed": 22211.29476, "delta": 495.959245}}
{"target": 0.15690253571502108, "params": {"baseflow": 5.248592044349946, "fmax": 0.26915622451298243}, "datetime": {"datetime": "2024-04-21 03:58:07", "elapsed": 22697.2417, "delta": 485.94694}}
{"target": 0.14293711171312434, "params": {"baseflow": 6.54129430987484, "fmax": 0.3379260500739288}, "datetime": {"datetime": "2024-04-21 04:06:23", "elapsed": 23193.506564, "delta": 496.264864}}
{"target": 0.13607599570635842, "params": {"baseflow": 8.385177694891961, "fmax": 0.05559640770898238}, "datetime": {"datetime": "2024-04-21 04:15:45", "elapsed": 23754.890918, "delta": 561.384354}}
{"target": 0.14640644151648266, "params": {"baseflow": 0.13700902510078827, "fmax": 0.10099860465990647}, "datetime": {"datetime": "2024-04-21 04:24:41", "elapsed": 24290.946078, "delta": 536.05516}}
{"target": 0.2985483930084204, "params": {"baseflow": 2.466039491752181, "fmax": 0.18805671633260204}, "datetime": {"datetime": "2024-04-21 04:33:17", "elapsed": 24806.897702, "delta": 515.951624}}
{"target": 0.14374586066597586, "params": {"baseflow": 5.489869142053145, "fmax": 0.13693961189115528}, "datetime": {"datetime": "2024-04-21 04:41:18", "elapsed": 25287.84385, "delta": 480.946148}}
{"target": 0.1468296323476577, "params": {"baseflow": 0.8632357890352937, "fmax": 0.2062955825484455}, "datetime": {"datetime": "2024-04-21 04:49:29", "elapsed": 25778.809616, "delta": 490.965766}}
{"target": 0.1427000034242474, "params": {"baseflow": 9.915771287487068, "fmax": 0.11679992494861856}, "datetime": {"datetime": "2024-04-21 04:57:50", "elapsed": 26279.773904, "delta": 500.964288}}
{"target": 0.1434868970058582, "params": {"baseflow": 5.867330176480845, "fmax": 0.11766742118143592}, "datetime": {"datetime": "2024-04-21 05:05:51", "elapsed": 26760.669788, "delta": 480.895884}}
{"target": 0.14548018022016349, "params": {"baseflow": 3.7269951419806633, "fmax": 0.3348216364241092}, "datetime": {"datetime": "2024-04-21 05:13:57", "elapsed": 27246.851105, "delta": 486.181317}}
{"target": 0.1246715785566944, "params": {"baseflow": 9.71347771288713, "fmax": 0.004290479594656027}, "datetime": {"datetime": "2024-04-21 05:21:58", "elapsed": 27727.875919, "delta": 481.024814}}
{"target": 0.1452850804667195, "params": {"baseflow": 5.889801482985865, "fmax": 0.09914787516331676}, "datetime": {"datetime": "2024-04-21 05:30:14", "elapsed": 28223.85781, "delta": 495.981891}}
{"target": 0.1474915085524795, "params": {"baseflow": 0.1463117339083253, "fmax": 0.10498489419774565}, "datetime": {"datetime": "2024-04-21 05:38:20", "elapsed": 28709.814307, "delta": 485.956497}}
{"target": 0.1555661145464948, "params": {"baseflow": 9.022355687066542, "fmax": 0.31174796964026197}, "datetime": {"datetime": "2024-04-21 05:46:46", "elapsed": 29215.969895, "delta": 506.155588}}
{"target": 0.1466463518113426, "params": {"baseflow": 4.779922479681514, "fmax": 0.3298115845953903}, "datetime": {"datetime": "2024-04-21 05:55:12", "elapsed": 29721.961667, "delta": 505.991772}}
{"target": 0.1430916222710761, "params": {"baseflow": 4.218946757236815, "fmax": 0.35091632762042446}, "datetime": {"datetime": "2024-04-21 06:03:18", "elapsed": 30207.939397, "delta": 485.97773}}
{"target": 0.1433609598168742, "params": {"baseflow": 9.925303204995036, "fmax": 0.11916430490455801}, "datetime": {"datetime": "2024-04-21 06:11:29", "elapsed": 30699.172745, "delta": 491.233348}}
{"target": 0.22171235030584222, "params": {"baseflow": 0.6578136290915126, "fmax": 0.2204876138056728}, "datetime": {"datetime": "2024-04-21 06:19:50", "elapsed": 31200.111715, "delta": 500.93897}}
{"target": 0.2198012286485931, "params": {"baseflow": 8.93854823213362, "fmax": 0.21744419336733062}, "datetime": {"datetime": "2024-04-21 06:28:01", "elapsed": 31691.509974, "delta": 491.398259}}
{"target": 0.14613770836170167, "params": {"baseflow": 3.238705075391828, "fmax": 0.20340318280269665}, "datetime": {"datetime": "2024-04-21 06:36:27", "elapsed": 32197.589951, "delta": 506.079977}}
{"target": 0.14007131878032253, "params": {"baseflow": 9.108162254969656, "fmax": 0.07157892416454428}, "datetime": {"datetime": "2024-04-21 06:44:29", "elapsed": 32678.800791, "delta": 481.21084}}
{"target": 0.1974503923708978, "params": {"baseflow": 5.884791657499001, "fmax": 0.2624204958335517}, "datetime": {"datetime": "2024-04-21 06:52:50", "elapsed": 33179.811487, "delta": 501.010696}}
{"target": 0.0936238180476513, "params": {"baseflow": 8.798987779522218, "fmax": 0.38904036171593953}, "datetime": {"datetime": "2024-04-21 07:00:56", "elapsed": 33666.384295, "delta": 486.572808}}
{"target": 0.004362365393539242, "params": {"baseflow": 0.30420380629323285, "fmax": 0.38749143636107236}, "datetime": {"datetime": "2024-04-21 07:08:57", "elapsed": 34147.61841, "delta": 481.234115}}
{"target": 0.14250096557497435, "params": {"baseflow": 2.4094232666381155, "fmax": 0.1141762639422272}, "datetime": {"datetime": "2024-04-21 07:17:04", "elapsed": 34633.850317, "delta": 486.231907}}
{"target": 0.008889035295089089, "params": {"baseflow": 9.830574908967247, "fmax": 0.3855108733947654}, "datetime": {"datetime": "2024-04-21 07:25:30", "elapsed": 35140.234976, "delta": 506.384659}}
{"target": 0.04401871248379031, "params": {"baseflow": 4.769041854880646, "fmax": 0.3761787356569797}, "datetime": {"datetime": "2024-04-21 07:33:37", "elapsed": 35626.945526, "delta": 486.71055}}
{"target": 0.14312677986731603, "params": {"baseflow": 6.542548893048149, "fmax": 0.33976321117940544}, "datetime": {"datetime": "2024-04-21 07:41:58", "elapsed": 36128.244733, "delta": 501.299207}}
{"target": 0.1485313704974578, "params": {"baseflow": 1.3163803414760122, "fmax": 0.215330955738554}, "datetime": {"datetime": "2024-04-21 07:50:04", "elapsed": 36614.521514, "delta": 486.276781}}
{"target": 0.12523149030425765, "params": {"baseflow": 4.997688345784532, "fmax": 0.0069561651282469055}, "datetime": {"datetime": "2024-04-21 07:58:30", "elapsed": 37120.51214, "delta": 505.990626}} 
{"target": 0.14316712074484803, "params": {"baseflow": 2.977341742963352, "fmax": 0.11915559511286014}, "datetime": {"datetime": "2024-04-21 08:24:23", "elapsed": 0.0, "delta": 0.0}}
{"target": 0.1421010330270981, "params": {"baseflow": 9.929924283611513, "fmax": 0.1138471390526882}, "datetime": {"datetime": "2024-04-21 08:32:49", "elapsed": 506.122038, "delta": 506.122038}}
{"target": 0.1466984839814647, "params": {"baseflow": 7.867782144485921, "fmax": 0.16576271720086744}, "datetime": {"datetime": "2024-04-21 08:41:40", "elapsed": 1037.088625, "delta": 530.966587}}
{"target": 0.1431433117219515, "params": {"baseflow": 5.871604398422856, "fmax": 0.11907699741886457}, "datetime": {"datetime": "2024-04-21 08:49:56", "elapsed": 1533.275312, "delta": 496.186687}}
{"target": 0.14060925632937354, "params": {"baseflow": 0.1312910116905408, "fmax": 0.10810212069271669}, "datetime": {"datetime": "2024-04-21 13:00:12", "elapsed": 16549.622012, "delta": 15016.3467}}
{"target": 0.14609744480865025, "params": {"baseflow": 8.185371587729067, "fmax": 0.25746347131285596}, "datetime": {"datetime": "2024-04-21 13:15:49", "elapsed": 17486.256365, "delta": 936.634353}}
{"target": 0.1371880180895553, "params": {"baseflow": 4.74872980060983, "fmax": 0.03751090096866401}, "datetime": {"datetime": "2024-04-21 14:05:58", "elapsed": 20495.516008, "delta": 3009.259643}}
{"target": 0.14792619009393987, "params": {"baseflow": 0.13914107371355455, "fmax": 0.10418490017896614}, "datetime": {"datetime": "2024-04-21 14:17:25", "elapsed": 21182.904566, "delta": 687.388558}}
{"target": 0.14647207254796032, "params": {"baseflow": 8.328192630567347, "fmax": 0.2513692449476283}, "datetime": {"datetime": "2024-04-21 14:37:12", "elapsed": 22369.569623, "delta": 1186.665057}}
{"target": 0.142709611203436, "params": {"baseflow": 9.921949825731351, "fmax": 0.11620079275695099}, "datetime": {"datetime": "2024-04-21 15:17:45", "elapsed": 24802.604954, "delta": 2433.035331}}
{"target": 0.14227462414519954, "params": {"baseflow": 5.861206643620904, "fmax": 0.11420730180802008}, "datetime": {"datetime": "2024-04-21 15:30:22", "elapsed": 25559.069879, "delta": 756.464925}}
