{"target": 0.14266682986703705, "params": {"baseflow": 6.874994505387798, "fmax": 0.3436837624402667}, "datetime": {"datetime": "2024-04-21 15:40:48", "elapsed": 26185.200961, "delta": 626.131082}}
{"target": 0.14150040011152554, "params": {"baseflow": 5.867773440021503, "fmax": 0.11149642187332952}, "datetime": {"datetime": "2024-04-21 15:51:34", "elapsed": 26831.634073, "delta": 646.433112}}
{"target": 0.1397102648248631, "params": {"baseflow": 5.944203259877287, "fmax": 0.07165178177602308}, "datetime": {"datetime": "2024-04-21 16:02:26", "elapsed": 27482.989739, "delta": 651.355666}}
{"target": 0.143154401863761, "params": {"baseflow": 7.775280080283775, "fmax": 0.1192817850026763}, "datetime": {"datetime": "2024-04-21 16:14:22", "elapsed": 28199.392685, "delta": 716.402946}}
{"target": 0.14262284718124799, "params": {"baseflow": 5.9331653385898, "fmax": 0.0824227475487291}, "datetime": {"datetime": "2024-04-21 16:31:29", "elapsed": 29225.985029, "delta": 1026.592344}}
{"target": 0.14353322644414476, "params": {"baseflow": 5.87585673844271, "fmax": 0.12303314710111964}, "datetime": {"datetime": "2024-04-21 16:44:40", "elapsed": 30017.725016, "delta": 791.739987}}
{"target": 0.1607346463668842, "params": {"baseflow": 1.753488128362679, "fmax": 0.12020315506543074}, "datetime": {"datetime": "2024-04-21 16:56:12", "elapsed": 30708.97532, "delta": 691.250304}}
{"target": 0.1625292217552369, "params": {"baseflow": 9.113662780888493, "fmax": 0.12767790766466566}, "datetime": {"datetime": "2024-04-21 17:04:33", "elapsed": 31210.502343, "delta": 501.527023}}
{"target": 0.14705978532052713, "params": {"baseflow": 5.52899246485779, "fmax": 0.10270681756716094}, "datetime": {"datetime": "2024-04-21 17:12:39", "elapsed": 31696.760453, "delta": 486.25811}}
{"target": 0.14978035346187193, "params": {"baseflow": 0.15139099306849313, "fmax": 0.32653503064904066}, "datetime": {"datetime": "2024-04-21 17:50:07", "elapsed": 33944.808929, "delta": 2248.048476}}
{"target": 0.14690219495211168, "params": {"baseflow": 0.1294828102127643, "fmax": 0.10283633644409403}, "datetime": {"datetime": "2024-04-21 17:58:33", "elapsed": 34450.885214, "delta": 506.076285}}
{"target": 0.1391443521372559, "params": {"baseflow": 8.937551188280528, "fmax": 0.06020555090649209}, "datetime": {"datetime": "2024-04-21 18:07:49", "elapsed": 35006.895764, "delta": 556.01055}}
{"target": 0.262907472061187, "params": {"baseflow": 7.0423008776118365, "fmax": 0.18504209512272884}, "datetime": {"datetime": "2024-04-21 18:16:17", "elapsed": 35514.047131, "delta": 507.151367}}
{"target": 0.197552049432085, "params": {"baseflow": 7.055685735959607, "fmax": 0.26313962406565544}, "datetime": {"datetime": "2024-04-21 18:24:38", "elapsed": 36015.05465, "delta": 501.007519}}
{"target": 0.1412016043786799, "params": {"baseflow": 4.173664387133571, "fmax": 0.1097944243089208}, "datetime": {"datetime": "2024-04-21 18:32:49", "elapsed": 36505.975799, "delta": 490.921149}}
{"target": 0.14323186584819603, "params": {"baseflow": 5.867587800426249, "fmax": 0.1210029041300286}, "datetime": {"datetime": "2024-04-21 18:40:50", "elapsed": 36986.993667, "delta": 481.017868}}
{"target": 0.13711808216001334, "params": {"baseflow": 1.7315466454492512, "fmax": 0.0357993987182804}, "datetime": {"datetime": "2024-04-21 18:48:51", "elapsed": 37468.121109, "delta": 481.127442}}
{"target": 0.14261893704341244, "params": {"baseflow": 4.674168615092283, "fmax": 0.08311937741511786}, "datetime": {"datetime": "2024-04-21 18:57:12", "elapsed": 37969.075169, "delta": 500.95406}}
{"target": 0.14658330256238555, "params": {"baseflow": 0.14200142535328975, "fmax": 0.10164333168207391}, "datetime": {"datetime": "2024-04-21 19:05:38", "elapsed": 38475.355824, "delta": 506.280655}}
{"target": 0.1450873093715042, "params": {"baseflow": 0.14534524678152416, "fmax": 0.09962477964591021}, "datetime": {"datetime": "2024-04-21 19:14:05", "elapsed": 38981.953397, "delta": 506.597573}}
{"target": 0.1631841718464951, "params": {"baseflow": 6.1130781346776955, "fmax": 0.13262588112353121}, "datetime": {"datetime": "2024-04-21 19:22:06", "elapsed": 39463.498619, "delta": 481.545222}}
{"target": 0.14255609756930498, "params": {"baseflow": 9.928364743046757, "fmax": 0.11654862450195856}, "datetime": {"datetime": "2024-04-21 19:30:07", "elapsed": 39944.776287, "delta": 481.277668}}
{"target": 0.14144503449582796, "params": {"baseflow": 5.939480023384275, "fmax": 0.07539359785944254}, "datetime": {"datetime": "2024-04-21 19:38:13", "elapsed": 40430.848727, "delta": 486.07244}}
{"target": 0.14477838649274158, "params": {"baseflow": 4.390204514419834, "fmax": 0.09566355512243026}, "datetime": {"datetime": "2024-04-21 19:46:14", "elapsed": 40911.864364, "delta": 481.015637}}
{"target": 0.15690253571502108, "params": {"baseflow": 5.248592044349946, "fmax": 0.26915622451298243}, "datetime": {"datetime": "2024-04-21 19:54:30", "elapsed": 41407.831567, "delta": 495.967203}}
{"target": 0.14293711171312434, "params": {"baseflow": 6.54129430987484, "fmax": 0.3379260500739288}, "datetime": {"datetime": "2024-04-21 20:02:36", "elapsed": 41893.822845, "delta": 485.991278}}
{"target": 0.13607599570635842, "params": {"baseflow": 8.385177694891961, "fmax": 0.05559640770898238}, "datetime": {"datetime": "2024-04-21 20:10:49", "elapsed": 42386.450618, "delta": 492.627773}}
