{"target": 0.24059197160903298, "params": {"baseflow": 2.239584136864985, "fmax": 0.1631443282495827}, "datetime": {"datetime": "2024-04-11 19:18:45", "elapsed": 0.0, "delta": 0.0}}
{"target": 0.35690514074801344, "params": {"baseflow": 6.182455797764083, "fmax": 0.04814550177456178}, "datetime": {"datetime": "2024-04-11 19:26:32", "elapsed": 466.28249, "delta": 466.28249}}
{"target": 0.2298874673394489, "params": {"baseflow": 9.434691920217134, "fmax": 0.2676634872210356}, "datetime": {"datetime": "2024-04-11 19:34:23", "elapsed": 937.577183, "delta": 471.294693}}
{"target": 0.33332245756054896, "params": {"baseflow": 4.0274890093560725, "fmax": 0.05960615353978058}, "datetime": {"datetime": "2024-04-11 19:42:04", "elapsed": 1398.852322, "delta": 461.275139}}
{"target": 0.2085218614487169, "params": {"baseflow": 9.899480419820923, "fmax": 0.25380809921585723}, "datetime": {"datetime": "2024-04-11 19:49:35", "elapsed": 1849.565971, "delta": 450.713649}}
{"target": 0.3518217298076268, "params": {"baseflow": 2.879969720640684, "fmax": 0.05001996871060293}, "datetime": {"datetime": "2024-04-11 19:57:06", "elapsed": 2300.213921, "delta": 450.64795}}
{"target": 0.23166893267752978, "params": {"baseflow": 0.4898019847731372, "fmax": 0.20042486374613822}, "datetime": {"datetime": "2024-04-11 20:04:47", "elapsed": 2761.278294, "delta": 461.064373}}
{"target": 0.2578130314987092, "params": {"baseflow": 9.18451062636537, "fmax": 0.00670052356782307}, "datetime": {"datetime": "2024-04-11 20:13:03", "elapsed": 3257.470853, "delta": 496.192559}}
{"target": 0.2315395297949937, "params": {"baseflow": 9.811872998457801, "fmax": 0.19979397529511594}, "datetime": {"datetime": "2024-04-11 20:20:44", "elapsed": 3718.232029, "delta": 460.761176}}
{"target": 0.22928671458942168, "params": {"baseflow": 2.3254536244458555, "fmax": 0.18739002848954153}, "datetime": {"datetime": "2024-04-11 20:28:25", "elapsed": 4179.228984, "delta": 460.996955}}
{"target": 0.3259461830198201, "params": {"baseflow": 3.175327708960921, "fmax": 0.023557670928030437}, "datetime": {"datetime": "2024-04-11 20:35:56", "elapsed": 4630.292921, "delta": 451.063937}}
{"target": 0.35417625157854565, "params": {"baseflow": 5.8571892649490165, "fmax": 0.04032700003771223}, "datetime": {"datetime": "2024-04-11 20:43:32", "elapsed": 5086.475079, "delta": 456.182158}}
{"target": 0.28235450123029626, "params": {"baseflow": 6.023734854804004, "fmax": 0.4}, "datetime": {"datetime": "2024-04-11 20:51:08", "elapsed": 5542.576168, "delta": 456.101089}}
{"target": 0.21207686811181842, "params": {"baseflow": 6.572505391319961, "fmax": 0.0}, "datetime": {"datetime": "2024-04-11 20:58:54", "elapsed": 6009.10975, "delta": 466.533582}}
{"target": 0.24207914965756336, "params": {"baseflow": 9.368194498198774, "fmax": 0.14322228027878167}, "datetime": {"datetime": "2024-04-11 21:06:51", "elapsed": 6485.951033, "delta": 476.841283}}
{"target": 0.2710329767628804, "params": {"baseflow": 3.00776455938902, "fmax": 0.34805957242555097}, "datetime": {"datetime": "2024-04-11 21:14:42", "elapsed": 6956.953232, "delta": 471.002199}}
{"target": 0.23219273073904248, "params": {"baseflow": 3.214908992531933, "fmax": 0.19938895884489205}, "datetime": {"datetime": "2024-04-11 21:22:19", "elapsed": 7413.885247, "delta": 456.932015}}
{"target": 0.2814397541005507, "params": {"baseflow": 6.038130831194085, "fmax": 0.01096039415180088}, "datetime": {"datetime": "2024-04-11 21:29:56", "elapsed": 7870.159363, "delta": 456.274116}}
{"target": 0.3325537147688933, "params": {"baseflow": 2.8730338040225356, "fmax": 0.057446311458048085}, "datetime": {"datetime": "2024-04-11 21:37:31", "elapsed": 8325.967885, "delta": 455.808522}}
{"target": 0.2718152228647986, "params": {"baseflow": 2.8901895755198947, "fmax": 0.009116649256339348}, "datetime": {"datetime": "2024-04-11 21:45:03", "elapsed": 8777.48485, "delta": 451.516965}}
{"target": 0.3364450843948638, "params": {"baseflow": 6.169670424434842, "fmax": 0.0669311005826776}, "datetime": {"datetime": "2024-04-11 21:52:39", "elapsed": 9234.020637, "delta": 456.535787}}
{"target": 0.3302561158720753, "params": {"baseflow": 2.908653333375183, "fmax": 0.06149838444652733}, "datetime": {"datetime": "2024-04-11 22:00:15", "elapsed": 9689.877615, "delta": 455.856978}}
{"target": 0.2711454890730372, "params": {"baseflow": 2.7995040285297703, "fmax": 0.35770893562392336}, "datetime": {"datetime": "2024-04-11 22:07:51", "elapsed": 10146.065072, "delta": 456.187457}}
{"target": 0.33331934135667435, "params": {"baseflow": 8.269937173353936, "fmax": 0.059475797279323575}, "datetime": {"datetime": "2024-04-11 22:15:28", "elapsed": 10602.337955, "delta": 456.272883}}
{"target": 0.33612638359298225, "params": {"baseflow": 6.1711461538898735, "fmax": 0.06730223604157347}, "datetime": {"datetime": "2024-04-11 22:23:34", "elapsed": 11088.897597, "delta": 486.559642}}
{"target": 0.23593693785515207, "params": {"baseflow": 3.5623230753290946, "fmax": 0.003434885438403246}, "datetime": {"datetime": "2024-04-11 22:31:25", "elapsed": 11559.891224, "delta": 470.993627}}
{"target": 0.2702223629383662, "params": {"baseflow": 3.2170574588459724, "fmax": 0.3429706911349384}, "datetime": {"datetime": "2024-04-11 22:39:02", "elapsed": 12016.532272, "delta": 456.641048}}
{"target": 0.33423721766350456, "params": {"baseflow": 3.5876390106710874, "fmax": 0.06858917834737666}, "datetime": {"datetime": "2024-04-11 22:46:48", "elapsed": 12482.384676, "delta": 465.852404}}
{"target": 0.3078914174194201, "params": {"baseflow": 6.1617747432948375, "fmax": 0.01699574646721473}, "datetime": {"datetime": "2024-04-11 22:54:34", "elapsed": 12948.488136, "delta": 466.10346}}
{"target": 0.355005809972845, "params": {"baseflow": 2.9347768623349326, "fmax": 0.030675974098055205}, "datetime": {"datetime": "2024-04-11 23:02:20", "elapsed": 13414.634684, "delta": 466.146548}}
{"target": 0.3380378345370364, "params": {"baseflow": 5.8824256742311025, "fmax": 0.06481328147405181}, "datetime": {"datetime": "2024-04-11 23:09:56", "elapsed": 13870.431691, "delta": 455.797007}}
{"target": 0.3126599515505215, "params": {"baseflow": 5.884342321046409, "fmax": 0.01876793647562556}, "datetime": {"datetime": "2024-04-11 23:17:42", "elapsed": 14336.681228, "delta": 466.249537}}
{"target": 0.3176236544633181, "params": {"baseflow": 5.843345849162796, "fmax": 0.07424946106728157}, "datetime": {"datetime": "2024-04-11 23:25:18", "elapsed": 14793.06184, "delta": 456.380612}}
{"target": 0.2944748289347828, "params": {"baseflow": 4.824237079934248, "fmax": 0.013623272193764713}, "datetime": {"datetime": "2024-04-11 23:32:55", "elapsed": 15249.180813, "delta": 456.118973}}
{"target": 0.35352841888645375, "params": {"baseflow": 2.9662537346628968, "fmax": 0.047233431080715205}, "datetime": {"datetime": "2024-04-11 23:40:36", "elapsed": 15710.162239, "delta": 460.981426}}
{"target": 0.21837225441648028, "params": {"baseflow": 2.986168988023563, "fmax": 0.0007472649223752459}, "datetime": {"datetime": "2024-04-11 23:48:21", "elapsed": 16176.030909, "delta": 465.86867}}
{"target": 0.35440840147584685, "params": {"baseflow": 6.21854246144967, "fmax": 0.035900216425306164}, "datetime": {"datetime": "2024-04-11 23:56:07", "elapsed": 16642.149633, "delta": 466.118724}}
{"target": 0.3153535720533431, "params": {"baseflow": 2.9601588242274444, "fmax": 0.08371021597658937}, "datetime": {"datetime": "2024-04-12 00:03:54", "elapsed": 17108.447889, "delta": 466.298256}}
{"target": 0.2483772737399255, "params": {"baseflow": 9.13910843650404, "fmax": 0.12416283335492406}, "datetime": {"datetime": "2024-04-12 00:11:40", "elapsed": 17574.62292, "delta": 466.175031}}
{"target": 0.33671839497981626, "params": {"baseflow": 6.228864650762028, "fmax": 0.06555799185613331}, "datetime": {"datetime": "2024-04-12 00:19:21", "elapsed": 18035.739842, "delta": 461.116922}}
{"target": 0.22614083461454393, "params": {"baseflow": 4.8240365310676125, "fmax": 0.2683554271209}, "datetime": {"datetime": "2024-04-12 00:26:57", "elapsed": 18491.591859, "delta": 455.852017}}
{"target": 0.29691148755044794, "params": {"baseflow": 5.821273970197995, "fmax": 0.014686127722562725}, "datetime": {"datetime": "2024-04-12 00:34:33", "elapsed": 18947.780455, "delta": 456.188596}}
{"target": 0.33552025734847957, "params": {"baseflow": 6.263139877032652, "fmax": 0.025499544463982688}, "datetime": {"datetime": "2024-04-12 00:42:14", "elapsed": 19408.881627, "delta": 461.101172}}
{"target": 0.2595346249749503, "params": {"baseflow": 3.566499277137234, "fmax": 0.11149730419382774}, "datetime": {"datetime": "2024-04-12 00:49:50", "elapsed": 19864.884027, "delta": 456.0024}}
{"target": 0.23144413919737553, "params": {"baseflow": 8.23109344044001, "fmax": 0.21867934757251734}, "datetime": {"datetime": "2024-04-12 00:57:57", "elapsed": 20351.377828, "delta": 486.493801}}
{"target": 0.22917034986912552, "params": {"baseflow": 2.578544734359398, "fmax": 0.23928107504985763}, "datetime": {"datetime": "2024-04-12 01:05:39", "elapsed": 20813.278269, "delta": 461.900441}}
{"target": 0.324824408441143, "params": {"baseflow": 3.6300080593294917, "fmax": 0.07065149415272849}, "datetime": {"datetime": "2024-04-12 01:13:25", "elapsed": 21279.402032, "delta": 466.123763}}
{"target": 0.24659379226851963, "params": {"baseflow": 0.40163133241243876, "fmax": 0.15152355729137362}, "datetime": {"datetime": "2024-04-12 01:21:16", "elapsed": 21750.194923, "delta": 470.792891}}
{"target": 0.22328230535065738, "params": {"baseflow": 6.235058280197389, "fmax": 0.0015170946805576069}, "datetime": {"datetime": "2024-04-12 01:28:57", "elapsed": 22211.358875, "delta": 461.163952}}
{"target": 0.33252672421304613, "params": {"baseflow": 6.278539192352594, "fmax": 0.05494774742912037}, "datetime": {"datetime": "2024-04-12 01:36:33", "elapsed": 22667.446596, "delta": 456.087721}}
{"target": 0.34590017724667266, "params": {"baseflow": 6.304074000031726, "fmax": 0.02775544338234668}, "datetime": {"datetime": "2024-04-12 01:44:09", "elapsed": 23123.96621, "delta": 456.519614}}
{"target": 0.3497385429556409, "params": {"baseflow": 6.3516120101059315, "fmax": 0.03492850474329998}, "datetime": {"datetime": "2024-04-12 01:51:50", "elapsed": 23584.777943, "delta": 460.811733}}
{"target": 0.2946637281307898, "params": {"baseflow": 6.387256989451324, "fmax": 0.013644970517583222}, "datetime": {"datetime": "2024-04-12 01:59:21", "elapsed": 24036.077234, "delta": 451.299291}}
{"target": 0.32563352134868867, "params": {"baseflow": 3.5860556887180506, "fmax": 0.06942036061333261}, "datetime": {"datetime": "2024-04-12 02:06:53", "elapsed": 24487.346542, "delta": 451.269308}}
{"target": 0.3529990490627251, "params": {"baseflow": 3.6021064392220437, "fmax": 0.041800708699856554}, "datetime": {"datetime": "2024-04-12 02:14:29", "elapsed": 24944.049473, "delta": 456.702931}}
{"target": 0.3323679047732992, "params": {"baseflow": 6.3324401700942, "fmax": 0.05545933287160492}, "datetime": {"datetime": "2024-04-12 02:22:26", "elapsed": 25420.867877, "delta": 476.818404}}
{"target": 0.2409148754977166, "params": {"baseflow": 6.3330668424452945, "fmax": 0.004143154593947763}, "datetime": {"datetime": "2024-04-12 02:30:13", "elapsed": 25887.270379, "delta": 466.402502}}
{"target": 0.2291565689557827, "params": {"baseflow": 7.5192810243544885, "fmax": 0.2690739263045388}, "datetime": {"datetime": "2024-04-12 02:37:38", "elapsed": 26333.102682, "delta": 445.832303}}
{"target": 0.3327409408321504, "params": {"baseflow": 6.201755271855287, "fmax": 0.05687331857862419}, "datetime": {"datetime": "2024-04-12 02:45:09", "elapsed": 26784.013514, "delta": 450.910832}}
{"target": 0.23153352836515967, "params": {"baseflow": 6.461780279112295, "fmax": 0.21717429664228335}, "datetime": {"datetime": "2024-04-12 02:52:40", "elapsed": 27234.729211, "delta": 450.715697}}
{"target": 0.2734664692644939, "params": {"baseflow": 2.435183487406899, "fmax": 0.00941631002276573}, "datetime": {"datetime": "2024-04-12 03:00:16", "elapsed": 27690.973185, "delta": 456.243974}}
{"target": 0.3369346729938946, "params": {"baseflow": 6.373398559409597, "fmax": 0.06579315577751736}, "datetime": {"datetime": "2024-04-12 03:08:02", "elapsed": 28156.820239, "delta": 465.847054}}
{"target": 0.3306210197777208, "params": {"baseflow": 2.9424237540077907, "fmax": 0.05386932550448752}, "datetime": {"datetime": "2024-04-12 03:15:28", "elapsed": 28602.699691, "delta": 445.879452}}
{"target": 0.33319704161972363, "params": {"baseflow": 2.991747285485722, "fmax": 0.056941692414885385}, "datetime": {"datetime": "2024-04-12 03:22:49", "elapsed": 29043.809378, "delta": 441.109687}}
{"target": 0.23970209692298006, "params": {"baseflow": 7.856034657034866, "fmax": 0.14245690026143185}, "datetime": {"datetime": "2024-04-12 03:30:15", "elapsed": 29489.625436, "delta": 445.816058}}
{"target": 0.33173447561483327, "params": {"baseflow": 8.287811444144202, "fmax": 0.024920046084004454}, "datetime": {"datetime": "2024-04-12 03:37:36", "elapsed": 29930.704107, "delta": 441.078671}}
{"target": 0.3391876346347295, "params": {"baseflow": 8.312115636316856, "fmax": 0.06251930179690764}, "datetime": {"datetime": "2024-04-12 03:45:27", "elapsed": 30402.145227, "delta": 471.44112}}
{"target": 0.3477021930796151, "params": {"baseflow": 8.331142203286765, "fmax": 0.028341556286486654}, "datetime": {"datetime": "2024-04-12 03:53:04", "elapsed": 30858.282722, "delta": 456.137495}}
{"target": 0.33580948644872743, "params": {"baseflow": 8.349311980877525, "fmax": 0.06721394725566054}, "datetime": {"datetime": "2024-04-12 04:00:35", "elapsed": 31309.182179, "delta": 450.899457}}
{"target": 0.3187118058856678, "params": {"baseflow": 8.370567064520007, "fmax": 0.0200488723484499}, "datetime": {"datetime": "2024-04-12 04:08:16", "elapsed": 31770.590256, "delta": 461.408077}}
{"target": 0.26051626650802456, "params": {"baseflow": 8.291127099061292, "fmax": 0.10713909442178533}, "datetime": {"datetime": "2024-04-13 12:13:17", "elapsed": 0.0, "delta": 0.0}}
{"target": 0.33288802657029765, "params": {"baseflow": 4.068406834606222, "fmax": 0.057566028545385825}, "datetime": {"datetime": "2024-04-13 12:21:03", "elapsed": 466.54474, "delta": 466.54474}}
{"target": 0.28358424066849475, "params": {"baseflow": 4.05414770530961, "fmax": 0.09478799977239341}, "datetime": {"datetime": "2024-04-13 12:28:55", "elapsed": 938.125652, "delta": 471.580912}}
{"target": 0.32568038733544, "params": {"baseflow": 4.060050024894229, "fmax": 0.02257839209633481}, "datetime": {"datetime": "2024-04-13 12:37:21", "elapsed": 1444.492937, "delta": 506.367285}}
{"target": 0.34731157669888807, "params": {"baseflow": 4.005642553134433, "fmax": 0.028610311210684358}, "datetime": {"datetime": "2024-04-13 12:45:08", "elapsed": 1911.29596, "delta": 466.803023}}
{"target": 0.3310019899598449, "params": {"baseflow": 3.98534450036401, "fmax": 0.05375321648193441}, "datetime": {"datetime": "2024-04-13 12:52:59", "elapsed": 2382.642152, "delta": 471.346192}}
{"target": 0.31504373644996986, "params": {"baseflow": 3.974007013878512, "fmax": 0.019236781967063132}, "datetime": {"datetime": "2024-04-13 13:00:45", "elapsed": 2848.405123, "delta": 465.762971}}
{"target": 0.3306496854644304, "params": {"baseflow": 8.237825285547652, "fmax": 0.024447721004035163}, "datetime": {"datetime": "2024-04-13 13:08:16", "elapsed": 3299.28882, "delta": 450.883697}}
{"target": 0.33887891090217925, "params": {"baseflow": 8.220566589336505, "fmax": 0.06432138085617062}, "datetime": {"datetime": "2024-04-13 13:15:53", "elapsed": 3755.683354, "delta": 456.394534}}
{"target": 0.3580667314826004, "params": {"baseflow": 8.182776314949514, "fmax": 0.046147658765895244}, "datetime": {"datetime": "2024-04-13 13:23:28", "elapsed": 4211.563585, "delta": 455.880231}}
{"target": 0.3121461334934602, "params": {"baseflow": 8.184584757778683, "fmax": 0.08623317792106944}, "datetime": {"datetime": "2024-04-13 13:31:10", "elapsed": 4672.700353, "delta": 461.136768}}
{"target": 0.24715909532581165, "params": {"baseflow": 8.179459657857326, "fmax": 0.0047915005697741105}, "datetime": {"datetime": "2024-04-13 13:38:40", "elapsed": 5123.570588, "delta": 450.870235}}
{"target": 0.27188318951490464, "params": {"baseflow": 2.8093118209173027, "fmax": 0.3577665402640609}, "datetime": {"datetime": "2024-04-13 13:46:27", "elapsed": 5589.87292, "delta": 466.302332}}
{"target": 0.3326385681897352, "params": {"baseflow": 8.277012701553385, "fmax": 0.060868456876325604}, "datetime": {"datetime": "2024-04-13 13:54:08", "elapsed": 6051.439449, "delta": 461.566529}}
{"target": 0.35204682256598946, "params": {"baseflow": 8.139336283991607, "fmax": 0.049614588656360065}, "datetime": {"datetime": "2024-04-13 14:02:15", "elapsed": 6537.83432, "delta": 486.394871}}
{"target": 0.24022190575408964, "params": {"baseflow": 3.5710973355442692, "fmax": 0.003975385613876387}, "datetime": {"datetime": "2024-04-13 14:09:56", "elapsed": 6999.257669, "delta": 461.423349}}
{"target": 0.26966524911328527, "params": {"baseflow": 3.2262976964203096, "fmax": 0.34304838077470995}, "datetime": {"datetime": "2024-04-13 14:17:37", "elapsed": 7460.526354, "delta": 461.268685}}
{"target": 0.33440112990681975, "params": {"baseflow": 3.5963666089214903, "fmax": 0.06904024785391775}, "datetime": {"datetime": "2024-04-13 14:25:18", "elapsed": 7921.355331, "delta": 460.828977}}
{"target": 0.3285595305184585, "params": {"baseflow": 8.157041310152618, "fmax": 0.06810709306933331}, "datetime": {"datetime": "2024-04-13 14:32:55", "elapsed": 8377.677485, "delta": 456.322154}}
{"target": 0.3491768138565541, "params": {"baseflow": 2.9379814362528163, "fmax": 0.030843488430949185}, "datetime": {"datetime": "2024-04-13 14:57:22", "elapsed": 9844.766488, "delta": 1467.089003}}
{"target": 0.33886571381853703, "params": {"baseflow": 8.101584187856417, "fmax": 0.0629098006607952}, "datetime": {"datetime": "2024-04-13 15:08:53", "elapsed": 10536.1572, "delta": 691.390712}}
{"target": 0.33342960483035966, "params": {"baseflow": 8.107161737981007, "fmax": 0.025165403018409152}, "datetime": {"datetime": "2024-04-13 15:16:24", "elapsed": 10987.00207, "delta": 450.84487}}
{"target": 0.2359954853883892, "params": {"baseflow": 4.02524763182879, "fmax": 0.003169108798275211}, "datetime": {"datetime": "2024-04-13 15:24:00", "elapsed": 11443.315333, "delta": 456.313263}}
{"target": 0.29742976020663187, "params": {"baseflow": 4.831288433694101, "fmax": 0.014149663961396466}, "datetime": {"datetime": "2024-04-13 15:31:31", "elapsed": 11894.404654, "delta": 451.089321}}
{"target": 0.35527574663461536, "params": {"baseflow": 4.103518400152755, "fmax": 0.03627563725384322}, "datetime": {"datetime": "2024-04-13 15:39:07", "elapsed": 12350.517394, "delta": 456.11274}}
{"target": 0.23060690378092946, "params": {"baseflow": 4.0955494677097715, "fmax": 0.0025503644514936587}, "datetime": {"datetime": "2024-04-13 15:46:53", "elapsed": 12816.616507, "delta": 466.099113}}
{"target": 0.3334942630043291, "params": {"baseflow": 4.12002709551505, "fmax": 0.05940591102179811}, "datetime": {"datetime": "2024-04-13 15:54:24", "elapsed": 13267.539498, "delta": 450.922991}}
{"target": 0.354283284900219, "params": {"baseflow": 3.651484238914997, "fmax": 0.039493111088776005}, "datetime": {"datetime": "2024-04-13 16:02:30", "elapsed": 13753.49658, "delta": 485.957082}}
{"target": 0.33738202217705776, "params": {"baseflow": 8.220223163392166, "fmax": 0.0656207064671658}, "datetime": {"datetime": "2024-04-13 16:10:07", "elapsed": 14209.78557, "delta": 456.28899}}
{"target": 0.3305082247444272, "params": {"baseflow": 3.6727735802408326, "fmax": 0.06174524363945669}, "datetime": {"datetime": "2024-04-13 16:17:53", "elapsed": 14675.701262, "delta": 465.915692}}
{"target": 0.2335114180535256, "params": {"baseflow": 4.845202450682678, "fmax": 0.26889375751369415}, "datetime": {"datetime": "2024-04-13 16:25:29", "elapsed": 15131.795758, "delta": 456.094496}}
{"target": 0.28657107481082617, "params": {"baseflow": 3.668067845172871, "fmax": 0.011799160537123266}, "datetime": {"datetime": "2024-04-13 16:33:05", "elapsed": 15587.933937, "delta": 456.138179}}
{"target": 0.21207686811181842, "params": {"baseflow": 8.319260373535839, "fmax": 0.0}, "datetime": {"datetime": "2024-04-13 16:40:51", "elapsed": 16053.981734, "delta": 466.047797}}
{"target": 0.3519856280458479, "params": {"baseflow": 3.627071930599058, "fmax": 0.03338578197601923}, "datetime": {"datetime": "2024-04-13 16:48:47", "elapsed": 16530.116027, "delta": 476.134293}}
{"target": 0.2278221205009009, "params": {"baseflow": 8.252823166018704, "fmax": 0.2209067394026314}, "datetime": {"datetime": "2024-04-13 16:56:23", "elapsed": 16985.942436, "delta": 455.826409}}
{"target": 0.3123298666329871, "params": {"baseflow": 3.9743660734368746, "fmax": 0.01825237712472019}, "datetime": {"datetime": "2024-04-13 17:03:49", "elapsed": 17431.985948, "delta": 446.043512}}
{"target": 0.3547578771065995, "params": {"baseflow": 8.0605538103487, "fmax": 0.03677116610578048}, "datetime": {"datetime": "2024-04-13 17:11:25", "elapsed": 17887.915308, "delta": 455.92936}}
{"target": 0.24104105051029096, "params": {"baseflow": 0.7564596528047951, "fmax": 0.16070912641012358}, "datetime": {"datetime": "2024-04-13 17:19:06", "elapsed": 18348.949318, "delta": 461.03401}}
{"target": 0.3384358871673154, "params": {"baseflow": 8.045610646054675, "fmax": 0.06424947267199226}, "datetime": {"datetime": "2024-04-13 17:26:42", "elapsed": 18804.859202, "delta": 455.909884}}
{"target": 0.32506632339263725, "params": {"baseflow": 8.028195494693929, "fmax": 0.022006173022893805}, "datetime": {"datetime": "2024-04-13 17:34:08", "elapsed": 19250.745777, "delta": 445.886575}}
{"target": 0.27876238765567435, "params": {"baseflow": 8.064737868331852, "fmax": 0.09797601824628832}, "datetime": {"datetime": "2024-04-13 17:41:44", "elapsed": 19706.671374, "delta": 455.925597}}
