{"target": 0.12679152913176828, "params": {"baseflow": 4.402959351334507, "fmax": 0.010689249284504543}, "datetime": {"datetime": "2024-04-26 09:02:14", "elapsed": 35793.857502, "delta": 515.91405}}
{"target": 0.44711538687157204, "params": {"baseflow": 6.534503888297318, "fmax": 0.9945707649765217}, "datetime": {"datetime": "2024-04-26 10:16:53", "elapsed": 0.0, "delta": 0.0}}
{"target": 0.3392483452605698, "params": {"baseflow": 6.586457104600902, "fmax": 0.9704583782166635}, "datetime": {"datetime": "2024-04-26 10:25:09", "elapsed": 496.148912, "delta": 496.148912}}
{"target": 0.41665792014268255, "params": {"baseflow": 6.4793420376912465, "fmax": 0.9960355617006855}, "datetime": {"datetime": "2024-04-26 10:33:10", "elapsed": 977.065295, "delta": 480.916383}}
{"target": 0.5110290059882028, "params": {"baseflow": 6.5113602372500825, "fmax": 0.9328984560859267}, "datetime": {"datetime": "2024-04-26 10:41:31", "elapsed": 1478.342519, "delta": 501.277224}}
{"target": 0.5339200654953444, "params": {"baseflow": 6.553177106096939, "fmax": 0.9090108959408494}, "datetime": {"datetime": "2024-04-26 10:51:43", "elapsed": 2089.713813, "delta": 611.371294}}
{"target": 0.24021321618536465, "params": {"baseflow": 6.5231226888108385, "fmax": 0.8775417636012416}, "datetime": {"datetime": "2024-04-26 11:53:17", "elapsed": 5784.424864, "delta": 3694.711051}}
{"target": 0.24400086304307553, "params": {"baseflow": 6.615848485631562, "fmax": 0.8781107625870601}, "datetime": {"datetime": "2024-04-26 12:03:44", "elapsed": 6410.833121, "delta": 626.408257}}
{"target": 0.12546878107323853, "params": {"baseflow": 5.957410169656815, "fmax": 0.004190398955744246}, "datetime": {"datetime": "2024-04-26 12:14:01", "elapsed": 7028.47413, "delta": 617.641009}}
{"target": 0.47476450989537033, "params": {"baseflow": 6.537025923551121, "fmax": 0.9375582328523421}, "datetime": {"datetime": "2024-04-26 12:23:27", "elapsed": 7594.598237, "delta": 566.124107}}
{"target": 0.5248800459554793, "params": {"baseflow": 6.460219560631458, "fmax": 0.9312831102567379}, "datetime": {"datetime": "2024-04-26 12:32:43", "elapsed": 8150.603638, "delta": 556.005401}}
{"target": 0.36367195526343477, "params": {"baseflow": 6.482262205773966, "fmax": 0.9581434568121545}, "datetime": {"datetime": "2024-04-26 12:43:25", "elapsed": 8791.992825, "delta": 641.389187}}
{"target": 0.5043581001518553, "params": {"baseflow": 8.526335337361079, "fmax": 0.9338544545574217}, "datetime": {"datetime": "2024-04-26 12:52:06", "elapsed": 9313.147688, "delta": 521.154863}}
{"target": 0.14272941479191592, "params": {"baseflow": 6.768783831203773, "fmax": 0.11605285157871074}, "datetime": {"datetime": "2024-04-26 13:01:07", "elapsed": 9854.502187, "delta": 541.354499}}
{"target": 0.4017590895335907, "params": {"baseflow": 9.789600120056281, "fmax": 0.8935748540663779}, "datetime": {"datetime": "2024-04-26 13:09:49", "elapsed": 10376.179542, "delta": 521.677355}}
{"target": 0.3572852451750678, "params": {"baseflow": 8.496433012788392, "fmax": 0.9598867197987767}, "datetime": {"datetime": "2024-04-26 13:19:15", "elapsed": 10942.298994, "delta": 566.119452}}
{"target": 0.4604285346738528, "params": {"baseflow": 8.562881517898903, "fmax": 0.9393664757160213}, "datetime": {"datetime": "2024-04-26 13:35:22", "elapsed": 11908.841428, "delta": 966.542434}}
