{"target": 0.19497097784569353, "params": {"baseflow": 2.2399839755766577, "fff": 3.3254505995454857, "fmax": 0.7563369501672844, "slopebeta": -928.9673836619788}, "datetime": {"datetime": "2024-06-12 19:29:20", "elapsed": 18369.128513, "delta": 497.506486}}
{"target": 0.1985007318184382, "params": {"baseflow": 2.917284289118405, "fff": 1.7894944889861037, "fmax": 0.6806709537865276, "slopebeta": -129.3635899933502}, "datetime": {"datetime": "2024-06-12 19:37:47", "elapsed": 18876.590152, "delta": 507.461639}}
{"target": 0.19896172162102985, "params": {"baseflow": 7.647285109532738, "fff": 4.13190733014817, "fmax": 0.8744678584394104, "slopebeta": -297.8997888899737}, "datetime": {"datetime": "2024-06-12 19:46:15", "elapsed": 19384.339596, "delta": 507.749444}}
{"target": 0.19795829241856214, "params": {"baseflow": 8.00894047304902, "fff": 0.3712493375056038, "fmax": 0.9760746995412714, "slopebeta": -918.1309172184685}, "datetime": {"datetime": "2024-06-12 19:54:42", "elapsed": 19891.854768, "delta": 507.515172}}
{"target": 0.1992047537699827, "params": {"baseflow": 7.730372133374485, "fff": 1.556291325559014, "fmax": 0.41761908751581955, "slopebeta": -371.2081774533906}, "datetime": {"datetime": "2024-06-12 20:03:15", "elapsed": 20404.313568, "delta": 512.4588}}
{"target": 0.1996763221774227, "params": {"baseflow": 3.187881024620748, "fff": 2.6150727453357883, "fmax": 0.16427399272527832, "slopebeta": -663.3553862138738}, "datetime": {"datetime": "2024-06-12 20:12:16", "elapsed": 20946.103548, "delta": 541.78998}}
{"target": 0.19455732281268515, "params": {"baseflow": 2.4689315239188305, "fff": 0.7702536620218877, "fmax": 0.37831698302797956, "slopebeta": -650.0838731863969}, "datetime": {"datetime": "2024-06-12 20:21:09", "elapsed": 21478.986403, "delta": 532.882855}}
{"target": 0.19884417971879378, "params": {"baseflow": 6.524159028455584, "fff": 0.7965637428747742, "fmax": 0.4109517732032816, "slopebeta": -817.9559993106191}, "datetime": {"datetime": "2024-06-12 20:29:37", "elapsed": 21986.296931, "delta": 507.310528}}
{"target": 0.1990662065305922, "params": {"baseflow": 6.304252987232099, "fff": 3.8955852468060272, "fmax": 0.23640289623232857, "slopebeta": -201.39958581533028}, "datetime": {"datetime": "2024-06-12 20:37:54", "elapsed": 22483.591126, "delta": 497.294195}}
{"target": 0.1938911170138716, "params": {"baseflow": 3.2010648615034265, "fff": 0.3351454186668904, "fmax": 0.9464614571079529, "slopebeta": -68.34988350225899}, "datetime": {"datetime": "2024-06-12 20:46:26", "elapsed": 22996.002686, "delta": 512.41156}}
{"target": 0.19409260070220039, "params": {"baseflow": 8.987455413167757, "fff": 0.8170419017380282, "fmax": 0.5896843864613156, "slopebeta": -393.4733950217425}, "datetime": {"datetime": "2024-06-12 20:54:49", "elapsed": 23498.220022, "delta": 502.217336}}
{"target": 0.1992323233679621, "params": {"baseflow": 2.473879706296156, "fff": 4.625328833842414, "fmax": 0.15180742896169708, "slopebeta": -333.48950314310173}, "datetime": {"datetime": "2024-06-12 21:03:16", "elapsed": 24005.429404, "delta": 507.209382}}
{"target": 0.19412416752318198, "params": {"baseflow": 4.42659586218917, "fff": 3.703450759996699, "fmax": 0.4846038084916887, "slopebeta": -549.2261472479622}, "datetime": {"datetime": "2024-06-12 21:11:43", "elapsed": 24512.730239, "delta": 507.300835}}
{"target": 0.19901134424198108, "params": {"baseflow": 4.571262833028199, "fff": 0.4327898033811224, "fmax": 0.08162300428989155, "slopebeta": -343.2806858179796}, "datetime": {"datetime": "2024-06-12 21:20:05", "elapsed": 25014.949472, "delta": 502.219233}}
{"target": 0.19574607508116473, "params": {"baseflow": 6.56893638530808, "fff": 0.31901083049896367, "fmax": 0.16845305491337415, "slopebeta": -471.4786143083418}, "datetime": {"datetime": "2024-06-12 21:28:23", "elapsed": 25512.177712, "delta": 497.22824}}
{"target": 0.19478796946053942, "params": {"baseflow": 2.599277047108792, "fff": 0.923858098791893, "fmax": 0.25396323334461446, "slopebeta": -30.985076230750288}, "datetime": {"datetime": "2024-06-13 09:58:57", "elapsed": 0.0, "delta": 0.0}}
{"target": 0.1949849979516541, "params": {"baseflow": 3.5285642008599614, "fff": 0.35801042367096686, "fmax": 0.338070611483164, "slopebeta": -976.4807418083025}, "datetime": {"datetime": "2024-06-13 10:07:29", "elapsed": 512.282279, "delta": 512.282279}}
{"target": 0.19871218082359002, "params": {"baseflow": 3.592930645208633, "fff": 1.9668657315620082, "fmax": 0.7901688731736406, "slopebeta": -316.31715615543413}, "datetime": {"datetime": "2024-06-13 10:16:01", "elapsed": 1024.774662, "delta": 512.492383}}
{"target": 0.1992873444097706, "params": {"baseflow": 4.330956671743432, "fff": 3.5028368966851096, "fmax": 0.9324832661252181, "slopebeta": -394.66997966506824}, "datetime": {"datetime": "2024-06-13 10:24:39", "elapsed": 1542.302631, "delta": 517.527969}}
{"target": 0.19816999953284087, "params": {"baseflow": 9.796436094924953, "fff": 2.425247101578008, "fmax": 0.4405698843919265, "slopebeta": -618.4519354960897}, "datetime": {"datetime": "2024-06-13 10:33:06", "elapsed": 2049.540965, "delta": 507.238334}}
{"target": 0.19440014488918736, "params": {"baseflow": 8.41143272064108, "fff": 2.7522795518387437, "fmax": 0.8301791069884912, "slopebeta": -270.48863143812775}, "datetime": {"datetime": "2024-06-13 10:41:23", "elapsed": 2546.734679, "delta": 497.193714}}
{"target": 0.20018816142842907, "params": {"baseflow": 0.32223881707494684, "fff": 2.980376922403086, "fmax": 0.8504456437689152, "slopebeta": -294.97338453743635}, "datetime": {"datetime": "2024-06-13 10:50:06", "elapsed": 3069.223338, "delta": 522.488659}}
{"target": 0.1953429472715521, "params": {"baseflow": 6.597628315756175, "fff": 1.0987480655541852, "fmax": 0.05008203745024664, "slopebeta": -90.18402659286005}, "datetime": {"datetime": "2024-06-13 10:58:49", "elapsed": 3592.077854, "delta": 522.854516}}
{"target": 0.19594490603013826, "params": {"baseflow": 6.451186967654462, "fff": 2.2959690485511217, "fmax": 0.8895239191169333, "slopebeta": -417.2342217942423}, "datetime": {"datetime": "2024-06-13 11:07:46", "elapsed": 4129.652003, "delta": 537.574149}}
{"target": 0.1995091461307333, "params": {"baseflow": 7.607675029257718, "fff": 3.320169240546573, "fmax": 0.3459405282347967, "slopebeta": -951.6210213669652}, "datetime": {"datetime": "2024-06-13 11:16:24", "elapsed": 4647.203031, "delta": 517.551028}}
{"target": 0.19463401041278086, "params": {"baseflow": 7.725771885395882, "fff": 1.9716269572503817, "fmax": 0.3207522112217941, "slopebeta": -939.496608203335}, "datetime": {"datetime": "2024-06-13 11:24:51", "elapsed": 5154.792836, "delta": 507.589805}}
{"target": 0.19936129341527697, "params": {"baseflow": 2.7697041663239395, "fff": 1.574304095500018, "fmax": 0.3670338722236893, "slopebeta": -232.72796842716718}, "datetime": {"datetime": "2024-06-13 11:33:49", "elapsed": 5692.559045, "delta": 537.766209}}
{"target": 0.19431607624219127, "params": {"baseflow": 0.16444907396246045, "fff": 3.3672217489000764, "fmax": 0.49552431413374154, "slopebeta": 0.5329576696913136}, "datetime": {"datetime": "2024-06-13 11:42:12", "elapsed": 6194.861594, "delta": 502.302549}}
{"target": 0.19862429331210563, "params": {"baseflow": 0.12663798646697447, "fff": 0.34173587686699053, "fmax": 0.4550091889001196, "slopebeta": -317.8296072258699}, "datetime": {"datetime": "2024-06-13 11:50:50", "elapsed": 6713.387533, "delta": 518.525939}}
{"target": 0.19947085226739358, "params": {"baseflow": 1.3215983135313432, "fff": 2.87792997735662, "fmax": 0.02344356263221211, "slopebeta": -12.985235223726006}, "datetime": {"datetime": "2024-06-13 11:59:43", "elapsed": 7246.690625, "delta": 533.303092}}
{"target": 0.19814739466611012, "params": {"baseflow": 1.6901191362203751, "fff": 3.0847798297731446, "fmax": 0.3400011533382022, "slopebeta": -417.8198600740008}, "datetime": {"datetime": "2024-06-13 12:08:26", "elapsed": 7769.279941, "delta": 522.589316}}
{"target": 0.1988486873989531, "params": {"baseflow": 1.1978419535142875, "fff": 1.7192550279717795, "fmax": 0.7638899737289141, "slopebeta": -291.60253102945785}, "datetime": {"datetime": "2024-06-13 12:17:14", "elapsed": 8297.50586, "delta": 528.225919}}
{"target": 0.1995083041998117, "params": {"baseflow": 0.8616786557202316, "fff": 1.6744540911523258, "fmax": 0.6344465058392953, "slopebeta": -38.6338555651821}, "datetime": {"datetime": "2024-06-13 12:25:57", "elapsed": 8819.93699, "delta": 522.43113}}
{"target": 0.1947849334746867, "params": {"baseflow": 8.49871911850539, "fff": 0.6041957251498039, "fmax": 0.714374440599375, "slopebeta": -532.1657383625034}, "datetime": {"datetime": "2024-06-13 12:34:54", "elapsed": 9357.613021, "delta": 537.676031}}
{"target": 0.1988404535205994, "params": {"baseflow": 5.212557397062372, "fff": 0.8337444816163047, "fmax": 0.3042805644718368, "slopebeta": -934.6644418168884}, "datetime": {"datetime": "2024-06-13 12:43:39", "elapsed": 9882.121166, "delta": 524.508145}}
{"target": 0.19442579216033148, "params": {"baseflow": 4.858085685324268, "fff": 1.3381871532880178, "fmax": 0.3288841975669222, "slopebeta": -983.5295117659953}, "datetime": {"datetime": "2024-06-13 12:52:27", "elapsed": 10409.837965, "delta": 527.716799}}
{"target": 0.19882469437857642, "params": {"baseflow": 4.562518479138648, "fff": 2.408279517037606, "fmax": 0.6409339630611147, "slopebeta": -812.3936951456599}, "datetime": {"datetime": "2024-06-13 13:01:14", "elapsed": 10937.608113, "delta": 527.770148}}
{"target": 0.19447246659792275, "params": {"baseflow": 0.6674837049916847, "fff": 4.0390687058545724, "fmax": 0.37632007097396214, "slopebeta": -84.66359655719221}, "datetime": {"datetime": "2024-06-13 13:10:07", "elapsed": 11470.341894, "delta": 532.733781}}
{"target": 0.1986501110981566, "params": {"baseflow": 1.1234140584779961, "fff": 0.8649437057413341, "fmax": 0.6945425797005461, "slopebeta": -308.7844962586002}, "datetime": {"datetime": "2024-06-13 13:19:00", "elapsed": 12003.178328, "delta": 532.836434}}
{"target": 0.19453101070258913, "params": {"baseflow": 5.884153306139693, "fff": 1.102675414250347, "fmax": 1.0, "slopebeta": -513.5094007438452}, "datetime": {"datetime": "2024-06-13 13:28:07", "elapsed": 12550.768671, "delta": 547.590343}}
{"target": 0.19886590131316545, "params": {"baseflow": 1.2338303981675611, "fff": 4.215555004602014, "fmax": 0.1503571642203383, "slopebeta": -827.288953356968}, "datetime": {"datetime": "2024-06-13 13:36:35", "elapsed": 13058.544466, "delta": 507.775795}}
{"target": 0.19921462391805106, "params": {"baseflow": 5.5276310342233534, "fff": 1.248101252905047, "fmax": 0.026930000489501213, "slopebeta": -947.5159392104005}, "datetime": {"datetime": "2024-06-13 13:45:03", "elapsed": 13565.919737, "delta": 507.375271}}
{"target": 0.19905747812032779, "params": {"baseflow": 4.0340518343809695, "fff": 2.159973749161007, "fmax": 0.6865979911637294, "slopebeta": -11.958425018287969}, "datetime": {"datetime": "2024-06-13 13:53:40", "elapsed": 14083.428748, "delta": 517.509011}}
{"target": 0.19401382511487056, "params": {"baseflow": 1.0438256780263129, "fff": 4.423723587367325, "fmax": 0.599342201969125, "slopebeta": -895.5941875742182}, "datetime": {"datetime": "2024-06-13 14:02:08", "elapsed": 14590.897784, "delta": 507.469036}}
{"target": 0.19952236508488316, "params": {"baseflow": 2.591319402158455, "fff": 0.5079090241169185, "fmax": 0.9490536657090375, "slopebeta": -648.2530883641599}, "datetime": {"datetime": "2024-06-13 14:10:56", "elapsed": 15118.821925, "delta": 527.924141}}
{"target": 0.1944442297020573, "params": {"baseflow": 4.991029008085783, "fff": 1.0315873342023703, "fmax": 0.940608284256861, "slopebeta": -175.10936051860074}, "datetime": {"datetime": "2024-06-13 14:19:43", "elapsed": 15646.374126, "delta": 527.552201}}
{"target": 0.19933790422457112, "params": {"baseflow": 7.818101725869605, "fff": 1.937323855987586, "fmax": 0.5285126989783921, "slopebeta": -883.0972101090621}, "datetime": {"datetime": "2024-06-13 14:28:31", "elapsed": 16173.989259, "delta": 527.615133}}
{"target": 0.19461377069835342, "params": {"baseflow": 6.089068223107953, "fff": 4.7299557705120385, "fmax": 0.596116984460806, "slopebeta": -428.0926121458467}, "datetime": {"datetime": "2024-06-13 14:37:23", "elapsed": 16706.539262, "delta": 532.550003}}
{"target": 0.19463471577783675, "params": {"baseflow": 2.042405006657627, "fff": 3.9639507695351557, "fmax": 0.925363619557678, "slopebeta": -753.5907557312272}, "datetime": {"datetime": "2024-06-13 15:00:07", "elapsed": 18069.924483, "delta": 1363.385221}}
{"target": 0.1990145190840501, "params": {"baseflow": 1.422047925196146, "fff": 0.7768016609930929, "fmax": 0.5091366674977963, "slopebeta": -924.2402544129129}, "datetime": {"datetime": "2024-06-13 15:08:49", "elapsed": 18592.649903, "delta": 522.72542}}
{"target": 0.19493050801946452, "params": {"baseflow": 2.2398933475119183, "fff": 3.325319568163533, "fmax": 0.7561964186764064, "slopebeta": -928.9649795850094}, "datetime": {"datetime": "2024-06-13 15:17:22", "elapsed": 19105.173735, "delta": 512.523832}}
{"target": 0.19436247232417908, "params": {"baseflow": 2.9001085222514567, "fff": 1.772124338133525, "fmax": 0.6631555552950329, "slopebeta": -129.37412322352947}, "datetime": {"datetime": "2024-06-13 15:25:54", "elapsed": 19617.463808, "delta": 512.290073}}
{"target": 0.19922336934585938, "params": {"baseflow": 7.423079367810296, "fff": 3.9076767795603167, "fmax": 0.6502247768425544, "slopebeta": -298.1188900947321}, "datetime": {"datetime": "2024-06-13 15:34:11", "elapsed": 20114.784229, "delta": 497.320421}}
{"target": 0.19427008518885602, "params": {"baseflow": 7.991004918816418, "fff": 0.3533579764818782, "fmax": 0.9581062327608361, "slopebeta": -918.1428550342454}, "datetime": {"datetime": "2024-06-13 15:42:59", "elapsed": 20642.292578, "delta": 527.508349}}
{"target": 0.19880859616372093, "params": {"baseflow": 7.462292727841156, "fff": 1.2882314224681943, "fmax": 0.14951135929674986, "slopebeta": -371.4702599576851}, "datetime": {"datetime": "2024-06-13 15:51:26", "elapsed": 21149.793128, "delta": 507.50055}}
{"target": 0.199170159966562, "params": {"baseflow": 3.18799483588311, "fff": 2.615112590732276, "fmax": 0.1642879553457523, "slopebeta": -663.3493616476763}, "datetime": {"datetime": "2024-06-13 16:00:09", "elapsed": 21672.688308, "delta": 522.89518}}
{"target": 0.19671484840085834, "params": {"baseflow": 2.4693094785324146, "fff": 0.7704659363024638, "fmax": 0.3783481828458006, "slopebeta": -650.0657697586299}, "datetime": {"datetime": "2024-06-13 16:08:52", "elapsed": 22195.357321, "delta": 522.669013}}
{"target": 0.19867376770647624, "params": {"baseflow": 6.5242171225384675, "fff": 0.796633997750161, "fmax": 0.41096161836501094, "slopebeta": -817.9499962852959}, "datetime": {"datetime": "2024-06-13 16:18:15", "elapsed": 22757.886582, "delta": 562.529261}}
{"target": 0.19405408188079212, "params": {"baseflow": 6.304314825397294, "fff": 3.8956037261504513, "fmax": 0.23641567293043123, "slopebeta": -201.39604862448232}, "datetime": {"datetime": "2024-06-13 16:26:43", "elapsed": 23265.924553, "delta": 508.037971}}
{"target": 0.19508700597939696, "params": {"baseflow": 3.2020906546128654, "fff": 0.33584923118879134, "fmax": 0.9464695347653022, "slopebeta": -68.33806242013587}, "datetime": {"datetime": "2024-06-13 16:35:25", "elapsed": 23788.44533, "delta": 522.520777}}
{"target": 0.19430611838713796, "params": {"baseflow": 8.98750623342005, "fff": 0.8172518470467595, "fmax": 0.5897049804610971, "slopebeta": -393.45532096900473}, "datetime": {"datetime": "2024-06-13 16:43:57", "elapsed": 24300.685593, "delta": 512.240263}}
{"target": 0.19861859252740133, "params": {"baseflow": 2.474005480087248, "fff": 4.625335095210974, "fmax": 0.15182160364813216, "slopebeta": -333.4837628711788}, "datetime": {"datetime": "2024-06-13 16:52:25", "elapsed": 24807.980073, "delta": 507.29448}}
{"target": 0.1991901842898737, "params": {"baseflow": 4.426875591090741, "fff": 3.703515833744407, "fmax": 0.4846296762032272, "slopebeta": -549.2080652996985}, "datetime": {"datetime": "2024-06-13 17:00:58", "elapsed": 25320.990174, "delta": 513.010101}}
{"target": 0.1995098639532955, "params": {"baseflow": 4.571353560874585, "fff": 0.43286613294587845, "fmax": 0.0816383526783709, "slopebeta": -343.27478160954064}, "datetime": {"datetime": "2024-06-13 17:09:25", "elapsed": 25828.41775, "delta": 507.427576}}
{"target": 0.19418422407172417, "params": {"baseflow": 6.569108548485218, "fff": 0.3192457121735905, "fmax": 0.16849478009835542, "slopebeta": -471.4605505047825}, "datetime": {"datetime": "2024-06-13 17:17:53", "elapsed": 26335.994509, "delta": 507.576759}}
