{"target": 0.07896792364180132, "params": {"baseflow": 0.3498281719880636, "fmax": 0.6154047917188215}, "datetime": {"datetime": "2024-04-24 16:57:37", "elapsed": 0.0, "delta": 0.0}}
{"target": 0.22357470414960337, "params": {"baseflow": 7.048497000249943, "fmax": 0.2178019180411751}, "datetime": {"datetime": "2024-04-24 17:07:25", "elapsed": 588.383754, "delta": 588.383754}}
{"target": 0.1447949492348098, "params": {"baseflow": 8.42541313923373, "fmax": 0.09593891340913707}, "datetime": {"datetime": "2024-04-24 17:23:02", "elapsed": 1525.217835, "delta": 936.834081}}
{"target": 0.4401444257096709, "params": {"baseflow": 1.4396442711751267, "fmax": 0.9419049870387969}, "datetime": {"datetime": "2024-04-24 17:32:23", "elapsed": 2086.35797, "delta": 561.140135}}
{"target": 0.25667712748606, "params": {"baseflow": 1.6365434652940603, "fmax": 0.8793514027535541}, "datetime": {"datetime": "2024-04-24 17:43:54", "elapsed": 2777.488458, "delta": 691.130488}}
{"target": 0.029237372496912908, "params": {"baseflow": 2.046352174550993, "fmax": 0.8116100240914691}, "datetime": {"datetime": "2024-04-24 18:30:33", "elapsed": 5575.961493, "delta": 2798.473035}}
{"target": 0.07721420955099945, "params": {"baseflow": 3.7724265842940605, "fmax": 0.6559769485100694}, "datetime": {"datetime": "2024-04-24 18:40:09", "elapsed": 6151.768916, "delta": 575.807423}}
{"target": 0.07473526556371579, "params": {"baseflow": 5.316215306216031, "fmax": 0.4942191521215138}, "datetime": {"datetime": "2024-04-24 18:48:49", "elapsed": 6672.62714, "delta": 520.858224}}
{"target": 0.06686837871085952, "params": {"baseflow": 7.983849887502091, "fmax": 0.8011963922459623}, "datetime": {"datetime": "2024-04-24 18:57:00", "elapsed": 7163.346423, "delta": 490.719283}}
{"target": 0.25397113422856515, "params": {"baseflow": 2.410545961903894, "fmax": 0.14802136335931604}, "datetime": {"datetime": "2024-04-24 19:05:11", "elapsed": 7654.313448, "delta": 490.967025}}
{"target": 0.08268573591009631, "params": {"baseflow": 3.5285428567416743, "fmax": 0.8406345262380902}, "datetime": {"datetime": "2024-04-24 19:13:59", "elapsed": 8182.333464, "delta": 528.020016}}
{"target": 0.141780095697232, "params": {"baseflow": 7.958861535679488, "fmax": 0.35873137736445726}, "datetime": {"datetime": "2024-04-24 19:37:56", "elapsed": 9619.183049, "delta": 1436.849585}}
{"target": 0.16534651555965282, "params": {"baseflow": 1.3243054375256769, "fmax": 0.8622275472635176}, "datetime": {"datetime": "2024-04-24 19:47:07", "elapsed": 10170.249309, "delta": 551.06626}}
{"target": 0.43010408667425915, "params": {"baseflow": 1.4362087270419177, "fmax": 0.6985925696401004}, "datetime": {"datetime": "2024-04-24 20:03:49", "elapsed": 11171.801642, "delta": 1001.552333}}
{"target": 0.06673481735401623, "params": {"baseflow": 9.59307054378922, "fmax": 0.6706242054780645}, "datetime": {"datetime": "2024-04-24 20:12:17", "elapsed": 11680.031464, "delta": 508.229822}}
{"target": 0.2543371068618822, "params": {"baseflow": 1.273667348653088, "fmax": 0.14777988382061424}, "datetime": {"datetime": "2024-04-24 20:21:58", "elapsed": 12261.721475, "delta": 581.690011}}
{"target": 0.38800259501724405, "params": {"baseflow": 0.6179375187241287, "fmax": 0.5815446043691498}, "datetime": {"datetime": "2024-04-24 20:30:45", "elapsed": 12787.82011, "delta": 526.098635}}
{"target": 0.29395705170926106, "params": {"baseflow": 3.086339653457074, "fmax": 0.42884026752205795}, "datetime": {"datetime": "2024-04-24 20:39:41", "elapsed": 13323.965128, "delta": 536.145018}}
{"target": 0.09424834994364392, "params": {"baseflow": 6.791408820607703, "fmax": 0.7705136717162383}, "datetime": {"datetime": "2024-04-24 20:48:22", "elapsed": 13845.115582, "delta": 521.150454}}
{"target": 0.10439307444890981, "params": {"baseflow": 6.916714674315024, "fmax": 0.7784210178411495}, "datetime": {"datetime": "2024-04-24 20:57:18", "elapsed": 14381.06806, "delta": 535.952478}}
{"target": 0.3365305238624084, "params": {"baseflow": 6.395715827673839, "fmax": 0.975237543487252}, "datetime": {"datetime": "2024-04-24 21:09:04", "elapsed": 15087.407482, "delta": 706.339422}}
{"target": 0.2601302262095363, "params": {"baseflow": 1.4884508957355835, "fmax": 0.8798954676780671}, "datetime": {"datetime": "2024-04-24 22:59:22", "elapsed": 21705.004817, "delta": 6617.597335}}
{"target": 0.14189987069884216, "params": {"baseflow": 6.7540862645380715, "fmax": 0.11203211404083224}, "datetime": {"datetime": "2024-04-24 23:26:14", "elapsed": 23317.47386, "delta": 1612.469043}}
{"target": 0.34219047836093436, "params": {"baseflow": 1.388554276824776, "fmax": 0.9675923507626807}, "datetime": {"datetime": "2024-04-24 23:52:36", "elapsed": 24899.486405, "delta": 1582.012545}}
{"target": 0.07142507362532728, "params": {"baseflow": 2.4049402403020768, "fmax": 0.5042251238366787}, "datetime": {"datetime": "2024-04-25 00:15:08", "elapsed": 26251.543467, "delta": 1352.057062}}
{"target": 0.4953644295819529, "params": {"baseflow": 1.4383553116167769, "fmax": 0.9350453996076873}, "datetime": {"datetime": "2024-04-25 00:33:56", "elapsed": 27378.805698, "delta": 1127.262231}}
{"target": 0.5344348927582842, "params": {"baseflow": 1.4507261878619482, "fmax": 0.9091038396804187}, "datetime": {"datetime": "2024-04-25 00:53:17", "elapsed": 28540.447186, "delta": 1161.641488}}
{"target": 0.05779775377082263, "params": {"baseflow": 8.589403503870464, "fmax": 0.4793182334725826}, "datetime": {"datetime": "2024-04-25 01:08:54", "elapsed": 29476.833907, "delta": 936.386721}}
{"target": 0.5388049312015545, "params": {"baseflow": 1.421718868206362, "fmax": 0.9100298877135609}, "datetime": {"datetime": "2024-04-25 01:20:00", "elapsed": 30143.095889, "delta": 666.261982}}
{"target": 0.1576791814838653, "params": {"baseflow": 0.7693031695376529, "fmax": 0.2670596549974109}, "datetime": {"datetime": "2024-04-25 01:35:26", "elapsed": 31069.378139, "delta": 926.28225}}
{"target": 0.5575901925176785, "params": {"baseflow": 1.4242491189325013, "fmax": 0.9153339435810841}, "datetime": {"datetime": "2024-04-25 01:48:57", "elapsed": 31880.627671, "delta": 811.249532}}
{"target": 0.09244536684062575, "params": {"baseflow": 1.4318313825352313, "fmax": 0.6394875777419389}, "datetime": {"datetime": "2024-04-25 01:58:03", "elapsed": 32426.629292, "delta": 546.001621}}
{"target": 0.2794648427671393, "params": {"baseflow": 1.4691127157157757, "fmax": 0.7336480877346342}, "datetime": {"datetime": "2024-04-25 02:06:14", "elapsed": 32917.609104, "delta": 490.979812}}
{"target": 0.29307326725781374, "params": {"baseflow": 1.3761723042390306, "fmax": 0.7327177502717563}, "datetime": {"datetime": "2024-04-25 02:14:22", "elapsed": 33405.258429, "delta": 487.649325}}
{"target": 0.09905058326737892, "params": {"baseflow": 1.9964394201317481, "fmax": 0.7717258973131288}, "datetime": {"datetime": "2024-04-25 02:23:48", "elapsed": 33971.394976, "delta": 566.136547}}
{"target": 0.3967747012167951, "params": {"baseflow": 9.20232372317052, "fmax": 0.9491388373253068}, "datetime": {"datetime": "2024-04-25 02:31:44", "elapsed": 34447.237657, "delta": 475.842681}}
{"target": 0.4142078361458043, "params": {"baseflow": 9.17769757032188, "fmax": 0.8945542385958947}, "datetime": {"datetime": "2024-04-25 02:39:45", "elapsed": 34928.141702, "delta": 480.904045}}
{"target": 0.45255559948160407, "params": {"baseflow": 9.139078460358796, "fmax": 0.9403462825581598}, "datetime": {"datetime": "2024-04-25 02:47:36", "elapsed": 35398.985468, "delta": 470.843766}}
{"target": 0.34421234809086765, "params": {"baseflow": 9.111855148737337, "fmax": 0.8885253390277865}, "datetime": {"datetime": "2024-04-25 02:55:32", "elapsed": 35875.074261, "delta": 476.088793}}
{"target": 0.13994586177025525, "params": {"baseflow": 3.452634271471612, "fmax": 0.3671440313583255}, "datetime": {"datetime": "2024-04-25 03:03:23", "elapsed": 36345.994043, "delta": 470.919782}}
{"target": 0.23079781358366164, "params": {"baseflow": 4.802816114021203, "fmax": 0.7390302888932738}, "datetime": {"datetime": "2024-04-25 03:11:19", "elapsed": 36821.848528, "delta": 475.854485}}
{"target": 0.3963137063700867, "params": {"baseflow": 9.545722860403261, "fmax": 0.9491669306411031}, "datetime": {"datetime": "2024-04-25 03:19:19", "elapsed": 37302.710787, "delta": 480.862259}}
{"target": 0.4238440371692712, "params": {"baseflow": 9.115754107216612, "fmax": 0.996447827440237}, "datetime": {"datetime": "2024-04-25 03:27:05", "elapsed": 37768.65368, "delta": 465.942893}}
{"target": 0.4181478757176157, "params": {"baseflow": 9.170523146712688, "fmax": 0.9963721891151314}, "datetime": {"datetime": "2024-04-25 03:34:56", "elapsed": 38239.541841, "delta": 470.888161}}
{"target": 0.3379599271176821, "params": {"baseflow": 9.480448220644037, "fmax": 0.9797223310619596}, "datetime": {"datetime": "2024-04-25 03:42:52", "elapsed": 38715.506637, "delta": 475.964796}}
{"target": 0.38848807484337466, "params": {"baseflow": 9.072954636381409, "fmax": 0.9512952190911126}, "datetime": {"datetime": "2024-04-25 03:50:43", "elapsed": 39186.361231, "delta": 470.854594}}
{"target": 0.2565747746885577, "params": {"baseflow": 9.528607809988536, "fmax": 0.8793154396855369}, "datetime": {"datetime": "2024-04-25 03:58:24", "elapsed": 39647.22875, "delta": 460.867519}}
{"target": 0.39792793742778587, "params": {"baseflow": 9.616743120799908, "fmax": 0.9937023806498805}, "datetime": {"datetime": "2024-04-25 04:06:15", "elapsed": 40118.110648, "delta": 470.881898}}
{"target": 0.5446405523463718, "params": {"baseflow": 9.617711583928946, "fmax": 0.9113823471613761}, "datetime": {"datetime": "2024-04-25 04:14:07", "elapsed": 40589.988748, "delta": 471.8781}}
{"target": 0.18734739291150576, "params": {"baseflow": 1.070878993609038, "fmax": 0.13853203388025703}, "datetime": {"datetime": "2024-04-25 04:22:13", "elapsed": 41075.875293, "delta": 485.886545}}
{"target": 0.5546833662806822, "params": {"baseflow": 9.664849878772104, "fmax": 0.9268402021994684}, "datetime": {"datetime": "2024-04-25 04:29:59", "elapsed": 41541.799049, "delta": 465.923756}}
{"target": 0.19031752568812776, "params": {"baseflow": 9.651800188304449, "fmax": 0.867945592420513}, "datetime": {"datetime": "2024-04-25 09:08:00", "elapsed": 0.0, "delta": 0.0}}
{"target": 0.3414338034009743, "params": {"baseflow": 9.678045542898126, "fmax": 0.9688725199296343}, "datetime": {"datetime": "2024-04-25 09:15:56", "elapsed": 476.278504, "delta": 476.278504}}
{"target": 0.4716946662669725, "params": {"baseflow": 9.627316482717902, "fmax": 0.9379446281999492}, "datetime": {"datetime": "2024-04-25 09:24:22", "elapsed": 982.214493, "delta": 505.935989}}
{"target": 0.43016115216591255, "params": {"baseflow": 1.4400929383451238, "fmax": 0.6987292766324311}, "datetime": {"datetime": "2024-04-25 11:36:36", "elapsed": 8915.889124, "delta": 7933.674631}}
{"target": 0.5605769612410861, "params": {"baseflow": 9.708925569123107, "fmax": 0.9261061705194227}, "datetime": {"datetime": "2024-04-25 12:29:31", "elapsed": 12090.905325, "delta": 3175.016201}}
{"target": 0.5470233859084107, "params": {"baseflow": 9.757995877788249, "fmax": 0.9123939698424256}, "datetime": {"datetime": "2024-04-25 12:43:49", "elapsed": 12948.639879, "delta": 857.734554}}
{"target": 0.36395434439966595, "params": {"baseflow": 9.764479031163305, "fmax": 0.9580463064602885}, "datetime": {"datetime": "2024-04-25 12:54:35", "elapsed": 13594.776164, "delta": 646.136285}}
{"target": 0.2670140131271833, "params": {"baseflow": 9.734670848352266, "fmax": 0.8803030372077891}, "datetime": {"datetime": "2024-04-25 13:15:47", "elapsed": 14866.815087, "delta": 1272.038923}}
{"target": 0.09890522008745802, "params": {"baseflow": 6.80453575841499, "fmax": 0.7714525425759325}, "datetime": {"datetime": "2024-04-25 13:25:03", "elapsed": 15422.802603, "delta": 555.987516}}
{"target": 0.5318051730720673, "params": {"baseflow": 9.808650159394084, "fmax": 0.908676711244692}, "datetime": {"datetime": "2024-04-25 13:33:49", "elapsed": 15948.813914, "delta": 526.011311}}
{"target": 0.19868900125948843, "params": {"baseflow": 9.847943909072264, "fmax": 0.869403459830506}, "datetime": {"datetime": "2024-04-25 13:42:15", "elapsed": 16454.758102, "delta": 505.944188}}
{"target": 0.36569614331719164, "params": {"baseflow": 9.852620166611455, "fmax": 0.9572437873801848}, "datetime": {"datetime": "2024-04-25 13:50:46", "elapsed": 16965.558684, "delta": 510.800582}}
{"target": 0.14284559717301526, "params": {"baseflow": 6.767360814697661, "fmax": 0.11566356428964561}, "datetime": {"datetime": "2024-04-25 13:59:02", "elapsed": 17461.748884, "delta": 496.1902}}
{"target": 0.21077154371250162, "params": {"baseflow": 9.253114696292572, "fmax": 0.8729706582659614}, "datetime": {"datetime": "2024-04-25 14:07:28", "elapsed": 17967.768046, "delta": 506.019162}}
{"target": 0.08615316024888557, "params": {"baseflow": 0.6410998812811808, "fmax": 0.6515519569047603}, "datetime": {"datetime": "2024-04-25 14:17:36", "elapsed": 18576.204415, "delta": 608.436369}}
{"target": 0.09221502230860616, "params": {"baseflow": 0.5559309578113025, "fmax": 0.5513551994656533}, "datetime": {"datetime": "2024-04-25 14:28:08", "elapsed": 19208.142621, "delta": 631.938206}}
{"target": 0.12995268811215618, "params": {"baseflow": 0.6689622395159032, "fmax": 0.5390870586484731}, "datetime": {"datetime": "2024-04-25 14:38:49", "elapsed": 19849.31624, "delta": 641.173619}}
{"target": 0.5478605391514801, "params": {"baseflow": 9.758136488592697, "fmax": 0.9124686596789924}, "datetime": {"datetime": "2024-04-25 14:51:16", "elapsed": 20595.672087, "delta": 746.355847}}
{"target": 0.5628979290012193, "params": {"baseflow": 9.594835899235527, "fmax": 0.9186177055169819}, "datetime": {"datetime": "2024-04-25 19:21:13", "elapsed": 36793.154807, "delta": 16197.48272}}
{"target": 0.3920700480173438, "params": {"baseflow": 8.992133930957282, "fmax": 0.9935033588844929}, "datetime": {"datetime": "2024-04-25 19:52:13", "elapsed": 38652.654212, "delta": 1859.499405}}
{"target": 0.537121120193233, "params": {"baseflow": 8.98237173467651, "fmax": 0.9097723309897986}, "datetime": {"datetime": "2024-04-25 20:34:41", "elapsed": 41200.985511, "delta": 2548.331299}}
{"target": 0.4844820508397361, "params": {"baseflow": 8.927037821583108, "fmax": 0.9362892736985561}, "datetime": {"datetime": "2024-04-25 23:05:40", "elapsed": 0.0, "delta": 0.0}}
{"target": 0.1748803339085577, "params": {"baseflow": 8.94523800818998, "fmax": 0.8645857357538124}, "datetime": {"datetime": "2024-04-26 00:23:46", "elapsed": 4686.109341, "delta": 4686.109341}}
{"target": 0.5006333431630509, "params": {"baseflow": 8.996108602471143, "fmax": 0.9343146472887673}, "datetime": {"datetime": "2024-04-26 00:45:15", "elapsed": 5975.254911, "delta": 1289.14557}}
{"target": 0.4319567805341139, "params": {"baseflow": 8.919047729972927, "fmax": 0.9976978139950198}, "datetime": {"datetime": "2024-04-26 01:05:22", "elapsed": 7182.232278, "delta": 1206.977367}}
{"target": 0.45718135684748024, "params": {"baseflow": 9.03665669520019, "fmax": 0.898434979092808}, "datetime": {"datetime": "2024-04-26 01:24:14", "elapsed": 8313.906379, "delta": 1131.674101}}
{"target": 0.3804683429769463, "params": {"baseflow": 8.856547137250136, "fmax": 0.9541249963097582}, "datetime": {"datetime": "2024-04-26 01:51:01", "elapsed": 9920.709585, "delta": 1606.803206}}
{"target": 0.42566222109196944, "params": {"baseflow": 8.765518525718129, "fmax": 0.9969980825802662}, "datetime": {"datetime": "2024-04-26 02:42:10", "elapsed": 12989.970027, "delta": 3069.260442}}
{"target": 0.5584650003409064, "params": {"baseflow": 8.752536146724653, "fmax": 0.9260114058890726}, "datetime": {"datetime": "2024-04-26 03:06:07", "elapsed": 14427.273135, "delta": 1437.303108}}
{"target": 0.4256058089323919, "params": {"baseflow": 8.696938796532883, "fmax": 0.9441609598240962}, "datetime": {"datetime": "2024-04-26 03:22:34", "elapsed": 15413.735606, "delta": 986.462471}}
{"target": 0.22818186193411147, "params": {"baseflow": 8.740677339624508, "fmax": 0.8760048441000478}, "datetime": {"datetime": "2024-04-26 03:34:15", "elapsed": 16115.0468, "delta": 701.311194}}
{"target": 0.4099584270791434, "params": {"baseflow": 8.783749073502756, "fmax": 0.9466855852070782}, "datetime": {"datetime": "2024-04-26 04:00:53", "elapsed": 17712.851898, "delta": 1597.805098}}
{"target": 0.34238247375161257, "params": {"baseflow": 8.736753448691672, "fmax": 0.9654579103824967}, "datetime": {"datetime": "2024-04-26 04:44:39", "elapsed": 20338.802193, "delta": 2625.950295}}
{"target": 0.1429364076782997, "params": {"baseflow": 6.776234527157604, "fmax": 0.11809110005795025}, "datetime": {"datetime": "2024-04-26 05:25:07", "elapsed": 22767.219125, "delta": 2428.416932}}
{"target": 0.35912189173085657, "params": {"baseflow": 8.62603926989603, "fmax": 0.9593035438921501}, "datetime": {"datetime": "2024-04-26 05:33:08", "elapsed": 23248.121606, "delta": 480.902481}}
{"target": 0.22534984529966573, "params": {"baseflow": 8.605630042110588, "fmax": 0.8755831464350813}, "datetime": {"datetime": "2024-04-26 05:40:54", "elapsed": 23714.018233, "delta": 465.896627}}
{"target": 0.4539507036372152, "params": {"baseflow": 9.26667294026145, "fmax": 1.0}, "datetime": {"datetime": "2024-04-26 05:48:45", "elapsed": 24184.942632, "delta": 470.924399}}
{"target": 0.33684462839855195, "params": {"baseflow": 9.326491368056395, "fmax": 0.9747102617576665}, "datetime": {"datetime": "2024-04-26 05:56:56", "elapsed": 24676.236689, "delta": 491.294057}}
{"target": 0.05832695776513218, "params": {"baseflow": 8.606732283067986, "fmax": 0.48571466178435474}, "datetime": {"datetime": "2024-04-26 06:04:57", "elapsed": 25157.143124, "delta": 480.906435}}
{"target": 0.18935811997430618, "params": {"baseflow": 6.3988741834099585, "fmax": 0.8675636931309969}, "datetime": {"datetime": "2024-04-26 06:13:00", "elapsed": 25639.813048, "delta": 482.669924}}
{"target": 0.03331558974236567, "params": {"baseflow": 9.06988375565563, "fmax": 0.8100810144185974}, "datetime": {"datetime": "2024-04-26 06:21:06", "elapsed": 26125.750961, "delta": 485.937913}}
{"target": 0.34282898178887194, "params": {"baseflow": 8.95984090629123, "fmax": 0.9667512280160363}, "datetime": {"datetime": "2024-04-26 06:29:27", "elapsed": 26626.651967, "delta": 500.901006}}
{"target": 0.4539507036372152, "params": {"baseflow": 6.296040592051228, "fmax": 1.0}, "datetime": {"datetime": "2024-04-26 06:37:28", "elapsed": 27107.70995, "delta": 481.057983}}
{"target": 0.3367207268814113, "params": {"baseflow": 6.2452156076419385, "fmax": 0.9776666243616313}, "datetime": {"datetime": "2024-04-26 06:45:26", "elapsed": 27585.638131, "delta": 477.928181}}
{"target": 0.382821071933122, "params": {"baseflow": 6.313786317000969, "fmax": 0.9532120398694169}, "datetime": {"datetime": "2024-04-26 06:53:47", "elapsed": 28086.867434, "delta": 501.229303}}
{"target": 0.3919799152233983, "params": {"baseflow": 8.53204687865443, "fmax": 0.9931208024732927}, "datetime": {"datetime": "2024-04-26 07:01:43", "elapsed": 28562.819736, "delta": 475.952302}}
{"target": 0.4539507036372152, "params": {"baseflow": 8.454304413624062, "fmax": 1.0}, "datetime": {"datetime": "2024-04-26 07:09:34", "elapsed": 29034.216617, "delta": 471.396881}}
{"target": 0.4467301992068268, "params": {"baseflow": 8.46936228122575, "fmax": 0.9410815059734717}, "datetime": {"datetime": "2024-04-26 07:17:25", "elapsed": 29505.251238, "delta": 471.034621}}
{"target": 0.3653225038491436, "params": {"baseflow": 8.405950403207314, "fmax": 0.9577983111647536}, "datetime": {"datetime": "2024-04-26 07:25:22", "elapsed": 29981.437527, "delta": 476.186289}}
{"target": 0.22796360050049216, "params": {"baseflow": 8.47426178360655, "fmax": 0.8607336968209641}, "datetime": {"datetime": "2024-04-26 07:33:07", "elapsed": 30447.343596, "delta": 465.906069}}
{"target": 0.5020744981105372, "params": {"baseflow": 9.795327057688844, "fmax": 0.9341759530385496}, "datetime": {"datetime": "2024-04-26 07:41:13", "elapsed": 30933.349585, "delta": 486.005989}}
{"target": 0.21448832821862507, "params": {"baseflow": 4.824092253286215, "fmax": 0.7400986420705467}, "datetime": {"datetime": "2024-04-26 07:49:19", "elapsed": 31419.332689, "delta": 485.983104}}
{"target": 0.4492673716611924, "params": {"baseflow": 8.817558775899228, "fmax": 0.9993715858291062}, "datetime": {"datetime": "2024-04-26 07:57:05", "elapsed": 31885.232281, "delta": 465.899592}}
{"target": 0.3450461564036413, "params": {"baseflow": 8.28036627116161, "fmax": 0.9839550877338079}, "datetime": {"datetime": "2024-04-26 08:05:21", "elapsed": 32381.198224, "delta": 495.965943}}
{"target": 0.3491619235299082, "params": {"baseflow": 8.232280575482378, "fmax": 0.8890816508942595}, "datetime": {"datetime": "2024-04-26 08:13:28", "elapsed": 32867.459662, "delta": 486.261438}}
{"target": 0.3390464081473253, "params": {"baseflow": 8.17617237462747, "fmax": 0.9711933043528771}, "datetime": {"datetime": "2024-04-26 08:21:39", "elapsed": 33358.666801, "delta": 491.207139}}
{"target": 0.09194482587561748, "params": {"baseflow": 8.2662091469332, "fmax": 0.7941983320820607}, "datetime": {"datetime": "2024-04-26 08:29:50", "elapsed": 33849.851775, "delta": 491.184974}}
{"target": 0.3419143508142917, "params": {"baseflow": 9.981360206172416, "fmax": 0.9823879634675996}, "datetime": {"datetime": "2024-04-26 08:37:51", "elapsed": 34330.689609, "delta": 480.837834}}
{"target": 0.3422590691914382, "params": {"baseflow": 8.066856890176032, "fmax": 0.9825427979268272}, "datetime": {"datetime": "2024-04-26 08:45:42", "elapsed": 34801.950981, "delta": 471.261372}}
{"target": 0.23714902967621435, "params": {"baseflow": 8.140486452542678, "fmax": 0.8771109886200465}, "datetime": {"datetime": "2024-04-26 08:53:38", "elapsed": 35277.943452, "delta": 475.992471}}
