{"target": 0.23828621167144537, "params": {"baseflow": 0.0, "conifslope": 10.524417510345847, "decidslope": 39.056770464861266, "fff": 5.0, "fmax": 0.1, "grassslope": 36.866218743902394, "slopebeta": -918.8614345698497}, "datetime": {"datetime": "2025-03-27 10:41:05", "elapsed": 6124.521218, "delta": 1014.817447}}
{"target": 0.2557591837904328, "params": {"baseflow": 6.6218593718038585, "conifslope": 39.36867897490597, "decidslope": 30.429525491409784, "fff": 4.83434851913375, "fmax": 0.4082117704001187, "grassslope": 19.87326133734743, "slopebeta": -765.9474932904345}, "datetime": {"datetime": "2025-03-27 10:58:10", "elapsed": 7149.266023, "delta": 1024.744805}}
{"target": 0.2459010519109637, "params": {"baseflow": 4.719955992568949, "conifslope": 31.10699415605089, "decidslope": 17.396786870069796, "fff": 3.3816301414028174, "fmax": 0.29148746241735857, "grassslope": 12.552733852409025, "slopebeta": -749.0799027986535}, "datetime": {"datetime": "2025-03-27 11:15:10", "elapsed": 8169.520071, "delta": 1020.254048}}
{"target": 0.25037739060853165, "params": {"baseflow": 4.795783292905726, "conifslope": 39.167955858015745, "decidslope": 34.735332574363476, "fff": 4.799994491959061, "fmax": 0.19423501653816855, "grassslope": 34.615570892156555, "slopebeta": -746.0481884918368}, "datetime": {"datetime": "2025-03-27 11:32:25", "elapsed": 9204.410909, "delta": 1034.890838}}
{"target": 0.2549172421787369, "params": {"baseflow": 6.944603848309516, "conifslope": 39.48719055853347, "decidslope": 30.649940540562156, "fff": 3.4893476737408764, "fmax": 0.5801867868580288, "grassslope": 39.96358101386994, "slopebeta": -808.299132142517}, "datetime": {"datetime": "2025-03-27 11:49:44", "elapsed": 10244.195023, "delta": 1039.784114}}
{"target": 0.2432333917636217, "params": {"baseflow": 4.873288441627592, "conifslope": 12.585234815816381, "decidslope": 34.91218458308584, "fff": 3.5514126686138408, "fmax": 0.15769842513915006, "grassslope": 9.559339974120753, "slopebeta": -768.4129893811498}, "datetime": {"datetime": "2025-03-27 12:06:49", "elapsed": 11269.081049, "delta": 1024.886026}}
{"target": 0.2542756606725361, "params": {"baseflow": 10.0, "conifslope": 40.0, "decidslope": 31.57765977572795, "fff": 5.0, "fmax": 0.1, "grassslope": 40.0, "slopebeta": -993.8044241480952}, "datetime": {"datetime": "2025-03-27 12:24:04", "elapsed": 12303.964027, "delta": 1034.882978}}
{"target": 0.25727904289950926, "params": {"baseflow": 10.0, "conifslope": 40.0, "decidslope": 11.086729746445462, "fff": 0.1, "fmax": 0.1, "grassslope": 40.0, "slopebeta": -844.0849995112828}, "datetime": {"datetime": "2025-03-27 12:41:54", "elapsed": 13374.017177, "delta": 1070.05315}}
{"target": 0.21128154538441704, "params": {"baseflow": 10.0, "conifslope": 40.0, "decidslope": 1.3872764816425656, "fff": 5.0, "fmax": 0.1, "grassslope": 3.2783520158784007, "slopebeta": -778.7288773527122}, "datetime": {"datetime": "2025-03-27 12:58:54", "elapsed": 14394.176121, "delta": 1020.158944}}
{"target": 0.253315116011205, "params": {"baseflow": 0.7671366234149579, "conifslope": 39.149327298716315, "decidslope": 13.91598146429749, "fff": 3.913582328528124, "fmax": 0.10160204286987476, "grassslope": 38.421551295213064, "slopebeta": -760.2244921387875}, "datetime": {"datetime": "2025-03-27 13:16:14", "elapsed": 15434.137247, "delta": 1039.961126}}
{"target": 0.25877186551933157, "params": {"baseflow": 4.918898553641093, "conifslope": 31.738835732344064, "decidslope": 27.092005101656866, "fff": 0.583826386384251, "fmax": 0.5087693227996596, "grassslope": 28.497293963491096, "slopebeta": -362.91710824565143}, "datetime": {"datetime": "2025-03-27 13:33:55", "elapsed": 16494.242315, "delta": 1060.105068}}
{"target": 0.2555958251980245, "params": {"baseflow": 5.809279196087412, "conifslope": 36.819150187120435, "decidslope": 13.68178626685639, "fff": 4.2547083664794245, "fmax": 0.13002707367961455, "grassslope": 13.972041917948996, "slopebeta": -357.074223935481}, "datetime": {"datetime": "2025-03-27 13:51:45", "elapsed": 17564.637214, "delta": 1070.394899}}
{"target": 0.25620548385999026, "params": {"baseflow": 3.313236715507358, "conifslope": 26.506534502240857, "decidslope": 13.437956637243614, "fff": 0.966919037820178, "fmax": 0.1046476884517778, "grassslope": 21.595685672110086, "slopebeta": -377.869869154356}, "datetime": {"datetime": "2025-03-27 14:09:00", "elapsed": 18599.537091, "delta": 1034.899877}}
{"target": 0.24759786046752044, "params": {"baseflow": 3.92751516855236, "conifslope": 15.280698378030106, "decidslope": 11.129122713440218, "fff": 3.7962205541708256, "fmax": 0.4479991386043274, "grassslope": 28.293937059309567, "slopebeta": -360.00172184919757}, "datetime": {"datetime": "2025-03-27 14:26:25", "elapsed": 19644.709234, "delta": 1045.172143}}
{"target": 0.254195779041877, "params": {"baseflow": 5.782065715034339, "conifslope": 40.0, "decidslope": 30.896269614370603, "fff": 4.702013261029488, "fmax": 0.17025931152026388, "grassslope": 13.18049908717366, "slopebeta": -374.90675302999796}, "datetime": {"datetime": "2025-03-27 14:44:10", "elapsed": 20709.708379, "delta": 1064.999145}}
{"target": 0.255260979113691, "params": {"baseflow": 10.0, "conifslope": 40.0, "decidslope": 13.617037528950254, "fff": 5.0, "fmax": 0.7, "grassslope": 36.541242147641995, "slopebeta": -372.43620135250217}, "datetime": {"datetime": "2025-03-27 15:02:05", "elapsed": 21784.788442, "delta": 1075.080063}}
{"target": 0.24866332598007912, "params": {"baseflow": 9.18854266555476, "conifslope": 30.832031463710184, "decidslope": 38.71757157400464, "fff": 0.24591304604387781, "fmax": 0.49853703772718927, "grassslope": 38.89591539908288, "slopebeta": -379.47049095436614}, "datetime": {"datetime": "2025-03-27 15:19:25", "elapsed": 22824.681371, "delta": 1039.892929}}
{"target": 0.24929058522619754, "params": {"baseflow": 7.171251499532127, "conifslope": 37.631682644192296, "decidslope": 36.545536382875554, "fff": 4.11500934646454, "fmax": 0.24653506319768564, "grassslope": 15.103349354867195, "slopebeta": -344.0753713267378}, "datetime": {"datetime": "2025-03-27 15:37:05", "elapsed": 23884.769781, "delta": 1060.08841}}
{"target": 0.25931015363018695, "params": {"baseflow": 10.0, "conifslope": 40.0, "decidslope": 16.41162260169037, "fff": 0.1, "fmax": 0.1, "grassslope": 38.334721566287385, "slopebeta": -347.58006711925873}, "datetime": {"datetime": "2025-03-27 15:54:30", "elapsed": 24929.776408, "delta": 1045.006627}}
{"target": 0.20250692837906423, "params": {"baseflow": 10.0, "conifslope": 40.0, "decidslope": 1.0, "fff": 1.264166440871175, "fmax": 0.24321179584528316, "grassslope": 26.0239462085811, "slopebeta": -337.22030140280236}, "datetime": {"datetime": "2025-03-27 16:11:40", "elapsed": 25959.966478, "delta": 1030.19007}}
{"target": 0.2467345128014606, "params": {"baseflow": 10.0, "conifslope": 40.0, "decidslope": 7.891338082403977, "fff": 5.0, "fmax": 0.7, "grassslope": 5.428770303958597, "slopebeta": -377.1755702754942}, "datetime": {"datetime": "2025-03-27 16:29:17", "elapsed": 27016.556765, "delta": 1056.590287}}
{"target": 0.2548028338741291, "params": {"baseflow": 10.0, "conifslope": 40.0, "decidslope": 32.22054051014149, "fff": 5.0, "fmax": 0.1, "grassslope": 40.0, "slopebeta": -352.30504448507384}, "datetime": {"datetime": "2025-03-27 19:07:10", "elapsed": 0.0, "delta": 0.0}}
{"target": 0.2571975921461728, "params": {"baseflow": 1.558325230340405, "conifslope": 37.55712491679904, "decidslope": 17.295612042326, "fff": 0.18711606806821723, "fmax": 0.3275539372487699, "grassslope": 24.91463416942633, "slopebeta": -396.60249780436266}, "datetime": {"datetime": "2025-03-27 19:31:11", "elapsed": 1440.166012, "delta": 1440.166012}}
{"target": 0.24894500646867046, "params": {"baseflow": 4.489917004406495, "conifslope": 26.51704069156997, "decidslope": 3.419030494241529, "fff": 1.612768886456232, "fmax": 0.6798232616415162, "grassslope": 39.91623737937598, "slopebeta": -392.48010913188386}, "datetime": {"datetime": "2025-03-27 19:48:15", "elapsed": 2464.847425, "delta": 1024.681413}}
{"target": 0.2436798734306839, "params": {"baseflow": 3.9901303092739338, "conifslope": 23.01351024550275, "decidslope": 31.961559457123254, "fff": 1.7037397386900346, "fmax": 0.10423511692201831, "grassslope": 16.865270278101555, "slopebeta": -401.83836717245845}, "datetime": {"datetime": "2025-03-27 20:05:10", "elapsed": 3479.76308, "delta": 1014.915655}}
{"target": 0.25972021810476154, "params": {"baseflow": 0.29464922185787223, "conifslope": 38.21700964525221, "decidslope": 17.75138880343546, "fff": 2.6322246177623136, "fmax": 0.16483319831437554, "grassslope": 35.3455909003477, "slopebeta": -357.4235161021073}, "datetime": {"datetime": "2025-03-27 20:22:15", "elapsed": 4504.72954, "delta": 1024.96646}}
{"target": 0.21969290051217819, "params": {"baseflow": 0.0, "conifslope": 40.0, "decidslope": 1.3603499372978982, "fff": 1.1387273723687166, "fmax": 0.6033673275476904, "grassslope": 22.87687617059956, "slopebeta": -414.4958271721234}, "datetime": {"datetime": "2025-03-27 20:39:20", "elapsed": 5529.636632, "delta": 1024.907092}}
{"target": 0.2558097328843636, "params": {"baseflow": 0.0, "conifslope": 25.04670288307667, "decidslope": 27.356490323956418, "fff": 0.1, "fmax": 0.1, "grassslope": 40.0, "slopebeta": -345.4134703836511}, "datetime": {"datetime": "2025-03-27 20:56:15", "elapsed": 6544.493007, "delta": 1014.856375}}
{"target": 0.2432205020836411, "params": {"baseflow": 1.356000780255886, "conifslope": 5.639559459472824, "decidslope": 39.54152573075083, "fff": 3.7738538303598594, "fmax": 0.6781427613400208, "grassslope": 38.50183970193394, "slopebeta": -360.5457596125624}, "datetime": {"datetime": "2025-03-27 21:13:15", "elapsed": 7564.53834, "delta": 1020.045333}}
{"target": 0.2086251822582392, "params": {"baseflow": 1.2322353107694273, "conifslope": 1.7482239648717042, "decidslope": 20.53055069276405, "fff": 1.837074299337086, "fmax": 0.5606690672593398, "grassslope": 2.4385596067033544, "slopebeta": -899.4607806607221}, "datetime": {"datetime": "2025-03-27 21:30:00", "elapsed": 8569.433235, "delta": 1004.894895}}
{"target": 0.2141267298072388, "params": {"baseflow": 9.94736986637598, "conifslope": 34.39459739957093, "decidslope": 1.2165159681189979, "fff": 1.3573219271814077, "fmax": 0.27638943617274037, "grassslope": 39.923072622937546, "slopebeta": -736.5009514465268}, "datetime": {"datetime": "2025-03-27 21:47:05", "elapsed": 9594.316554, "delta": 1024.883319}}
{"target": 0.25228333622467786, "params": {"baseflow": 6.517580108835645, "conifslope": 34.62144621252957, "decidslope": 37.66776056567564, "fff": 0.7353155507611158, "fmax": 0.5054365758069083, "grassslope": 37.6411620972081, "slopebeta": -766.6441293909121}, "datetime": {"datetime": "2025-03-27 22:04:10", "elapsed": 10619.264922, "delta": 1024.948368}}
{"target": 0.2505739718538913, "params": {"baseflow": 0.0, "conifslope": 33.711489396955585, "decidslope": 25.993326941620843, "fff": 0.1, "fmax": 0.7, "grassslope": 1.0, "slopebeta": -360.38780130596433}, "datetime": {"datetime": "2025-03-27 22:21:15", "elapsed": 11644.953482, "delta": 1025.68856}}
{"target": 0.24485402086671057, "params": {"baseflow": 0.0, "conifslope": 40.0, "decidslope": 3.7295293385633346, "fff": 5.0, "fmax": 0.7, "grassslope": 25.239012387723008, "slopebeta": -902.8080828848261}, "datetime": {"datetime": "2025-03-27 22:38:25", "elapsed": 12674.72176, "delta": 1029.768278}}
{"target": 0.25519681013107964, "params": {"baseflow": 0.0, "conifslope": 40.0, "decidslope": 16.27200804406784, "fff": 0.1, "fmax": 0.1, "grassslope": 24.138888851467183, "slopebeta": -841.8296281572381}, "datetime": {"datetime": "2025-03-27 22:55:40", "elapsed": 13709.809477, "delta": 1035.087717}}
{"target": 0.2338242634286045, "params": {"baseflow": 6.982016045442241, "conifslope": 24.763312519751718, "decidslope": 2.6210014683357907, "fff": 1.429330640008474, "fmax": 0.46519760917932773, "grassslope": 6.519186331923307, "slopebeta": -68.78797047330397}, "datetime": {"datetime": "2025-03-27 23:12:45", "elapsed": 14734.616878, "delta": 1024.807401}}
{"target": 0.2322254712176071, "params": {"baseflow": 0.0, "conifslope": 40.0, "decidslope": 38.88613150891797, "fff": 0.1, "fmax": 0.16870711455357215, "grassslope": 40.0, "slopebeta": -331.6002489692528}, "datetime": {"datetime": "2025-03-27 23:29:35", "elapsed": 15744.491272, "delta": 1009.874394}}
{"target": 0.25341644419477866, "params": {"baseflow": 0.0, "conifslope": 40.0, "decidslope": 24.400222490461054, "fff": 5.0, "fmax": 0.1, "grassslope": 30.692855003560098, "slopebeta": -382.969237538729}, "datetime": {"datetime": "2025-03-27 23:46:45", "elapsed": 16774.411549, "delta": 1029.920277}}
{"target": 0.2658051303740743, "params": {"baseflow": 10.0, "conifslope": 24.947927467900808, "decidslope": 22.50897824481162, "fff": 0.1, "fmax": 0.1, "grassslope": 40.0, "slopebeta": -863.5514188245774}, "datetime": {"datetime": "2025-03-28 00:03:55", "elapsed": 17804.419833, "delta": 1030.008284}}
{"target": 0.25645577944989634, "params": {"baseflow": 7.620287864572393, "conifslope": 23.135872405533974, "decidslope": 5.417202254130439, "fff": 2.784610405361912, "fmax": 0.4109299209358247, "grassslope": 37.703498301446444, "slopebeta": -852.8994631190965}, "datetime": {"datetime": "2025-03-28 00:21:06", "elapsed": 18835.435509, "delta": 1031.015676}}
{"target": 0.2414830627388023, "params": {"baseflow": 4.327248309904351, "conifslope": 12.075511127084399, "decidslope": 36.4100133583534, "fff": 1.8028135233410403, "fmax": 0.2676493685848493, "grassslope": 36.51474735540968, "slopebeta": -26.468803658445836}, "datetime": {"datetime": "2025-03-28 00:38:52", "elapsed": 19901.804396, "delta": 1066.368887}}
{"target": 0.2449788437101126, "params": {"baseflow": 0.820038991103742, "conifslope": 4.667799213629006, "decidslope": 38.324470262403864, "fff": 3.4074176968834626, "fmax": 0.45109181029767265, "grassslope": 30.40597812222887, "slopebeta": -683.7266257884546}, "datetime": {"datetime": "2025-03-28 00:56:12", "elapsed": 20941.822229, "delta": 1040.017833}}
{"target": 0.2428031426791006, "params": {"baseflow": 3.026620829519854, "conifslope": 36.45612170847138, "decidslope": 36.88929266268282, "fff": 2.8408486048786497, "fmax": 0.6489824823849857, "grassslope": 1.7575903321551087, "slopebeta": -706.487153405544}, "datetime": {"datetime": "2025-03-28 01:13:07", "elapsed": 21956.764556, "delta": 1014.942327}}
{"target": 0.06805218085533198, "params": {"baseflow": 0.0, "conifslope": 1.0, "decidslope": 1.0, "fff": 5.0, "fmax": 0.7, "grassslope": 1.0, "slopebeta": -382.2361376442444}, "datetime": {"datetime": "2025-03-28 01:29:47", "elapsed": 22956.731677, "delta": 999.967121}}
{"target": 0.24034596731270383, "params": {"baseflow": 8.943051769831424, "conifslope": 2.9067454179100713, "decidslope": 35.84522581311754, "fff": 1.5268474766295188, "fmax": 0.26304367511847526, "grassslope": 2.952978716313133, "slopebeta": -567.1388774032127}, "datetime": {"datetime": "2025-03-28 01:46:37", "elapsed": 23966.859375, "delta": 1010.127698}}
{"target": 0.2567386453947363, "params": {"baseflow": 7.149862368437433, "conifslope": 24.435589601548365, "decidslope": 5.68319512105538, "fff": 3.1533629470692244, "fmax": 0.3602049104158953, "grassslope": 34.6883135645125, "slopebeta": -852.8523343408341}, "datetime": {"datetime": "2025-03-28 02:03:47", "elapsed": 24996.746529, "delta": 1029.887154}}
{"target": 0.25178119438880403, "params": {"baseflow": 0.5977558503503755, "conifslope": 32.6920966781737, "decidslope": 32.938335017270724, "fff": 0.9574823779820427, "fmax": 0.4694851880796723, "grassslope": 39.31414075825168, "slopebeta": -166.08472161053191}, "datetime": {"datetime": "2025-03-28 02:20:52", "elapsed": 26021.76491, "delta": 1025.018381}}
{"target": 0.23967768841960516, "params": {"baseflow": 6.795225088474992, "conifslope": 5.914897763537454, "decidslope": 38.34122410871756, "fff": 2.1583531667783893, "fmax": 0.19547036979827842, "grassslope": 5.528858858102711, "slopebeta": -167.04045841305322}, "datetime": {"datetime": "2025-03-28 02:37:57", "elapsed": 27046.935797, "delta": 1025.170887}}
{"target": 0.18611980322714516, "params": {"baseflow": 5.522071466842725, "conifslope": 40.0, "decidslope": 1.0, "fff": 1.5617944423437562, "fmax": 0.6190449345742408, "grassslope": 40.0, "slopebeta": -143.3146410137843}, "datetime": {"datetime": "2025-03-28 02:54:47", "elapsed": 28056.871799, "delta": 1009.936002}}
{"target": 0.2504712795211678, "params": {"baseflow": 0.0, "conifslope": 36.92705520226554, "decidslope": 40.0, "fff": 0.22159149144994084, "fmax": 0.5681600828333999, "grassslope": 40.0, "slopebeta": -202.65013042318455}, "datetime": {"datetime": "2025-03-28 03:11:53", "elapsed": 29082.550483, "delta": 1025.678684}}
{"target": 0.22509707577792115, "params": {"baseflow": 10.0, "conifslope": 1.0, "decidslope": 40.0, "fff": 0.6618744109738323, "fmax": 0.1, "grassslope": 40.0, "slopebeta": -195.2687457679952}, "datetime": {"datetime": "2025-03-28 03:28:48", "elapsed": 30097.525909, "delta": 1014.975426}}
{"target": 0.20839836665380282, "params": {"baseflow": 8.309207644464253, "conifslope": 37.768026564985576, "decidslope": 1.096805500055011, "fff": 1.4539206526410073, "fmax": 0.4371517199064787, "grassslope": 37.11297072445691, "slopebeta": -616.2356360153749}, "datetime": {"datetime": "2025-03-31 09:23:16", "elapsed": 0.0, "delta": 0.0}}
{"target": 0.2557601051537192, "params": {"baseflow": 8.057872897716397, "conifslope": 38.06939427075372, "decidslope": 36.54766560520007, "fff": 3.013533185826344, "fmax": 0.1849965469857846, "grassslope": 33.42070169570389, "slopebeta": -500.15850856313756}, "datetime": {"datetime": "2025-03-31 09:41:56", "elapsed": 1119.949855, "delta": 1119.949855}}
{"target": 0.24529901793863748, "params": {"baseflow": 0.1646692721785695, "conifslope": 16.010383037107236, "decidslope": 9.354529998247001, "fff": 4.807639712985377, "fmax": 0.10266838493783964, "grassslope": 40.0, "slopebeta": -509.7665778576578}, "datetime": {"datetime": "2025-03-31 09:59:56", "elapsed": 2200.022046, "delta": 1080.072191}}
{"target": 0.23748271075293745, "params": {"baseflow": 10.0, "conifslope": 40.0, "decidslope": 40.0, "fff": 2.014191993700442, "fmax": 0.45813777960140656, "grassslope": 1.0, "slopebeta": -483.45643465078274}, "datetime": {"datetime": "2025-03-31 10:18:05", "elapsed": 3289.782019, "delta": 1089.759973}}
{"target": 0.24756276228552612, "params": {"baseflow": 8.593453588423815, "conifslope": 36.668620587304666, "decidslope": 39.75706321716786, "fff": 4.914164721767684, "fmax": 0.1937008114360848, "grassslope": 33.618650930004755, "slopebeta": -538.360101483968}, "datetime": {"datetime": "2025-03-31 10:36:11", "elapsed": 4374.842189, "delta": 1085.06017}}
{"target": 0.22401973118685015, "params": {"baseflow": 10.0, "conifslope": 1.0, "decidslope": 40.0, "fff": 0.1, "fmax": 0.1, "grassslope": 40.0, "slopebeta": -484.2933537862968}, "datetime": {"datetime": "2025-03-31 10:53:26", "elapsed": 5410.025743, "delta": 1035.183554}}
{"target": 0.23652854039792884, "params": {"baseflow": 0.0, "conifslope": 40.0, "decidslope": 3.1019193663804936, "fff": 0.1, "fmax": 0.658124194527358, "grassslope": 6.009651324177027, "slopebeta": -524.168826589007}, "datetime": {"datetime": "2025-03-31 11:10:46", "elapsed": 6450.01804, "delta": 1039.992297}}
{"target": 0.2507864056806353, "params": {"baseflow": 0.0, "conifslope": 40.0, "decidslope": 22.9863997018329, "fff": 5.0, "fmax": 0.4073901182703764, "grassslope": 1.0, "slopebeta": -211.47610308468444}, "datetime": {"datetime": "2025-03-31 11:28:26", "elapsed": 7509.874354, "delta": 1059.856314}}
{"target": 0.21355001084626143, "params": {"baseflow": 8.663450889244151, "conifslope": 24.226548175947805, "decidslope": 1.5530357602978322, "fff": 0.3478686792527035, "fmax": 0.48948198891080563, "grassslope": 1.8267048735166713, "slopebeta": 8.721484348450304}, "datetime": {"datetime": "2025-03-31 11:45:51", "elapsed": 8555.103837, "delta": 1045.229483}}
{"target": 0.22541409427362638, "params": {"baseflow": 3.4622960820277364, "conifslope": 1.0, "decidslope": 40.0, "fff": 5.0, "fmax": 0.7, "grassslope": 40.0, "slopebeta": -77.53189622671583}, "datetime": {"datetime": "2025-03-31 12:03:20", "elapsed": 9604.827575, "delta": 1049.723738}}
{"target": 0.20166731136933272, "params": {"baseflow": 0.0, "conifslope": 40.0, "decidslope": 1.0, "fff": 0.1, "fmax": 0.1, "grassslope": 36.04236363824341, "slopebeta": -221.30998708277994}, "datetime": {"datetime": "2025-03-31 12:21:00", "elapsed": 10664.68217, "delta": 1059.854595}}
{"target": 0.23855378068381447, "params": {"baseflow": 0.0, "conifslope": 40.0, "decidslope": 40.0, "fff": 5.0, "fmax": 0.24882073025682006, "grassslope": 7.926348904495549, "slopebeta": -182.46063107876714}, "datetime": {"datetime": "2025-03-31 12:41:05", "elapsed": 11869.7423, "delta": 1205.06013}}
{"target": 0.0677247259547948, "params": {"baseflow": 1.2843756929347077, "conifslope": 1.0, "decidslope": 1.0, "fff": 5.0, "fmax": 0.1, "grassslope": 1.0, "slopebeta": -690.3262120546004}, "datetime": {"datetime": "2025-03-31 12:58:45", "elapsed": 12929.620073, "delta": 1059.877773}}
{"target": 0.23202409813504374, "params": {"baseflow": 0.0, "conifslope": 40.0, "decidslope": 40.0, "fff": 0.1, "fmax": 0.14903899762015624, "grassslope": 40.0, "slopebeta": -690.8672062221252}, "datetime": {"datetime": "2025-03-31 13:16:35", "elapsed": 13999.633402, "delta": 1070.013329}}
{"target": 0.2246255854690392, "params": {"baseflow": 10.0, "conifslope": 1.0, "decidslope": 40.0, "fff": 0.1, "fmax": 0.7, "grassslope": 40.0, "slopebeta": -731.1289162640293}, "datetime": {"datetime": "2025-03-31 13:33:45", "elapsed": 15029.505387, "delta": 1029.871985}}
