{"target": 0.2980485762960672, "params": {"baseflow": 8.076393591669586, "fmax": 0.014224518958618005}, "datetime": {"datetime": "2024-04-13 17:49:15", "elapsed": 20157.825064, "delta": 451.15369}}
{"target": 0.3314284908502073, "params": {"baseflow": 7.997430182999231, "fmax": 0.05246468105823654}, "datetime": {"datetime": "2024-04-13 17:57:11", "elapsed": 20633.895275, "delta": 476.070211}}
{"target": 0.3388236761315233, "params": {"baseflow": 8.221712274623984, "fmax": 0.06283780872686062}, "datetime": {"datetime": "2024-04-13 18:04:57", "elapsed": 21100.141118, "delta": 466.245843}}
{"target": 0.3631598967324573, "params": {"baseflow": 8.331353069235432, "fmax": 0.04475555789804604}, "datetime": {"datetime": "2024-04-13 18:12:54", "elapsed": 21577.133634, "delta": 476.992516}}
{"target": 0.3615068117701266, "params": {"baseflow": 3.937930230085911, "fmax": 0.04327526081212563}, "datetime": {"datetime": "2024-04-13 18:20:40", "elapsed": 22043.254162, "delta": 466.120528}}
{"target": 0.33309083458268146, "params": {"baseflow": 3.9069962192332808, "fmax": 0.05695610671089422}, "datetime": {"datetime": "2024-04-13 18:28:16", "elapsed": 22499.154441, "delta": 455.900279}}
{"target": 0.23410741259684456, "params": {"baseflow": 7.529437280213204, "fmax": 0.269609947803178}, "datetime": {"datetime": "2024-04-13 18:36:07", "elapsed": 22970.245035, "delta": 471.090594}}
{"target": 0.31844450671647345, "params": {"baseflow": 3.9416065951409163, "fmax": 0.07357055560091603}, "datetime": {"datetime": "2024-04-13 18:43:38", "elapsed": 23421.158397, "delta": 450.913362}}
{"target": 0.2319878276251521, "params": {"baseflow": 6.476255535669834, "fmax": 0.2179222572468191}, "datetime": {"datetime": "2024-04-13 18:51:19", "elapsed": 23882.384147, "delta": 461.22575}}
{"target": 0.2763461099540405, "params": {"baseflow": 2.4454857253045956, "fmax": 0.009948231198435619}, "datetime": {"datetime": "2024-04-13 18:59:10", "elapsed": 24353.386138, "delta": 471.001991}}
{"target": 0.3136528463179969, "params": {"baseflow": 3.9113156704298935, "fmax": 0.01892193671425049}, "datetime": {"datetime": "2024-04-13 19:06:41", "elapsed": 24804.298448, "delta": 450.91231}}
{"target": 0.32499728309889836, "params": {"baseflow": 7.965813323043402, "fmax": 0.02159871690470219}, "datetime": {"datetime": "2024-04-13 19:14:12", "elapsed": 25255.631334, "delta": 451.332886}}
{"target": 0.3157867508267145, "params": {"baseflow": 7.9599526656731845, "fmax": 0.07967052458675022}, "datetime": {"datetime": "2024-04-13 19:21:38", "elapsed": 25701.554828, "delta": 445.923494}}
{"target": 0.25089794389825354, "params": {"baseflow": 7.864812757683425, "fmax": 0.14351136658397068}, "datetime": {"datetime": "2024-04-13 19:29:15", "elapsed": 26158.045887, "delta": 456.491059}}
{"target": 0.33863509100587014, "params": {"baseflow": 8.397176622892802, "fmax": 0.06395665794351935}, "datetime": {"datetime": "2024-04-13 19:36:41", "elapsed": 26604.125111, "delta": 446.079224}}
{"target": 0.3542953910899179, "params": {"baseflow": 8.435245989421134, "fmax": 0.04733923753566081}, "datetime": {"datetime": "2024-04-13 19:44:12", "elapsed": 27055.023904, "delta": 450.898793}}
{"target": 0.3093516093032963, "params": {"baseflow": 8.422854484417213, "fmax": 0.01713341434909597}, "datetime": {"datetime": "2024-04-13 19:51:38", "elapsed": 27500.979881, "delta": 445.955977}}
{"target": 0.3197695915969936, "params": {"baseflow": 8.439824053664482, "fmax": 0.07591148789440282}, "datetime": {"datetime": "2024-04-13 19:59:09", "elapsed": 27951.924144, "delta": 450.944263}}
{"target": 0.31477495605258377, "params": {"baseflow": 8.48031880406882, "fmax": 0.019239154857638763}, "datetime": {"datetime": "2024-04-13 20:06:35", "elapsed": 28397.820627, "delta": 445.896483}}
{"target": 0.2595470019829684, "params": {"baseflow": 8.388443800511752, "fmax": 0.10977731884778869}, "datetime": {"datetime": "2024-04-13 20:14:11", "elapsed": 28854.016872, "delta": 456.196245}}
{"target": 0.3332702564168594, "params": {"baseflow": 3.140778632978228, "fmax": 0.05900039903254526}, "datetime": {"datetime": "2024-04-13 20:21:37", "elapsed": 29300.156848, "delta": 446.139976}}
{"target": 0.31609973290965204, "params": {"baseflow": 0.101170864528074, "fmax": 0.0823805396154794}, "datetime": {"datetime": "2024-04-13 20:29:09", "elapsed": 29751.740338, "delta": 451.58349}}
{"target": 0.27465587670185587, "params": {"baseflow": 1.0562366093170517, "fmax": 0.3684983460457413}, "datetime": {"datetime": "2024-04-13 20:37:05", "elapsed": 30228.014604, "delta": 476.274266}}
{"target": 0.3053880186781914, "params": {"baseflow": 3.1202518370420282, "fmax": 0.01663564113859022}, "datetime": {"datetime": "2024-04-13 20:44:31", "elapsed": 30673.851398, "delta": 445.836794}}
{"target": 0.3266481454023521, "params": {"baseflow": 3.184274898455378, "fmax": 0.06354895807975228}, "datetime": {"datetime": "2024-04-13 20:52:02", "elapsed": 31124.793996, "delta": 450.942598}}
{"target": 0.2725982970780553, "params": {"baseflow": 3.1460713511692195, "fmax": 0.09967606251423647}, "datetime": {"datetime": "2024-04-13 20:59:28", "elapsed": 31570.895892, "delta": 446.101896}}
{"target": 0.3334507231962377, "params": {"baseflow": 3.227546748636283, "fmax": 0.026034005320490872}, "datetime": {"datetime": "2024-04-13 21:07:04", "elapsed": 32026.840683, "delta": 455.944791}}
{"target": 0.24017139112499553, "params": {"baseflow": 1.9179061204919912, "fmax": 0.14123984269722953}, "datetime": {"datetime": "2024-04-13 21:14:30", "elapsed": 32472.685986, "delta": 445.845303}}
{"target": 0.3376288730524326, "params": {"baseflow": 3.2317485081253547, "fmax": 0.0645846204791936}, "datetime": {"datetime": "2024-04-13 21:22:00", "elapsed": 32923.514039, "delta": 450.828053}}
{"target": 0.3632339399252042, "params": {"baseflow": 3.2680909696932083, "fmax": 0.044242952010897924}, "datetime": {"datetime": "2024-04-13 21:29:31", "elapsed": 33374.549939, "delta": 451.0359}}
{"target": 0.3378291888901959, "params": {"baseflow": 3.1853776486777696, "fmax": 0.06470429650432244}, "datetime": {"datetime": "2024-04-13 21:36:57", "elapsed": 33820.517636, "delta": 445.967697}}
{"target": 0.3127095541063653, "params": {"baseflow": 3.2099970439119794, "fmax": 0.0857883076495058}, "datetime": {"datetime": "2024-04-13 21:44:29", "elapsed": 34271.896228, "delta": 451.378592}}
{"target": 0.33324820058027105, "params": {"baseflow": 2.908710991740712, "fmax": 0.06049714195030642}, "datetime": {"datetime": "2024-04-13 21:52:15", "elapsed": 34737.793745, "delta": 465.897517}}
{"target": 0.3527918772803424, "params": {"baseflow": 3.293316915831066, "fmax": 0.03766265081548488}, "datetime": {"datetime": "2024-04-13 21:59:45", "elapsed": 35188.643448, "delta": 450.849703}}
{"target": 0.2353271187739835, "params": {"baseflow": 2.9469108268691837, "fmax": 0.2958011439563781}, "datetime": {"datetime": "2024-04-13 22:07:21", "elapsed": 35644.566837, "delta": 455.923389}}
{"target": 0.3366101913613156, "params": {"baseflow": 3.282637207004974, "fmax": 0.06693112772683613}, "datetime": {"datetime": "2024-04-13 22:14:48", "elapsed": 36090.849014, "delta": 446.282177}}
{"target": 0.2656285018710672, "params": {"baseflow": 3.2968234062658928, "fmax": 0.007962529951516695}, "datetime": {"datetime": "2024-04-13 22:22:14", "elapsed": 36536.996273, "delta": 446.147259}}
{"target": 0.281987691970259, "params": {"baseflow": 2.1542415743080445, "fmax": 0.3890256987328302}, "datetime": {"datetime": "2024-04-13 22:29:50", "elapsed": 36992.894322, "delta": 455.898049}}
{"target": 0.3150476340836278, "params": {"baseflow": 0.9070252711086413, "fmax": 0.0810350188112198}, "datetime": {"datetime": "2024-04-13 22:37:15", "elapsed": 37438.64009, "delta": 445.745768}}
