{"target": 0.24502254817151134, "params": {"baseflow": 7.225615512141514, "conifslope": 36.42343763167899, "decidslope": 35.32159986853186, "fff": 3.868811804185704, "fmax": 0.19781179896780282, "grassslope": 1.738332491056159, "slopebeta": -250.02508387061016}, "datetime": {"datetime": "2025-03-31 13:51:30", "elapsed": 16094.431205, "delta": 1064.925818}}
{"target": 0.24225577068532486, "params": {"baseflow": 0.8809782003161493, "conifslope": 4.833444768257548, "decidslope": 3.3814587866193477, "fff": 2.386632592256303, "fmax": 0.6142773690565582, "grassslope": 38.043601686280574, "slopebeta": -553.6435159012187}, "datetime": {"datetime": "2025-03-31 14:09:00", "elapsed": 17144.580032, "delta": 1050.148827}}
{"target": 0.23110301198043506, "params": {"baseflow": 10.0, "conifslope": 40.0, "decidslope": 40.0, "fff": 0.1, "fmax": 0.1, "grassslope": 40.0, "slopebeta": -428.815567807875}, "datetime": {"datetime": "2025-03-31 14:26:46", "elapsed": 18210.487827, "delta": 1065.907795}}
{"target": 0.2482952167073671, "params": {"baseflow": 4.626380732629148, "conifslope": 39.148659469942835, "decidslope": 33.364384045843444, "fff": 4.758975395245723, "fmax": 0.15742904340472894, "grassslope": 2.9090925985764398, "slopebeta": -33.43573389924461}, "datetime": {"datetime": "2025-03-31 14:44:12", "elapsed": 19256.249456, "delta": 1045.761629}}
{"target": 0.18722156596176986, "params": {"baseflow": 0.0, "conifslope": 40.0, "decidslope": 1.0, "fff": 5.0, "fmax": 0.7, "grassslope": 40.0, "slopebeta": -38.1289444417887}, "datetime": {"datetime": "2025-03-31 15:02:58", "elapsed": 20381.994132, "delta": 1125.744676}}
{"target": 0.15790883164503275, "params": {"baseflow": 10.0, "conifslope": 1.0, "decidslope": 40.0, "fff": 0.1, "fmax": 0.1, "grassslope": 1.0, "slopebeta": -36.69711355278892}, "datetime": {"datetime": "2025-03-31 15:21:33", "elapsed": 21497.481385, "delta": 1115.487253}}
{"target": 0.23667951338504264, "params": {"baseflow": 0.45126765323294515, "conifslope": 36.55890974090064, "decidslope": 39.430711000892984, "fff": 1.585926572255178, "fmax": 0.30177352466636187, "grassslope": 10.30646920475157, "slopebeta": -66.4280818911094}, "datetime": {"datetime": "2025-03-31 15:40:10", "elapsed": 22613.990417, "delta": 1116.509032}}
{"target": 0.15737917311985242, "params": {"baseflow": 0.0, "conifslope": 1.0, "decidslope": 40.0, "fff": 5.0, "fmax": 0.7, "grassslope": 1.0, "slopebeta": -229.01810320526857}, "datetime": {"datetime": "2025-03-31 15:57:10", "elapsed": 23634.081827, "delta": 1020.09141}}
{"target": 0.241783133871066, "params": {"baseflow": 2.049607298429251, "conifslope": 13.211206852731783, "decidslope": 37.71756295936653, "fff": 3.8471217405014535, "fmax": 0.16016574695680227, "grassslope": 4.875334438782332, "slopebeta": -525.3195378127364}, "datetime": {"datetime": "2025-03-31 16:15:15", "elapsed": 24719.602258, "delta": 1085.520431}}
{"target": 0.18726890847299912, "params": {"baseflow": 10.0, "conifslope": 40.0, "decidslope": 1.0, "fff": 5.0, "fmax": 0.7, "grassslope": 40.0, "slopebeta": -481.652134627095}, "datetime": {"datetime": "2025-03-31 16:32:36", "elapsed": 25759.872594, "delta": 1040.270336}}
{"target": 0.20549829938363348, "params": {"baseflow": 10.0, "conifslope": 1.0, "decidslope": 40.0, "fff": 5.0, "fmax": 0.7, "grassslope": 40.0, "slopebeta": -534.1944624263767}, "datetime": {"datetime": "2025-03-31 16:49:35", "elapsed": 26779.792012, "delta": 1019.919418}}
{"target": 0.232161765873372, "params": {"baseflow": 0.0, "conifslope": 40.0, "decidslope": 40.0, "fff": 5.0, "fmax": 0.7, "grassslope": 40.0, "slopebeta": 10.0}, "datetime": {"datetime": "2025-03-31 17:07:50", "elapsed": 27874.792117, "delta": 1095.000105}}
{"target": 0.2374984377786681, "params": {"baseflow": 0.0, "conifslope": 40.0, "decidslope": 40.0, "fff": 0.1, "fmax": 0.1, "grassslope": 1.0, "slopebeta": -570.3599213571713}, "datetime": {"datetime": "2025-03-31 17:26:20", "elapsed": 28984.619506, "delta": 1109.827389}}
{"target": 0.17266055614054768, "params": {"baseflow": 10.0, "conifslope": 40.0, "decidslope": 1.0, "fff": 5.0, "fmax": 0.1, "grassslope": 1.0, "slopebeta": -269.5658183956941}, "datetime": {"datetime": "2025-03-31 17:43:41", "elapsed": 30025.102313, "delta": 1040.482807}}
{"target": 0.15744417518697615, "params": {"baseflow": 0.0, "conifslope": 1.0, "decidslope": 40.0, "fff": 0.1, "fmax": 0.7, "grassslope": 1.0, "slopebeta": -612.6544647723993}, "datetime": {"datetime": "2025-03-31 18:00:36", "elapsed": 31039.856317, "delta": 1014.754004}}
{"target": 0.06781568603170023, "params": {"baseflow": 0.0, "conifslope": 1.0, "decidslope": 1.0, "fff": 0.1, "fmax": 0.1, "grassslope": 1.0, "slopebeta": -542.4412391601194}, "datetime": {"datetime": "2025-03-31 18:17:11", "elapsed": 32034.935511, "delta": 995.079194}}
{"target": 0.23761804013530438, "params": {"baseflow": 0.0, "conifslope": 40.0, "decidslope": 40.0, "fff": 0.1, "fmax": 0.7, "grassslope": 5.854097662840125, "slopebeta": -518.7339751933133}, "datetime": {"datetime": "2025-03-31 18:34:46", "elapsed": 33089.852473, "delta": 1054.916962}}
{"target": 0.22499341013493132, "params": {"baseflow": 0.0, "conifslope": 40.0, "decidslope": 2.1394077287103617, "fff": 5.0, "fmax": 0.4136580149582067, "grassslope": 40.0, "slopebeta": -547.1800554627326}, "datetime": {"datetime": "2025-03-31 18:52:21", "elapsed": 34144.919794, "delta": 1055.067321}}
{"target": 0.24752070475887136, "params": {"baseflow": 20.0, "conifslope": 19.19534256093617, "decidslope": 13.172096483630776, "fff": 0.01, "fmax": 0.01, "grassslope": 60.0, "slopebeta": -357.2838271921745}, "datetime": {"datetime": "2025-04-07 10:25:45", "elapsed": 0.0, "delta": 0.0}}
{"target": 0.24861455035529723, "params": {"baseflow": 16.634310489079695, "conifslope": 3.6157957752112577, "decidslope": 7.581242336618605, "fff": 3.122921034195339, "fmax": 0.5722087624794062, "grassslope": 58.235404777929304, "slopebeta": -580.9218117035657}, "datetime": {"datetime": "2025-04-07 10:42:20", "elapsed": 994.908778, "delta": 994.908778}}
{"target": 0.20317160787117608, "params": {"baseflow": 20.0, "conifslope": 1.0, "decidslope": 40.0, "fff": 5.0, "fmax": 0.01, "grassslope": 60.0, "slopebeta": -678.7797765998847}, "datetime": {"datetime": "2025-04-07 10:59:00", "elapsed": 1995.091668, "delta": 1000.18289}}
{"target": 0.2418140304019871, "params": {"baseflow": 20.0, "conifslope": 40.0, "decidslope": 18.077407466657185, "fff": 0.01, "fmax": 0.01, "grassslope": 60.0, "slopebeta": -869.1000944970154}, "datetime": {"datetime": "2025-04-07 11:16:06", "elapsed": 3020.285726, "delta": 1025.194058}}
{"target": 0.20252063101590068, "params": {"baseflow": 20.0, "conifslope": 1.0, "decidslope": 40.0, "fff": 4.709731257174876, "fmax": 0.01, "grassslope": 60.0, "slopebeta": -840.5888745560915}, "datetime": {"datetime": "2025-04-07 11:32:46", "elapsed": 4020.27554, "delta": 999.989814}}
{"target": 0.20398194606364806, "params": {"baseflow": 20.0, "conifslope": 1.0, "decidslope": 40.0, "fff": 0.01, "fmax": 0.01, "grassslope": 60.0, "slopebeta": -404.8471778306024}, "datetime": {"datetime": "2025-04-07 11:49:26", "elapsed": 5020.538855, "delta": 1000.263315}}
{"target": 0.13418578877844556, "params": {"baseflow": 20.0, "conifslope": 1.0, "decidslope": 1.0, "fff": 0.01, "fmax": 0.7, "grassslope": 60.0, "slopebeta": -269.7262305529316}, "datetime": {"datetime": "2025-04-07 12:05:56", "elapsed": 6010.366095, "delta": 989.82724}}
{"target": 0.18146235584075576, "params": {"baseflow": 20.0, "conifslope": 2.950664396756331, "decidslope": 1.0, "fff": 0.01, "fmax": 0.7, "grassslope": 60.0, "slopebeta": -544.8309691492935}, "datetime": {"datetime": "2025-04-07 12:22:26", "elapsed": 7000.444583, "delta": 990.078488}}
{"target": 0.24065372413440958, "params": {"baseflow": 15.110355952901362, "conifslope": 3.9728366261246024, "decidslope": 39.681790106766215, "fff": 3.7502690209330867, "fmax": 0.013322089930905202, "grassslope": 57.715715301004764, "slopebeta": -147.45756812319462}, "datetime": {"datetime": "2025-04-07 12:39:35", "elapsed": 8030.159528, "delta": 1029.714945}}
{"target": 0.23121967292386805, "params": {"baseflow": 20.0, "conifslope": 40.0, "decidslope": 40.0, "fff": 0.01, "fmax": 0.7, "grassslope": 60.0, "slopebeta": -180.81625763826537}, "datetime": {"datetime": "2025-04-07 12:56:36", "elapsed": 9050.196243, "delta": 1020.036715}}
