{"target": 0.22621645066015317, "params": {"baseflow": 0.3094349978722523, "fff": 0.830015258983324, "fmax": 0.48760774178457705, "slopebeta": -292.4789273563488}, "datetime": {"datetime": "2024-08-16 20:10:57", "elapsed": 30239.41777, "delta": 1019.02818}}
{"target": 0.22687296370530496, "params": {"baseflow": 0.6643085649808244, "fff": 3.0841498217001955, "fmax": 0.28736358558116776, "slopebeta": -15.610884976482511}, "datetime": {"datetime": "2024-08-16 20:28:25", "elapsed": 31286.759081, "delta": 1047.341311}}
{"target": 0.22623384749985934, "params": {"baseflow": 8.496869118347833, "fff": 0.6027821958354366, "fmax": 0.5274046774960658, "slopebeta": -532.1544335548616}, "datetime": {"datetime": "2024-08-16 20:45:22", "elapsed": 32304.572551, "delta": 1017.81347}}
{"target": 0.2263511900603256, "params": {"baseflow": 5.213199178716069, "fff": 0.8343029899010148, "fmax": 0.2826242975747536, "slopebeta": -934.657103776097}, "datetime": {"datetime": "2024-08-16 21:02:05", "elapsed": 33307.365586, "delta": 1002.793035}}
{"target": 0.2261467456030986, "params": {"baseflow": 4.968084695687639, "fff": 1.4481861670327967, "fmax": 0.34124523689245834, "slopebeta": -983.4195124425362}, "datetime": {"datetime": "2024-08-16 21:20:50", "elapsed": 34431.692817, "delta": 1124.327231}}
{"target": 0.2266453066340571, "params": {"baseflow": 3.9969360670165757, "fff": 1.8426970299754788, "fmax": 0.15490281721501342, "slopebeta": -812.9592824874799}, "datetime": {"datetime": "2024-08-16 21:37:18", "elapsed": 35420.033466, "delta": 988.340649}}
{"target": 0.2264238871812504, "params": {"baseflow": 0.6674833517476009, "fff": 4.0390686694824645, "fmax": 0.32579202842027155, "slopebeta": -84.66398757107385}, "datetime": {"datetime": "2024-08-16 21:53:31", "elapsed": 36392.773532, "delta": 972.740066}}
{"target": 0.22631984807860078, "params": {"baseflow": 1.1246727973360064, "fff": 0.8655300748782899, "fmax": 0.5167515369422896, "slopebeta": -308.77430675366446}, "datetime": {"datetime": "2024-08-16 22:09:53", "elapsed": 37375.575619, "delta": 982.802087}}
{"target": 0.22684883033016567, "params": {"baseflow": 5.862635125746826, "fff": 1.0811241611656368, "fmax": 0.6974267232711971, "slopebeta": -513.5185636291053}, "datetime": {"datetime": "2024-08-16 22:26:07", "elapsed": 38349.50602, "delta": 973.930401}}
{"target": 0.2256624861708355, "params": {"baseflow": 2.58268958887364, "fff": 0.9067688064548377, "fmax": 0.24182283871472882, "slopebeta": -30.996595504069344}, "datetime": {"datetime": "2024-08-19 08:56:04", "elapsed": 0.0, "delta": 0.0}}
{"target": 0.22601557067531605, "params": {"baseflow": 3.512226316814778, "fff": 0.34139671181096615, "fmax": 0.29251409256181365, "slopebeta": -976.4850339062253}, "datetime": {"datetime": "2024-08-19 09:11:52", "elapsed": 947.725273, "delta": 947.725273}}
{"target": 0.22668955236135405, "params": {"baseflow": 3.5937895609110173, "fff": 1.9672723459603139, "fmax": 0.5741182015660012, "slopebeta": -316.3096213758431}, "datetime": {"datetime": "2024-08-19 09:27:34", "elapsed": 1890.470083, "delta": 942.74481}}
{"target": 0.2262299176254014, "params": {"baseflow": 2.367789465633752, "fff": 1.4942502048775148, "fmax": 0.2526105375272598, "slopebeta": -347.3093750308619}, "datetime": {"datetime": "2024-08-19 09:43:27", "elapsed": 2843.143095, "delta": 952.673012}}
{"target": 0.22637491743103139, "params": {"baseflow": 9.79645658274326, "fff": 2.4255062392161437, "fmax": 0.364375713154391, "slopebeta": -618.4570389338319}, "datetime": {"datetime": "2024-08-19 09:59:10", "elapsed": 3785.766364, "delta": 942.623269}}
{"target": 0.22685458787700613, "params": {"baseflow": 8.42339698811599, "fff": 2.76424388143856, "fmax": 0.6156832948955417, "slopebeta": -270.4766670709073}, "datetime": {"datetime": "2024-08-19 10:14:52", "elapsed": 4728.44303, "delta": 942.676666}}
{"target": 0.22659168446388356, "params": {"baseflow": 1.1328058484571515, "fff": 3.183257801484987, "fmax": 0.22845620650367351, "slopebeta": -533.4201868977392}, "datetime": {"datetime": "2024-08-19 10:30:56", "elapsed": 5691.914612, "delta": 963.471582}}
{"target": 0.22641467668329054, "params": {"baseflow": 6.597286149437815, "fff": 1.0983557283449428, "fmax": 0.1299919042294347, "slopebeta": -90.19488872943178}, "datetime": {"datetime": "2024-08-19 10:47:04", "elapsed": 6659.725477, "delta": 967.810865}}
{"target": 0.22636707964147781, "params": {"baseflow": 6.451662784313814, "fff": 2.296331598779149, "fmax": 0.6337232388969021, "slopebeta": -417.22753322979605}, "datetime": {"datetime": "2024-08-19 11:02:36", "elapsed": 7592.428844, "delta": 932.703367}}
{"target": 0.22629902756374012, "params": {"baseflow": 7.506379237442656, "fff": 3.218873462609298, "fmax": 0.2606263017748429, "slopebeta": -951.7223160897108}, "datetime": {"datetime": "2024-08-19 11:18:39", "elapsed": 8555.092214, "delta": 962.66337}}
{"target": 0.22680409190744724, "params": {"baseflow": 7.726076811603765, "fff": 1.9720329984482938, "fmax": 0.29250597044742893, "slopebeta": -939.4900219527108}, "datetime": {"datetime": "2024-08-19 11:34:53", "elapsed": 9528.607958, "delta": 973.515744}}
{"target": 0.22684231894402093, "params": {"baseflow": 2.8527965502626857, "fff": 1.6574306289852134, "fmax": 0.33425068871829694, "slopebeta": -232.64698931995642}, "datetime": {"datetime": "2024-08-19 11:50:40", "elapsed": 10476.338914, "delta": 947.730956}}
{"target": 0.22632130748125737, "params": {"baseflow": 5.671930175339949, "fff": 0.4940002611601378, "fmax": 0.4788884065722681, "slopebeta": -961.608925325681}, "datetime": {"datetime": "2024-08-19 12:06:54", "elapsed": 11449.623261, "delta": 973.284347}}
{"target": 0.22619626745275317, "params": {"baseflow": 0.12786055335474936, "fff": 0.3423126854012716, "fmax": 0.37304600336072813, "slopebeta": -317.82596602636227}, "datetime": {"datetime": "2024-08-19 12:23:38", "elapsed": 12454.163869, "delta": 1004.540608}}
{"target": 0.22617709216449547, "params": {"baseflow": 1.3229057811866138, "fff": 2.878249683451943, "fmax": 0.11415441300156745, "slopebeta": -12.981772322066284}, "datetime": {"datetime": "2024-08-19 12:40:01", "elapsed": 13437.44467, "delta": 983.280801}}
{"target": 0.22598691458182002, "params": {"baseflow": 1.1612134730542147, "fff": 2.5558741841849066, "fmax": 0.1394664553854878, "slopebeta": -418.34876589539186}, "datetime": {"datetime": "2024-08-19 12:56:24", "elapsed": 14420.182046, "delta": 982.737376}}
{"target": 0.2261167805586511, "params": {"baseflow": 0.34145193579710936, "fff": 0.8628649946687521, "fmax": 0.5210544936825245, "slopebeta": -292.4589276361448}, "datetime": {"datetime": "2024-08-19 13:12:22", "elapsed": 15378.11788, "delta": 957.935834}}
{"target": 0.2261683961159303, "params": {"baseflow": 0.6735483932812817, "fff": 3.09338963344989, "fmax": 0.29660339727957113, "slopebeta": -15.601645179431264}, "datetime": {"datetime": "2024-08-19 13:28:00", "elapsed": 16315.952539, "delta": 937.834659}}
{"target": 0.22641553116966395, "params": {"baseflow": 8.496869145379772, "fff": 0.6027822749139291, "fmax": 0.5274046805999779, "slopebeta": -532.1555329862489}, "datetime": {"datetime": "2024-08-19 13:43:53", "elapsed": 17268.790678, "delta": 952.838139}}
{"target": 0.22558763944742097, "params": {"baseflow": 5.213199237053737, "fff": 0.8343030406691703, "fmax": 0.28262430266139205, "slopebeta": -934.6581880840718}, "datetime": {"datetime": "2024-08-19 13:59:46", "elapsed": 18221.977136, "delta": 953.186458}}
{"target": 0.22623878626549984, "params": {"baseflow": 4.890122771168743, "fff": 1.3702242085929932, "fmax": 0.32996180104986134, "slopebeta": -983.4974742637106}, "datetime": {"datetime": "2024-08-19 14:16:14", "elapsed": 19209.782267, "delta": 987.805131}}
{"target": 0.23010962565027968, "params": {"baseflow": 4.006265554256072, "fff": 1.8520265310927628, "fmax": 0.1642323488116415, "slopebeta": -812.949951728167}, "datetime": {"datetime": "2024-08-19 14:32:40", "elapsed": 20195.699234, "delta": 985.916967}}
{"target": 0.22645363597853743, "params": {"baseflow": 0.7000809182355987, "fff": 4.0429519432329, "fmax": 0.3273042613416988, "slopebeta": -84.63528740669373}, "datetime": {"datetime": "2024-08-19 14:48:48", "elapsed": 21164.428791, "delta": 968.729557}}
{"target": 0.2264557760405521, "params": {"baseflow": 1.1246726416823434, "fff": 0.8655300023688067, "fmax": 0.5167515337285157, "slopebeta": -308.7725594477835}, "datetime": {"datetime": "2024-08-19 15:04:46", "elapsed": 22122.184216, "delta": 957.755425}}
{"target": 0.22627541708119595, "params": {"baseflow": 5.878949694192466, "fff": 1.0965771777706002, "fmax": 0.6974368702852018, "slopebeta": -513.4901692766106}, "datetime": {"datetime": "2024-08-19 15:20:50", "elapsed": 23085.835772, "delta": 963.651556}}
{"target": 0.22622952066461974, "params": {"baseflow": 1.233390453911336, "fff": 4.215515635974013, "fmax": 0.19018871412060095, "slopebeta": -827.3069221367035}, "datetime": {"datetime": "2024-08-19 15:37:18", "elapsed": 24074.377962, "delta": 988.54219}}
{"target": 0.22554957004660153, "params": {"baseflow": 5.5274065990326235, "fff": 1.2479129727972682, "fmax": 0.11612870157269561, "slopebeta": -947.5338708012299}, "datetime": {"datetime": "2024-08-19 15:54:07", "elapsed": 25083.024004, "delta": 1008.646042}}
{"target": 0.22634146689547271, "params": {"baseflow": 4.033576556442366, "fff": 2.159747498146984, "fmax": 0.5119438143742477, "slopebeta": -11.960174338712477}, "datetime": {"datetime": "2024-08-19 16:10:15", "elapsed": 26050.913612, "delta": 967.889608}}
{"target": 0.22616259671944813, "params": {"baseflow": 1.0436836634570723, "fff": 4.423723213618829, "fmax": 0.4596068779637349, "slopebeta": -895.6002115041834}, "datetime": {"datetime": "2024-08-19 16:26:25", "elapsed": 27020.576503, "delta": 969.662891}}
{"target": 0.22641206778279815, "params": {"baseflow": 2.5911023098450157, "fff": 0.5077350440908822, "fmax": 0.6693672001346278, "slopebeta": -648.2583755104865}, "datetime": {"datetime": "2024-08-19 16:42:48", "elapsed": 28004.272615, "delta": 983.696112}}
{"target": 0.22559778610838768, "params": {"baseflow": 4.990777318347423, "fff": 1.0313879302235545, "fmax": 0.6643631799725277, "slopebeta": -175.11866185546057}, "datetime": {"datetime": "2024-08-19 16:59:06", "elapsed": 28982.196903, "delta": 977.924288}}
{"target": 0.22642709337860834, "params": {"baseflow": 7.818073827828174, "fff": 1.9372810788056756, "fmax": 0.4171082171318209, "slopebeta": -883.1032753484284}, "datetime": {"datetime": "2024-08-19 17:15:21", "elapsed": 29956.704794, "delta": 974.507891}}
{"target": 0.22629735074621882, "params": {"baseflow": 4.198782105004052, "fff": 0.7994896656980106, "fmax": 0.4724971805876076, "slopebeta": -912.5700061525785}, "datetime": {"datetime": "2024-08-19 17:32:14", "elapsed": 30970.099033, "delta": 1013.394239}}
{"target": 0.2262861761761091, "params": {"baseflow": 2.042271961748826, "fff": 3.9639334396865844, "fmax": 0.6552174176203319, "slopebeta": -753.5967649729943}, "datetime": {"datetime": "2024-08-19 17:48:57", "elapsed": 31973.406377, "delta": 1003.307344}}
{"target": 0.22634360203795292, "params": {"baseflow": 1.4219045971163358, "fff": 0.7767310960256847, "fmax": 0.40547707942906, "slopebeta": -924.2462679388491}, "datetime": {"datetime": "2024-08-19 18:05:46", "elapsed": 32981.730768, "delta": 1008.324391}}
{"target": 0.2261798858107825, "params": {"baseflow": 2.2398542930631393, "fff": 3.3254226150961523, "fmax": 0.5537997268963885, "slopebeta": -928.9733781349271}, "datetime": {"datetime": "2024-08-19 18:22:36", "elapsed": 33991.554092, "delta": 1009.823324}}
{"target": 0.2268331971294607, "params": {"baseflow": 2.899751974522765, "fff": 1.7719622382282878, "fmax": 0.497883183631321, "slopebeta": -129.38112241883118}, "datetime": {"datetime": "2024-08-19 18:40:20", "elapsed": 35056.274465, "delta": 1064.720373}}
{"target": 0.227231550235671, "params": {"baseflow": 7.423036305309556, "fff": 3.9076585259249885, "fmax": 0.4901313590834805, "slopebeta": -298.12403901929235}, "datetime": {"datetime": "2024-08-19 18:56:50", "elapsed": 36046.420756, "delta": 990.146291}}
{"target": 0.22610030675936946, "params": {"baseflow": 7.990971305119436, "fff": 0.3532802307380367, "fmax": 0.674863319086712, "slopebeta": -918.1488861860721}, "datetime": {"datetime": "2024-08-19 19:13:33", "elapsed": 37049.207334, "delta": 1002.786578}}
{"target": 0.2262804060672701, "params": {"baseflow": 7.462250309778089, "fff": 1.2881693798380844, "fmax": 0.18969828596995947, "slopebeta": -371.4762991847856}, "datetime": {"datetime": "2024-08-19 19:30:13", "elapsed": 38049.504103, "delta": 1000.296769}}
{"target": 0.22661993368141803, "params": {"baseflow": 3.187881024620748, "fff": 2.6150727453357883, "fmax": 0.19856439563516698, "slopebeta": -663.3553862138738}, "datetime": {"datetime": "2024-08-19 19:46:43", "elapsed": 39039.014114, "delta": 989.510011}}
{"target": 0.22626686326360934, "params": {"baseflow": 2.4689315239188305, "fff": 0.7702536620218877, "fmax": 0.32699018981678774, "slopebeta": -650.0838731863969}, "datetime": {"datetime": "2024-08-19 20:02:41", "elapsed": 39997.462098, "delta": 958.447984}}
{"target": 0.22688855430534494, "params": {"baseflow": 6.524159028455584, "fff": 0.7965637428747742, "fmax": 0.3465710639219689, "slopebeta": -817.9559993106191}, "datetime": {"datetime": "2024-08-19 20:20:16", "elapsed": 41052.310207, "delta": 1054.848109}}
{"target": 0.22617149432026465, "params": {"baseflow": 6.304252987232099, "fff": 3.8955852468060272, "fmax": 0.24184173773939716, "slopebeta": -201.39958581533028}, "datetime": {"datetime": "2024-08-19 20:37:04", "elapsed": 42060.438105, "delta": 1008.127898}}
{"target": 0.22629324729558853, "params": {"baseflow": 2.591669452704115, "fff": 0.9117243303182523, "fmax": 0.24237753688569974, "slopebeta": -30.971749788169518}, "datetime": {"datetime": "2024-08-19 22:39:30", "elapsed": 0.0, "delta": 0.0}}
{"target": 0.22624251251985092, "params": {"baseflow": 3.512226245511691, "fff": 0.3413966606111539, "fmax": 0.2925140880833894, "slopebeta": -976.4840231748024}, "datetime": {"datetime": "2024-08-19 22:55:58", "elapsed": 988.271177, "delta": 988.271177}}
{"target": 0.22626939884285305, "params": {"baseflow": 3.84911554672375, "fff": 3.2096432232514718, "fmax": 0.5510895042783149, "slopebeta": -605.1868585619475}, "datetime": {"datetime": "2024-08-19 23:12:16", "elapsed": 1966.96576, "delta": 978.694583}}
{"target": 0.22700710748993394, "params": {"baseflow": 4.36245663290783, "fff": 3.534336857849508, "fmax": 0.6909899204898093, "slopebeta": -394.6384798428814}, "datetime": {"datetime": "2024-08-19 23:28:24", "elapsed": 2934.832997, "delta": 967.867237}}
{"target": 0.226206581899748, "params": {"baseflow": 9.796456579122559, "fff": 2.4255061934201483, "fmax": 0.36437570718418877, "slopebeta": -618.4559749636753}, "datetime": {"datetime": "2024-08-19 23:44:38", "elapsed": 3908.038641, "delta": 973.205644}}
{"target": 0.2262017379969386, "params": {"baseflow": 8.426168257211824, "fff": 2.767015134127187, "fmax": 0.6184545475534018, "slopebeta": -270.47389575382056}, "datetime": {"datetime": "2024-08-20 00:01:41", "elapsed": 4931.790564, "delta": 1023.751923}}
{"target": 0.22629062900073607, "params": {"baseflow": 1.1602632384806202, "fff": 3.2117783624865073, "fmax": 0.25717960216618774, "slopebeta": -533.4041981540028}, "datetime": {"datetime": "2024-08-20 00:18:54", "elapsed": 5964.880141, "delta": 1033.089577}}
{"target": 0.2265035293639347, "params": {"baseflow": 6.627553009192169, "fff": 1.1288351689700635, "fmax": 0.15905188991245675, "slopebeta": -90.14365392047947}, "datetime": {"datetime": "2024-08-20 00:36:30", "elapsed": 7020.96963, "delta": 1056.089489}}
{"target": 0.2264749404634918, "params": {"baseflow": 6.451662729432911, "fff": 2.2963315569624463, "fmax": 0.6337232378718224, "slopebeta": -417.2264517722327}, "datetime": {"datetime": "2024-08-20 00:54:40", "elapsed": 8110.459382, "delta": 1089.489752}}
{"target": 0.2262393454400949, "params": {"baseflow": 3.9659443175812488, "fff": 3.6014400816885677, "fmax": 0.5671264311684424, "slopebeta": -221.34955566344152}, "datetime": {"datetime": "2024-08-20 01:11:18", "elapsed": 9108.461925, "delta": 998.002543}}
{"target": 0.22620974773624594, "params": {"baseflow": 4.054064376581536, "fff": 2.84952916540541, "fmax": 0.42797511634430585, "slopebeta": -110.09815125475063}, "datetime": {"datetime": "2024-08-20 01:28:12", "elapsed": 10122.590834, "delta": 1014.128909}}
{"target": 0.225518146237255, "params": {"baseflow": 2.79610990517403, "fff": 1.6007442003900487, "fmax": 0.3466879426471582, "slopebeta": -232.70368161557818}, "datetime": {"datetime": "2024-08-20 01:45:14", "elapsed": 11144.5573, "delta": 1021.966466}}
