{"target": 0.14559930642768912, "params": {"grass_scalar": 1.3148453547892571, "tree_scalar": 6.5386431254693935}, "datetime": {"datetime": "2025-03-10 17:59:47", "elapsed": 0.0, "delta": 0.0}}
{"target": 0.1293993445360546, "params": {"grass_scalar": 7.34364730022495, "tree_scalar": 2.960217262370576}, "datetime": {"datetime": "2025-03-10 18:16:16", "elapsed": 989.160226, "delta": 989.160226}}
{"target": 0.09379502227734127, "params": {"grass_scalar": 8.582871825310356, "tree_scalar": 1.8634502206822336}, "datetime": {"datetime": "2025-03-10 18:32:55", "elapsed": 1987.535428, "delta": 998.375202}}
{"target": 0.16363916056874292, "params": {"grass_scalar": 2.295679844057614, "tree_scalar": 9.477144883349172}, "datetime": {"datetime": "2025-03-10 18:49:43", "elapsed": 2995.776547, "delta": 1008.241119}}
{"target": 0.1625279699511335, "params": {"grass_scalar": 2.4728891187646544, "tree_scalar": 8.914162624781987}, "datetime": {"datetime": "2025-03-10 19:06:16", "elapsed": 3989.322723, "delta": 993.546176}}
{"target": 0.16456825089008612, "params": {"grass_scalar": 2.8417169570958936, "tree_scalar": 8.304490216823222}, "datetime": {"datetime": "2025-03-10 19:23:00", "elapsed": 4992.688226, "delta": 1003.365503}}
{"target": 0.16656292707008247, "params": {"grass_scalar": 4.395183925864655, "tree_scalar": 6.9037925365906245}, "datetime": {"datetime": "2025-03-10 19:40:03", "elapsed": 6016.01505, "delta": 1023.326824}}
{"target": 0.1565943535525819, "params": {"grass_scalar": 5.784593775594428, "tree_scalar": 5.447972369093624}, "datetime": {"datetime": "2025-03-10 19:56:37", "elapsed": 7009.486247, "delta": 993.471197}}
{"target": 0.17540001374389244, "params": {"grass_scalar": 8.185464898751881, "tree_scalar": 8.21076753021366}, "datetime": {"datetime": "2025-03-10 20:13:15", "elapsed": 8008.123019, "delta": 998.636772}}
{"target": 0.10953098821046052, "params": {"grass_scalar": 3.1694913657135046, "tree_scalar": 2.3321922702338442}, "datetime": {"datetime": "2025-03-10 20:30:19", "elapsed": 9031.99675, "delta": 1023.873731}}
{"target": 0.17685553505740312, "params": {"grass_scalar": 5.940602339455904, "tree_scalar": 10.0}, "datetime": {"datetime": "2025-03-10 20:47:08", "elapsed": 10040.947497, "delta": 1008.950747}}
{"target": 0.17707482070285221, "params": {"grass_scalar": 10.0, "tree_scalar": 10.0}, "datetime": {"datetime": "2025-03-10 21:04:02", "elapsed": 11054.575657, "delta": 1013.62816}}
{"target": 0.1721505550641876, "params": {"grass_scalar": 10.0, "tree_scalar": 7.1111058240289475}, "datetime": {"datetime": "2025-03-10 21:20:50", "elapsed": 12062.998132, "delta": 1008.422475}}
{"target": 0.17671060863585297, "params": {"grass_scalar": 8.05075321746129, "tree_scalar": 10.0}, "datetime": {"datetime": "2025-03-10 21:37:59", "elapsed": 13091.988961, "delta": 1028.990829}}
{"target": 0.1729780135261821, "params": {"grass_scalar": 5.820709769397054, "tree_scalar": 8.392309318289124}, "datetime": {"datetime": "2025-03-10 21:55:08", "elapsed": 14120.844036, "delta": 1028.855075}}
{"target": 0.17488439225163302, "params": {"grass_scalar": 4.245678564520909, "tree_scalar": 10.0}, "datetime": {"datetime": "2025-03-10 22:11:51", "elapsed": 15124.32518, "delta": 1003.481144}}
{"target": 0.17502088938186325, "params": {"grass_scalar": 10.0, "tree_scalar": 8.667568796440838}, "datetime": {"datetime": "2025-03-10 22:28:45", "elapsed": 16137.907982, "delta": 1013.582802}}
{"target": 0.16845338363948112, "params": {"grass_scalar": 8.20750815749452, "tree_scalar": 6.548768190736147}, "datetime": {"datetime": "2025-03-10 22:45:23", "elapsed": 17136.292226, "delta": 998.384244}}
{"target": 0.17646436544008726, "params": {"grass_scalar": 9.123828623656768, "tree_scalar": 10.0}, "datetime": {"datetime": "2025-03-10 23:02:22", "elapsed": 18154.538159, "delta": 1018.245933}}
{"target": 0.17329447551611224, "params": {"grass_scalar": 7.117033577193507, "tree_scalar": 9.305361067431333}, "datetime": {"datetime": "2025-03-10 23:25:00", "elapsed": 19513.18331, "delta": 1358.645151}}
{"target": 0.17275286121746214, "params": {"grass_scalar": 4.73672622908894, "tree_scalar": 9.009064795880622}, "datetime": {"datetime": "2025-03-10 23:45:44", "elapsed": 20756.813285, "delta": 1243.629975}}
{"target": 0.17541549423579086, "params": {"grass_scalar": 9.075014846438323, "tree_scalar": 7.903664916469907}, "datetime": {"datetime": "2025-03-11 00:12:58", "elapsed": 22390.861925, "delta": 1634.04864}}
{"target": 0.17716398353335602, "params": {"grass_scalar": 5.197017284199468, "tree_scalar": 10.0}, "datetime": {"datetime": "2025-03-11 00:34:02", "elapsed": 23654.589508, "delta": 1263.727583}}
{"target": 0.17474145172653813, "params": {"grass_scalar": 8.762143511408045, "tree_scalar": 9.084115270233287}, "datetime": {"datetime": "2025-03-11 00:52:05", "elapsed": 24737.874325, "delta": 1083.284817}}
{"target": 0.17568652834656373, "params": {"grass_scalar": 7.103663968148868, "tree_scalar": 10.0}, "datetime": {"datetime": "2025-03-11 01:08:44", "elapsed": 25736.575671, "delta": 998.701346}}
{"target": 0.1767897928372174, "params": {"grass_scalar": 5.6875802899400885, "tree_scalar": 9.997954583576535}, "datetime": {"datetime": "2025-03-11 01:25:22", "elapsed": 26734.995536, "delta": 998.419865}}
{"target": 0.1722141794257385, "params": {"grass_scalar": 7.001328368441673, "tree_scalar": 7.553730900992994}, "datetime": {"datetime": "2025-03-11 01:41:55", "elapsed": 27728.222784, "delta": 993.227248}}
{"target": 0.17553465744443966, "params": {"grass_scalar": 10.0, "tree_scalar": 9.606906462670093}, "datetime": {"datetime": "2025-03-11 01:58:34", "elapsed": 28726.596289, "delta": 998.373505}}
{"target": 0.1763771343577807, "params": {"grass_scalar": 8.531569856767065, "tree_scalar": 10.0}, "datetime": {"datetime": "2025-03-11 02:15:17", "elapsed": 29729.852623, "delta": 1003.256334}}
{"target": 0.17515976419220539, "params": {"grass_scalar": 9.711718169784739, "tree_scalar": 9.999333752133087}, "datetime": {"datetime": "2025-03-11 02:31:50", "elapsed": 30723.048185, "delta": 993.195562}}
{"target": 0.1791996366512775, "params": {"grass_scalar": 13.515982390381838, "tree_scalar": 11.0524414010922}, "datetime": {"datetime": "2025-03-11 08:17:09", "elapsed": 0.0, "delta": 0.0}}
{"target": 0.18193164595961123, "params": {"grass_scalar": 9.690755520197847, "tree_scalar": 14.528614964862738}, "datetime": {"datetime": "2025-03-11 08:33:38", "elapsed": 988.691109, "delta": 988.691109}}
{"target": 0.18124921824434695, "params": {"grass_scalar": 5.371043540812306, "tree_scalar": 14.590482949091527}, "datetime": {"datetime": "2025-03-11 08:50:12", "elapsed": 1982.188267, "delta": 993.497158}}
{"target": 0.1836939560372252, "params": {"grass_scalar": 7.51045228690441, "tree_scalar": 18.95754738026405}, "datetime": {"datetime": "2025-03-11 09:06:55", "elapsed": 2985.649185, "delta": 1003.460918}}
{"target": 0.1850645992766857, "params": {"grass_scalar": 11.700580092103355, "tree_scalar": 19.13564608471699}, "datetime": {"datetime": "2025-03-11 09:23:28", "elapsed": 3979.033869, "delta": 993.384684}}
{"target": 0.18354863657780626, "params": {"grass_scalar": 14.764387772625964, "tree_scalar": 16.608016478570995}, "datetime": {"datetime": "2025-03-11 09:40:12", "elapsed": 4982.736375, "delta": 1003.702506}}
{"target": 0.18601713749995175, "params": {"grass_scalar": 16.289999433136575, "tree_scalar": 20.0}, "datetime": {"datetime": "2025-03-11 09:57:20", "elapsed": 6011.08646, "delta": 1028.350085}}
{"target": 0.18378673078340838, "params": {"grass_scalar": 19.45710720718717, "tree_scalar": 17.39491013592298}, "datetime": {"datetime": "2025-03-11 10:13:59", "elapsed": 7009.865191, "delta": 998.778731}}
{"target": 0.18176050585675815, "params": {"grass_scalar": 2.841221175215394, "tree_scalar": 19.307991995517114}, "datetime": {"datetime": "2025-03-11 10:30:38", "elapsed": 8008.544547, "delta": 998.679356}}
{"target": 0.18093531000748428, "params": {"grass_scalar": 20.0, "tree_scalar": 13.00541167945025}, "datetime": {"datetime": "2025-03-11 10:47:41", "elapsed": 9032.05993, "delta": 1023.515383}}
{"target": 0.16005462810299553, "params": {"grass_scalar": 1.191110046712066, "tree_scalar": 15.50171637668694}, "datetime": {"datetime": "2025-03-11 11:04:20", "elapsed": 10030.49806, "delta": 998.43813}}
{"target": 0.17492397858079492, "params": {"grass_scalar": 20.0, "tree_scalar": 7.970045926541113}, "datetime": {"datetime": "2025-03-11 11:21:08", "elapsed": 11038.999119, "delta": 1008.501059}}
{"target": 0.08005491502010435, "params": {"grass_scalar": 20.0, "tree_scalar": 1.5558830540395783}, "datetime": {"datetime": "2025-03-11 11:37:42", "elapsed": 12032.511698, "delta": 993.512579}}
{"target": 0.1851953024183158, "params": {"grass_scalar": 19.937359759371784, "tree_scalar": 19.979329996487273}, "datetime": {"datetime": "2025-03-11 11:54:40", "elapsed": 13050.9664, "delta": 1018.454702}}
{"target": 0.17931682577112276, "params": {"grass_scalar": 17.505755223223968, "tree_scalar": 10.479036512265518}, "datetime": {"datetime": "2025-03-11 12:11:49", "elapsed": 14079.495525, "delta": 1028.529125}}
{"target": 0.18233664403133354, "params": {"grass_scalar": 17.036174110744806, "tree_scalar": 14.339271048206383}, "datetime": {"datetime": "2025-03-11 12:28:37", "elapsed": 15087.89799, "delta": 1008.402465}}
{"target": 0.17291508157969257, "params": {"grass_scalar": 14.500568628091731, "tree_scalar": 7.597481881444776}, "datetime": {"datetime": "2025-03-11 12:45:06", "elapsed": 16076.317185, "delta": 988.419195}}
{"target": 0.18359892722492832, "params": {"grass_scalar": 5.242983909719413, "tree_scalar": 20.0}, "datetime": {"datetime": "2025-03-11 13:02:19", "elapsed": 17109.899503, "delta": 1033.582318}}
{"target": 0.1822497411436743, "params": {"grass_scalar": 12.627447414405998, "tree_scalar": 14.324533374830647}, "datetime": {"datetime": "2025-03-11 13:19:18", "elapsed": 18128.296291, "delta": 1018.396788}}
{"target": 0.18433642438775252, "params": {"grass_scalar": 13.818953218010268, "tree_scalar": 19.98798821731584}, "datetime": {"datetime": "2025-03-11 13:38:07", "elapsed": 19257.143953, "delta": 1128.847662}}
{"target": 0.18487853927689465, "params": {"grass_scalar": 9.652025568855699, "tree_scalar": 24.053210948573614}, "datetime": {"datetime": "2025-03-18 12:40:07", "elapsed": 0.0, "delta": 0.0}}
{"target": 0.18592801186014196, "params": {"grass_scalar": 15.208181213930809, "tree_scalar": 25.27430282910249}, "datetime": {"datetime": "2025-03-18 12:57:01", "elapsed": 1013.741333, "delta": 1013.741333}}
{"target": 0.19445772864868346, "params": {"grass_scalar": 20.124121418351216, "tree_scalar": 25.328323004092834}, "datetime": {"datetime": "2025-03-18 13:14:14", "elapsed": 2047.217316, "delta": 1033.475983}}
{"target": 0.20310510477303498, "params": {"grass_scalar": 18.851587720060813, "tree_scalar": 29.15231121159918}, "datetime": {"datetime": "2025-03-18 13:31:53", "elapsed": 3105.869671, "delta": 1058.652355}}
{"target": 0.19326109624123897, "params": {"grass_scalar": 22.266397492100136, "tree_scalar": 29.188814085437652}, "datetime": {"datetime": "2025-03-18 13:49:31", "elapsed": 4164.213427, "delta": 1058.343756}}
{"target": 0.18209095082081453, "params": {"grass_scalar": 19.49920442360704, "tree_scalar": 32.76498070157169}, "datetime": {"datetime": "2025-03-18 14:06:45", "elapsed": 5197.755485, "delta": 1033.542058}}
{"target": 0.18896648130221613, "params": {"grass_scalar": 15.098027353556184, "tree_scalar": 30.085570591386166}, "datetime": {"datetime": "2025-03-18 14:24:08", "elapsed": 6241.604084, "delta": 1043.848599}}
{"target": 0.19432484128129449, "params": {"grass_scalar": 24.70375398857639, "tree_scalar": 24.801336888251633}, "datetime": {"datetime": "2025-03-18 14:41:57", "elapsed": 7310.041955, "delta": 1068.437871}}
{"target": 0.19580160062499044, "params": {"grass_scalar": 27.559942662584337, "tree_scalar": 28.078627211270373}, "datetime": {"datetime": "2025-03-18 14:59:50", "elapsed": 8383.587117, "delta": 1073.545162}}
{"target": 0.1948897965106686, "params": {"grass_scalar": 29.32904712877722, "tree_scalar": 24.26544088179988}, "datetime": {"datetime": "2025-03-18 15:17:04", "elapsed": 9417.275781, "delta": 1033.688664}}
{"target": 0.1945948464055133, "params": {"grass_scalar": 32.032952538841364, "tree_scalar": 27.78838355022933}, "datetime": {"datetime": "2025-03-18 15:34:43", "elapsed": 10475.860228, "delta": 1058.584447}}
{"target": 0.1840153146122484, "params": {"grass_scalar": 30.58471641531029, "tree_scalar": 32.128099214833014}, "datetime": {"datetime": "2025-03-18 15:51:51", "elapsed": 11504.212829, "delta": 1028.352601}}
{"target": 0.20486352690789963, "params": {"grass_scalar": 34.073127892004024, "tree_scalar": 23.62549534638797}, "datetime": {"datetime": "2025-03-18 16:09:44", "elapsed": 12577.589913, "delta": 1073.377084}}
{"target": 0.1964815911438109, "params": {"grass_scalar": 36.75320323867962, "tree_scalar": 25.982210345992254}, "datetime": {"datetime": "2025-03-18 16:28:04", "elapsed": 13676.88666, "delta": 1099.296747}}
{"target": 0.19273111677215474, "params": {"grass_scalar": 37.09379480966009, "tree_scalar": 21.446882310171308}, "datetime": {"datetime": "2025-03-18 16:45:22", "elapsed": 14715.466848, "delta": 1038.580188}}
{"target": 0.18410782389335492, "params": {"grass_scalar": 32.28368720381379, "tree_scalar": 20.113094701808567}, "datetime": {"datetime": "2025-03-18 17:02:26", "elapsed": 15739.465864, "delta": 1023.999016}}
{"target": 0.18655401585252482, "params": {"grass_scalar": 37.00243478013308, "tree_scalar": 31.04241022728457}, "datetime": {"datetime": "2025-03-18 17:19:55", "elapsed": 16788.229357, "delta": 1048.763493}}
{"target": 0.18481315671422502, "params": {"grass_scalar": 25.83974097029256, "tree_scalar": 20.04634585967317}, "datetime": {"datetime": "2025-03-18 17:37:23", "elapsed": 17836.663811, "delta": 1048.434454}}
{"target": 0.18230921294237643, "params": {"grass_scalar": 2.968612761435952, "tree_scalar": 25.80435021107838}, "datetime": {"datetime": "2025-03-18 17:54:47", "elapsed": 18880.15026, "delta": 1043.486449}}
{"target": 0.19342818329973321, "params": {"grass_scalar": 39.98884386432168, "tree_scalar": 24.134688534512073}, "datetime": {"datetime": "2025-03-18 18:12:21", "elapsed": 19934.008171, "delta": 1053.857911}}
