{"target": 0.19918975294293512, "params": {"baseflow": 0.3498281719880636, "fff": 3.1154834794222253, "fmax": 0.7048497000249944, "slopebeta": -780.0200627784131}, "datetime": {"datetime": "2024-06-10 09:33:45", "elapsed": 0.0, "delta": 0.0}}
{"target": 0.19885515244773128, "params": {"baseflow": 8.42541313923373, "fff": 0.5701006757047717, "fmax": 0.14396442711751267, "slopebeta": -48.67596309081512}, "datetime": {"datetime": "2024-06-10 09:42:23", "elapsed": 517.536387, "delta": 517.536387}}
{"target": 0.19881566289325606, "params": {"baseflow": 1.6365434652940603, "fff": 4.408821873492415, "fmax": 0.20463521745509927, "slopebeta": -180.27387566761627}, "datetime": {"datetime": "2024-06-10 09:51:06", "elapsed": 1040.467334, "delta": 522.930947}}
{"target": 0.19899743763539077, "params": {"baseflow": 3.7724265842940605, "fff": 3.3142870476993402, "fmax": 0.5316215306216031, "slopebeta": -500.8386563572711}, "datetime": {"datetime": "2024-06-10 09:59:38", "elapsed": 1552.942752, "delta": 512.475418}}
{"target": 0.19507050929726513, "params": {"baseflow": 7.983849887502091, "fff": 4.025862322005215, "fmax": 0.24105459619038938, "slopebeta": -850.4984230070908}, "datetime": {"datetime": "2024-06-10 10:08:46", "elapsed": 2100.66613, "delta": 547.723378}}
{"target": 0.1986527271227233, "params": {"baseflow": 0.7244651740426722, "fff": 0.555827908013052, "fmax": 0.08508502817919594, "slopebeta": -925.0382093791566}, "datetime": {"datetime": "2024-06-10 10:17:30", "elapsed": 2624.692137, "delta": 524.026007}}
{"target": 0.19517420917611805, "params": {"baseflow": 1.2094997899963134, "fff": 0.19153608810129796, "fmax": 0.54861637156595, "slopebeta": -258.1460962196933}, "datetime": {"datetime": "2024-06-10 10:26:08", "elapsed": 3142.984056, "delta": 518.291919}}
{"target": 0.19796480295404173, "params": {"baseflow": 7.398854847095773, "fff": 2.3335226876928816, "fmax": 0.7434762831937319, "slopebeta": -771.2268678677846}, "datetime": {"datetime": "2024-06-10 10:34:51", "elapsed": 3665.522395, "delta": 522.538339}}
{"target": 0.1997809716395663, "params": {"baseflow": 0.9183247619382684, "fff": 3.799693626765917, "fmax": 0.2848962515138681, "slopebeta": -643.3104677443434}, "datetime": {"datetime": "2024-06-10 10:43:33", "elapsed": 4187.796312, "delta": 522.273917}}
{"target": 0.19966765156091207, "params": {"baseflow": 4.4475071203112275, "fff": 3.3613841054607496, "fmax": 0.6978319291154857, "slopebeta": -751.9032315752092}, "datetime": {"datetime": "2024-06-10 10:52:21", "elapsed": 4715.706877, "delta": 527.910565}}
{"target": 0.19434030654258796, "params": {"baseflow": 2.581570080552529, "fff": 0.906151007532127, "fmax": 0.23625614198655442, "slopebeta": -31.002783195733855}, "datetime": {"datetime": "2024-06-10 11:01:29", "elapsed": 5263.68758, "delta": 547.980703}}
{"target": 0.19396725422762004, "params": {"baseflow": 5.337308458496154, "fff": 4.135533365504743, "fmax": 0.7726072331045333, "slopebeta": -751.1246283411914}, "datetime": {"datetime": "2024-06-10 11:09:51", "elapsed": 5765.843116, "delta": 502.155536}}
{"target": 0.1996467781670861, "params": {"baseflow": 3.5928235815283904, "fff": 1.966815047153979, "fmax": 0.7901653668447055, "slopebeta": -316.3226089941237}, "datetime": {"datetime": "2024-06-10 11:18:18", "elapsed": 6273.120203, "delta": 507.277087}}
{"target": 0.19445976206056667, "params": {"baseflow": 2.3388410440200724, "fff": 1.4653017832638349, "fmax": 0.20610352679045996, "slopebeta": -347.3383233682731}, "datetime": {"datetime": "2024-06-10 11:26:46", "elapsed": 6780.384227, "delta": 507.264024}}
{"target": 0.19586607659906513, "params": {"baseflow": 9.796425879923497, "fff": 2.4251178983943817, "fmax": 0.4405418117361011, "slopebeta": -618.4699296680004}, "datetime": {"datetime": "2024-06-10 11:35:18", "elapsed": 7292.705188, "delta": 512.320961}}
{"target": 0.19918511312014187, "params": {"baseflow": 8.397403815987026, "fff": 2.738250707000939, "fmax": 0.8161502012441717, "slopebeta": -270.50266020791366}, "datetime": {"datetime": "2024-06-10 11:43:45", "elapsed": 7800.105412, "delta": 507.400224}}
{"target": 0.1940540499735762, "params": {"baseflow": 1.1314687048813188, "fff": 3.182983842764994, "fmax": 0.21397516542976902, "slopebeta": -533.4329927145449}, "datetime": {"datetime": "2024-06-10 11:52:08", "elapsed": 8302.331305, "delta": 502.225893}}
{"target": 0.19468003095591532, "params": {"baseflow": 6.597115129012945, "fff": 1.0981596316731865, "fmax": 0.04993875936343606, "slopebeta": -90.19913755635912}, "datetime": {"datetime": "2024-06-10 12:01:00", "elapsed": 8834.851705, "delta": 532.5204}}
{"target": 0.1982901461998397, "params": {"baseflow": 6.451127636677719, "fff": 2.2959238410983676, "fmax": 0.8895220721180281, "slopebeta": -417.24022476422}, "datetime": {"datetime": "2024-06-10 12:10:03", "elapsed": 9378.085782, "delta": 543.234077}}
{"target": 0.19853992779409152, "params": {"baseflow": 7.471780760371115, "fff": 3.184274971659969, "fmax": 0.21004632394038192, "slopebeta": -951.7569145835346}, "datetime": {"datetime": "2024-06-10 12:18:52", "elapsed": 9906.259563, "delta": 528.173781}}
{"target": 0.1989073960889696, "params": {"baseflow": 7.725733873957356, "fff": 1.971576341036903, "fmax": 0.3207408582772934, "slopebeta": -939.5025921975048}, "datetime": {"datetime": "2024-06-10 12:27:40", "elapsed": 10435.07962, "delta": 528.820057}}
{"target": 0.19922970110670904, "params": {"baseflow": 2.769639268219537, "fff": 1.5742733469420647, "fmax": 0.36702819080998383, "slopebeta": -232.73014711880012}, "datetime": {"datetime": "2024-06-10 12:38:13", "elapsed": 11067.438423, "delta": 632.358803}}
{"target": 0.19425153977170312, "params": {"baseflow": 5.637218813566136, "fff": 0.4592888995790114, "fmax": 0.5736284083185696, "slopebeta": -961.6436364987256}, "datetime": {"datetime": "2024-06-10 12:46:56", "elapsed": 11590.571619, "delta": 523.133196}}
{"target": 0.1941187417445577, "params": {"baseflow": 0.12637197247548415, "fff": 0.341610371144511, "fmax": 0.454994505433557, "slopebeta": -317.83843980612244}, "datetime": {"datetime": "2024-06-10 12:55:28", "elapsed": 12103.101239, "delta": 512.52962}}
{"target": 0.199170264379495, "params": {"baseflow": 1.3202885663942732, "fff": 2.877609713875252, "fmax": 0.023296180424722923, "slopebeta": -12.988704162721547}, "datetime": {"datetime": "2024-06-10 13:04:16", "elapsed": 12630.323828, "delta": 527.222589}}
{"target": 0.19513548370745878, "params": {"baseflow": 1.1277396241578785, "fff": 2.5224002964307646, "fmax": 0.009987571395241424, "slopebeta": -418.3822389487017}, "datetime": {"datetime": "2024-06-10 13:12:54", "elapsed": 13148.52194, "delta": 518.198112}}
{"target": 0.19402179495622848, "params": {"baseflow": 0.30797314381857066, "fff": 0.829386202876058, "fmax": 0.6459595028399763, "slopebeta": -292.49240627109646}, "datetime": {"datetime": "2024-06-10 13:22:01", "elapsed": 13696.036733, "delta": 547.514793}}
{"target": 0.19495789046198514, "params": {"baseflow": 0.6401219734839536, "fff": 3.059963213281454, "fmax": 0.2719616565833908, "slopebeta": -15.635071596630837}, "datetime": {"datetime": "2024-06-10 13:30:39", "elapsed": 14213.275109, "delta": 517.238376}}
{"target": 0.19908117500746608, "params": {"baseflow": 8.49664242402378, "fff": 0.6021190304850327, "fmax": 0.712297745956372, "slopebeta": -532.1678150223017}, "datetime": {"datetime": "2024-06-10 13:39:06", "elapsed": 14720.507265, "delta": 507.232156}}
{"target": 0.19989367498743998, "params": {"baseflow": 5.212477416295719, "fff": 0.8336748786282234, "fmax": 0.3042689415285571, "slopebeta": -934.6704097310599}, "datetime": {"datetime": "2024-06-10 13:47:43", "elapsed": 15237.992673, "delta": 517.485408}}
{"target": 0.19988683355281675, "params": {"baseflow": 4.856600116867948, "fff": 1.3367015848233312, "fmax": 0.3273986291104789, "slopebeta": -983.5309973491813}, "datetime": {"datetime": "2024-06-10 13:56:11", "elapsed": 15745.220861, "delta": 507.228188}}
{"target": 0.1951073150761566, "params": {"baseflow": 3.9727062292885504, "fff": 1.8184672061252414, "fmax": 0.0511216558321308, "slopebeta": -812.9835119394662}, "datetime": {"datetime": "2024-06-10 14:04:43", "elapsed": 16257.507969, "delta": 512.287108}}
{"target": 0.19816773447668967, "params": {"baseflow": 0.667014721957524, "fff": 4.039020416576558, "fmax": 0.3762887294476027, "slopebeta": -84.66835364727751}, "datetime": {"datetime": "2024-06-10 14:13:24", "elapsed": 16778.809098, "delta": 521.301129}}
{"target": 0.19980053943511822, "params": {"baseflow": 1.1233344704667736, "fff": 0.8649066305742686, "fmax": 0.694539840950676, "slopebeta": -308.78735449984663}, "datetime": {"datetime": "2024-06-10 14:22:22", "elapsed": 17316.359049, "delta": 537.549951}}
{"target": 0.19888188302937104, "params": {"baseflow": 5.862011217842145, "fff": 1.0805332010527084, "fmax": 0.9957105587087418, "slopebeta": -513.531542628481}, "datetime": {"datetime": "2024-06-10 14:31:19", "elapsed": 17854.202138, "delta": 537.843089}}
{"target": 0.19496073075062414, "params": {"baseflow": 1.233390453911336, "fff": 4.215515635974013, "fmax": 0.15031452353433494, "slopebeta": -827.3069221367035}, "datetime": {"datetime": "2024-06-10 14:40:12", "elapsed": 18386.456079, "delta": 532.253941}}
{"target": 0.19507715131833928, "params": {"baseflow": 8.071791641455569, "fff": 2.2072800025733152, "fmax": 0.407633966998874, "slopebeta": -939.194301929876}, "datetime": {"datetime": "2024-06-10 14:49:04", "elapsed": 18919.009865, "delta": 532.553786}}
{"target": 0.19420754606695004, "params": {"baseflow": 4.033576556442366, "fff": 2.159747498146984, "fmax": 0.6865730239570795, "slopebeta": -11.960174338712477}, "datetime": {"datetime": "2024-06-10 14:57:37", "elapsed": 19431.469777, "delta": 512.459912}}
{"target": 0.19755394475299962, "params": {"baseflow": 1.0436836634570723, "fff": 4.423723213618829, "fmax": 0.5993447966062249, "slopebeta": -895.6002115041834}, "datetime": {"datetime": "2024-06-10 15:06:09", "elapsed": 19943.802045, "delta": 512.332268}}
{"target": 0.19918735894780998, "params": {"baseflow": 2.5911023098450157, "fff": 0.5077350440908822, "fmax": 0.948945333557713, "slopebeta": -648.2583755104865}, "datetime": {"datetime": "2024-06-10 15:14:41", "elapsed": 20456.115787, "delta": 512.313742}}
{"target": 0.19449110181313423, "params": {"baseflow": 4.990777318347423, "fff": 1.0313879302235545, "fmax": 0.9406052999542128, "slopebeta": -175.11866185546057}, "datetime": {"datetime": "2024-06-10 15:23:19", "elapsed": 20973.411424, "delta": 517.295637}}
{"target": 0.19789636592466014, "params": {"baseflow": 7.818073827828174, "fff": 1.9372810788056756, "fmax": 0.5285136952197015, "slopebeta": -883.1032753484284}, "datetime": {"datetime": "2024-06-10 15:31:56", "elapsed": 21491.117922, "delta": 517.706498}}
{"target": 0.1993415164355424, "params": {"baseflow": 4.198782105004052, "fff": 0.7994896656980106, "fmax": 0.6208286343126793, "slopebeta": -912.5700061525785}, "datetime": {"datetime": "2024-06-10 15:40:19", "elapsed": 21993.803224, "delta": 502.685302}}
{"target": 0.19829118485378788, "params": {"baseflow": 2.042271961748826, "fff": 3.9639334396865844, "fmax": 0.9253623627005533, "slopebeta": -753.5967649729943}, "datetime": {"datetime": "2024-06-10 15:48:57", "elapsed": 22511.734307, "delta": 517.931083}}
{"target": 0.19947588586753498, "params": {"baseflow": 1.4219045971163358, "fff": 0.7767310960256847, "fmax": 0.5091284657151, "slopebeta": -924.2462679388491}, "datetime": {"datetime": "2024-06-10 15:57:45", "elapsed": 23039.521698, "delta": 527.787391}}
{"target": 0.19920645426736022, "params": {"baseflow": 2.2398542930631393, "fff": 3.3254226150961523, "fmax": 0.7563328781606475, "slopebeta": -928.9733781349271}, "datetime": {"datetime": "2024-06-10 16:06:42", "elapsed": 23577.100888, "delta": 537.57919}}
{"target": 0.19793170967399426, "params": {"baseflow": 2.899751974522765, "fff": 1.7719622382282878, "fmax": 0.6631386393855351, "slopebeta": -129.38112241883118}, "datetime": {"datetime": "2024-06-10 16:15:41", "elapsed": 24115.605684, "delta": 538.504796}}
{"target": 0.19980140406486613, "params": {"baseflow": 7.423036305309556, "fff": 3.9076585259249885, "fmax": 0.6502189318058008, "slopebeta": -298.12403901929235}, "datetime": {"datetime": "2024-06-10 16:24:24", "elapsed": 24638.328298, "delta": 522.722614}}
{"target": 0.19651346994922186, "params": {"baseflow": 7.990971305119436, "fff": 0.3532802307380367, "fmax": 0.9581055318111869, "slopebeta": -918.1488861860721}, "datetime": {"datetime": "2024-06-10 16:32:51", "elapsed": 25145.536835, "delta": 507.208537}}
{"target": 0.19866714568359964, "params": {"baseflow": 7.462250309778089, "fff": 1.2881693798380844, "fmax": 0.1494971432832658, "slopebeta": -371.4762991847856}, "datetime": {"datetime": "2024-06-10 16:41:28", "elapsed": 25662.859315, "delta": 517.32248}}
{"target": 0.1985113415530233, "params": {"baseflow": 3.2344406116050672, "fff": 1.5590215313363465, "fmax": 0.8891264862281343, "slopebeta": -30.349912597767783}, "datetime": {"datetime": "2024-06-12 14:23:10", "elapsed": 0.0, "delta": 0.0}}
{"target": 0.19947570447682902, "params": {"baseflow": 3.51124799950405, "fff": 0.34069422241118014, "fmax": 0.32075441022337725, "slopebeta": -976.4980575545032}, "datetime": {"datetime": "2024-06-12 14:32:24", "elapsed": 553.916081, "delta": 553.916081}}
{"target": 0.19899403551458866, "params": {"baseflow": 3.671593402491892, "fff": 2.0041050201592583, "fmax": 0.7927450736306672, "slopebeta": -316.2227102242458}, "datetime": {"datetime": "2024-06-12 14:42:12", "elapsed": 1141.37424, "delta": 587.458159}}
{"target": 0.19421763865027195, "params": {"baseflow": 2.3392255757942255, "fff": 1.4654791981672701, "fmax": 0.206143374341084, "slopebeta": -347.3210066782769}, "datetime": {"datetime": "2024-06-12 14:51:55", "elapsed": 1724.415295, "delta": 583.041055}}
{"target": 0.1987760556767724, "params": {"baseflow": 2.7359063072671805, "fff": 1.8766199760053588, "fmax": 0.398813159739259, "slopebeta": -232.76143905043637}, "datetime": {"datetime": "2024-06-12 15:01:02", "elapsed": 2271.926661, "delta": 547.511366}}
{"target": 0.19912516444172326, "params": {"baseflow": 8.570809436435576, "fff": 2.3306896670102146, "fmax": 0.40183033339898877, "slopebeta": -270.604916739302}, "datetime": {"datetime": "2024-06-12 15:10:00", "elapsed": 2809.81545, "delta": 537.888789}}
{"target": 0.1940166833480951, "params": {"baseflow": 1.1623938924801454, "fff": 3.2139090303638205, "fmax": 0.24490035285692624, "slopebeta": -533.402067429542}, "datetime": {"datetime": "2024-06-12 15:19:03", "elapsed": 3352.177336, "delta": 542.361886}}
{"target": 0.19951975185210752, "params": {"baseflow": 1.4738636573740693, "fff": 0.9779263712237758, "fmax": 0.5431504819714107, "slopebeta": -309.0299034869223}, "datetime": {"datetime": "2024-06-12 15:27:40", "elapsed": 3869.861855, "delta": 517.684519}}
{"target": 0.19401683433475117, "params": {"baseflow": 7.380156611087676, "fff": 3.599803323466743, "fmax": 0.4345464079383494, "slopebeta": -297.8495893219557}, "datetime": {"datetime": "2024-06-12 15:36:03", "elapsed": 4372.107959, "delta": 502.246104}}
{"target": 0.19846606850912088, "params": {"baseflow": 5.103779691819761, "fff": 1.1115707700498132, "fmax": 0.4728865883371314, "slopebeta": -983.633028969589}, "datetime": {"datetime": "2024-06-12 15:44:40", "elapsed": 4890.058206, "delta": 517.950247}}
{"target": 0.19441117620177573, "params": {"baseflow": 1.55121429252157, "fff": 0.4684455759133882, "fmax": 0.6723508351970394, "slopebeta": -924.0683225958309}, "datetime": {"datetime": "2024-06-12 15:53:18", "elapsed": 5407.765981, "delta": 517.707775}}
{"target": 0.1999071188353879, "params": {"baseflow": 2.7697601896557345, "fff": 1.5743306392131249, "fmax": 0.3670387767078497, "slopebeta": -232.72608767016584}, "datetime": {"datetime": "2024-06-12 16:01:51", "elapsed": 5920.462661, "delta": 512.69668}}
{"target": 0.19434646377463444, "params": {"baseflow": 5.7906328598547985, "fff": 0.6127030699161448, "fmax": 0.7270425139662597, "slopebeta": -961.4902218256701}, "datetime": {"datetime": "2024-06-12 16:10:34", "elapsed": 6443.417392, "delta": 522.954731}}
{"target": 0.19950827495763257, "params": {"baseflow": 0.12686758870826031, "fff": 0.34184420348174516, "fmax": 0.4550218625073, "slopebeta": -317.82198364106915}, "datetime": {"datetime": "2024-06-12 16:19:22", "elapsed": 6971.240778, "delta": 527.823386}}
{"target": 0.1953151915664726, "params": {"baseflow": 1.6549046088595047, "fff": 3.2122257452382534, "fmax": 0.3579611455534053, "slopebeta": -12.654088149976188}, "datetime": {"datetime": "2024-06-12 16:27:49", "elapsed": 7479.087223, "delta": 507.846445}}
{"target": 0.1993822248624157, "params": {"baseflow": 1.128184860638271, "fff": 2.5225246297714365, "fmax": 0.010037253170863902, "slopebeta": -418.36425257837993}, "datetime": {"datetime": "2024-06-12 16:36:27", "elapsed": 7996.543864, "delta": 517.456641}}
{"target": 0.19598574328281637, "params": {"baseflow": 0.308459713938863, "fff": 0.8295955807582154, "fmax": 0.645977276782398, "slopebeta": -292.4772202043747}, "datetime": {"datetime": "2024-06-12 16:44:54", "elapsed": 8504.092756, "delta": 507.548892}}
{"target": 0.19407358185994947, "params": {"baseflow": 1.0320855331222976, "fff": 3.4519735759477976, "fmax": 0.6639252183975696, "slopebeta": -15.243108028596376}, "datetime": {"datetime": "2024-06-12 16:53:47", "elapsed": 9036.698161, "delta": 532.605405}}
{"target": 0.20035995333252316, "params": {"baseflow": 8.854955010066057, "fff": 0.9604755953275581, "fmax": 1.0, "slopebeta": -531.8094585262188}, "datetime": {"datetime": "2024-06-12 17:02:24", "elapsed": 9553.94567, "delta": 517.247509}}
{"target": 0.1942478195878431, "params": {"baseflow": 5.562480231266214, "fff": 1.183633783168062, "fmax": 0.6541839220370653, "slopebeta": -934.3204534393955}, "datetime": {"datetime": "2024-06-12 17:10:52", "elapsed": 10061.54818, "delta": 507.60251}}
{"target": 0.1992917817201707, "params": {"baseflow": 5.209574793502167, "fff": 1.6897198321604168, "fmax": 0.6803733065608528, "slopebeta": -983.1779765890487}, "datetime": {"datetime": "2024-06-12 17:19:24", "elapsed": 10573.826299, "delta": 512.278119}}
{"target": 0.19526267473295772, "params": {"baseflow": 4.57263908910584, "fff": 2.4184000659425307, "fmax": 0.6510544480650128, "slopebeta": -812.3835754180826}, "datetime": {"datetime": "2024-06-12 17:27:52", "elapsed": 11081.278437, "delta": 507.452138}}
{"target": 0.19421187040608254, "params": {"baseflow": 1.0353165147245609, "fff": 4.40727684416839, "fmax": 0.7445905270346829, "slopebeta": -84.30005181572812}, "datetime": {"datetime": "2024-06-12 17:37:00", "elapsed": 11629.191494, "delta": 547.913057}}
{"target": 0.19446116842180353, "params": {"baseflow": 1.1234827949443087, "fff": 0.8649757258400008, "fmax": 0.6945449450315212, "slopebeta": -308.7820277284769}, "datetime": {"datetime": "2024-06-12 17:46:02", "elapsed": 12171.797661, "delta": 542.606167}}
{"target": 0.19872803460076757, "params": {"baseflow": 5.871874863913168, "fff": 1.0903968471237313, "fmax": 1.0, "slopebeta": -513.5216791179702}, "datetime": {"datetime": "2024-06-12 17:54:34", "elapsed": 12684.043463, "delta": 512.245802}}
{"target": 0.19674488150459116, "params": {"baseflow": 0.9770381582151055, "fff": 3.3840392624560156, "fmax": 0.3748779500376769, "slopebeta": -73.21087027988813}, "datetime": {"datetime": "2024-06-12 18:02:57", "elapsed": 13186.864159, "delta": 502.820696}}
{"target": 0.1955424535531756, "params": {"baseflow": 5.5274065990326235, "fff": 1.2479129727972682, "fmax": 0.026881169287826023, "slopebeta": -947.5338708012299}, "datetime": {"datetime": "2024-06-12 18:11:46", "elapsed": 13715.313773, "delta": 528.449614}}
{"target": 0.19850207760028166, "params": {"baseflow": 4.036280799977509, "fff": 2.1610348245560074, "fmax": 0.6867150827435069, "slopebeta": -11.950221029154774}, "datetime": {"datetime": "2024-06-12 18:20:33", "elapsed": 14243.015121, "delta": 527.701348}}
{"target": 0.19904311217787826, "params": {"baseflow": 1.0438334404811913, "fff": 4.42373285073066, "fmax": 0.5993514967876172, "slopebeta": -895.5941839485334}, "datetime": {"datetime": "2024-06-12 18:29:26", "elapsed": 14775.512877, "delta": 532.497756}}
{"target": 0.19440256289344793, "params": {"baseflow": 2.5912261192270125, "fff": 0.5078101139016985, "fmax": 0.94894618672737, "slopebeta": -648.2523674226071}, "datetime": {"datetime": "2024-06-12 18:38:09", "elapsed": 15298.532591, "delta": 523.019714}}
{"target": 0.2002341080210239, "params": {"baseflow": 5.406728952347035, "fff": 1.447339628060991, "fmax": 1.0, "slopebeta": -174.70270846396284}, "datetime": {"datetime": "2024-06-12 18:46:52", "elapsed": 15821.452986, "delta": 522.920395}}
{"target": 0.19900593364069244, "params": {"baseflow": 7.818110311581982, "fff": 1.937332290200694, "fmax": 0.5285215788917005, "slopebeta": -883.0972065072888}, "datetime": {"datetime": "2024-06-12 18:55:44", "elapsed": 16354.04056, "delta": 532.587574}}
{"target": 0.1962032587546092, "params": {"baseflow": 4.198879043156016, "fff": 0.7995598560815615, "fmax": 0.6208349702531891, "slopebeta": -912.563957611657}, "datetime": {"datetime": "2024-06-12 19:04:17", "elapsed": 16866.5802, "delta": 512.53964}}
{"target": 0.19883536835650956, "params": {"baseflow": 2.0424049981164183, "fff": 3.9639507605262896, "fmax": 0.9253636104838533, "slopebeta": -753.5907402766608}, "datetime": {"datetime": "2024-06-12 19:12:40", "elapsed": 17369.200243, "delta": 502.620043}}
{"target": 0.19920429398548956, "params": {"baseflow": 1.6423258685810547, "fff": 0.997152426105502, "fmax": 0.7295497957949173, "slopebeta": -924.0258434407494}, "datetime": {"datetime": "2024-06-12 19:21:02", "elapsed": 17871.622027, "delta": 502.421784}}
