{"target": 0.26909605304534506, "params": {"baseflow": 2.9839415613579345, "fmax": 0.3158550161495254}, "datetime": {"datetime": "2024-04-04 14:42:18", "elapsed": 0.0, "delta": 0.0}}
{"target": 0.3199716271863533, "params": {"baseflow": 0.8414550934503018, "fmax": 0.22431550536547765}, "datetime": {"datetime": "2024-04-04 14:50:04", "elapsed": 466.221714, "delta": 466.221714}}
{"target": 0.3240872254507647, "params": {"baseflow": 6.691006078859437, "fmax": 0.06542859482329098}, "datetime": {"datetime": "2024-04-04 14:58:05", "elapsed": 947.277604, "delta": 481.05589}}
{"target": 0.32415302431100934, "params": {"baseflow": 6.075147166138945, "fmax": 0.13456187928856692}, "datetime": {"datetime": "2024-04-04 15:05:47", "elapsed": 1408.947518, "delta": 461.669914}}
{"target": 0.33300792559999787, "params": {"baseflow": 0.28347666867654886, "fmax": 0.1269478030008356}, "datetime": {"datetime": "2024-04-04 15:13:28", "elapsed": 1869.750127, "delta": 460.802609}}
{"target": 0.29088133507271224, "params": {"baseflow": 8.413567496431828, "fmax": 0.10419597578917209}, "datetime": {"datetime": "2024-04-04 15:21:19", "elapsed": 2341.1862, "delta": 471.436073}}
{"target": 0.26930729884282634, "params": {"baseflow": 8.293495963167842, "fmax": 0.3169759361999652}, "datetime": {"datetime": "2024-04-04 15:31:00", "elapsed": 2922.285374, "delta": 581.099174}}
{"target": 0.29220657764362634, "params": {"baseflow": 6.050535090465749, "fmax": 0.35808153865226255}, "datetime": {"datetime": "2024-04-04 15:54:43", "elapsed": 4344.748861, "delta": 1422.463487}}
{"target": 0.3319979768553491, "params": {"baseflow": 5.05312611808843, "fmax": 0.08708868066196668}, "datetime": {"datetime": "2024-04-04 16:02:19", "elapsed": 4800.823607, "delta": 456.074746}}
{"target": 0.31539463136644513, "params": {"baseflow": 0.1200546531242419, "fmax": 0.20441364101939563}, "datetime": {"datetime": "2024-04-04 16:10:10", "elapsed": 5271.811517, "delta": 470.98791}}
{"target": 0.31618045913726184, "params": {"baseflow": 8.877313536071263, "fmax": 0.24091047014157463}, "datetime": {"datetime": "2024-04-04 16:17:46", "elapsed": 5728.285516, "delta": 456.473999}}
{"target": 0.29246049567516746, "params": {"baseflow": 0.5226724631176975, "fmax": 0.10035394237061708}, "datetime": {"datetime": "2024-04-04 16:25:23", "elapsed": 6184.873257, "delta": 456.587741}}
{"target": 0.19616058789978175, "params": {"baseflow": 0.23536294559319937, "fmax": 0.008632264719393669}, "datetime": {"datetime": "2024-04-04 16:35:14", "elapsed": 6776.3279, "delta": 591.454643}}
{"target": 0.28835523578991007, "params": {"baseflow": 7.279848049199476, "fmax": 0.0451590972090751}, "datetime": {"datetime": "2024-04-04 16:43:10", "elapsed": 7252.246352, "delta": 475.918452}}
{"target": 0.31547971950464165, "params": {"baseflow": 2.622942678865785, "fmax": 0.13771106280273285}, "datetime": {"datetime": "2024-04-04 16:50:56", "elapsed": 7718.061736, "delta": 465.815384}}
{"target": 0.29134112806294854, "params": {"baseflow": 2.6700386563192122, "fmax": 0.04678510648998291}, "datetime": {"datetime": "2024-04-04 16:58:53", "elapsed": 8194.573888, "delta": 476.512152}}
{"target": 0.3183830052406947, "params": {"baseflow": 3.538000223734689, "fmax": 0.1856332954375205}, "datetime": {"datetime": "2024-04-04 17:06:29", "elapsed": 8651.026143, "delta": 456.452255}}
{"target": 0.2499527429652193, "params": {"baseflow": 9.235108284614347, "fmax": 0.028427693958369107}, "datetime": {"datetime": "2024-04-04 17:14:45", "elapsed": 9147.064531, "delta": 496.038388}}
{"target": 0.29417561154038574, "params": {"baseflow": 3.2248375270895724, "fmax": 0.37758385455432214}, "datetime": {"datetime": "2024-04-04 17:22:46", "elapsed": 9627.872531, "delta": 480.808}}
{"target": 0.3186204344513279, "params": {"baseflow": 1.4021846986801445, "fmax": 0.20112206856770942}, "datetime": {"datetime": "2024-04-04 17:30:17", "elapsed": 10079.110602, "delta": 451.238071}}
{"target": 0.2902576276555673, "params": {"baseflow": 8.76618286347589, "fmax": 0.3651734062305804}, "datetime": {"datetime": "2024-04-04 17:37:48", "elapsed": 10529.951711, "delta": 450.841109}}
{"target": 0.30945016161967426, "params": {"baseflow": 8.511463766126102, "fmax": 0.39775572781756774}, "datetime": {"datetime": "2024-04-04 17:45:24", "elapsed": 10985.865054, "delta": 455.913343}}
{"target": 0.3123704224913992, "params": {"baseflow": 3.2946340759148773, "fmax": 0.3946022976361329}, "datetime": {"datetime": "2024-04-04 17:52:55", "elapsed": 11436.848414, "delta": 450.98336}}
{"target": 0.332026794307172, "params": {"baseflow": 6.115952412274888, "fmax": 0.11888168206931403}, "datetime": {"datetime": "2024-04-04 18:00:31", "elapsed": 11892.934254, "delta": 456.08584}}
{"target": 0.2915069482885446, "params": {"baseflow": 0.29344173970677234, "fmax": 0.1789137882954855}, "datetime": {"datetime": "2024-04-04 18:08:02", "elapsed": 12344.135673, "delta": 451.201419}}
{"target": 0.32587245962716566, "params": {"baseflow": 5.056951451421032, "fmax": 0.08414820061971265}, "datetime": {"datetime": "2024-04-04 18:15:53", "elapsed": 12815.376762, "delta": 471.241089}}
{"target": 0.35637373116559673, "params": {"baseflow": 5.015257220762779, "fmax": 0.07661292522553756}, "datetime": {"datetime": "2024-04-04 18:23:50", "elapsed": 13292.465773, "delta": 477.089011}}
{"target": 0.2881487582437504, "params": {"baseflow": 5.794465982302275, "fmax": 0.16857634939934357}, "datetime": {"datetime": "2024-04-04 18:31:32", "elapsed": 13753.695702, "delta": 461.229929}}
{"target": 0.2867511645621967, "params": {"baseflow": 5.0059084838654435, "fmax": 0.11460932210862894}, "datetime": {"datetime": "2024-04-04 18:39:33", "elapsed": 14234.865138, "delta": 481.169436}}
{"target": 0.3539409728532981, "params": {"baseflow": 5.011860956726507, "fmax": 0.05048761118301548}, "datetime": {"datetime": "2024-04-04 18:47:14", "elapsed": 14695.789557, "delta": 460.924419}}
{"target": 0.26996038235831366, "params": {"baseflow": 0.618337481654716, "fmax": 0.27537546505308813}, "datetime": {"datetime": "2024-04-04 18:54:45", "elapsed": 15147.035218, "delta": 451.245661}}
{"target": 0.28722914797288884, "params": {"baseflow": 4.980532755880408, "fmax": 0.04311057420430027}, "datetime": {"datetime": "2024-04-04 19:02:21", "elapsed": 15602.892296, "delta": 455.857078}}
{"target": 0.23045813263652187, "params": {"baseflow": 5.020939387866084, "fmax": 0.021109718452716565}, "datetime": {"datetime": "2024-04-04 19:10:12", "elapsed": 16073.74292, "delta": 470.850624}}
{"target": 0.34515322281833477, "params": {"baseflow": 5.021066413519732, "fmax": 0.053501079998670646}, "datetime": {"datetime": "2024-04-04 19:17:44", "elapsed": 16525.61315, "delta": 451.87023}}
{"target": 0.15416260630680115, "params": {"baseflow": 4.519974903494602, "fmax": 0.0012185488248026123}, "datetime": {"datetime": "2024-04-04 19:25:10", "elapsed": 16971.653809, "delta": 446.040659}}
{"target": 0.28721469774364905, "params": {"baseflow": 0.27770685585333466, "fmax": 0.21798346238553507}, "datetime": {"datetime": "2024-04-04 19:32:46", "elapsed": 17427.881538, "delta": 456.227729}}
{"target": 0.33394831439604616, "params": {"baseflow": 5.001050234888914, "fmax": 0.06576813411894959}, "datetime": {"datetime": "2024-04-04 19:41:07", "elapsed": 17928.829091, "delta": 500.947553}}
{"target": 0.2870463657946549, "params": {"baseflow": 3.77646289933966, "fmax": 0.2208119994648172}, "datetime": {"datetime": "2024-04-04 19:48:48", "elapsed": 18390.294738, "delta": 461.465647}}
{"target": 0.29210342225015606, "params": {"baseflow": 6.090091299926303, "fmax": 0.10008195254687445}, "datetime": {"datetime": "2024-04-04 19:56:29", "elapsed": 18851.358047, "delta": 461.063309}}
{"target": 0.33290490458718114, "params": {"baseflow": 9.22591464774466, "fmax": 0.06279887669141018}, "datetime": {"datetime": "2024-04-04 20:03:55", "elapsed": 19297.40631, "delta": 446.048263}}
{"target": 0.30694639358273995, "params": {"baseflow": 3.294090827459446, "fmax": 0.39175041248119014}, "datetime": {"datetime": "2024-04-04 20:11:37", "elapsed": 19758.551707, "delta": 461.145397}}
{"target": 0.35851572448577007, "params": {"baseflow": 5.035192593856155, "fmax": 0.07602478454062625}, "datetime": {"datetime": "2024-04-04 20:20:02", "elapsed": 20264.422529, "delta": 505.870822}}
{"target": 0.3400780905200302, "params": {"baseflow": 8.017170493337627, "fmax": 0.05204495299743646}, "datetime": {"datetime": "2024-04-04 20:27:54", "elapsed": 20735.965505, "delta": 471.542976}}
{"target": 0.3243368943360997, "params": {"baseflow": 9.218490072773317, "fmax": 0.09055470487166159}, "datetime": {"datetime": "2024-04-04 20:35:20", "elapsed": 21182.056786, "delta": 446.091281}}
{"target": 0.31472260277182545, "params": {"baseflow": 8.511471647810712, "fmax": 0.3951725932456259}, "datetime": {"datetime": "2024-04-04 20:42:56", "elapsed": 21637.862109, "delta": 455.805323}}
{"target": 0.2832118195585662, "params": {"baseflow": 7.995274995317233, "fmax": 0.03266792072509786}, "datetime": {"datetime": "2024-04-04 20:50:32", "elapsed": 22094.171245, "delta": 456.309136}}
{"target": 0.36239440210730417, "params": {"baseflow": 8.030966052487267, "fmax": 0.06976489415724534}, "datetime": {"datetime": "2024-04-04 20:58:33", "elapsed": 22575.362545, "delta": 481.1913}}
{"target": 0.23884356693586536, "params": {"baseflow": 2.977641615264078, "fmax": 0.020335983951044103}, "datetime": {"datetime": "2024-04-04 21:06:29", "elapsed": 23051.278704, "delta": 475.916159}}
{"target": 0.3625567109933749, "params": {"baseflow": 8.006875412178388, "fmax": 0.07886956450341175}, "datetime": {"datetime": "2024-04-04 21:14:00", "elapsed": 23502.309246, "delta": 451.030542}}
{"target": 0.2765376435810083, "params": {"baseflow": 3.545999071736535, "fmax": 0.34169810197412337}, "datetime": {"datetime": "2024-04-04 21:21:32", "elapsed": 23953.525057, "delta": 451.215811}}
