{"target": 0.6123861981021549, "params": {"baseflow": 0.14095586213265232, "fmax": 0.10063967193546089}, "datetime": {"datetime": "2024-04-16 03:06:51", "elapsed": 20356.06592, "delta": 445.887287}}
{"target": 0.5764027545235362, "params": {"baseflow": 5.864475382290778, "fmax": 0.11969707788565076}, "datetime": {"datetime": "2024-04-16 03:14:22", "elapsed": 20806.981475, "delta": 450.915555}}
{"target": 0.35609680104046854, "params": {"baseflow": 2.6879293957011146, "fmax": 0.2690450172775296}, "datetime": {"datetime": "2024-04-16 03:22:03", "elapsed": 21267.916624, "delta": 460.935149}}
{"target": 0.26929390648213697, "params": {"baseflow": 5.403684092821563, "fmax": 0.0567962093115822}, "datetime": {"datetime": "2024-04-16 03:29:49", "elapsed": 21733.805824, "delta": 465.8892}}
{"target": 0.02221222472108454, "params": {"baseflow": 8.959130111601647, "fmax": 0.32527839598215774}, "datetime": {"datetime": "2024-04-16 03:37:14", "elapsed": 22179.642938, "delta": 445.837114}}
{"target": 0.4084881880301263, "params": {"baseflow": 8.953751986723057, "fmax": 0.3297881047919225}, "datetime": {"datetime": "2024-04-16 03:44:45", "elapsed": 22630.482308, "delta": 450.83937}}
{"target": 0.4432804363474615, "params": {"baseflow": 5.890693882642719, "fmax": 0.09940453324330374}, "datetime": {"datetime": "2024-04-16 03:52:31", "elapsed": 23096.381519, "delta": 465.899211}}
{"target": 0.5013240381188031, "params": {"baseflow": 5.864188197645639, "fmax": 0.12232445748927222}, "datetime": {"datetime": "2024-04-16 03:59:52", "elapsed": 23537.244209, "delta": 440.86269}}
{"target": 0.6128476250913053, "params": {"baseflow": 0.1330782011481435, "fmax": 0.10183623410621041}, "datetime": {"datetime": "2024-04-16 04:07:18", "elapsed": 23983.106703, "delta": 445.862494}}
{"target": 0.4427518718896428, "params": {"baseflow": 5.533637413106614, "fmax": 0.09965572893513644}, "datetime": {"datetime": "2024-04-16 04:14:54", "elapsed": 24439.332856, "delta": 456.226153}}
{"target": 0.6033401497544784, "params": {"baseflow": 5.893367288247972, "fmax": 0.10381681639238592}, "datetime": {"datetime": "2024-04-16 04:22:30", "elapsed": 24895.12731, "delta": 455.794454}}
{"target": 0.23441978595191318, "params": {"baseflow": 5.891170406096315, "fmax": 0.10608818071526471}, "datetime": {"datetime": "2024-04-16 04:29:56", "elapsed": 25340.894718, "delta": 445.767408}}
{"target": 0.5807833804952548, "params": {"baseflow": 5.8637639520854465, "fmax": 0.1150500598746814}, "datetime": {"datetime": "2024-04-16 04:37:22", "elapsed": 25786.752175, "delta": 445.857457}}
{"target": 0.1913381416630895, "params": {"baseflow": 3.0727810232914643, "fmax": 0.08125105864756228}, "datetime": {"datetime": "2024-04-16 04:44:47", "elapsed": 26232.634809, "delta": 445.882634}}
{"target": 0.23065108920682048, "params": {"baseflow": 5.86004938227393, "fmax": 0.10806324163865169}, "datetime": {"datetime": "2024-04-16 04:52:13", "elapsed": 26678.582749, "delta": 445.94794}}
{"target": 0.20927921098612265, "params": {"baseflow": 4.274434271167793, "fmax": 0.17555940406515746}, "datetime": {"datetime": "2024-04-16 04:59:39", "elapsed": 27124.462175, "delta": 445.879426}}
{"target": 0.507391309402094, "params": {"baseflow": 5.860929662460858, "fmax": 0.12147070906503643}, "datetime": {"datetime": "2024-04-16 05:07:05", "elapsed": 27570.270209, "delta": 445.808034}}
{"target": 0.5753819842819449, "params": {"baseflow": 9.925055110606554, "fmax": 0.11831066460624728}, "datetime": {"datetime": "2024-04-16 05:14:51", "elapsed": 28036.083899, "delta": 465.81369}}
{"target": 0.5756955026987335, "params": {"baseflow": 5.868405274694977, "fmax": 0.11815029149880472}, "datetime": {"datetime": "2024-04-16 05:22:17", "elapsed": 28481.976957, "delta": 445.893058}}
{"target": 0.5787547709737086, "params": {"baseflow": 5.865295189451361, "fmax": 0.11625535117662716}, "datetime": {"datetime": "2024-04-16 05:29:53", "elapsed": 28937.844876, "delta": 455.867919}}
{"target": 0.4055109242507822, "params": {"baseflow": 6.5424744881646415, "fmax": 0.33903092961608716}, "datetime": {"datetime": "2024-04-16 05:37:34", "elapsed": 29398.762625, "delta": 460.917749}}
{"target": 0.5738369948942307, "params": {"baseflow": 7.773189486910792, "fmax": 0.12051490538059757}, "datetime": {"datetime": "2024-04-16 05:45:04", "elapsed": 29849.695663, "delta": 450.933038}}
{"target": 0.4800117185010158, "params": {"baseflow": 9.916526504193499, "fmax": 0.1257470556365142}, "datetime": {"datetime": "2024-04-16 05:52:30", "elapsed": 30295.638137, "delta": 445.942474}}
{"target": 0.2021147920906696, "params": {"baseflow": 9.920904353502687, "fmax": 0.12789833296908554}, "datetime": {"datetime": "2024-04-16 06:00:01", "elapsed": 30746.535309, "delta": 450.897172}}
{"target": 0.5750368794598341, "params": {"baseflow": 9.927907412285203, "fmax": 0.11846527942698369}, "datetime": {"datetime": "2024-04-16 06:07:54", "elapsed": 31218.717177, "delta": 472.181868}}
{"target": 0.5759332436236503, "params": {"baseflow": 7.76880938454827, "fmax": 0.11746917244940756}, "datetime": {"datetime": "2024-04-16 06:15:35", "elapsed": 31679.757144, "delta": 461.039967}}
{"target": 0.40819352780536955, "params": {"baseflow": 5.531844567470811, "fmax": 0.10394963616695474}, "datetime": {"datetime": "2024-04-16 06:23:05", "elapsed": 32130.599298, "delta": 450.842154}}
{"target": 0.39959385445287154, "params": {"baseflow": 7.0275030011541215, "fmax": 0.3384704348650148}, "datetime": {"datetime": "2024-04-16 06:30:46", "elapsed": 32591.503846, "delta": 460.904548}}
{"target": 0.5743246663650393, "params": {"baseflow": 5.874700836957247, "fmax": 0.11843444524401035}, "datetime": {"datetime": "2024-04-16 06:38:27", "elapsed": 33052.43073, "delta": 460.926884}}
{"target": 0.44276564684151604, "params": {"baseflow": 0.1382714543631334, "fmax": 0.09818373050415095}, "datetime": {"datetime": "2024-04-16 06:46:18", "elapsed": 33523.359235, "delta": 470.928505}}
{"target": 0.609982398454824, "params": {"baseflow": 0.13190838514581693, "fmax": 0.10450313568762587}, "datetime": {"datetime": "2024-04-16 06:54:14", "elapsed": 33999.26816, "delta": 475.908925}}
{"target": 0.5784086508365471, "params": {"baseflow": 7.770849678194873, "fmax": 0.11642267320769606}, "datetime": {"datetime": "2024-04-16 07:02:25", "elapsed": 34490.179751, "delta": 490.911591}}
{"target": 0.20509821693686653, "params": {"baseflow": 2.977414854259548, "fmax": 0.1675191289176048}, "datetime": {"datetime": "2024-04-16 07:10:06", "elapsed": 34951.001565, "delta": 460.821814}}
{"target": 0.23485853301271153, "params": {"baseflow": 0.1258342356099218, "fmax": 0.1062138129635521}, "datetime": {"datetime": "2024-04-16 07:17:32", "elapsed": 35396.870593, "delta": 445.869028}}
{"target": 0.5029473954553922, "params": {"baseflow": 7.768814524618016, "fmax": 0.1221464709132647}, "datetime": {"datetime": "2024-04-16 07:25:03", "elapsed": 35847.791412, "delta": 450.920819}}
{"target": 0.5802251800330314, "params": {"baseflow": 9.925605420676352, "fmax": 0.11606608178527861}, "datetime": {"datetime": "2024-04-16 07:32:33", "elapsed": 36298.708908, "delta": 450.917496}}
{"target": 0.22870832028199992, "params": {"baseflow": 7.767831460310322, "fmax": 0.1123979775902455}, "datetime": {"datetime": "2024-04-16 07:39:59", "elapsed": 36744.593923, "delta": 445.885015}}
{"target": 0.5740506279574419, "params": {"baseflow": 5.8783368771553945, "fmax": 0.11974253291218143}, "datetime": {"datetime": "2024-04-16 07:47:25", "elapsed": 37190.497968, "delta": 445.904045}}
{"target": 0.4125960649588007, "params": {"baseflow": 0.14810573502526125, "fmax": 0.10273981547306024}, "datetime": {"datetime": "2024-04-16 07:54:51", "elapsed": 37636.426934, "delta": 445.928966}}
