{"target": 0.2525883516454483, "params": {"baseflow": 0.3498281719880636, "conifslope": 25.000786877034038, "decidslope": 28.48913830097478, "fff": 1.167229398401758, "fmax": 0.6055247883540237, "grassslope": 4.741617622956346, "slopebeta": -854.5959286113122}, "datetime": {"datetime": "2025-03-21 08:47:20", "elapsed": 0.0, "delta": 0.0}}
{"target": 0.24766419139380344, "params": {"baseflow": 9.419049870387969, "conifslope": 7.382519514646835, "decidslope": 35.29470470738861, "fff": 1.1027125655299865, "fmax": 0.5869660144548814, "grassslope": 15.712463678746836, "slopebeta": -337.4632820048299}, "datetime": {"datetime": "2025-03-21 09:04:15", "elapsed": 1015.062987, "delta": 1015.062987}}
{"target": 0.24590157091731502, "params": {"baseflow": 5.316215306216031, "conifslope": 20.27454693273904, "decidslope": 32.137014561258155, "fff": 4.025862322005215, "fmax": 0.24463275771423362, "grassslope": 6.772833171013326, "slopebeta": -926.8290174216901}, "datetime": {"datetime": "2025-03-21 09:21:25", "elapsed": 2044.92671, "delta": 1029.863723}}
{"target": 0.23911423896259587, "params": {"baseflow": 0.9302610367613307, "conifslope": 4.3183160989886415, "decidslope": 3.8945641922899954, "fff": 0.6926548970981936, "fmax": 0.11120850058383241, "grassslope": 22.39603849107205, "slopebeta": -258.1460962196933}, "datetime": {"datetime": "2025-03-21 09:38:20", "elapsed": 3059.652289, "delta": 1014.725579}}
{"target": 0.24851784441031455, "params": {"baseflow": 7.398854847095773, "conifslope": 18.77701731020865, "decidslope": 29.995575044555544, "fff": 1.2098894529186692, "fmax": 0.15509948571629611, "grassslope": 30.44654111099403, "slopebeta": -712.2547859709932}, "datetime": {"datetime": "2025-03-21 09:55:45", "elapsed": 4104.331675, "delta": 1044.679386}}
{"target": 0.2495806423518213, "params": {"baseflow": 3.5315795272837294, "conifslope": 18.345277769213787, "decidslope": 26.95795512509576, "fff": 3.5193764526658806, "fmax": 0.24738421886621234, "grassslope": 17.61232949799402, "slopebeta": -51.242878174081625}, "datetime": {"datetime": "2025-03-21 10:12:54", "elapsed": 5134.125017, "delta": 1029.793342}}
{"target": 0.21819838562160165, "params": {"baseflow": 4.088097752968705, "conifslope": 1.0792962918740772, "decidslope": 36.994606774330464, "fff": 0.35858525999760293, "fmax": 0.5275435167117716, "grassslope": 24.03275844322562, "slopebeta": -301.98260500240997}, "datetime": {"datetime": "2025-03-21 10:29:39", "elapsed": 6138.91226, "delta": 1004.787243}}
{"target": 0.25826133823451497, "params": {"baseflow": 1.8912432043917449, "conifslope": 34.34068895064873, "decidslope": 29.542778706155634, "fff": 1.8186865723058658, "fmax": 0.22373952307860664, "grassslope": 35.73986756389343, "slopebeta": -872.9205398952831}, "datetime": {"datetime": "2025-03-21 10:46:49", "elapsed": 7169.011224, "delta": 1030.098964}}
{"target": 0.24903038386835832, "params": {"baseflow": 0.4700336139111527, "conifslope": 9.488938065855184, "decidslope": 32.91561879347877, "fff": 4.508810662106683, "fmax": 0.3933249911551483, "grassslope": 3.8096908140237575, "slopebeta": -360.6506353655859}, "datetime": {"datetime": "2025-03-21 11:11:54", "elapsed": 8673.745884, "delta": 1504.73466}}
{"target": 0.2552865179600732, "params": {"baseflow": 6.338087782973157, "conifslope": 25.58076051162489, "decidslope": 13.855929101592276, "fff": 0.8367079315589754, "fmax": 0.47663725309067273, "grassslope": 17.585084699470098, "slopebeta": -988.3920356706997}, "datetime": {"datetime": "2025-03-21 11:34:04", "elapsed": 10004.187533, "delta": 1330.441649}}
{"target": 0.25113354857640285, "params": {"baseflow": 4.3177909248799535, "conifslope": 36.79952116845135, "decidslope": 34.96382609407734, "fff": 2.778640610351177, "fmax": 0.1, "grassslope": 40.0, "slopebeta": -845.7127960901345}, "datetime": {"datetime": "2025-03-21 11:54:27", "elapsed": 11226.436075, "delta": 1222.248542}}
{"target": 0.2600908037744867, "params": {"baseflow": 2.1054191686984614, "conifslope": 33.333015433848516, "decidslope": 24.724229609221137, "fff": 2.3422171388700024, "fmax": 0.5050674781873675, "grassslope": 36.374668844512776, "slopebeta": -876.2436136841175}, "datetime": {"datetime": "2025-03-21 12:12:17", "elapsed": 12296.26495, "delta": 1069.828875}}
{"target": 0.24746605964034885, "params": {"baseflow": 9.728875081279677, "conifslope": 9.033252965610632, "decidslope": 5.3557654678867435, "fff": 1.3522742284335902, "fmax": 0.2035561857027859, "grassslope": 38.84548822574805, "slopebeta": -873.9027334494731}, "datetime": {"datetime": "2025-03-21 12:29:17", "elapsed": 13316.260525, "delta": 1019.995575}}
{"target": 0.2600236534959699, "params": {"baseflow": 0.0, "conifslope": 40.0, "decidslope": 8.479762442872389, "fff": 5.0, "fmax": 0.7, "grassslope": 15.870404859925763, "slopebeta": -886.4084701556867}, "datetime": {"datetime": "2025-03-21 12:46:41", "elapsed": 14361.12306, "delta": 1044.862535}}
{"target": 0.2585226815276022, "params": {"baseflow": 2.0344762111735983, "conifslope": 38.682947562917164, "decidslope": 17.199107887867623, "fff": 2.2909781091275008, "fmax": 0.2095316209208079, "grassslope": 38.680099295288734, "slopebeta": -904.2453098312628}, "datetime": {"datetime": "2025-03-21 13:04:26", "elapsed": 15425.913604, "delta": 1064.790544}}
{"target": 0.20682951114818648, "params": {"baseflow": 0.0, "conifslope": 1.0, "decidslope": 40.0, "fff": 0.1, "fmax": 0.1, "grassslope": 40.0, "slopebeta": -1000.0}, "datetime": {"datetime": "2025-03-21 13:21:26", "elapsed": 16446.034403, "delta": 1020.120799}}
{"target": 0.1736733633752545, "params": {"baseflow": 10.0, "conifslope": 40.0, "decidslope": 1.0, "fff": 0.1, "fmax": 0.7, "grassslope": 1.0, "slopebeta": -967.5477581542339}, "datetime": {"datetime": "2025-03-21 17:26:27", "elapsed": 0.0, "delta": 0.0}}
{"target": 0.25608298160632786, "params": {"baseflow": 0.41997582107658693, "conifslope": 26.624943221811606, "decidslope": 30.037171690812478, "fff": 4.488909079648397, "fmax": 0.4722193938732163, "grassslope": 20.112196069783653, "slopebeta": -891.043624895216}, "datetime": {"datetime": "2025-03-21 17:43:47", "elapsed": 1040.027809, "delta": 1040.027809}}
{"target": 0.25007504805124997, "params": {"baseflow": 8.224517138334962, "conifslope": 40.0, "decidslope": 4.919471535445259, "fff": 2.818819155105499, "fmax": 0.1, "grassslope": 23.834601276933576, "slopebeta": -859.1658359893066}, "datetime": {"datetime": "2025-03-21 18:01:07", "elapsed": 2080.490729, "delta": 1040.46292}}
{"target": 0.2504112296544225, "params": {"baseflow": 2.0992219118630437, "conifslope": 15.69225502664587, "decidslope": 9.369181170611839, "fff": 0.6132574378427343, "fmax": 0.3582726569460305, "grassslope": 4.075639674367829, "slopebeta": -884.8410614734329}, "datetime": {"datetime": "2025-03-21 18:18:42", "elapsed": 3135.545149, "delta": 1055.05442}}
{"target": 0.2395947008551704, "params": {"baseflow": 3.1437052987437264, "conifslope": 1.8446455971599307, "decidslope": 39.06914256993165, "fff": 4.889283678362492, "fmax": 0.4917667058218256, "grassslope": 31.70462725788135, "slopebeta": -864.1913199946969}, "datetime": {"datetime": "2025-03-21 18:35:22", "elapsed": 4135.220969, "delta": 999.67582}}
{"target": 0.24239790633647548, "params": {"baseflow": 6.352431419731452, "conifslope": 10.243112381710219, "decidslope": 4.273851972091978, "fff": 4.554752431393642, "fmax": 0.5900927303118196, "grassslope": 37.0826375554565, "slopebeta": -914.0335727439939}, "datetime": {"datetime": "2025-03-21 18:52:42", "elapsed": 5175.116152, "delta": 1039.895183}}
{"target": 0.23285747272324223, "params": {"baseflow": 10.0, "conifslope": 40.0, "decidslope": 40.0, "fff": 0.1, "fmax": 0.6745078998673729, "grassslope": 40.0, "slopebeta": -896.7630076962705}, "datetime": {"datetime": "2025-03-21 19:09:52", "elapsed": 6204.860555, "delta": 1029.744403}}
{"target": 0.24726726585853262, "params": {"baseflow": 5.218982931751129, "conifslope": 34.38961487984209, "decidslope": 3.498660811202244, "fff": 2.7047967058766553, "fmax": 0.3170070149891491, "grassslope": 37.74460833621279, "slopebeta": -888.8847119972087}, "datetime": {"datetime": "2025-03-21 19:27:22", "elapsed": 7255.507542, "delta": 1050.646987}}
{"target": 0.25549932023693295, "params": {"baseflow": 5.113655407929096, "conifslope": 36.358173186760986, "decidslope": 22.235075042346434, "fff": 0.1001966854724784, "fmax": 0.23059654666796575, "grassslope": 2.3691401034644706, "slopebeta": -873.6761127700943}, "datetime": {"datetime": "2025-03-21 19:44:37", "elapsed": 8290.26221, "delta": 1034.754668}}
{"target": 0.24456344973367172, "params": {"baseflow": 6.1841220641728025, "conifslope": 35.38675855849912, "decidslope": 9.899301465182601, "fff": 1.9792183371791288, "fmax": 0.34337489570778973, "grassslope": 8.44261713111834, "slopebeta": -910.1370732521033}, "datetime": {"datetime": "2025-03-21 20:01:47", "elapsed": 9320.079197, "delta": 1029.816987}}
{"target": 0.2541340892425908, "params": {"baseflow": 1.8444343048039658, "conifslope": 39.130595075936306, "decidslope": 24.334125389101068, "fff": 2.04499969030444, "fmax": 0.30734946597079804, "grassslope": 14.199279522011715, "slopebeta": -815.3860068350662}, "datetime": {"datetime": "2025-03-21 20:19:18", "elapsed": 10371.079232, "delta": 1051.000035}}
{"target": 0.20901067010860622, "params": {"baseflow": 9.263522377356082, "conifslope": 19.16605221781396, "decidslope": 1.32720708162552, "fff": 2.0796172908067447, "fmax": 0.5614494067949972, "grassslope": 5.793223638217433, "slopebeta": -826.2670902902066}, "datetime": {"datetime": "2025-03-21 20:36:13", "elapsed": 11386.276834, "delta": 1015.197602}}
{"target": 0.2476090252735754, "params": {"baseflow": 4.234726809371493, "conifslope": 36.40301033966662, "decidslope": 39.4940569402044, "fff": 1.8508297987299007, "fmax": 0.33891548342654465, "grassslope": 28.66263415822967, "slopebeta": -793.1455716655448}, "datetime": {"datetime": "2025-03-21 20:53:38", "elapsed": 12431.079889, "delta": 1044.803055}}
{"target": 0.25498784653489187, "params": {"baseflow": 10.0, "conifslope": 40.0, "decidslope": 28.157070642573878, "fff": 5.0, "fmax": 0.7, "grassslope": 19.59019959565948, "slopebeta": -868.0275154513932}, "datetime": {"datetime": "2025-03-21 21:13:33", "elapsed": 13626.105058, "delta": 1195.025169}}
{"target": 0.25207820172336565, "params": {"baseflow": 8.249308115962865, "conifslope": 38.88815828769714, "decidslope": 7.4697530927498414, "fff": 3.1716391047986425, "fmax": 0.41452816049773455, "grassslope": 39.20204725780587, "slopebeta": -999.4713416062496}, "datetime": {"datetime": "2025-03-21 21:31:08", "elapsed": 14681.044865, "delta": 1054.939807}}
{"target": 0.19361782681423445, "params": {"baseflow": 10.0, "conifslope": 11.590485917935114, "decidslope": 1.0, "fff": 5.0, "fmax": 0.7, "grassslope": 23.882146056677033, "slopebeta": -1000.0}, "datetime": {"datetime": "2025-03-21 21:48:43", "elapsed": 15735.851175, "delta": 1054.80631}}
{"target": 0.2497072195025619, "params": {"baseflow": 0.4996244671213257, "conifslope": 16.940721661268242, "decidslope": 20.490717526421193, "fff": 4.931942402577449, "fmax": 0.24498847500653026, "grassslope": 23.262726435239376, "slopebeta": -871.8504324097476}, "datetime": {"datetime": "2025-03-21 22:05:53", "elapsed": 16765.6726, "delta": 1029.821425}}
{"target": 0.2595206927577016, "params": {"baseflow": 3.151129535353311, "conifslope": 36.51437335128378, "decidslope": 25.40356463906564, "fff": 4.273161420351194, "fmax": 0.16182421199816072, "grassslope": 26.260836120578098, "slopebeta": -998.1797872291606}, "datetime": {"datetime": "2025-03-21 22:23:38", "elapsed": 17830.671192, "delta": 1064.998592}}
{"target": 0.2556602001649041, "params": {"baseflow": 5.244481254068396, "conifslope": 36.019861988408174, "decidslope": 31.71876934709267, "fff": 2.281604153307199, "fmax": 0.6902500008215131, "grassslope": 32.2223277408896, "slopebeta": -976.4111370883688}, "datetime": {"datetime": "2025-03-21 22:41:02", "elapsed": 18875.485213, "delta": 1044.814021}}
{"target": 0.24110594101868463, "params": {"baseflow": 0.22909087243993181, "conifslope": 31.824335582393775, "decidslope": 35.423175821439386, "fff": 0.1, "fmax": 0.20334799540485693, "grassslope": 9.077449880774422, "slopebeta": -989.6980139517066}, "datetime": {"datetime": "2025-03-21 22:58:12", "elapsed": 19905.309912, "delta": 1029.824699}}
{"target": 0.2454964974810113, "params": {"baseflow": 0.0, "conifslope": 40.0, "decidslope": 40.0, "fff": 0.1, "fmax": 0.1, "grassslope": 12.199250570934101, "slopebeta": -835.1554758367216}, "datetime": {"datetime": "2025-03-24 09:10:33", "elapsed": 0.0, "delta": 0.0}}
{"target": 0.24615866195014532, "params": {"baseflow": 0.0, "conifslope": 40.0, "decidslope": 31.50908099303089, "fff": 0.1, "fmax": 0.1, "grassslope": 1.0, "slopebeta": -792.28556715848}, "datetime": {"datetime": "2025-03-24 09:27:28", "elapsed": 1014.900993, "delta": 1014.900993}}
{"target": 0.17380870972442178, "params": {"baseflow": 10.0, "conifslope": 40.0, "decidslope": 1.0, "fff": 0.1, "fmax": 0.3951286943678257, "grassslope": 1.0, "slopebeta": -877.7407353872652}, "datetime": {"datetime": "2025-03-24 09:44:02", "elapsed": 2009.663015, "delta": 994.762022}}
{"target": 0.2549318078138108, "params": {"baseflow": 0.0, "conifslope": 36.61624812312117, "decidslope": 20.81234264925106, "fff": 3.4079075770619887, "fmax": 0.396417853570717, "grassslope": 21.43019870472661, "slopebeta": -880.9031185907046}, "datetime": {"datetime": "2025-03-24 10:00:58", "elapsed": 3024.92005, "delta": 1015.257035}}
{"target": 0.25761006276178344, "params": {"baseflow": 3.8975652593372043, "conifslope": 38.74891859839066, "decidslope": 18.99642614325155, "fff": 3.757641680399913, "fmax": 0.18707009962541038, "grassslope": 22.565624459368372, "slopebeta": -894.4551485734601}, "datetime": {"datetime": "2025-03-24 10:18:03", "elapsed": 4049.9611, "delta": 1025.04105}}
{"target": 0.2553386531960333, "params": {"baseflow": 0.0, "conifslope": 36.99073069248711, "decidslope": 17.30679656514405, "fff": 0.1, "fmax": 0.1, "grassslope": 30.74896847804531, "slopebeta": -986.0904505465093}, "datetime": {"datetime": "2025-03-24 10:35:08", "elapsed": 5075.046675, "delta": 1025.085575}}
{"target": 0.23985423460975774, "params": {"baseflow": 1.1022406389612787, "conifslope": 28.77596235456804, "decidslope": 36.03062156239922, "fff": 2.4662993272925453, "fmax": 0.6163524990089297, "grassslope": 6.616665296687005, "slopebeta": -875.1846166063353}, "datetime": {"datetime": "2025-03-24 10:52:13", "elapsed": 6100.129601, "delta": 1025.082926}}
{"target": 0.255758948314288, "params": {"baseflow": 0.0, "conifslope": 34.86572977208483, "decidslope": 18.702647227419185, "fff": 5.0, "fmax": 0.7, "grassslope": 33.98215915601928, "slopebeta": -860.8770425721425}, "datetime": {"datetime": "2025-03-24 11:09:33", "elapsed": 7139.942694, "delta": 1039.813093}}
{"target": 0.24894810929370303, "params": {"baseflow": 1.1132083370216361, "conifslope": 20.184705804552785, "decidslope": 15.817373088994417, "fff": 2.384811503226568, "fmax": 0.3310602692387391, "grassslope": 25.66800414664023, "slopebeta": -891.7201908913075}, "datetime": {"datetime": "2025-03-24 11:26:42", "elapsed": 8169.708208, "delta": 1029.765514}}
{"target": 0.24747204706025908, "params": {"baseflow": 0.0, "conifslope": 40.0, "decidslope": 24.923983971255634, "fff": 5.0, "fmax": 0.16017799964688487, "grassslope": 6.304606087828032, "slopebeta": -893.3381406696775}, "datetime": {"datetime": "2025-03-24 11:44:07", "elapsed": 9214.608969, "delta": 1044.900761}}
{"target": 0.25736915493939766, "params": {"baseflow": 4.964228677832589, "conifslope": 28.70344438677644, "decidslope": 26.098017749216204, "fff": 0.9828238701752059, "fmax": 0.3193038846398245, "grassslope": 22.425761591681237, "slopebeta": -850.0192727483701}, "datetime": {"datetime": "2025-03-24 12:01:22", "elapsed": 10249.430147, "delta": 1034.821178}}
{"target": 0.2594521489094051, "params": {"baseflow": 0.0, "conifslope": 40.0, "decidslope": 15.774897023814416, "fff": 5.0, "fmax": 0.1, "grassslope": 30.67569453182734, "slopebeta": -920.4792265827028}, "datetime": {"datetime": "2025-03-24 12:18:32", "elapsed": 11279.605689, "delta": 1030.175542}}
{"target": 0.2582976693027008, "params": {"baseflow": 0.0, "conifslope": 27.842676562051132, "decidslope": 26.445171412532215, "fff": 0.1, "fmax": 0.1, "grassslope": 27.858784175858965, "slopebeta": -913.4326316091469}, "datetime": {"datetime": "2025-03-24 12:35:52", "elapsed": 12319.53144, "delta": 1039.925751}}
{"target": 0.25389689179022107, "params": {"baseflow": 0.0, "conifslope": 31.097835743192398, "decidslope": 26.782285339071745, "fff": 0.6998786633413863, "fmax": 0.1, "grassslope": 40.0, "slopebeta": -930.7408936701164}, "datetime": {"datetime": "2025-03-24 12:53:07", "elapsed": 13354.503228, "delta": 1034.971788}}
{"target": 0.254136811351977, "params": {"baseflow": 0.0, "conifslope": 40.0, "decidslope": 21.266176681973583, "fff": 5.0, "fmax": 0.17868351743337677, "grassslope": 36.18249442903307, "slopebeta": -824.1986318187331}, "datetime": {"datetime": "2025-03-24 13:10:22", "elapsed": 14389.574675, "delta": 1035.071447}}
{"target": 0.23873152108349352, "params": {"baseflow": 3.8815241013664026, "conifslope": 37.38421274837044, "decidslope": 2.0326249046897793, "fff": 0.8254170112589093, "fmax": 0.20757728195601094, "grassslope": 36.995642885539866, "slopebeta": -929.635759707466}, "datetime": {"datetime": "2025-03-24 13:27:42", "elapsed": 15429.450016, "delta": 1039.875341}}
{"target": 0.2521899193873887, "params": {"baseflow": 9.572492685342363, "conifslope": 39.225874020006124, "decidslope": 32.74694809746627, "fff": 3.68420286721801, "fmax": 0.20819919408264503, "grassslope": 23.75736630895065, "slopebeta": -921.2079542101206}, "datetime": {"datetime": "2025-03-24 13:45:02", "elapsed": 16469.301115, "delta": 1039.851099}}
{"target": 0.23395003594615896, "params": {"baseflow": 3.8689815498860898, "conifslope": 40.0, "decidslope": 40.0, "fff": 5.0, "fmax": 0.1239515477679476, "grassslope": 39.5471997328809, "slopebeta": -953.4828715174589}, "datetime": {"datetime": "2025-03-24 14:02:52", "elapsed": 17539.696213, "delta": 1070.395098}}
{"target": 0.2571243745092155, "params": {"baseflow": 10.0, "conifslope": 27.265416143168274, "decidslope": 36.28197517608795, "fff": 0.1, "fmax": 0.7, "grassslope": 32.196957111679964, "slopebeta": -820.4790867781303}, "datetime": {"datetime": "2025-03-24 14:20:12", "elapsed": 18579.663736, "delta": 1039.967523}}
{"target": 0.250376591561914, "params": {"baseflow": 3.7216376386574135, "conifslope": 17.663546675257347, "decidslope": 22.68305032647488, "fff": 1.1101602247804434, "fmax": 0.6804565264140147, "grassslope": 38.58535561762757, "slopebeta": -839.9922830980067}, "datetime": {"datetime": "2025-03-24 14:37:18", "elapsed": 19604.765342, "delta": 1025.101606}}
{"target": 0.2580622074392814, "params": {"baseflow": 1.3391647893432923, "conifslope": 29.844458147600125, "decidslope": 19.689079179163254, "fff": 2.701671847377841, "fmax": 0.6545586061563292, "grassslope": 39.56136357580356, "slopebeta": -805.2134914575824}, "datetime": {"datetime": "2025-03-24 14:54:33", "elapsed": 20640.082911, "delta": 1035.317569}}
{"target": 0.24609873713744534, "params": {"baseflow": 0.0, "conifslope": 13.74589414264115, "decidslope": 32.70032805746978, "fff": 5.0, "fmax": 0.4851268008928194, "grassslope": 40.0, "slopebeta": -810.8243621514447}, "datetime": {"datetime": "2025-03-24 15:11:43", "elapsed": 21669.957148, "delta": 1029.874237}}
{"target": 0.2554290986793854, "params": {"baseflow": 9.59954693946948, "conifslope": 39.11090166114441, "decidslope": 13.596833428211795, "fff": 1.9997100919231452, "fmax": 0.49968905935802055, "grassslope": 25.233645839411608, "slopebeta": -794.3448006361542}, "datetime": {"datetime": "2025-03-24 15:29:28", "elapsed": 22734.858202, "delta": 1064.901054}}
{"target": 0.2539433585639298, "params": {"baseflow": 3.5998286130195662, "conifslope": 24.994744315865855, "decidslope": 6.030553287552514, "fff": 3.863489976720548, "fmax": 0.7, "grassslope": 40.0, "slopebeta": -787.6576022138158}, "datetime": {"datetime": "2025-03-27 08:59:00", "elapsed": 0.0, "delta": 0.0}}
{"target": 0.24623300270005755, "params": {"baseflow": 6.682136073368589, "conifslope": 39.76505610091958, "decidslope": 3.375853526144743, "fff": 2.8700728331331953, "fmax": 0.5005698117020259, "grassslope": 37.25750498236739, "slopebeta": -810.2969232157757}, "datetime": {"datetime": "2025-03-27 09:16:10", "elapsed": 1029.753767, "delta": 1029.753767}}
{"target": 0.24929638683972902, "params": {"baseflow": 10.0, "conifslope": 18.157230879385867, "decidslope": 20.784061171699264, "fff": 0.1, "fmax": 0.7, "grassslope": 25.9287261928157, "slopebeta": -793.1318907299542}, "datetime": {"datetime": "2025-03-27 09:33:20", "elapsed": 2059.880811, "delta": 1030.127044}}
{"target": 0.25454235012947124, "params": {"baseflow": 8.334929408683132, "conifslope": 35.585270434487256, "decidslope": 8.063206487884198, "fff": 2.790633785774702, "fmax": 0.5036139918762738, "grassslope": 25.454802465159077, "slopebeta": -770.875558904044}, "datetime": {"datetime": "2025-03-27 09:50:25", "elapsed": 3084.781941, "delta": 1024.90113}}
{"target": 0.2559047772706497, "params": {"baseflow": 0.0, "conifslope": 40.0, "decidslope": 19.646335810737924, "fff": 0.1, "fmax": 0.1, "grassslope": 40.0, "slopebeta": -781.448605870053}, "datetime": {"datetime": "2025-03-27 10:07:25", "elapsed": 4104.568997, "delta": 1019.787056}}
{"target": 0.24896693202972828, "params": {"baseflow": 4.536924143226079, "conifslope": 17.903356144758433, "decidslope": 21.50548461687964, "fff": 0.6351228733233089, "fmax": 0.5471473164827545, "grassslope": 38.71192783402045, "slopebeta": -762.4076861791872}, "datetime": {"datetime": "2025-03-27 10:24:10", "elapsed": 5109.703771, "delta": 1005.134774}}
