{"target": 0.0018971136991454325, "params": {"intercept_scalar": 0.10494845159641908, "slope_scalar": 12.692691042657607}, "datetime": {"datetime": "2025-03-11 10:09:36", "elapsed": 0.0, "delta": 0.0}}
{"target": -0.011863765517984773, "params": {"intercept_scalar": 2.114549100074983, "slope_scalar": 5.138236442782327}, "datetime": {"datetime": "2025-03-11 10:26:00", "elapsed": 983.97647, "delta": 983.97647}}
{"target": -0.034408067566599976, "params": {"intercept_scalar": 2.5276239417701185, "slope_scalar": 2.8228393547736044}, "datetime": {"datetime": "2025-03-11 10:42:28", "elapsed": 1972.841807, "delta": 988.865337}}
{"target": 0.005351088060840688, "params": {"intercept_scalar": 0.431893281352538, "slope_scalar": 18.89619475373714}, "datetime": {"datetime": "2025-03-11 10:59:02", "elapsed": 2966.762876, "delta": 993.921069}}
{"target": 0.004884656496733826, "params": {"intercept_scalar": 0.4909630395882181, "slope_scalar": 17.707676652317527}, "datetime": {"datetime": "2025-03-11 11:15:36", "elapsed": 3960.79316, "delta": 994.030284}}
{"target": 0.001640145082984305, "params": {"intercept_scalar": 0.6139056523652978, "slope_scalar": 16.420590457737912}, "datetime": {"datetime": "2025-03-11 11:32:10", "elapsed": 4954.895364, "delta": 994.102204}}
{"target": -0.0007506608302482546, "params": {"intercept_scalar": 1.1317279752882183, "slope_scalar": 13.463562021691319}, "datetime": {"datetime": "2025-03-11 11:48:29", "elapsed": 5933.790881, "delta": 978.895517}}
{"target": -0.004130545453683114, "params": {"intercept_scalar": 1.5948645918648094, "slope_scalar": 10.390163890308763}, "datetime": {"datetime": "2025-03-11 12:05:28", "elapsed": 6952.788155, "delta": 1018.997274}}
{"target": 0.0004991190474202822, "params": {"intercept_scalar": 2.395154966250627, "slope_scalar": 16.222731452673283}, "datetime": {"datetime": "2025-03-11 12:21:42", "elapsed": 7926.849075, "delta": 974.06092}}
{"target": -0.020760196318055073, "params": {"intercept_scalar": 0.7231637885711681, "slope_scalar": 3.812405903827005}, "datetime": {"datetime": "2025-03-11 12:38:01", "elapsed": 8905.763609, "delta": 978.914534}}
{"target": 0.0037001448871629337, "params": {"intercept_scalar": 3.0, "slope_scalar": 20.0}, "datetime": {"datetime": "2025-03-11 12:54:21", "elapsed": 9885.254435, "delta": 979.490826}}
{"target": -0.0016051341294184285, "params": {"intercept_scalar": 0.0, "slope_scalar": 7.80479318632773}, "datetime": {"datetime": "2025-03-11 13:10:50", "elapsed": 10874.18793, "delta": 988.933495}}
{"target": 0.0035851725004157897, "params": {"intercept_scalar": 2.9978965178005126, "slope_scalar": 18.25416713248404}, "datetime": {"datetime": "2025-03-11 13:27:19", "elapsed": 11863.24947, "delta": 989.06154}}
{"target": 0.002847755036671821, "params": {"intercept_scalar": 0.03625139433318425, "slope_scalar": 19.982464725182503}, "datetime": {"datetime": "2025-03-11 13:44:08", "elapsed": 12872.37005, "delta": 1009.12058}}
{"target": 0.0032988192103600897, "params": {"intercept_scalar": 1.6553081981538587, "slope_scalar": 18.948792407087467}, "datetime": {"datetime": "2025-03-11 14:00:48", "elapsed": 13872.097545, "delta": 999.727495}}
{"target": 0.0009207301856071955, "params": {"intercept_scalar": 3.0, "slope_scalar": 7.941035426840772}, "datetime": {"datetime": "2025-03-11 14:17:17", "elapsed": 14861.138565, "delta": 989.04102}}
{"target": 0.0021431973784230562, "params": {"intercept_scalar": 0.022294827679158913, "slope_scalar": 18.282343575074087}, "datetime": {"datetime": "2025-03-11 14:35:16", "elapsed": 15940.225702, "delta": 1079.087137}}
{"target": -0.001570503305598973, "params": {"intercept_scalar": 3.0, "slope_scalar": 12.472705889643203}, "datetime": {"datetime": "2025-03-11 14:51:55", "elapsed": 16939.667391, "delta": 999.441689}}
{"target": -0.0028301925050023824, "params": {"intercept_scalar": 0.0, "slope_scalar": 10.634907096058681}, "datetime": {"datetime": "2025-03-11 15:08:29", "elapsed": 17933.649183, "delta": 993.981792}}
{"target": 0.0020685872920311508, "params": {"intercept_scalar": 1.5922708581335245, "slope_scalar": 17.538282696426265}, "datetime": {"datetime": "2025-03-11 15:25:33", "elapsed": 18957.830574, "delta": 1024.181391}}
{"target": -0.0008290151891847675, "params": {"intercept_scalar": 3.0, "slope_scalar": 14.542413412997654}, "datetime": {"datetime": "2025-03-11 15:41:52", "elapsed": 19936.733322, "delta": 978.902748}}
{"target": -0.0008962161428654284, "params": {"intercept_scalar": 0.001573175302996166, "slope_scalar": 14.436444228062655}, "datetime": {"datetime": "2025-03-11 15:58:06", "elapsed": 20910.798067, "delta": 974.064745}}
{"target": 0.0038607049973108376, "params": {"intercept_scalar": 1.214453414803514, "slope_scalar": 20.0}, "datetime": {"datetime": "2025-03-11 16:14:35", "elapsed": 21899.790562, "delta": 988.992495}}
{"target": -0.009692700000313045, "params": {"intercept_scalar": 1.6444107537562984, "slope_scalar": 7.299111839624598}, "datetime": {"datetime": "2025-03-11 16:31:55", "elapsed": 22939.073465, "delta": 1039.282903}}
{"target": -0.0026795603067622706, "params": {"intercept_scalar": 3.0, "slope_scalar": 9.580824541703883}, "datetime": {"datetime": "2025-03-11 16:48:19", "elapsed": 23923.072898, "delta": 983.999433}}
{"target": 0.0034809657878790423, "params": {"intercept_scalar": 3.0, "slope_scalar": 17.09299701811772}, "datetime": {"datetime": "2025-03-11 17:04:58", "elapsed": 24922.183015, "delta": 999.110117}}
{"target": 0.003001484385411627, "params": {"intercept_scalar": 0.8899874344370619, "slope_scalar": 18.402278372663375}, "datetime": {"datetime": "2025-03-11 17:21:12", "elapsed": 25896.111238, "delta": 973.928223}}
{"target": 0.001862182075346867, "params": {"intercept_scalar": 0.0, "slope_scalar": 17.01337425979508}, "datetime": {"datetime": "2025-03-11 17:37:41", "elapsed": 26885.175911, "delta": 989.064673}}
{"target": 0.002488019255325121, "params": {"intercept_scalar": 2.968878971585003, "slope_scalar": 19.24047506456322}, "datetime": {"datetime": "2025-03-11 17:53:55", "elapsed": 27859.125531, "delta": 973.94962}}
{"target": -0.06222813909167516, "params": {"intercept_scalar": 0.0, "slope_scalar": 1.0}, "datetime": {"datetime": "2025-03-11 18:10:14", "elapsed": 28838.122116, "delta": 978.996585}}
