{"target": 0.2690095214725964, "params": {"baseflow": 0.42038715430608997, "fmax": 0.31876831690995533}, "datetime": {"datetime": "2024-04-05 09:07:53", "elapsed": 0.0, "delta": 0.0}}
{"target": 0.32910292441760625, "params": {"baseflow": 3.361196029413658, "fmax": 0.21012031067130046}, "datetime": {"datetime": "2024-04-05 09:16:20", "elapsed": 506.514888, "delta": 506.514888}}
{"target": 0.272098762890622, "params": {"baseflow": 4.72670692003682, "fmax": 0.2623589301996287}, "datetime": {"datetime": "2024-04-05 09:24:31", "elapsed": 997.722563, "delta": 491.207675}}
{"target": 0.2974388801067588, "params": {"baseflow": 2.0129355902275314, "fmax": 0.04655548450762464}, "datetime": {"datetime": "2024-04-05 09:36:47", "elapsed": 1734.090454, "delta": 736.367891}}
{"target": 0.26682741002748944, "params": {"baseflow": 0.6218062646058109, "fmax": 0.29107651318436106}, "datetime": {"datetime": "2024-04-05 09:48:24", "elapsed": 2430.834778, "delta": 696.744324}}
{"target": 0.32716641321834017, "params": {"baseflow": 6.6551636207207165, "fmax": 0.20939096035035185}, "datetime": {"datetime": "2024-04-05 09:58:30", "elapsed": 3037.016001, "delta": 606.181223}}
{"target": 0.35777658880992874, "params": {"baseflow": 3.3120589611201368, "fmax": 0.060492020607559475}, "datetime": {"datetime": "2024-04-05 10:06:31", "elapsed": 3517.787161, "delta": 480.77116}}
{"target": 0.17255034931074592, "params": {"baseflow": 9.36128840464881, "fmax": 0.004209917273173813}, "datetime": {"datetime": "2024-04-05 10:14:42", "elapsed": 4008.618756, "delta": 490.831595}}
{"target": 0.2674623009129377, "params": {"baseflow": 0.5843632625096418, "fmax": 0.2935333387804017}, "datetime": {"datetime": "2024-04-05 10:31:59", "elapsed": 5045.595458, "delta": 1036.976702}}
{"target": 0.27897585067980746, "params": {"baseflow": 6.832446706469107, "fmax": 0.2214540912827225}, "datetime": {"datetime": "2024-04-05 11:05:48", "elapsed": 7074.68726, "delta": 2029.091802}}
{"target": 0.2715687785043749, "params": {"baseflow": 7.755083997434914, "fmax": 0.32198188203812655}, "datetime": {"datetime": "2024-04-05 11:13:24", "elapsed": 7530.669255, "delta": 455.981995}}
{"target": 0.3343860867071141, "params": {"baseflow": 6.947484897162029, "fmax": 0.08169514213022358}, "datetime": {"datetime": "2024-04-05 11:20:55", "elapsed": 7981.45977, "delta": 450.790515}}
{"target": 0.3028836432084812, "params": {"baseflow": 9.723559909380889, "fmax": 0.14550415698356978}, "datetime": {"datetime": "2024-04-05 11:28:26", "elapsed": 8432.235437, "delta": 450.775667}}
{"target": 0.2911468537904213, "params": {"baseflow": 3.857580820952627, "fmax": 0.10807155889884}, "datetime": {"datetime": "2024-04-05 11:36:02", "elapsed": 8888.481412, "delta": 456.245975}}
{"target": 0.29916797858925837, "params": {"baseflow": 2.24713128228721, "fmax": 0.3462981593513654}, "datetime": {"datetime": "2024-04-05 11:43:33", "elapsed": 9339.462777, "delta": 450.981365}}
{"target": 0.28292310414883715, "params": {"baseflow": 8.90483695459599, "fmax": 0.21677060281218916}, "datetime": {"datetime": "2024-04-05 11:50:59", "elapsed": 9785.288876, "delta": 445.826099}}
{"target": 0.35521756116395636, "params": {"baseflow": 0.7853421153425766, "fmax": 0.0694373793121089}, "datetime": {"datetime": "2024-04-05 11:58:39", "elapsed": 10246.113647, "delta": 460.824771}}
{"target": 0.27631185141409415, "params": {"baseflow": 4.061097254562385, "fmax": 0.22139111811882986}, "datetime": {"datetime": "2024-04-05 12:06:30", "elapsed": 10717.05027, "delta": 470.936623}}
{"target": 0.26433222679223517, "params": {"baseflow": 2.431581519649495, "fmax": 0.3260148163221843}, "datetime": {"datetime": "2024-04-05 12:14:37", "elapsed": 11203.293954, "delta": 486.243684}}
{"target": 0.27502913425384673, "params": {"baseflow": 8.745427804149642, "fmax": 0.33257424158219434}, "datetime": {"datetime": "2024-04-05 12:22:03", "elapsed": 11649.907296, "delta": 446.613342}}
{"target": 0.15387141986647274, "params": {"baseflow": 0.9113952436643459, "fmax": 0.0}, "datetime": {"datetime": "2024-04-05 12:29:34", "elapsed": 12100.960756, "delta": 451.05346}}
{"target": 0.3306705790708836, "params": {"baseflow": 3.3126409259974143, "fmax": 0.11969540919150279}, "datetime": {"datetime": "2024-04-05 12:37:25", "elapsed": 12572.020731, "delta": 471.059975}}
{"target": 0.28706930515394913, "params": {"baseflow": 3.312359016204234, "fmax": 0.11368228109059415}, "datetime": {"datetime": "2024-04-05 12:44:51", "elapsed": 13017.807155, "delta": 445.786424}}
{"target": 0.2774398438788587, "params": {"baseflow": 1.073501680069201, "fmax": 0.21995555670106595}, "datetime": {"datetime": "2024-04-05 12:52:22", "elapsed": 13468.810631, "delta": 451.003476}}
{"target": 0.2649404098158137, "params": {"baseflow": 0.46816943999297145, "fmax": 0.3094227233784656}, "datetime": {"datetime": "2024-04-05 13:00:13", "elapsed": 13940.062901, "delta": 471.25227}}
{"target": 0.35614359670195245, "params": {"baseflow": 0.7839459003166105, "fmax": 0.07580129230808241}, "datetime": {"datetime": "2024-04-05 13:07:54", "elapsed": 14401.064319, "delta": 461.001418}}
{"target": 0.2987872538795141, "params": {"baseflow": 2.249084120589461, "fmax": 0.3465989171355038}, "datetime": {"datetime": "2024-04-05 13:15:26", "elapsed": 14852.217936, "delta": 451.153617}}
{"target": 0.3305806997954665, "params": {"baseflow": 6.884039968284118, "fmax": 0.09277811869490526}, "datetime": {"datetime": "2024-04-05 13:23:07", "elapsed": 15313.432311, "delta": 461.214375}}
{"target": 0.292133892474917, "params": {"baseflow": 3.3002362769609492, "fmax": 0.04650480891354088}, "datetime": {"datetime": "2024-04-05 13:30:43", "elapsed": 15769.673736, "delta": 456.241425}}
{"target": 0.3583757931023475, "params": {"baseflow": 3.302028909560372, "fmax": 0.07147876339295141}, "datetime": {"datetime": "2024-04-05 13:38:09", "elapsed": 16215.512913, "delta": 445.839177}}
{"target": 0.33228113150187055, "params": {"baseflow": 3.3297458558416415, "fmax": 0.06661758460882128}, "datetime": {"datetime": "2024-04-05 13:46:15", "elapsed": 16702.111694, "delta": 486.598781}}
{"target": 0.3313203416419428, "params": {"baseflow": 3.3288348700697226, "fmax": 0.064125452370188}, "datetime": {"datetime": "2024-04-05 13:53:52", "elapsed": 17158.362795, "delta": 456.251101}}
{"target": 0.3154599888321456, "params": {"baseflow": 3.328544700923448, "fmax": 0.13901912618430426}, "datetime": {"datetime": "2024-04-05 14:01:33", "elapsed": 17619.68931, "delta": 461.326515}}
{"target": 0.3620363193110659, "params": {"baseflow": 0.7631566018925418, "fmax": 0.07795934332664017}, "datetime": {"datetime": "2024-04-05 14:09:49", "elapsed": 18116.038961, "delta": 496.349651}}
{"target": 0.3204550916963955, "params": {"baseflow": 3.290712087024189, "fmax": 0.13101877800896666}, "datetime": {"datetime": "2024-04-05 14:17:45", "elapsed": 18592.056961, "delta": 476.018}}
{"target": 0.33503358467504435, "params": {"baseflow": 0.7412952052679289, "fmax": 0.06636201048677447}, "datetime": {"datetime": "2024-04-05 14:25:56", "elapsed": 19082.987021, "delta": 490.93006}}
{"target": 0.29016208505190394, "params": {"baseflow": 3.8115109681103734, "fmax": 0.09245108554410351}, "datetime": {"datetime": "2024-04-05 14:33:42", "elapsed": 19549.032361, "delta": 466.04534}}
{"target": 0.3311814954406475, "params": {"baseflow": 8.02359496908032, "fmax": 0.11909645216071159}, "datetime": {"datetime": "2024-04-05 14:41:17", "elapsed": 20003.86424, "delta": 454.831879}}
{"target": 0.3165802918025891, "params": {"baseflow": 9.219581673541464, "fmax": 0.24040311377599638}, "datetime": {"datetime": "2024-04-05 14:48:54", "elapsed": 20460.535679, "delta": 456.671439}}
{"target": 0.29076632870325186, "params": {"baseflow": 0.7434433128157114, "fmax": 0.09384052885004142}, "datetime": {"datetime": "2024-04-05 14:56:30", "elapsed": 20916.52909, "delta": 455.993411}}
{"target": 0.34072967035004764, "params": {"baseflow": 0.7688863369131937, "fmax": 0.051025171996140234}, "datetime": {"datetime": "2024-04-05 15:04:01", "elapsed": 21367.501602, "delta": 450.972512}}
{"target": 0.362525914254, "params": {"baseflow": 1.103143990328057, "fmax": 0.0675829363483893}, "datetime": {"datetime": "2024-04-05 15:11:32", "elapsed": 21818.542366, "delta": 451.040764}}
{"target": 0.2905216699970243, "params": {"baseflow": 6.883447385728352, "fmax": 0.09264282553700079}, "datetime": {"datetime": "2024-04-05 15:19:54", "elapsed": 22320.249863, "delta": 501.707497}}
{"target": 0.35656115316487413, "params": {"baseflow": 6.504196392994598, "fmax": 0.07489286239165627}, "datetime": {"datetime": "2024-04-05 15:27:35", "elapsed": 22782.08346, "delta": 461.833597}}
{"target": 0.3143791411875468, "params": {"baseflow": 5.251807590494829, "fmax": 0.13734866554479352}, "datetime": {"datetime": "2024-04-05 15:35:07", "elapsed": 23233.790645, "delta": 451.707185}}
{"target": 0.3262034036845074, "params": {"baseflow": 9.850764927145455, "fmax": 0.08213585374652976}, "datetime": {"datetime": "2024-04-05 15:43:29", "elapsed": 23735.533329, "delta": 501.742684}}
{"target": 0.2847270784472916, "params": {"baseflow": 3.7122913608979013, "fmax": 0.3422189435326437}, "datetime": {"datetime": "2024-04-05 15:51:05", "elapsed": 24191.883227, "delta": 456.349898}}
{"target": 0.294426095024592, "params": {"baseflow": 7.3060261982117645, "fmax": 0.3403592641471641}, "datetime": {"datetime": "2024-04-05 16:00:38", "elapsed": 24764.279368, "delta": 572.396141}}
{"target": 0.307254139011904, "params": {"baseflow": 5.995306379723774, "fmax": 0.39336528575960295}, "datetime": {"datetime": "2024-04-05 16:08:49", "elapsed": 25255.32886, "delta": 491.049492}}
{"target": 0.2670479482650009, "params": {"baseflow": 9.36327980621438, "fmax": 0.295659709536183}, "datetime": {"datetime": "2024-04-05 16:16:20", "elapsed": 25706.945015, "delta": 451.616155}}
{"target": 0.2743693582473288, "params": {"baseflow": 3.6151569975242714, "fmax": 0.2454869962199037}, "datetime": {"datetime": "2024-04-05 16:23:57", "elapsed": 26163.603133, "delta": 456.658118}}
{"target": 0.2726760760715453, "params": {"baseflow": 7.362983216614546, "fmax": 0.2434708160692213}, "datetime": {"datetime": "2024-04-05 16:31:58", "elapsed": 26644.546674, "delta": 480.943541}}
{"target": 0.2759036470185035, "params": {"baseflow": 1.9442482116437654, "fmax": 0.33474484100070223}, "datetime": {"datetime": "2024-04-05 16:39:39", "elapsed": 27105.797858, "delta": 461.251184}}
{"target": 0.15294442656910243, "params": {"baseflow": 5.852712442682366, "fmax": 0.0013883033103438969}, "datetime": {"datetime": "2024-04-05 16:47:10", "elapsed": 27556.791882, "delta": 450.994024}}
{"target": 0.3576518272760114, "params": {"baseflow": 2.3655120237133307, "fmax": 0.05973124320883408}, "datetime": {"datetime": "2024-04-05 16:54:56", "elapsed": 28022.903806, "delta": 466.111924}}
{"target": 0.3556790743602436, "params": {"baseflow": 6.87441825307601, "fmax": 0.048560443428839944}, "datetime": {"datetime": "2024-04-05 17:02:42", "elapsed": 28488.719305, "delta": 465.815499}}
{"target": 0.3071144361065726, "params": {"baseflow": 7.133063574919307, "fmax": 0.3718243607350337}, "datetime": {"datetime": "2024-04-05 17:10:23", "elapsed": 28949.808258, "delta": 461.088953}}
{"target": 0.21022090215706055, "params": {"baseflow": 5.401063101356785, "fmax": 0.011687545751739538}, "datetime": {"datetime": "2024-04-05 17:34:18", "elapsed": 30384.539654, "delta": 1434.731396}}
{"target": 0.27525818183136336, "params": {"baseflow": 6.229399664746445, "fmax": 0.2661148134853214}, "datetime": {"datetime": "2024-04-05 17:42:24", "elapsed": 30870.735113, "delta": 486.195459}}
{"target": 0.30832754121299044, "params": {"baseflow": 6.156874927249446, "fmax": 0.37786377075811073}, "datetime": {"datetime": "2024-04-05 17:50:00", "elapsed": 31326.93418, "delta": 456.199067}}
{"target": 0.22318663278037862, "params": {"baseflow": 8.879202799688322, "fmax": 0.01549210127542593}, "datetime": {"datetime": "2024-04-05 18:01:41", "elapsed": 32028.127213, "delta": 701.193033}}
{"target": 0.30548997310177733, "params": {"baseflow": 0.8428944105560165, "fmax": 0.1467387798801159}, "datetime": {"datetime": "2024-04-05 18:09:18", "elapsed": 32484.195447, "delta": 456.068234}}
{"target": 0.28620881826499095, "params": {"baseflow": 2.8671455309505367, "fmax": 0.3494256999257509}, "datetime": {"datetime": "2024-04-05 18:17:14", "elapsed": 32960.379156, "delta": 476.183709}}
{"target": 0.3308698811560451, "params": {"baseflow": 4.974062654461936, "fmax": 0.12438841005433976}, "datetime": {"datetime": "2024-04-05 19:33:55", "elapsed": 37562.07575, "delta": 4601.696594}}
{"target": 0.18603970434892764, "params": {"baseflow": 6.957359259646822, "fmax": 0.0070710437365909765}, "datetime": {"datetime": "2024-04-05 19:47:32", "elapsed": 38378.731358, "delta": 816.655608}}
{"target": 0.2794255738552138, "params": {"baseflow": 1.6249795997974537, "fmax": 0.22671487967627818}, "datetime": {"datetime": "2024-04-05 19:57:48", "elapsed": 38994.982781, "delta": 616.251423}}
{"target": 0.32044442381002436, "params": {"baseflow": 8.451447853521676, "fmax": 0.19093896198607474}, "datetime": {"datetime": "2024-04-05 20:06:19", "elapsed": 39506.078293, "delta": 511.095512}}
{"target": 0.27526755003524167, "params": {"baseflow": 2.9146007586157796, "fmax": 0.2632530288736643}, "datetime": {"datetime": "2024-04-05 20:14:11", "elapsed": 39977.350701, "delta": 471.272408}}
{"target": 0.27510246856850773, "params": {"baseflow": 9.590732091587878, "fmax": 0.26438493996400186}, "datetime": {"datetime": "2024-04-05 20:22:02", "elapsed": 40448.672671, "delta": 471.32197}}
{"target": 0.29767311092823856, "params": {"baseflow": 2.80560866460686, "fmax": 0.3027217921032819}, "datetime": {"datetime": "2024-04-05 20:29:33", "elapsed": 40900.11877, "delta": 451.446099}}
{"target": 0.28612889929649415, "params": {"baseflow": 9.593408710170081, "fmax": 0.36250340055783054}, "datetime": {"datetime": "2024-04-05 20:37:45", "elapsed": 41391.199454, "delta": 491.080684}}
{"target": 0.2907866916834097, "params": {"baseflow": 2.2115854368394583, "fmax": 0.362991093742017}, "datetime": {"datetime": "2024-04-05 20:45:20", "elapsed": 41846.978268, "delta": 455.778814}}
{"target": 0.336008939502617, "params": {"baseflow": 6.385563967358227, "fmax": 0.1240308351742935}, "datetime": {"datetime": "2024-04-05 20:52:57", "elapsed": 42303.308129, "delta": 456.329861}}
