{"target": 0.20448481003563906, "params": {"baseflow": 7.601370568382025, "fmax": 0.14647799931680192}, "datetime": {"datetime": "2024-04-15 08:43:33", "elapsed": 0.0, "delta": 0.0}}
{"target": 0.15731543624569289, "params": {"baseflow": 5.489111757128916, "fmax": 0.00803708531447538}, "datetime": {"datetime": "2024-04-15 08:51:14", "elapsed": 461.056218, "delta": 461.056218}}
{"target": 0.20917353106697997, "params": {"baseflow": 0.12221613081773275, "fmax": 0.18262737834496298}, "datetime": {"datetime": "2024-04-15 08:58:55", "elapsed": 921.897274, "delta": 460.841056}}
{"target": 0.2975251863180017, "params": {"baseflow": 9.83118876475576, "fmax": 0.3855760349851663}, "datetime": {"datetime": "2024-04-15 09:06:30", "elapsed": 1377.616511, "delta": 455.719237}}
{"target": 0.3046363687600535, "params": {"baseflow": 0.8620283704462894, "fmax": 0.20442764472441555}, "datetime": {"datetime": "2024-04-15 09:13:56", "elapsed": 1823.387296, "delta": 445.770785}}
{"target": 0.20910469869591009, "params": {"baseflow": 8.13512808287183, "fmax": 0.1774250800105225}, "datetime": {"datetime": "2024-04-15 09:21:27", "elapsed": 2274.169538, "delta": 450.782242}}
{"target": 0.4916187571996004, "params": {"baseflow": 7.7731724594813585, "fmax": 0.12471159692447681}, "datetime": {"datetime": "2024-04-15 09:28:58", "elapsed": 2724.99157, "delta": 450.822032}}
{"target": 0.004824167697721999, "params": {"baseflow": 3.1617702510635812, "fmax": 0.29790799504416593}, "datetime": {"datetime": "2024-04-15 09:36:19", "elapsed": 3165.775018, "delta": 440.783448}}
{"target": 0.1912119848782084, "params": {"baseflow": 0.28668862024697095, "fmax": 0.08207186324885113}, "datetime": {"datetime": "2024-04-15 09:44:29", "elapsed": 3656.648003, "delta": 490.872985}}
{"target": 0.44505868293490997, "params": {"baseflow": 5.525120970041463, "fmax": 0.09747820941254669}, "datetime": {"datetime": "2024-04-15 09:52:35", "elapsed": 4142.52658, "delta": 485.878577}}
{"target": 0.019662978759621683, "params": {"baseflow": 8.533404995077586, "fmax": 0.2607356278996585}, "datetime": {"datetime": "2024-04-15 10:02:26", "elapsed": 4733.612091, "delta": 591.085511}}
{"target": 0.4792260239884118, "params": {"baseflow": 5.935020524734556, "fmax": 0.07523922821883962}, "datetime": {"datetime": "2024-04-15 10:10:03", "elapsed": 5189.775037, "delta": 456.162946}}
{"target": 0.20449047806266762, "params": {"baseflow": 3.118020804818288, "fmax": 0.150828833217797}, "datetime": {"datetime": "2024-04-15 10:17:38", "elapsed": 5645.588368, "delta": 455.813331}}
{"target": 0.20928033616395866, "params": {"baseflow": 7.89028964561202, "fmax": 0.16241370631588056}, "datetime": {"datetime": "2024-04-15 10:25:19", "elapsed": 6106.581644, "delta": 460.993276}}
{"target": 0.35397420524591405, "params": {"baseflow": 7.053920733562765, "fmax": 0.26651796283542123}, "datetime": {"datetime": "2024-04-15 10:33:00", "elapsed": 6567.310488, "delta": 460.728844}}
{"target": 0.24423877010703823, "params": {"baseflow": 6.963892414438292, "fmax": 0.04987545452795135}, "datetime": {"datetime": "2024-04-15 10:40:26", "elapsed": 7013.332493, "delta": 446.022005}}
{"target": 0.23016967250442474, "params": {"baseflow": 6.557607327741114, "fmax": 0.35112939649965774}, "datetime": {"datetime": "2024-04-15 10:47:57", "elapsed": 7464.176687, "delta": 450.844194}}
{"target": 0.3259276353054489, "params": {"baseflow": 0.6526594407385933, "fmax": 0.2203897190039073}, "datetime": {"datetime": "2024-04-15 10:55:58", "elapsed": 7945.012115, "delta": 480.835428}}
{"target": 0.3445692158921849, "params": {"baseflow": 6.250541870251835, "fmax": 0.22997635392543644}, "datetime": {"datetime": "2024-04-15 11:03:44", "elapsed": 8411.043979, "delta": 466.031864}}
{"target": 0.30572244059651693, "params": {"baseflow": 0.981889040981414, "fmax": 0.23535787910142988}, "datetime": {"datetime": "2024-04-15 11:11:30", "elapsed": 8877.05317, "delta": 466.009191}}
{"target": 0.004273797257766354, "params": {"baseflow": 0.9850385968883668, "fmax": 0.29597450913286477}, "datetime": {"datetime": "2024-04-15 11:19:26", "elapsed": 9352.768886, "delta": 475.715716}}
{"target": 0.22973942516413265, "params": {"baseflow": 5.749713941897055, "fmax": 0.044416812372532415}, "datetime": {"datetime": "2024-04-15 11:27:06", "elapsed": 9813.59519, "delta": 460.826304}}
{"target": 0.3078030590220825, "params": {"baseflow": 7.737538688849227, "fmax": 0.38502181965044957}, "datetime": {"datetime": "2024-04-15 11:34:53", "elapsed": 10279.723983, "delta": 466.128793}}
{"target": 0.34762206287089253, "params": {"baseflow": 9.927069390377909, "fmax": 0.22210620925792268}, "datetime": {"datetime": "2024-04-15 11:42:39", "elapsed": 10745.763461, "delta": 466.039478}}
{"target": 0.25874463263722386, "params": {"baseflow": 2.3943530396736215, "fmax": 0.34723549595153025}, "datetime": {"datetime": "2024-04-15 11:50:15", "elapsed": 11201.83519, "delta": 456.071729}}
{"target": 0.006459068533209949, "params": {"baseflow": 1.4369657233781297, "fmax": 0.324154007756865}, "datetime": {"datetime": "2024-04-15 11:57:50", "elapsed": 11657.564021, "delta": 455.728831}}
{"target": 0.5744211940577082, "params": {"baseflow": 5.860143142762127, "fmax": 0.11760482630267571}, "datetime": {"datetime": "2024-04-15 12:06:31", "elapsed": 12178.490942, "delta": 520.926921}}
{"target": 0.004259070136753374, "params": {"baseflow": 9.395119926978111, "fmax": 0.2982157287951525}, "datetime": {"datetime": "2024-04-15 12:17:33", "elapsed": 12840.611425, "delta": 662.120483}}
{"target": 0.24278766813436478, "params": {"baseflow": 2.084155954857243, "fmax": 0.3447459872636851}, "datetime": {"datetime": "2024-04-15 12:27:49", "elapsed": 13456.644747, "delta": 616.033322}}
{"target": 0.005660254704380701, "params": {"baseflow": 7.893209211220416, "fmax": 0.3215820391764066}, "datetime": {"datetime": "2024-04-15 12:37:15", "elapsed": 14022.546407, "delta": 565.90166}}
{"target": 0.4207299255630995, "params": {"baseflow": 5.896018177851852, "fmax": 0.09450254414874833}, "datetime": {"datetime": "2024-04-15 12:45:51", "elapsed": 14538.531202, "delta": 515.984795}}
{"target": 0.2845242919941879, "params": {"baseflow": 5.873656367905354, "fmax": 0.14216577296136526}, "datetime": {"datetime": "2024-04-15 12:55:27", "elapsed": 15114.545061, "delta": 576.013859}}
{"target": 0.00493014717556501, "params": {"baseflow": 1.2538911200149017, "fmax": 0.2953289134297319}, "datetime": {"datetime": "2024-04-15 13:04:08", "elapsed": 15635.416681, "delta": 520.87162}}
{"target": 0.23041364300496284, "params": {"baseflow": 5.833812160937864, "fmax": 0.11195589889585565}, "datetime": {"datetime": "2024-04-15 13:13:19", "elapsed": 16186.412956, "delta": 550.996275}}
{"target": 0.2067164497899799, "params": {"baseflow": 0.8520499015310057, "fmax": 0.14856497240674646}, "datetime": {"datetime": "2024-04-15 13:21:45", "elapsed": 16692.281007, "delta": 505.868051}}
{"target": 0.006864170077763976, "params": {"baseflow": 0.8819661086159092, "fmax": 0.29306848224908305}, "datetime": {"datetime": "2024-04-15 13:30:01", "elapsed": 17188.144217, "delta": 495.86321}}
{"target": 0.47852220923499056, "params": {"baseflow": 9.103798898592878, "fmax": 0.07120611109661344}, "datetime": {"datetime": "2024-04-15 13:38:17", "elapsed": 17684.059426, "delta": 495.915209}}
{"target": 0.22572184856270178, "params": {"baseflow": 1.9089685795055855, "fmax": 0.34534198029828256}, "datetime": {"datetime": "2024-04-15 13:46:48", "elapsed": 18194.970694, "delta": 510.911268}}
{"target": 0.20809455024569462, "params": {"baseflow": 1.2799480734479207, "fmax": 0.16958422311063753}, "datetime": {"datetime": "2024-04-15 13:54:59", "elapsed": 18685.870897, "delta": 490.900203}}
{"target": 0.19700035789088777, "params": {"baseflow": 5.893724007849323, "fmax": 0.09307527080451111}, "datetime": {"datetime": "2024-04-15 14:02:35", "elapsed": 19141.779643, "delta": 455.908746}}
{"target": 0.35271474206147924, "params": {"baseflow": 3.9149709694690147, "fmax": 0.26155865225656616}, "datetime": {"datetime": "2024-04-15 14:10:17", "elapsed": 19604.098488, "delta": 462.318845}}
{"target": 0.00738660492326305, "params": {"baseflow": 0.8241317059962838, "fmax": 0.2933901009606191}, "datetime": {"datetime": "2024-04-15 14:17:53", "elapsed": 20059.923149, "delta": 455.824661}}
{"target": 0.5752264626312866, "params": {"baseflow": 9.91775453015876, "fmax": 0.11789952975506646}, "datetime": {"datetime": "2024-04-15 14:25:39", "elapsed": 20525.774069, "delta": 465.85092}}
{"target": 0.007437740988415292, "params": {"baseflow": 1.6081178312807776, "fmax": 0.30006920358837746}, "datetime": {"datetime": "2024-04-15 17:29:15", "elapsed": 31542.206244, "delta": 11016.432175}}
{"target": 0.16110930751082328, "params": {"baseflow": 6.141393465608008, "fmax": 0.0039789301130181975}, "datetime": {"datetime": "2024-04-15 17:37:01", "elapsed": 32008.057476, "delta": 465.851232}}
{"target": 0.30450497807707516, "params": {"baseflow": 1.3515045162010009, "fmax": 0.20369911765809368}, "datetime": {"datetime": "2024-04-15 17:44:47", "elapsed": 32473.885108, "delta": 465.827632}}
{"target": 0.42186669833538787, "params": {"baseflow": 3.726483165353068, "fmax": 0.33280111656131955}, "datetime": {"datetime": "2024-04-15 17:52:13", "elapsed": 32919.744073, "delta": 445.858965}}
{"target": 0.163543066283648, "params": {"baseflow": 2.382146340802648, "fmax": 0.00046989619319006695}, "datetime": {"datetime": "2024-04-15 17:59:48", "elapsed": 33375.577645, "delta": 455.833572}}
{"target": 0.2094474613802143, "params": {"baseflow": 6.240795420536491, "fmax": 0.18080637483497877}, "datetime": {"datetime": "2024-04-15 18:07:45", "elapsed": 33851.853568, "delta": 476.275923}}
{"target": 0.26933783133715544, "params": {"baseflow": 8.56183333448078, "fmax": 0.38670606630594634}, "datetime": {"datetime": "2024-04-15 18:15:40", "elapsed": 34327.72306, "delta": 475.869492}}
{"target": 0.22594641315996328, "params": {"baseflow": 7.85181329316231, "fmax": 0.3544850295859524}, "datetime": {"datetime": "2024-04-15 18:23:36", "elapsed": 34803.636983, "delta": 475.913923}}
{"target": 0.49623823152261454, "params": {"baseflow": 1.7530403663073046, "fmax": 0.12346280550468194}, "datetime": {"datetime": "2024-04-15 18:31:47", "elapsed": 35294.528677, "delta": 490.891694}}
{"target": 0.2846295724610295, "params": {"baseflow": 1.1167388829989833, "fmax": 0.14149562699793902}, "datetime": {"datetime": "2024-04-15 18:39:58", "elapsed": 35785.370692, "delta": 490.842015}}
{"target": 0.6126045603193127, "params": {"baseflow": 0.14275787746768853, "fmax": 0.10029317459992271}, "datetime": {"datetime": "2024-04-15 18:47:49", "elapsed": 36256.278265, "delta": 470.907573}}
{"target": 0.28460438992429604, "params": {"baseflow": 6.351771323654733, "fmax": 0.2100111781398303}, "datetime": {"datetime": "2024-04-15 18:55:45", "elapsed": 36732.266909, "delta": 475.988644}}
{"target": 0.3552400230962349, "params": {"baseflow": 2.5859859605568616, "fmax": 0.2711051779841089}, "datetime": {"datetime": "2024-04-15 19:03:41", "elapsed": 37208.360672, "delta": 476.093763}}
{"target": 0.36900952112775837, "params": {"baseflow": 2.657892159669506, "fmax": 0.26850706764076904}, "datetime": {"datetime": "2024-04-15 19:12:02", "elapsed": 37709.691312, "delta": 501.33064}}
{"target": 0.2661850440336337, "params": {"baseflow": 5.397411640361536, "fmax": 0.056327849541569025}, "datetime": {"datetime": "2024-04-15 19:20:23", "elapsed": 38210.59638, "delta": 500.905068}}
{"target": 0.5168714801997737, "params": {"baseflow": 8.95485375134307, "fmax": 0.3249714061254613}, "datetime": {"datetime": "2024-04-15 19:27:59", "elapsed": 38666.432152, "delta": 455.835772}}
{"target": 0.20267408858145333, "params": {"baseflow": 3.174197846073633, "fmax": 0.13324531597020636}, "datetime": {"datetime": "2024-04-15 19:35:45", "elapsed": 39132.585311, "delta": 466.153159}}
{"target": 0.2036586874130649, "params": {"baseflow": 6.497824518222405, "fmax": 0.1433618352597069}, "datetime": {"datetime": "2024-04-15 19:43:41", "elapsed": 39608.639156, "delta": 476.053845}}
{"target": 0.49177572662511326, "params": {"baseflow": 2.97293198174702, "fmax": 0.12404379230478431}, "datetime": {"datetime": "2024-04-15 19:51:37", "elapsed": 40084.672968, "delta": 476.033812}}
{"target": 0.17011905047696688, "params": {"baseflow": 3.553942282534006, "fmax": 0.0660470441904879}, "datetime": {"datetime": "2024-04-15 19:59:24", "elapsed": 40550.729565, "delta": 466.056597}}
{"target": 0.23109612579878355, "params": {"baseflow": 4.74998388736319, "fmax": 0.35545400374247926}, "datetime": {"datetime": "2024-04-15 20:08:55", "elapsed": 41121.937154, "delta": 571.207589}}
{"target": 0.0022769348821878106, "params": {"baseflow": 2.3653260336700432, "fmax": 0.3079178208293274}, "datetime": {"datetime": "2024-04-15 20:17:02", "elapsed": 41609.713986, "delta": 487.776832}}
{"target": 0.16313328018197928, "params": {"baseflow": 9.588294734060211, "fmax": 0.0014112972817093006}, "datetime": {"datetime": "2024-04-15 20:25:09", "elapsed": 42095.801664, "delta": 486.087678}}
{"target": 0.3254140022768158, "params": {"baseflow": 8.938831925818356, "fmax": 0.21887253986255925}, "datetime": {"datetime": "2024-04-15 20:33:45", "elapsed": 42611.901545, "delta": 516.099881}}
{"target": 0.04550264471856119, "params": {"baseflow": 8.55142541364041, "fmax": 0.26244680396920333}, "datetime": {"datetime": "2024-04-15 21:27:35", "elapsed": 0.0, "delta": 0.0}}
{"target": 0.4800551591781465, "params": {"baseflow": 5.940553003320475, "fmax": 0.07568123094637083}, "datetime": {"datetime": "2024-04-15 21:35:06", "elapsed": 450.820053, "delta": 450.820053}}
{"target": 0.20408362685704248, "params": {"baseflow": 3.1273936437262697, "fmax": 0.1511681892577569}, "datetime": {"datetime": "2024-04-15 21:42:36", "elapsed": 901.673768, "delta": 450.853715}}
{"target": 0.20968327106862072, "params": {"baseflow": 7.898922428217769, "fmax": 0.16338589229355027}, "datetime": {"datetime": "2024-04-15 21:50:12", "elapsed": 1357.557708, "delta": 455.88394}}
{"target": 0.3543974596016098, "params": {"baseflow": 7.05793709685095, "fmax": 0.26669993769258393}, "datetime": {"datetime": "2024-04-15 21:57:53", "elapsed": 1818.403127, "delta": 460.845419}}
{"target": 0.25171826335685293, "params": {"baseflow": 6.976307809097245, "fmax": 0.05130720037005976}, "datetime": {"datetime": "2024-04-15 22:05:59", "elapsed": 2304.302097, "delta": 485.89897}}
{"target": 0.2357812975660617, "params": {"baseflow": 6.57168418065164, "fmax": 0.3513292413060527}, "datetime": {"datetime": "2024-04-15 22:13:35", "elapsed": 2760.214564, "delta": 455.912467}}
{"target": 0.3252968725821352, "params": {"baseflow": 0.6569015355967337, "fmax": 0.220471231370409}, "datetime": {"datetime": "2024-04-15 22:21:21", "elapsed": 3225.990052, "delta": 465.775488}}
{"target": 0.33387288563954204, "params": {"baseflow": 6.255650737220631, "fmax": 0.23020802158494516}, "datetime": {"datetime": "2024-04-15 22:28:57", "elapsed": 3681.8623, "delta": 455.872248}}
{"target": 0.317949259581571, "params": {"baseflow": 0.9941622606640462, "fmax": 0.23558194918972059}, "datetime": {"datetime": "2024-04-15 22:36:32", "elapsed": 4137.695701, "delta": 455.833401}}
{"target": 0.005619629202466602, "params": {"baseflow": 0.9973197933961298, "fmax": 0.29611622438133106}, "datetime": {"datetime": "2024-04-15 22:44:08", "elapsed": 4593.596839, "delta": 455.901138}}
{"target": 0.610558678713901, "params": {"baseflow": 0.14665180788206444, "fmax": 0.10527725772704805}, "datetime": {"datetime": "2024-04-15 22:52:04", "elapsed": 5069.515418, "delta": 475.918579}}
{"target": 0.2681362036320941, "params": {"baseflow": 7.746793376734597, "fmax": 0.38508308849228245}, "datetime": {"datetime": "2024-04-15 22:59:45", "elapsed": 5530.247546, "delta": 460.732128}}
{"target": 0.35173314307156855, "params": {"baseflow": 9.929761835352439, "fmax": 0.22867367448775533}, "datetime": {"datetime": "2024-04-15 23:07:41", "elapsed": 6006.055147, "delta": 475.807601}}
{"target": 0.40162123341112854, "params": {"baseflow": 0.15000175683525852, "fmax": 0.10535098555154727}, "datetime": {"datetime": "2024-04-15 23:15:12", "elapsed": 6456.943718, "delta": 450.888571}}
{"target": 0.6133197233657536, "params": {"baseflow": 5.894931899262069, "fmax": 0.1003974253651605}, "datetime": {"datetime": "2024-04-15 23:22:53", "elapsed": 6917.827815, "delta": 460.884097}}
{"target": 0.23115821677174933, "params": {"baseflow": 0.13745739954705516, "fmax": 0.10840244639519425}, "datetime": {"datetime": "2024-04-15 23:30:29", "elapsed": 7373.742641, "delta": 455.914826}}
{"target": 0.004405896416806981, "params": {"baseflow": 9.402564877395347, "fmax": 0.2994685041570335}, "datetime": {"datetime": "2024-04-15 23:38:19", "elapsed": 7844.600151, "delta": 470.85751}}
{"target": 0.22682969605884704, "params": {"baseflow": 9.916275816122603, "fmax": 0.11351942228232637}, "datetime": {"datetime": "2024-04-15 23:46:00", "elapsed": 8305.468029, "delta": 460.867878}}
{"target": 0.005062273438662478, "params": {"baseflow": 7.901839067760521, "fmax": 0.32190325557609817}, "datetime": {"datetime": "2024-04-15 23:53:36", "elapsed": 8761.327378, "delta": 455.859349}}
{"target": 0.253690449454557, "params": {"baseflow": 0.1972992032078258, "fmax": 0.3477728125269963}, "datetime": {"datetime": "2024-04-16 00:01:42", "elapsed": 9247.223355, "delta": 485.895977}}
{"target": 0.20899066818087544, "params": {"baseflow": 8.563600954601638, "fmax": 0.16466458722784952}, "datetime": {"datetime": "2024-04-16 00:09:54", "elapsed": 9739.461046, "delta": 492.237691}}
{"target": 0.00436375558446448, "params": {"baseflow": 1.2658063300132285, "fmax": 0.2954715114689687}, "datetime": {"datetime": "2024-04-16 00:17:45", "elapsed": 10210.257704, "delta": 470.796658}}
{"target": 0.5744103190386474, "params": {"baseflow": 9.92058725768668, "fmax": 0.11906747113928154}, "datetime": {"datetime": "2024-04-16 00:25:46", "elapsed": 10691.075064, "delta": 480.81736}}
{"target": 0.4161724567764416, "params": {"baseflow": 5.897323465125513, "fmax": 0.09772027899997436}, "datetime": {"datetime": "2024-04-16 00:33:37", "elapsed": 11162.020096, "delta": 470.945032}}
{"target": 0.0068850123358750945, "params": {"baseflow": 0.8943867177555804, "fmax": 0.2932141446366676}, "datetime": {"datetime": "2024-04-16 00:41:18", "elapsed": 11622.849793, "delta": 460.829697}}
{"target": 0.4788659818745675, "params": {"baseflow": 9.10746486681771, "fmax": 0.07255106363834338}, "datetime": {"datetime": "2024-04-16 00:49:49", "elapsed": 12133.810504, "delta": 510.960711}}
{"target": 0.23820178874718245, "params": {"baseflow": 1.9199848923565597, "fmax": 0.34541639971572835}, "datetime": {"datetime": "2024-04-16 00:57:24", "elapsed": 12589.658818, "delta": 455.848314}}
{"target": 0.23397016640905577, "params": {"baseflow": 0.14753322570159044, "fmax": 0.10930324692805504}, "datetime": {"datetime": "2024-04-16 01:05:10", "elapsed": 13055.483306, "delta": 465.824488}}
{"target": 0.40842939969626757, "params": {"baseflow": 0.14638494734726004, "fmax": 0.09509655789203851}, "datetime": {"datetime": "2024-04-16 01:12:46", "elapsed": 13511.409966, "delta": 455.92666}}
{"target": 0.4051146831142649, "params": {"baseflow": 0.1450308763459418, "fmax": 0.10423694195902998}, "datetime": {"datetime": "2024-04-16 01:20:12", "elapsed": 13957.338635, "delta": 445.928669}}
{"target": 0.6131144732966952, "params": {"baseflow": 0.13766462248487654, "fmax": 0.10171455264600252}, "datetime": {"datetime": "2024-04-16 01:27:43", "elapsed": 14408.236647, "delta": 450.898012}}
{"target": 0.006563908240958515, "params": {"baseflow": 8.952302831436691, "fmax": 0.3240193455944047}, "datetime": {"datetime": "2024-04-16 01:35:19", "elapsed": 14864.097479, "delta": 455.860832}}
{"target": 0.004585035127754749, "params": {"baseflow": 1.6195511182417242, "fmax": 0.30020535152857003}, "datetime": {"datetime": "2024-04-16 01:42:40", "elapsed": 15304.908904, "delta": 440.811425}}
{"target": 0.6131548555913672, "params": {"baseflow": 0.14636805238023576, "fmax": 0.10137549848148103}, "datetime": {"datetime": "2024-04-16 01:50:11", "elapsed": 15756.013547, "delta": 451.104643}}
{"target": 0.6128836135688458, "params": {"baseflow": 5.527348500115117, "fmax": 0.10159944677771052}, "datetime": {"datetime": "2024-04-16 01:57:37", "elapsed": 16201.867931, "delta": 445.854384}}
{"target": 0.4441883784695266, "params": {"baseflow": 0.13210185223353044, "fmax": 0.09857693703924904}, "datetime": {"datetime": "2024-04-16 02:05:13", "elapsed": 16657.731128, "delta": 455.863197}}
{"target": 0.4394297335147525, "params": {"baseflow": 5.8963850992310665, "fmax": 0.1027454745002157}, "datetime": {"datetime": "2024-04-16 02:13:10", "elapsed": 17134.88367, "delta": 477.152542}}
{"target": 0.49279000220807867, "params": {"baseflow": 2.9727254520718183, "fmax": 0.12414135516213998}, "datetime": {"datetime": "2024-04-16 02:21:01", "elapsed": 17605.724535, "delta": 470.840865}}
{"target": 0.49205859307803473, "params": {"baseflow": 7.770076989639114, "fmax": 0.12518820485226276}, "datetime": {"datetime": "2024-04-16 02:28:46", "elapsed": 18071.671586, "delta": 465.947051}}
{"target": 0.6129807063350072, "params": {"baseflow": 5.892478400485841, "fmax": 0.10015640934110981}, "datetime": {"datetime": "2024-04-16 02:36:17", "elapsed": 18522.550387, "delta": 450.878801}}
{"target": 0.4956537921471617, "params": {"baseflow": 1.7567797885588607, "fmax": 0.12358819587694155}, "datetime": {"datetime": "2024-04-16 02:43:43", "elapsed": 18968.39412, "delta": 445.843733}}
{"target": 0.6136153454646858, "params": {"baseflow": 5.528700591162252, "fmax": 0.10061352364049642}, "datetime": {"datetime": "2024-04-16 02:51:54", "elapsed": 19459.374931, "delta": 490.980811}}
{"target": 0.44193431091949176, "params": {"baseflow": 0.1498552636335182, "fmax": 0.09892899260591906}, "datetime": {"datetime": "2024-04-16 02:59:25", "elapsed": 19910.178633, "delta": 450.803702}}
