{"target": 0.1986417295387359, "params": {"baseflow": 0.3498281719880636, "fff": 3.1154834794222253, "fmax": 0.7048497000249944, "slopebeta": -780.0200627784131}, "datetime": {"datetime": "2024-06-07 11:21:33", "elapsed": 0.0, "delta": 0.0}}
{"target": 0.1999331929232661, "params": {"baseflow": 8.42541313923373, "fff": 0.5701006757047717, "fmax": 0.14396442711751267, "slopebeta": -48.67596309081512}, "datetime": {"datetime": "2024-06-07 11:34:20", "elapsed": 767.600663, "delta": 767.600663}}
{"target": 0.19424185524725873, "params": {"baseflow": 1.6365434652940603, "fff": 4.408821873492415, "fmax": 0.20463521745509927, "slopebeta": -180.27387566761627}, "datetime": {"datetime": "2024-06-07 11:50:13", "elapsed": 1720.624711, "delta": 953.024048}}
{"target": 0.19828998980916715, "params": {"baseflow": 3.7724265842940605, "fff": 3.3142870476993402, "fmax": 0.5316215306216031, "slopebeta": -500.8386563572711}, "datetime": {"datetime": "2024-06-07 11:59:01", "elapsed": 2248.355274, "delta": 527.730563}}
{"target": 0.19906178202220562, "params": {"baseflow": 7.983849887502091, "fff": 4.025862322005215, "fmax": 0.24105459619038938, "slopebeta": -850.4984230070908}, "datetime": {"datetime": "2024-06-07 12:08:34", "elapsed": 2820.971331, "delta": 572.616057}}
{"target": 0.19623273837918767, "params": {"baseflow": 0.7244651740426722, "fff": 0.555827908013052, "fmax": 0.08508502817919594, "slopebeta": -925.0382093791566}, "datetime": {"datetime": "2024-06-07 12:18:10", "elapsed": 3397.239995, "delta": 576.268664}}
{"target": 0.19433048856914215, "params": {"baseflow": 1.2094997899963134, "fff": 0.19153608810129796, "fmax": 0.54861637156595, "slopebeta": -258.1460962196933}, "datetime": {"datetime": "2024-06-07 12:27:32", "elapsed": 3959.696878, "delta": 562.456883}}
{"target": 0.19912034194238282, "params": {"baseflow": 7.398854847095773, "fff": 2.3335226876928816, "fmax": 0.7434762831937319, "slopebeta": -771.2268678677846}, "datetime": {"datetime": "2024-06-07 12:37:21", "elapsed": 4547.988414, "delta": 588.291536}}
{"target": 0.19414504368362498, "params": {"baseflow": 0.9183247619382684, "fff": 3.799693626765917, "fmax": 0.2848962515138681, "slopebeta": -643.3104677443434}, "datetime": {"datetime": "2024-06-07 12:46:23", "elapsed": 5090.853587, "delta": 542.865173}}
{"target": 0.19965154040434283, "params": {"baseflow": 4.4475071203112275, "fff": 3.3613841054607496, "fmax": 0.6978319291154857, "slopebeta": -751.9032315752092}, "datetime": {"datetime": "2024-06-07 12:55:26", "elapsed": 5633.631217, "delta": 542.77763}}
{"target": 0.19838890780609458, "params": {"baseflow": 0.0, "fff": 3.03326463041252, "fmax": 1.0, "slopebeta": 10.0}, "datetime": {"datetime": "2024-06-07 13:12:20", "elapsed": 6647.369988, "delta": 1013.738771}}
{"target": 0.19494900683139324, "params": {"baseflow": 8.055698912054797, "fff": 0.6646011621346379, "fmax": 0.7482323553954763, "slopebeta": -49.70873283920184}, "datetime": {"datetime": "2024-06-07 13:21:13", "elapsed": 7180.041433, "delta": 532.671445}}
{"target": 0.19407975043762718, "params": {"baseflow": 3.5928235815283904, "fff": 1.966815047153979, "fmax": 0.7901653668447055, "slopebeta": -316.3226089941237}, "datetime": {"datetime": "2024-06-07 13:31:06", "elapsed": 7773.170562, "delta": 593.129129}}
{"target": 0.19932089570198078, "params": {"baseflow": 2.3388410440200724, "fff": 1.4653017832638349, "fmax": 0.20610352679045996, "slopebeta": -347.3383233682731}, "datetime": {"datetime": "2024-06-07 13:40:23", "elapsed": 8330.751987, "delta": 557.581425}}
{"target": 0.19933087630627733, "params": {"baseflow": 9.796425879923497, "fff": 2.4251178983943817, "fmax": 0.4405418117361011, "slopebeta": -618.4699296680004}, "datetime": {"datetime": "2024-06-07 13:53:54", "elapsed": 9141.152213, "delta": 810.400226}}
{"target": 0.1942444913657839, "params": {"baseflow": 8.397403815987026, "fff": 2.738250707000939, "fmax": 0.8161502012441717, "slopebeta": -270.50266020791366}, "datetime": {"datetime": "2024-06-07 14:04:31", "elapsed": 9778.907924, "delta": 637.755711}}
{"target": 0.19492865377335142, "params": {"baseflow": 1.1314687048813188, "fff": 3.182983842764994, "fmax": 0.21397516542976902, "slopebeta": -533.4329927145449}, "datetime": {"datetime": "2024-06-07 14:15:38", "elapsed": 10445.115339, "delta": 666.207415}}
{"target": 0.19429367620285123, "params": {"baseflow": 6.597115129012945, "fff": 1.0981596316731865, "fmax": 0.04993875936343606, "slopebeta": -90.19913755635912}, "datetime": {"datetime": "2024-06-07 14:26:12", "elapsed": 11078.989476, "delta": 633.874137}}
{"target": 0.199310096224176, "params": {"baseflow": 6.451127636677719, "fff": 2.2959238410983676, "fmax": 0.8895220721180281, "slopebeta": -417.24022476422}, "datetime": {"datetime": "2024-06-07 14:37:05", "elapsed": 11732.614308, "delta": 653.624832}}
{"target": 0.1949117132475646, "params": {"baseflow": 7.471780760371115, "fff": 3.184274971659969, "fmax": 0.21004632394038192, "slopebeta": -951.7569145835346}, "datetime": {"datetime": "2024-06-07 14:52:34", "elapsed": 12661.67499, "delta": 929.060682}}
{"target": 0.19929850256305442, "params": {"baseflow": 7.725733873957356, "fff": 1.971576341036903, "fmax": 0.3207408582772934, "slopebeta": -939.5025921975048}, "datetime": {"datetime": "2024-06-07 15:14:01", "elapsed": 13948.217423, "delta": 1286.542433}}
{"target": 0.19934085204460705, "params": {"baseflow": 2.769639268219537, "fff": 1.5742733469420647, "fmax": 0.36702819080998383, "slopebeta": -232.73014711880012}, "datetime": {"datetime": "2024-06-07 15:26:04", "elapsed": 14671.808161, "delta": 723.590738}}
{"target": 0.19632890906561282, "params": {"baseflow": 5.637218813566136, "fff": 0.4592888995790114, "fmax": 0.5736284083185696, "slopebeta": -961.6436364987256}, "datetime": {"datetime": "2024-06-07 15:55:21", "elapsed": 16428.286235, "delta": 1756.478074}}
{"target": 0.19806327167257828, "params": {"baseflow": 0.12637197247548415, "fff": 0.341610371144511, "fmax": 0.454994505433557, "slopebeta": -317.83843980612244}, "datetime": {"datetime": "2024-06-07 16:07:32", "elapsed": 17159.06131, "delta": 730.775075}}
{"target": 0.1976781641857521, "params": {"baseflow": 1.3202885663942732, "fff": 2.877609713875252, "fmax": 0.023296180424722923, "slopebeta": -12.988704162721547}, "datetime": {"datetime": "2024-06-07 16:41:26", "elapsed": 19193.572795, "delta": 2034.511485}}
{"target": 0.19529629714541374, "params": {"baseflow": 1.1277396241578785, "fff": 2.5224002964307646, "fmax": 0.009987571395241424, "slopebeta": -418.3822389487017}, "datetime": {"datetime": "2024-06-07 16:50:44", "elapsed": 19751.504594, "delta": 557.931799}}
{"target": 0.1991979408347167, "params": {"baseflow": 0.30797314381857066, "fff": 0.829386202876058, "fmax": 0.6459595028399763, "slopebeta": -292.49240627109646}, "datetime": {"datetime": "2024-06-07 17:00:52", "elapsed": 20359.149937, "delta": 607.645343}}
{"target": 0.1984597521227131, "params": {"baseflow": 0.6401219734839536, "fff": 3.059963213281454, "fmax": 0.2719616565833908, "slopebeta": -15.635071596630837}, "datetime": {"datetime": "2024-06-07 17:11:11", "elapsed": 20978.045889, "delta": 618.895952}}
{"target": 0.19990101699596283, "params": {"baseflow": 8.49664242402378, "fff": 0.6021190304850327, "fmax": 0.712297745956372, "slopebeta": -532.1678150223017}, "datetime": {"datetime": "2024-06-07 17:25:51", "elapsed": 21858.789229, "delta": 880.74334}}
{"target": 0.19415793567587503, "params": {"baseflow": 5.212477416295719, "fff": 0.8336748786282234, "fmax": 0.3042689415285571, "slopebeta": -934.6704097310599}, "datetime": {"datetime": "2024-06-07 17:35:55", "elapsed": 22462.189591, "delta": 603.400362}}
{"target": 0.1940604852355883, "params": {"baseflow": 4.856600116867948, "fff": 1.3367015848233312, "fmax": 0.3273986291104789, "slopebeta": -983.5309973491813}, "datetime": {"datetime": "2024-06-07 17:45:19", "elapsed": 23026.46448, "delta": 564.274889}}
{"target": 0.19526160707916357, "params": {"baseflow": 3.9727062292885504, "fff": 1.8184672061252414, "fmax": 0.0511216558321308, "slopebeta": -812.9835119394662}, "datetime": {"datetime": "2024-06-07 17:54:32", "elapsed": 23579.646321, "delta": 553.181841}}
{"target": 0.1962684829252621, "params": {"baseflow": 0.667014721957524, "fff": 4.039020416576558, "fmax": 0.3762887294476027, "slopebeta": -84.66835364727751}, "datetime": {"datetime": "2024-06-07 18:04:25", "elapsed": 24172.568598, "delta": 592.922277}}
{"target": 0.19423056578635334, "params": {"baseflow": 1.1233344704667736, "fff": 0.8649066305742686, "fmax": 0.694539840950676, "slopebeta": -308.78735449984663}, "datetime": {"datetime": "2024-06-07 18:14:27", "elapsed": 24774.608283, "delta": 602.039685}}
{"target": 0.19893024351530478, "params": {"baseflow": 5.862011217842145, "fff": 1.0805332010527084, "fmax": 0.9957105587087418, "slopebeta": -513.531542628481}, "datetime": {"datetime": "2024-06-07 18:23:51", "elapsed": 25338.030023, "delta": 563.42174}}
{"target": 0.19486471170231034, "params": {"baseflow": 1.233390453911336, "fff": 4.215515635974013, "fmax": 0.15031452353433494, "slopebeta": -827.3069221367035}, "datetime": {"datetime": "2024-06-07 18:32:59", "elapsed": 25886.157281, "delta": 548.127258}}
{"target": 0.1984655593380138, "params": {"baseflow": 0.5659615918537553, "fff": 2.672820023187079, "fmax": 0.009478050901092105, "slopebeta": -15.575049102842172}, "datetime": {"datetime": "2024-06-07 18:51:03", "elapsed": 26970.734797, "delta": 1084.577516}}
{"target": 0.19963627013559354, "params": {"baseflow": 8.675770443530116, "fff": 0.4785210172014487, "fmax": 0.25750167083862774, "slopebeta": -532.7591509210594}, "datetime": {"datetime": "2024-06-07 19:12:03", "elapsed": 28230.193072, "delta": 1259.458275}}
{"target": 0.1968728935070997, "params": {"baseflow": 8.966736425981594, "fff": 0.1, "fmax": 0.0, "slopebeta": -531.7292340270722}, "datetime": {"datetime": "2024-06-07 19:20:57", "elapsed": 28764.259589, "delta": 534.066517}}
{"target": 0.1988130279918709, "params": {"baseflow": 8.655649711728943, "fff": 0.2670235141398819, "fmax": 0.28316923328471044, "slopebeta": -48.24423224450811}, "datetime": {"datetime": "2024-06-07 19:30:04", "elapsed": 29311.802006, "delta": 547.542417}}
{"target": 0.19931466609675655, "params": {"baseflow": 4.2721370761818465, "fff": 4.117933023409037, "fmax": 0.45657860763228675, "slopebeta": -752.5041016261803}, "datetime": {"datetime": "2024-06-07 19:38:37", "elapsed": 29824.059124, "delta": 512.257118}}
{"target": 0.19419361589651837, "params": {"baseflow": 4.6826574262850755, "fff": 4.454667086647737, "fmax": 0.9285980905582282, "slopebeta": -751.0675972797295}, "datetime": {"datetime": "2024-06-07 19:53:46", "elapsed": 30733.549753, "delta": 909.490629}}
{"target": 0.19861057226219386, "params": {"baseflow": 3.301941295010442, "fff": 2.8719534711433, "fmax": 0.6612443392139297, "slopebeta": -752.4273754885892}, "datetime": {"datetime": "2024-06-07 20:02:39", "elapsed": 31266.059935, "delta": 532.510182}}
{"target": 0.19803022864649922, "params": {"baseflow": 4.4909411522886655, "fff": 3.1240706613988305, "fmax": 0.3903939595470812, "slopebeta": -752.7610861544673}, "datetime": {"datetime": "2024-06-07 20:11:29", "elapsed": 31796.537377, "delta": 530.477442}}
{"target": 0.19418130446189324, "params": {"baseflow": 7.686844819271752, "fff": 0.17796809446727982, "fmax": 0.4914874024731768, "slopebeta": -532.8183383027551}, "datetime": {"datetime": "2024-06-07 20:20:18", "elapsed": 32325.181787, "delta": 528.64441}}
{"target": 0.19942571410852059, "params": {"baseflow": 4.830785122051083, "fff": 3.0674256634161985, "fmax": 0.6213667323455987, "slopebeta": -751.6226433818671}, "datetime": {"datetime": "2024-06-07 20:29:01", "elapsed": 32848.083162, "delta": 522.901375}}
{"target": 0.19919270688881724, "params": {"baseflow": 4.247769896547978, "fff": 3.124415696162526, "fmax": 0.2224034114142065, "slopebeta": -751.6392250950298}, "datetime": {"datetime": "2024-06-07 20:37:53", "elapsed": 33380.368305, "delta": 532.285143}}
{"target": 0.19968919008322977, "params": {"baseflow": 9.178240283194082, "fff": 1.8201528115497756, "fmax": 0.7386199824965427, "slopebeta": -618.3801356376366}, "datetime": {"datetime": "2024-06-07 20:46:30", "elapsed": 33897.6368, "delta": 517.268495}}
{"target": 0.19432283954640964, "params": {"baseflow": 9.376007613297382, "fff": 3.061540403055742, "fmax": 0.9190403582865005, "slopebeta": -618.990651279498}, "datetime": {"datetime": "2024-06-07 20:55:28", "elapsed": 34435.693199, "delta": 538.056399}}
{"target": 0.19964897673186585, "params": {"baseflow": 9.262710598722752, "fff": 1.1649267722778647, "fmax": 0.5007612740657347, "slopebeta": -618.4492276347071}, "datetime": {"datetime": "2024-06-07 21:04:31", "elapsed": 34978.524713, "delta": 542.831514}}
