{"target": 0.22617824320574173, "params": {"baseflow": 0.3498281719880636, "fff": 3.1154834794222253, "fmax": 0.5229098200149966, "slopebeta": -780.0200627784131}, "datetime": {"datetime": "2024-07-26 09:39:04", "elapsed": 0.0, "delta": 0.0}}
{"target": 0.22625129945490993, "params": {"baseflow": 8.42541313923373, "fff": 0.5701006757047717, "fmax": 0.1863786562705076, "slopebeta": -48.67596309081512}, "datetime": {"datetime": "2024-07-26 09:57:51", "elapsed": 1127.940664, "delta": 1127.940664}}
{"target": 0.22640595364339128, "params": {"baseflow": 1.6365434652940603, "fff": 4.408821873492415, "fmax": 0.22278113047305956, "slopebeta": -180.27387566761627}, "datetime": {"datetime": "2024-07-26 10:23:26", "elapsed": 2662.145094, "delta": 1534.20443}}
{"target": 0.227522450536224, "params": {"baseflow": 3.7724265842940605, "fff": 3.3142870476993402, "fmax": 0.4189729183729619, "slopebeta": -500.8386563572711}, "datetime": {"datetime": "2024-07-26 10:48:29", "elapsed": 4165.747093, "delta": 1503.601999}}
{"target": 0.2264580658067375, "params": {"baseflow": 7.983849887502091, "fff": 4.025862322005215, "fmax": 0.24463275771423362, "slopebeta": -850.4984230070908}, "datetime": {"datetime": "2024-07-26 11:37:53", "elapsed": 7129.415119, "delta": 2963.668026}}
{"target": 0.22607005240970382, "params": {"baseflow": 0.7244651740426722, "fff": 0.555827908013052, "fmax": 0.15105101690751757, "slopebeta": -925.0382093791566}, "datetime": {"datetime": "2024-07-26 13:00:06", "elapsed": 12062.264203, "delta": 4932.849084}}
{"target": 0.22647235375428018, "params": {"baseflow": 1.2094997899963134, "fff": 0.19153608810129796, "fmax": 0.42916982293956996, "slopebeta": -258.1460962196933}, "datetime": {"datetime": "2024-07-26 13:17:44", "elapsed": 13120.461806, "delta": 1058.197603}}
{"target": 0.22618432511377196, "params": {"baseflow": 7.398854847095773, "fff": 2.3335226876928816, "fmax": 0.5460857699162391, "slopebeta": -771.2268678677846}, "datetime": {"datetime": "2024-07-26 15:06:47", "elapsed": 19663.805764, "delta": 6543.343958}}
{"target": 0.2255522340947184, "params": {"baseflow": 0.9183247619382684, "fff": 3.799693626765917, "fmax": 0.27093775090832084, "slopebeta": -643.3104677443434}, "datetime": {"datetime": "2024-07-26 15:42:38", "elapsed": 21814.671079, "delta": 2150.865315}}
{"target": 0.2261904508824236, "params": {"baseflow": 4.4475071203112275, "fff": 3.3613841054607496, "fmax": 0.5186991574692914, "slopebeta": -751.9032315752092}, "datetime": {"datetime": "2024-07-26 16:13:42", "elapsed": 23678.477996, "delta": 1863.806917}}
{"target": 0.22618415998058214, "params": {"baseflow": 3.6917032635908376, "fff": 0.5716852762099308, "fmax": 0.1579444608810208, "slopebeta": -455.0302779777229}, "datetime": {"datetime": "2024-07-26 16:32:00", "elapsed": 24776.441587, "delta": 1097.963591}}
{"target": 0.2264445577989267, "params": {"baseflow": 3.357422475348856, "fff": 2.398920028228212, "fmax": 0.3524460248908633, "slopebeta": -499.55139238922857}, "datetime": {"datetime": "2024-07-26 16:48:48", "elapsed": 25784.43136, "delta": 1007.989773}}
{"target": 0.2255799173616728, "params": {"baseflow": 3.1136800878612867, "fff": 3.5757925868119687, "fmax": 0.6858801357503483, "slopebeta": -499.88130953661795}, "datetime": {"datetime": "2024-07-26 17:09:12", "elapsed": 27008.640442, "delta": 1224.209082}}
{"target": 0.22639051154537923, "params": {"baseflow": 2.3388410440200724, "fff": 1.4653017832638349, "fmax": 0.22366211607427597, "slopebeta": -347.3383233682731}, "datetime": {"datetime": "2024-07-26 17:25:46", "elapsed": 28002.160196, "delta": 993.519754}}
{"target": 0.22605694282118013, "params": {"baseflow": 9.796425879923497, "fff": 2.4251178983943817, "fmax": 0.36432508704166067, "slopebeta": -618.4699296680004}, "datetime": {"datetime": "2024-07-26 17:43:04", "elapsed": 29040.674505, "delta": 1038.514309}}
{"target": 0.22618079847021952, "params": {"baseflow": 8.397403815987026, "fff": 2.738250707000939, "fmax": 0.589690120746503, "slopebeta": -270.50266020791366}, "datetime": {"datetime": "2024-07-26 17:59:33", "elapsed": 30029.188717, "delta": 988.514212}}
{"target": 0.226289808896837, "params": {"baseflow": 1.1314687048813188, "fff": 3.182983842764994, "fmax": 0.2283850992578614, "slopebeta": -533.4329927145449}, "datetime": {"datetime": "2024-07-26 18:16:02", "elapsed": 31018.398487, "delta": 989.20977}}
{"target": 0.2266834088997301, "params": {"baseflow": 6.597115129012945, "fff": 1.0981596316731865, "fmax": 0.12996325561806163, "slopebeta": -90.19913755635912}, "datetime": {"datetime": "2024-07-26 18:33:06", "elapsed": 32042.292715, "delta": 1023.894228}}
{"target": 0.22622549332819358, "params": {"baseflow": 6.451127636677719, "fff": 2.2959238410983676, "fmax": 0.6337132432708168, "slopebeta": -417.24022476422}, "datetime": {"datetime": "2024-07-26 18:57:44", "elapsed": 33520.708464, "delta": 1478.415749}}
{"target": 0.22687294460395133, "params": {"baseflow": 7.471780760371115, "fff": 3.184274971659969, "fmax": 0.22602779436422915, "slopebeta": -951.7569145835346}, "datetime": {"datetime": "2024-07-26 19:15:09", "elapsed": 34565.335462, "delta": 1044.626998}}
{"target": 0.2262732658829997, "params": {"baseflow": 7.725733873957356, "fff": 1.971576341036903, "fmax": 0.292444514966376, "slopebeta": -939.5025921975048}, "datetime": {"datetime": "2024-07-26 19:32:52", "elapsed": 35628.730594, "delta": 1063.395132}}
{"target": 0.2263520121514755, "params": {"baseflow": 2.769639268219537, "fff": 1.5742733469420647, "fmax": 0.3202169144859903, "slopebeta": -232.73014711880012}, "datetime": {"datetime": "2024-07-26 19:49:35", "elapsed": 36631.552568, "delta": 1002.821974}}
{"target": 0.22652304387671993, "params": {"baseflow": 5.637218813566136, "fff": 0.4592888995790114, "fmax": 0.44417704499114175, "slopebeta": -961.6436364987256}, "datetime": {"datetime": "2024-07-26 20:06:13", "elapsed": 37629.383943, "delta": 997.831375}}
{"target": 0.2263650601430212, "params": {"baseflow": 0.12637197247548415, "fff": 0.341610371144511, "fmax": 0.37299670326013423, "slopebeta": -317.83843980612244}, "datetime": {"datetime": "2024-07-26 20:23:08", "elapsed": 38644.432318, "delta": 1015.048375}}
{"target": 0.22624091798350138, "params": {"baseflow": 1.3202885663942732, "fff": 2.877609713875252, "fmax": 0.11397770825483376, "slopebeta": -12.988704162721547}, "datetime": {"datetime": "2024-07-26 20:39:41", "elapsed": 39637.583787, "delta": 993.151469}}
{"target": 0.2264257639481962, "params": {"baseflow": 1.1277396241578785, "fff": 2.5224002964307646, "fmax": 0.10599254283714486, "slopebeta": -418.3822389487017}, "datetime": {"datetime": "2024-07-26 20:55:29", "elapsed": 40585.541666, "delta": 947.957879}}
{"target": 0.22564311665387954, "params": {"baseflow": 0.30797314381857066, "fff": 0.829386202876058, "fmax": 0.4875757017039858, "slopebeta": -292.49240627109646}, "datetime": {"datetime": "2024-07-26 21:11:32", "elapsed": 41548.421128, "delta": 962.879462}}
{"target": 0.22633288329839105, "params": {"baseflow": 2.581570080552529, "fff": 0.906151007532127, "fmax": 0.24175368519193266, "slopebeta": -31.002783195733855}, "datetime": {"datetime": "2024-07-30 08:50:05", "elapsed": 0.0, "delta": 0.0}}
{"target": 0.2262806212475312, "params": {"baseflow": 3.51124799950405, "fff": 0.34069422241118014, "fmax": 0.29245264613402633, "slopebeta": -976.4980575545032}, "datetime": {"datetime": "2024-07-30 09:06:42", "elapsed": 997.62884, "delta": 997.62884}}
{"target": 0.22636034724141538, "params": {"baseflow": 3.5928235815283904, "fff": 1.966815047153979, "fmax": 0.5740992201068232, "slopebeta": -316.3226089941237}, "datetime": {"datetime": "2024-07-30 09:25:56", "elapsed": 2150.984687, "delta": 1153.355847}}
{"target": 0.2267077592258086, "params": {"baseflow": 2.33999634987208, "fff": 1.465834817176633, "fmax": 0.223733948018763, "slopebeta": -347.32952319713905}, "datetime": {"datetime": "2024-07-30 10:32:11", "elapsed": 6126.85388, "delta": 3975.869193}}
{"target": 0.22636737097458318, "params": {"baseflow": 9.796456603997438, "fff": 2.4255065080469653, "fmax": 0.36437574820056357, "slopebeta": -618.4610814171845}, "datetime": {"datetime": "2024-07-30 10:48:20", "elapsed": 7095.045566, "delta": 968.191686}}
{"target": 0.22622113779799485, "params": {"baseflow": 8.40869251003179, "fff": 2.749539402048341, "fmax": 0.6009788156685749, "slopebeta": -270.49137148025665}, "datetime": {"datetime": "2024-07-30 11:04:32", "elapsed": 8067.72717, "delta": 972.681604}}
{"target": 0.226373927451178, "params": {"baseflow": 0.32223881707494684, "fff": 2.980376922403086, "fmax": 0.610267386261349, "slopebeta": -294.97338453743635}, "datetime": {"datetime": "2024-07-30 11:20:55", "elapsed": 9050.411492, "delta": 982.684322}}
{"target": 0.2302404020664167, "params": {"baseflow": 6.597286183784888, "fff": 1.09835576772823, "fmax": 0.12999190998310958, "slopebeta": -90.19632080321256}, "datetime": {"datetime": "2024-07-30 11:36:53", "elapsed": 10008.188761, "delta": 957.777269}}
{"target": 0.22621255280270378, "params": {"baseflow": 6.451306009098261, "fff": 2.296059752610649, "fmax": 0.6337165749570645, "slopebeta": -417.2341856115318}, "datetime": {"datetime": "2024-07-30 11:56:51", "elapsed": 11205.985652, "delta": 1197.796891}}
{"target": 0.22614241418678835, "params": {"baseflow": 7.4832515403223345, "fff": 3.1957457516111885, "fmax": 0.237498574251773, "slopebeta": -951.7454438543859}, "datetime": {"datetime": "2024-07-30 13:17:07", "elapsed": 16022.764949, "delta": 4816.779297}}
{"target": 0.2261681964580028, "params": {"baseflow": 7.725848182640107, "fff": 1.9717285550259795, "fmax": 0.2924649994339185, "slopebeta": -939.4967003821117}, "datetime": {"datetime": "2024-07-30 13:35:08", "elapsed": 17103.152613, "delta": 1080.387664}}
{"target": 0.22645848531772889, "params": {"baseflow": 2.7700026070793817, "fff": 1.5744454959761773, "fmax": 0.3202359992811199, "slopebeta": -232.7243260647718}, "datetime": {"datetime": "2024-07-30 15:33:27", "elapsed": 24202.575543, "delta": 7099.42293}}
{"target": 0.22627616005008042, "params": {"baseflow": 5.648047523782737, "fff": 0.4701176291644039, "fmax": 0.45500577457653424, "slopebeta": -961.6328077166739}, "datetime": {"datetime": "2024-07-30 15:49:50", "elapsed": 25185.36187, "delta": 982.786327}}
{"target": 0.22641004789071006, "params": {"baseflow": 0.126868121676951, "fff": 0.34184445493701715, "fmax": 0.37301313515569506, "slopebeta": -317.8327635044342}, "datetime": {"datetime": "2024-07-30 17:50:34", "elapsed": 32429.943705, "delta": 7244.581835}}
{"target": 0.2259909615396883, "params": {"baseflow": 1.3242202285031328, "fff": 2.878571096235944, "fmax": 0.11424315966494411, "slopebeta": -12.978290934380981}, "datetime": {"datetime": "2024-07-30 18:07:52", "elapsed": 33467.833772, "delta": 1037.890067}}
{"target": 0.22638147979980933, "params": {"baseflow": 1.647816733699322, "fff": 3.0424774254011107, "fmax": 0.6260696494915802, "slopebeta": -417.86216242974905}, "datetime": {"datetime": "2024-07-30 18:25:24", "elapsed": 34519.115574, "delta": 1051.281802}}
{"target": 0.2268571443722795, "params": {"baseflow": 0.30943451182483306, "fff": 0.8300150498303673, "fmax": 0.48760773113166783, "slopebeta": -292.4758986033393}, "datetime": {"datetime": "2024-07-30 18:57:57", "elapsed": 36472.762199, "delta": 1953.646625}}
{"target": 0.22682501642437708, "params": {"baseflow": 2.59183905239896, "fff": 0.9164199986934528, "fmax": 0.2520226930636082, "slopebeta": -30.99251420537059}, "datetime": {"datetime": "2024-08-13 09:07:27", "elapsed": 0.0, "delta": 0.0}}
{"target": 0.22608340257249732, "params": {"baseflow": 3.831590487322017, "fff": 0.6610366695930829, "fmax": 0.6127950933159292, "slopebeta": -976.1777139988143}, "datetime": {"datetime": "2024-08-13 09:24:18", "elapsed": 1010.384859, "delta": 1010.384859}}
{"target": 0.22624297374285715, "params": {"baseflow": 3.5931456236487085, "fff": 1.9669675032828153, "fmax": 0.5741055482225889, "slopebeta": -316.3172246954703}, "datetime": {"datetime": "2024-08-13 09:41:13", "elapsed": 2025.52714, "delta": 1015.142281}}
{"target": 0.22631527009596153, "params": {"baseflow": 2.34883765317689, "fff": 1.4752981953560644, "fmax": 0.23365837823090585, "slopebeta": -347.3283243995585}, "datetime": {"datetime": "2024-08-13 09:57:47", "elapsed": 3019.222839, "delta": 993.695699}}
{"target": 0.22643165143780436, "params": {"baseflow": 9.796456573524514, "fff": 2.4255061226139674, "fmax": 0.3643756979535298, "slopebeta": -618.4541011870791}, "datetime": {"datetime": "2024-08-13 10:14:40", "elapsed": 4032.909756, "delta": 1013.686917}}
{"target": 0.22626449419237205, "params": {"baseflow": 1.5162808698545704, "fff": 1.0465870727017805, "fmax": 0.6604152688320206, "slopebeta": -575.0550250557172}, "datetime": {"datetime": "2024-08-13 10:31:36", "elapsed": 5048.669882, "delta": 1015.760126}}
{"target": 0.22645014239384453, "params": {"baseflow": 1.1411112056267225, "fff": 3.1926263629393006, "fmax": 0.23802759994973852, "slopebeta": -533.4233501493428}, "datetime": {"datetime": "2024-08-13 10:48:30", "elapsed": 6063.039057, "delta": 1014.369175}}
{"target": 0.2260494824235015, "params": {"baseflow": 7.04454899946626, "fff": 1.5455934493909074, "fmax": 0.5773970708520257, "slopebeta": -89.75170417377922}, "datetime": {"datetime": "2024-08-13 11:05:06", "elapsed": 7058.298157, "delta": 995.2591}}
{"target": 0.22669840559496907, "params": {"baseflow": 6.451662662874929, "fff": 2.2963315062483503, "fmax": 0.6337232366286351, "slopebeta": -417.22496630127046}, "datetime": {"datetime": "2024-08-13 11:22:14", "elapsed": 8087.092085, "delta": 1028.793928}}
{"target": 0.22622794468414797, "params": {"baseflow": 3.9395316703512417, "fff": 3.5750274344585606, "fmax": 0.5407137981094626, "slopebeta": -221.37596825902722}, "datetime": {"datetime": "2024-08-13 11:39:14", "elapsed": 9106.409241, "delta": 1019.317156}}
{"target": 0.22642051313316164, "params": {"baseflow": 7.7260767396892245, "fff": 1.9720329026865482, "fmax": 0.29250595756012215, "slopebeta": -939.4875747675092}, "datetime": {"datetime": "2024-08-13 11:56:08", "elapsed": 10120.357973, "delta": 1013.948732}}
{"target": 0.22616893751342443, "params": {"baseflow": 2.7700027507151384, "fff": 1.574445564030436, "fmax": 0.32023600682575465, "slopebeta": -232.72518545537142}, "datetime": {"datetime": "2024-08-13 12:13:17", "elapsed": 11149.52478, "delta": 1029.166807}}
{"target": 0.2268688672049044, "params": {"baseflow": 0.16444907396246045, "fff": 3.3672217489000764, "fmax": 0.3973145884802449, "slopebeta": 0.5329576696913136}, "datetime": {"datetime": "2024-08-13 12:30:28", "elapsed": 12180.405923, "delta": 1030.881143}}
{"target": 0.2263693046930132, "params": {"baseflow": 0.12686829358869547, "fff": 0.34184453604518583, "fmax": 0.3730131408492159, "slopebeta": -317.8335333861427}, "datetime": {"datetime": "2024-08-13 12:47:17", "elapsed": 13189.413117, "delta": 1009.007194}}
{"target": 0.22637019173524317, "params": {"baseflow": 1.3209815407565477, "fff": 2.877779162141623, "fmax": 0.11402449534297686, "slopebeta": -12.986868781127523}, "datetime": {"datetime": "2024-08-13 13:03:41", "elapsed": 14173.894736, "delta": 984.481619}}
{"target": 0.22617605613560718, "params": {"baseflow": 1.128185610960338, "fff": 2.522524839300649, "fmax": 0.10602240213739472, "slopebeta": -418.3774164220028}, "datetime": {"datetime": "2024-08-13 13:20:21", "elapsed": 15173.171362, "delta": 999.276626}}
{"target": 0.22578107323398927, "params": {"baseflow": 0.30943483325935717, "fff": 0.8300151881481084, "fmax": 0.4876077381766858, "slopebeta": -292.47803165966656}, "datetime": {"datetime": "2024-08-13 13:37:30", "elapsed": 16202.988833, "delta": 1029.817471}}
{"target": 0.22737745171158782, "params": {"baseflow": 0.6401219734839536, "fff": 3.059963213281454, "fmax": 0.26317699395003447, "slopebeta": -15.635071596630837}, "datetime": {"datetime": "2024-08-13 13:54:04", "elapsed": 17196.307022, "delta": 993.318189}}
{"target": 0.22615619817070823, "params": {"baseflow": 8.49664242402378, "fff": 0.6021190304850327, "fmax": 0.5273786475738231, "slopebeta": -532.1678150223017}, "datetime": {"datetime": "2024-08-13 14:11:18", "elapsed": 18230.199468, "delta": 1033.892446}}
{"target": 0.22639210018193384, "params": {"baseflow": 5.212477416295719, "fff": 0.8336748786282234, "fmax": 0.28256136491713424, "slopebeta": -934.6704097310599}, "datetime": {"datetime": "2024-08-13 14:28:39", "elapsed": 19271.163045, "delta": 1040.963577}}
{"target": 0.2268175629778015, "params": {"baseflow": 4.856600116867948, "fff": 1.3367015848233312, "fmax": 0.29643917746628734, "slopebeta": -983.5309973491813}, "datetime": {"datetime": "2024-08-13 14:45:33", "elapsed": 20285.945961, "delta": 1014.782916}}
{"target": 0.22615177004104148, "params": {"baseflow": 3.9727062292885504, "fff": 1.8184672061252414, "fmax": 0.13067299349927847, "slopebeta": -812.9835119394662}, "datetime": {"datetime": "2024-08-13 15:02:53", "elapsed": 21325.291352, "delta": 1039.345391}}
{"target": 0.22701537688671058, "params": {"baseflow": 0.667014721957524, "fff": 4.039020416576558, "fmax": 0.3257732376685616, "slopebeta": -84.66835364727751}, "datetime": {"datetime": "2024-08-13 15:19:32", "elapsed": 22325.068213, "delta": 999.776861}}
{"target": 0.22627564478937495, "params": {"baseflow": 1.1233344704667736, "fff": 0.8649066305742686, "fmax": 0.5167239045704056, "slopebeta": -308.78735449984663}, "datetime": {"datetime": "2024-08-13 15:36:06", "elapsed": 23318.81814, "delta": 993.749927}}
{"target": 0.22630515536566134, "params": {"baseflow": 5.862011217842145, "fff": 1.0805332010527084, "fmax": 0.697426335225245, "slopebeta": -513.531542628481}, "datetime": {"datetime": "2024-08-13 15:52:30", "elapsed": 24302.550966, "delta": 983.732826}}
{"target": 0.22622451525585266, "params": {"baseflow": 2.590851907723355, "fff": 0.9154328460994798, "fmax": 0.25103553051401456, "slopebeta": -30.9935013626956}, "datetime": {"datetime": "2024-08-16 11:46:58", "elapsed": 0.0, "delta": 0.0}}
{"target": 0.2264213993784142, "params": {"baseflow": 9.420816749477252, "fff": 1.3746946832827143, "fmax": 0.2861898483033376, "slopebeta": -789.0603813052386}, "datetime": {"datetime": "2024-08-16 12:04:01", "elapsed": 1022.755753, "delta": 1022.755753}}
{"target": 0.22605860032598266, "params": {"baseflow": 3.5937895117488345, "fff": 1.9672723226867244, "fmax": 0.5741182005999662, "slopebeta": -316.3087570960223}, "datetime": {"datetime": "2024-08-16 12:21:55", "elapsed": 2097.571618, "delta": 1074.815865}}
{"target": 0.2263239743815387, "params": {"baseflow": 4.330956671743432, "fff": 3.5028368966851096, "fmax": 0.6594899596751308, "slopebeta": -394.66997966506824}, "datetime": {"datetime": "2024-08-16 12:39:23", "elapsed": 3145.386896, "delta": 1047.815278}}
{"target": 0.22605371112746575, "params": {"baseflow": 9.796456579917574, "fff": 2.4255062034757944, "fmax": 0.3643757084950947, "slopebeta": -618.4562235099232}, "datetime": {"datetime": "2024-08-16 12:56:57", "elapsed": 4198.763746, "delta": 1053.37685}}
{"target": 0.22646189369990477, "params": {"baseflow": 2.0604353301625054, "fff": 0.8210841160400967, "fmax": 0.47486854137702716, "slopebeta": -723.3790250901386}, "datetime": {"datetime": "2024-08-16 13:13:50", "elapsed": 5211.623778, "delta": 1012.860032}}
{"target": 0.22718810891027674, "params": {"baseflow": 1.1393456381702263, "fff": 3.190860783860812, "fmax": 0.23626203250304317, "slopebeta": -533.425115824098}, "datetime": {"datetime": "2024-08-16 17:22:13", "elapsed": 20114.668475, "delta": 14903.044697}}
{"target": 0.2264287094926007, "params": {"baseflow": 6.5972861341164295, "fff": 1.0983557107770243, "fmax": 0.12999190166286148, "slopebeta": -90.19459108267203}, "datetime": {"datetime": "2024-08-16 17:39:16", "elapsed": 21137.598598, "delta": 1022.930123}}
{"target": 0.22632005552138781, "params": {"baseflow": 6.451662742669212, "fff": 2.2963315670478934, "fmax": 0.6337232381190534, "slopebeta": -417.22666616934646}, "datetime": {"datetime": "2024-08-16 17:55:59", "elapsed": 22141.147781, "delta": 1003.549183}}
{"target": 0.2256010525165969, "params": {"baseflow": 7.500434925697003, "fff": 3.212929153639202, "fmax": 0.25468197618439925, "slopebeta": -951.7282601746604}, "datetime": {"datetime": "2024-08-16 18:12:17", "elapsed": 23119.045288, "delta": 977.897507}}
{"target": 0.22635506855774898, "params": {"baseflow": 7.726076779125286, "fff": 1.972032955199796, "fmax": 0.29250596462718564, "slopebeta": -939.4890247831918}, "datetime": {"datetime": "2024-08-16 18:29:16", "elapsed": 24138.28091, "delta": 1019.235622}}
{"target": 0.226231755204391, "params": {"baseflow": 2.7707293103309487, "fff": 1.5747898061413417, "fmax": 0.32027417021247057, "slopebeta": -232.71666695232955}, "datetime": {"datetime": "2024-08-16 18:46:34", "elapsed": 25176.049899, "delta": 1037.768989}}
{"target": 0.22715694345010687, "params": {"baseflow": 5.664415472545323, "fff": 0.48648554452943815, "fmax": 0.4713736899415685, "slopebeta": -961.6164399558553}, "datetime": {"datetime": "2024-08-16 19:03:48", "elapsed": 26210.170678, "delta": 1034.120779}}
{"target": 0.2262476566246495, "params": {"baseflow": 0.12786044643522332, "fff": 0.3423126349565101, "fmax": 0.3730459998196754, "slopebeta": -317.8249592960975}, "datetime": {"datetime": "2024-08-16 19:20:38", "elapsed": 27219.664909, "delta": 1009.494231}}
{"target": 0.22662904978196008, "params": {"baseflow": 1.3215904100186757, "fff": 2.8779280447648925, "fmax": 0.11406560396313029, "slopebeta": -12.985256156624057}, "datetime": {"datetime": "2024-08-16 19:37:00", "elapsed": 28202.39683, "delta": 982.731921}}
{"target": 0.22552452837843737, "params": {"baseflow": 1.1290771330623401, "fff": 2.52277379895716, "fmax": 0.10608209050928434, "slopebeta": -418.36890032558193}, "datetime": {"datetime": "2024-08-16 19:53:58", "elapsed": 29220.38959, "delta": 1017.99276}}
