{"target": 0.013583013319806155, "params": {"baseflow": 0.9911787209276017, "fmax": 0.3026841866215965}, "datetime": {"datetime": "2023-12-08 04:04:39", "elapsed": 0.0, "delta": 0.0}}
{"target": 0.013398266154303614, "params": {"baseflow": 0.3870390192590949, "fmax": 0.37043326680825067}, "datetime": {"datetime": "2023-12-08 04:28:51", "elapsed": 1451.825402, "delta": 1451.825402}}
{"target": 0.4550585786931262, "params": {"baseflow": 0.832581140016523, "fmax": 0.22848785496028612}, "datetime": {"datetime": "2023-12-08 04:41:17", "elapsed": 2197.968967, "delta": 746.143565}}
{"target": 0.47735976419825304, "params": {"baseflow": 0.8728713047804076, "fmax": 0.2700020058154651}, "datetime": {"datetime": "2023-12-08 04:54:53", "elapsed": 3014.181328, "delta": 816.212361}}
{"target": 0.42768435446408004, "params": {"baseflow": 0.8689568348537205, "fmax": 0.12993319992013155}, "datetime": {"datetime": "2023-12-08 05:07:19", "elapsed": 3760.3017, "delta": 746.120372}}
{"target": 0.4806232456970729, "params": {"baseflow": 0.7900874443855289, "fmax": 0.33592598470448687}, "datetime": {"datetime": "2023-12-08 05:29:16", "elapsed": 5077.145189, "delta": 1316.843489}}
{"target": 0.44213618660510356, "params": {"baseflow": 0.10700087613081632, "fmax": 0.14171097808523805}, "datetime": {"datetime": "2023-12-08 05:41:52", "elapsed": 5833.291747, "delta": 756.146558}}
{"target": 0.44613027874398875, "params": {"baseflow": 0.1712572495683028, "fmax": 0.16111128493779248}, "datetime": {"datetime": "2023-12-08 05:56:24", "elapsed": 6704.57689, "delta": 871.285143}}
{"target": 0.16221207614575764, "params": {"baseflow": 0.19042977669831243, "fmax": 0.001769352757593373}, "datetime": {"datetime": "2023-12-08 06:08:55", "elapsed": 7455.834153, "delta": 751.257263}}
{"target": 0.48331412343793523, "params": {"baseflow": 0.7168658199746591, "fmax": 0.3411846421993832}, "datetime": {"datetime": "2023-12-08 06:21:11", "elapsed": 8192.158911, "delta": 736.324758}}
{"target": 0.44792746646321796, "params": {"baseflow": 0.7392459542481649, "fmax": 0.1633955476411615}, "datetime": {"datetime": "2023-12-08 06:39:43", "elapsed": 9303.688115, "delta": 1111.529204}}
{"target": 0.4798585302120719, "params": {"baseflow": 0.0699946447432619, "fmax": 0.2856741014776407}, "datetime": {"datetime": "2023-12-08 06:52:39", "elapsed": 10080.016136, "delta": 776.328021}}
{"target": 0.48142360463492845, "params": {"baseflow": 0.7926439405106865, "fmax": 0.34119175383754025}, "datetime": {"datetime": "2023-12-08 07:04:45", "elapsed": 10806.21585, "delta": 726.199714}}
{"target": 0.4803107223812159, "params": {"baseflow": 0.06855651469452873, "fmax": 0.28671881827395307}, "datetime": {"datetime": "2023-12-08 07:17:01", "elapsed": 11542.373873, "delta": 736.158023}}
{"target": 0.16260592359625736, "params": {"baseflow": 0.6397798769395161, "fmax": 0.0}, "datetime": {"datetime": "2023-12-08 07:36:48", "elapsed": 12729.105136, "delta": 1186.731263}}
{"target": 0.16260592359625736, "params": {"baseflow": 1.0, "fmax": 0.0}, "datetime": {"datetime": "2023-12-08 07:49:49", "elapsed": 13510.374219, "delta": 781.269083}}
{"target": 0.47838361538468255, "params": {"baseflow": 0.8729718574213162, "fmax": 0.27145388774270346}, "datetime": {"datetime": "2023-12-08 08:02:16", "elapsed": 14256.564986, "delta": 746.190767}}
{"target": 0.01122432099642456, "params": {"baseflow": 0.0, "fmax": 0.4}, "datetime": {"datetime": "2023-12-08 08:23:33", "elapsed": 15533.585363, "delta": 1277.020377}}
{"target": 0.45701355200422383, "params": {"baseflow": 0.0, "fmax": 0.20398657867291817}, "datetime": {"datetime": "2023-12-08 08:47:50", "elapsed": 16990.598659, "delta": 1457.013296}}
{"target": 0.4702198458079481, "params": {"baseflow": 0.6165462873727303, "fmax": 0.24571871218823324}, "datetime": {"datetime": "2023-12-08 09:00:06", "elapsed": 17726.912077, "delta": 736.313418}}
{"target": 0.01122432099642456, "params": {"baseflow": 0.6131612995377961, "fmax": 0.4}, "datetime": {"datetime": "2023-12-08 09:20:13", "elapsed": 18933.656128, "delta": 1206.744051}}
{"target": 0.43628727582296306, "params": {"baseflow": 0.5022351490603733, "fmax": 0.15047597714739097}, "datetime": {"datetime": "2023-12-08 09:32:34", "elapsed": 19674.998262, "delta": 741.342134}}
{"target": 0.41089978188751203, "params": {"baseflow": 0.36674640110432755, "fmax": 0.11354052897931412}, "datetime": {"datetime": "2023-12-08 09:45:00", "elapsed": 20421.308514, "delta": 746.310252}}
{"target": 0.1438598026331918, "params": {"baseflow": 0.0, "fmax": 0.03766515462851606}, "datetime": {"datetime": "2023-12-08 09:58:02", "elapsed": 21202.621028, "delta": 781.312514}}
{"target": 0.16260592359625736, "params": {"baseflow": 0.4332441231154799, "fmax": 0.0}, "datetime": {"datetime": "2023-12-08 10:17:08", "elapsed": 22349.38014, "delta": 1146.759112}}
{"target": 0.4726185268788756, "params": {"baseflow": 0.7055178228065373, "fmax": 0.25100472399298146}, "datetime": {"datetime": "2023-12-08 10:33:10", "elapsed": 23311.127806, "delta": 961.747666}}
{"target": 0.4753256563456317, "params": {"baseflow": 0.1778785475491217, "fmax": 0.3168626932441579}, "datetime": {"datetime": "2023-12-08 10:45:26", "elapsed": 24047.285146, "delta": 736.15734}}
{"target": 0.453469959418312, "params": {"baseflow": 0.2758224561200821, "fmax": 0.2188880055248398}, "datetime": {"datetime": "2023-12-08 11:08:18", "elapsed": 25419.200973, "delta": 1371.915827}}
{"target": 0.4379731340540825, "params": {"baseflow": 0.6194518332025173, "fmax": 0.15765423410049964}, "datetime": {"datetime": "2023-12-08 11:21:30", "elapsed": 26211.092989, "delta": 791.892016}}
{"target": 0.16260592359625736, "params": {"baseflow": 0.816736707927677, "fmax": 0.0}, "datetime": {"datetime": "2023-12-08 11:42:47", "elapsed": 27487.897805, "delta": 1276.804816}}
{"target": 0.45584535160256406, "params": {"baseflow": 0.4076769945420728, "fmax": 0.20216553694819606}, "datetime": {"datetime": "2023-12-08 12:05:19", "elapsed": 28839.986763, "delta": 1352.088958}}
{"target": 0.01122432099642456, "params": {"baseflow": 0.8733529164506334, "fmax": 0.4}, "datetime": {"datetime": "2023-12-08 12:21:05", "elapsed": 29785.873718, "delta": 945.886955}}
{"target": 0.4830230368412998, "params": {"baseflow": 0.7168828569457065, "fmax": 0.341918004967793}, "datetime": {"datetime": "2023-12-08 12:37:21", "elapsed": 30762.256906, "delta": 976.383188}}
{"target": 0.011094166403815135, "params": {"baseflow": 0.21096837628334675, "fmax": 0.39977492138898657}, "datetime": {"datetime": "2023-12-08 12:53:38", "elapsed": 31738.819153, "delta": 976.562247}}
{"target": 0.4694787622961567, "params": {"baseflow": 0.18202666613331348, "fmax": 0.24612371564099197}, "datetime": {"datetime": "2023-12-08 13:11:09", "elapsed": 32790.432934, "delta": 1051.613781}}
