{"target": 0.07664375756297921, "params": {"baseflow": 0.24601811587623157, "fmax": 0.0743135042954484}, "datetime": {"datetime": "2023-11-19 10:29:00", "elapsed": 0.0, "delta": 0.0}}
{"target": 0.3219658008924254, "params": {"baseflow": 0.23587537312494833, "fmax": 0.3138245823103587}, "datetime": {"datetime": "2023-11-19 10:44:31", "elapsed": 931.274315, "delta": 931.274315}}
{"target": 0.2330919757565205, "params": {"baseflow": 0.8493508781936833, "fmax": 0.1377130817458975}, "datetime": {"datetime": "2023-11-19 11:08:03", "elapsed": 2343.003608, "delta": 1411.729293}}
{"target": 0.29428343002213037, "params": {"baseflow": 0.06200668319398972, "fmax": 0.3669165612375276}, "datetime": {"datetime": "2023-11-19 11:23:44", "elapsed": 3284.309041, "delta": 941.305433}}
{"target": 0.1063959462322957, "params": {"baseflow": 0.7341454361834452, "fmax": 0.024474764853256795}, "datetime": {"datetime": "2023-11-19 11:36:55", "elapsed": 4075.452818, "delta": 791.143777}}
{"target": 0.2955629208794041, "params": {"baseflow": 0.240418843857384, "fmax": 0.37124996401615906}, "datetime": {"datetime": "2023-11-19 11:49:16", "elapsed": 4816.546752, "delta": 741.093934}}
{"target": 0.1683973031652644, "params": {"baseflow": 0.12132576673647577, "fmax": 0.10824040903629362}, "datetime": {"datetime": "2023-11-19 12:06:03", "elapsed": 5822.857104, "delta": 1006.310352}}
{"target": 0.2970478055884821, "params": {"baseflow": 0.13784032519836964, "fmax": 0.39141622446438434}, "datetime": {"datetime": "2023-11-19 12:19:39", "elapsed": 6639.388508, "delta": 816.531404}}
{"target": 0.05302866536428225, "params": {"baseflow": 0.8755619003684959, "fmax": 0.04506576987073685}, "datetime": {"datetime": "2023-11-19 12:39:06", "elapsed": 7805.95419, "delta": 1166.565682}}
{"target": 0.11141654297471555, "params": {"baseflow": 0.5626333282892584, "fmax": 0.03200602369621839}, "datetime": {"datetime": "2023-11-19 12:51:37", "elapsed": 8557.466784, "delta": 751.512594}}
{"target": 0.13018978671475545, "params": {"baseflow": 0.6102951441543503, "fmax": 0.08403793593880274}, "datetime": {"datetime": "2023-11-19 13:10:30", "elapsed": 9689.854982, "delta": 1132.388198}}
{"target": 0.32651123681949296, "params": {"baseflow": 0.8385716284584296, "fmax": 0.3052651478859659}, "datetime": {"datetime": "2023-11-19 13:30:22", "elapsed": 10882.35341, "delta": 1192.498428}}
{"target": 0.30316959770627805, "params": {"baseflow": 1.0, "fmax": 0.3310105016909596}, "datetime": {"datetime": "2023-11-19 13:45:29", "elapsed": 11788.718358, "delta": 906.364948}}
{"target": 0.07676680212425091, "params": {"baseflow": 0.1806570135248763, "fmax": 0.004324612542599838}, "datetime": {"datetime": "2023-11-19 14:07:56", "elapsed": 13136.012905, "delta": 1347.294547}}
{"target": 0.2913202235570458, "params": {"baseflow": 0.02345704028071638, "fmax": 0.24769885527078747}, "datetime": {"datetime": "2023-11-19 14:31:23", "elapsed": 14542.918355, "delta": 1406.90545}}
{"target": 0.29569378783721545, "params": {"baseflow": 0.627258493986754, "fmax": 0.4}, "datetime": {"datetime": "2023-11-19 14:51:45", "elapsed": 15765.254112, "delta": 1222.335757}}
{"target": 0.3081829282216279, "params": {"baseflow": 0.2856813664348091, "fmax": 0.2489774995896443}, "datetime": {"datetime": "2023-11-19 15:15:37", "elapsed": 17197.241252, "delta": 1431.98714}}
{"target": 0.29607070180113665, "params": {"baseflow": 0.44578221507288074, "fmax": 0.36688863685170525}, "datetime": {"datetime": "2023-11-19 15:34:14", "elapsed": 18314.438998, "delta": 1117.197746}}
{"target": 0.2996646625714887, "params": {"baseflow": 0.45199403871749333, "fmax": 0.20594246844994624}, "datetime": {"datetime": "2023-11-19 15:56:16", "elapsed": 19636.435348, "delta": 1321.99635}}
{"target": 0.29569378783721545, "params": {"baseflow": 0.8855839248030359, "fmax": 0.4}, "datetime": {"datetime": "2023-11-19 16:17:28", "elapsed": 20908.160405, "delta": 1271.725057}}
{"target": 0.3219986789311544, "params": {"baseflow": 0.6048739636039766, "fmax": 0.3140749170036557}, "datetime": {"datetime": "2023-11-19 16:30:14", "elapsed": 21674.472805, "delta": 766.3124}}
{"target": 0.31640632130929164, "params": {"baseflow": 0.7300910749141196, "fmax": 0.2693761850471583}, "datetime": {"datetime": "2023-11-19 16:42:41", "elapsed": 22420.881184, "delta": 746.408379}}
{"target": 0.29340873668068634, "params": {"baseflow": 0.9385738230538165, "fmax": 0.2428219014606151}, "datetime": {"datetime": "2023-11-19 16:55:22", "elapsed": 23182.12737, "delta": 761.246186}}
{"target": 0.3166519411667226, "params": {"baseflow": 0.3834759077948289, "fmax": 0.28899539208199315}, "datetime": {"datetime": "2023-11-19 17:17:04", "elapsed": 24483.927543, "delta": 1301.800173}}
{"target": 0.3435345108143615, "params": {"baseflow": 0.21315146407637564, "fmax": 0.2726256844309722}, "datetime": {"datetime": "2023-11-19 17:35:25", "elapsed": 25585.529125, "delta": 1101.601582}}
{"target": 0.31738508146605293, "params": {"baseflow": 0.5976457340015743, "fmax": 0.2889680305702487}, "datetime": {"datetime": "2023-11-19 17:58:17", "elapsed": 26957.451137, "delta": 1371.922012}}
{"target": 0.31759172435306277, "params": {"baseflow": 0.13093787624277217, "fmax": 0.28020721761193595}, "datetime": {"datetime": "2023-11-19 18:10:44", "elapsed": 27703.633317, "delta": 746.18218}}
{"target": 0.2966838846058863, "params": {"baseflow": 0.755607811126853, "fmax": 0.39272444068362505}, "datetime": {"datetime": "2023-11-19 18:30:26", "elapsed": 28885.816665, "delta": 1182.183348}}
{"target": 0.31212589070261537, "params": {"baseflow": 0.49526962181449313, "fmax": 0.2905020709415138}, "datetime": {"datetime": "2023-11-19 18:51:12", "elapsed": 30132.535494, "delta": 1246.718829}}
{"target": 0.2989590549489631, "params": {"baseflow": 0.21804403935183747, "fmax": 0.21478320501037682}, "datetime": {"datetime": "2023-11-19 19:03:39", "elapsed": 30879.057931, "delta": 746.522437}}
{"target": 0.34860312025315165, "params": {"baseflow": 0.8188941231750717, "fmax": 0.23639743403996652}, "datetime": {"datetime": "2023-11-19 19:27:01", "elapsed": 32280.979663, "delta": 1401.921732}}
{"target": 0.29569378783721545, "params": {"baseflow": 1.0, "fmax": 0.4}, "datetime": {"datetime": "2023-11-19 19:47:43", "elapsed": 33522.773318, "delta": 1241.793655}}
{"target": 0.29569378783721545, "params": {"baseflow": 0.0, "fmax": 0.4}, "datetime": {"datetime": "2023-11-19 20:00:04", "elapsed": 34263.989392, "delta": 741.216074}}
{"target": 0.31719103703347734, "params": {"baseflow": 0.8516368468586438, "fmax": 0.24453103107207044}, "datetime": {"datetime": "2023-11-19 20:22:02", "elapsed": 35581.789421, "delta": 1317.800029}}
{"target": 0.26451768590021524, "params": {"baseflow": 0.5200025422290104, "fmax": 0.1440159756943633}, "datetime": {"datetime": "2023-11-19 20:34:53", "elapsed": 36353.321179, "delta": 771.531758}}
