{"target": 0.4457335109057856, "params": {"baseflow": 0.49253044650146804, "fmax": 0.14728504581112767}, "datetime": {"datetime": "2023-11-15 17:31:32", "elapsed": 0.0, "delta": 0.0}}
{"target": 0.35776485492626964, "params": {"baseflow": 1.0, "fmax": 0.4}, "datetime": {"datetime": "2023-11-15 18:08:55", "elapsed": 2242.640936, "delta": 2242.640936}}
{"target": 0.4111569577493188, "params": {"baseflow": 0.9032426876635531, "fmax": 0.24844879988928434}, "datetime": {"datetime": "2023-11-15 18:51:05", "elapsed": 0.0, "delta": 0.0}}
{"target": 0.3871402703514458, "params": {"baseflow": 0.7877690192082898, "fmax": 0.2953060405347195}, "datetime": {"datetime": "2023-11-15 19:12:28", "elapsed": 1283.075773, "delta": 1283.075773}}
{"target": 0.34333249847627256, "params": {"baseflow": 0.597980663980034, "fmax": 0.011405812104006818}, "datetime": {"datetime": "2023-11-15 19:35:15", "elapsed": 2649.872457, "delta": 1366.796684}}
{"target": 0.4041150280103153, "params": {"baseflow": 0.043257455997986693, "fmax": 0.26544804601571015}, "datetime": {"datetime": "2023-11-15 19:58:47", "elapsed": 4061.706735, "delta": 1411.834278}}
{"target": 0.41605347032970597, "params": {"baseflow": 0.0249049231425984, "fmax": 0.22551334661220446}, "datetime": {"datetime": "2023-11-15 20:18:18", "elapsed": 5233.265628, "delta": 1171.558893}}
{"target": 0.3797157560634411, "params": {"baseflow": 0.29161753997342077, "fmax": 0.05549945599898201}, "datetime": {"datetime": "2023-11-15 20:41:37", "elapsed": 6632.152188, "delta": 1398.88656}}
{"target": 0.4198392316629432, "params": {"baseflow": 0.023149496998704167, "fmax": 0.20627724561521613}, "datetime": {"datetime": "2023-11-15 20:59:24", "elapsed": 7698.653341, "delta": 1066.501153}}
{"target": 0.2913592959467132, "params": {"baseflow": 0.0, "fmax": 0.0}, "datetime": {"datetime": "2023-11-15 21:16:35", "elapsed": 8730.12252, "delta": 1031.469179}}
{"target": 0.42423056887412675, "params": {"baseflow": 0.9298695129771443, "fmax": 0.1719291454749252}, "datetime": {"datetime": "2023-11-15 21:32:01", "elapsed": 9656.455956, "delta": 926.333436}}
{"target": 0.41241238142701864, "params": {"baseflow": 0.3405074728456624, "fmax": 0.2454725159317933}, "datetime": {"datetime": "2023-11-15 21:53:43", "elapsed": 10958.171062, "delta": 1301.715106}}
{"target": 0.45222185237094825, "params": {"baseflow": 0.44548440362997144, "fmax": 0.10798314556601483}, "datetime": {"datetime": "2023-11-15 22:07:29", "elapsed": 11784.481752, "delta": 826.31069}}
{"target": 0.42041983721882276, "params": {"baseflow": 0.48446075531449156, "fmax": 0.2051748959683364}, "datetime": {"datetime": "2023-11-15 22:23:26", "elapsed": 12741.230162, "delta": 956.74841}}
{"target": 0.36986592005686025, "params": {"baseflow": 1.0, "fmax": 0.0211171183969476}, "datetime": {"datetime": "2023-11-15 22:39:12", "elapsed": 13687.627095, "delta": 946.396933}}
{"target": 0.4415542723351796, "params": {"baseflow": 0.3931128139922848, "fmax": 0.15104595454448194}, "datetime": {"datetime": "2023-11-15 22:59:44", "elapsed": 14919.32856, "delta": 1231.701465}}
{"target": 0.35776485492626964, "params": {"baseflow": 1.0, "fmax": 0.4}, "datetime": {"datetime": "2023-11-15 23:17:16", "elapsed": 15970.829808, "delta": 1051.501248}}
{"target": 0.35776485492626964, "params": {"baseflow": 0.4583118454223663, "fmax": 0.4}, "datetime": {"datetime": "2023-11-15 23:41:03", "elapsed": 17397.743097, "delta": 1426.913289}}
{"target": 0.3690511773457039, "params": {"baseflow": 0.40826796599105386, "fmax": 0.053214657052491}, "datetime": {"datetime": "2023-11-16 00:02:25", "elapsed": 18679.802694, "delta": 1282.059597}}
{"target": 0.4427445407582463, "params": {"baseflow": 0.5010595724708176, "fmax": 0.12892698164865435}, "datetime": {"datetime": "2023-11-16 00:27:50", "elapsed": 20205.618229, "delta": 1525.815535}}
{"target": 0.3422108403391541, "params": {"baseflow": 0.0768811967533507, "fmax": 0.010797595165004293}, "datetime": {"datetime": "2023-11-16 00:51:57", "elapsed": 21652.444058, "delta": 1446.825829}}
{"target": 0.4422544158375555, "params": {"baseflow": 0.8244000257407696, "fmax": 0.1291225485997129}, "datetime": {"datetime": "2023-11-16 01:11:49", "elapsed": 22844.106368, "delta": 1191.66231}}
{"target": 0.4215883424424404, "params": {"baseflow": 0.7379389212571348, "fmax": 0.19446367149378366}, "datetime": {"datetime": "2023-11-16 01:27:55", "elapsed": 23810.459086, "delta": 966.352718}}
{"target": 0.38537375271345553, "params": {"baseflow": 0.8053211315482773, "fmax": 0.02549265995663501}, "datetime": {"datetime": "2023-11-16 01:49:37", "elapsed": 25112.227445, "delta": 1301.768359}}
{"target": 0.4198309283018908, "params": {"baseflow": 0.18440789578782232, "fmax": 0.20465566540222033}, "datetime": {"datetime": "2023-11-16 02:08:04", "elapsed": 26218.823105, "delta": 1106.59566}}
{"target": 0.37082467664967095, "params": {"baseflow": 0.20591480390040742, "fmax": 0.35319371089137}, "datetime": {"datetime": "2023-11-16 02:26:40", "elapsed": 27334.817715, "delta": 1115.99461}}
{"target": 0.4502798706514181, "params": {"baseflow": 0.4458518193740896, "fmax": 0.10613234376805321}, "datetime": {"datetime": "2023-11-16 02:45:47", "elapsed": 28481.734059, "delta": 1146.916344}}
{"target": 0.35776485492626964, "params": {"baseflow": 0.0, "fmax": 0.4}, "datetime": {"datetime": "2023-11-16 03:01:48", "elapsed": 29443.156557, "delta": 961.422498}}
{"target": 0.4291516466159546, "params": {"baseflow": 0.4435160171877177, "fmax": 0.15938850931888573}, "datetime": {"datetime": "2023-11-16 03:22:15", "elapsed": 30670.308931, "delta": 1227.152374}}
{"target": 0.4221071041947572, "params": {"baseflow": 0.8356794564215441, "fmax": 0.18957805565971364}, "datetime": {"datetime": "2023-11-16 03:40:47", "elapsed": 31781.958415, "delta": 1111.649484}}
{"target": 0.39928980742768305, "params": {"baseflow": 0.4043762671036222, "fmax": 0.2758853152257758}, "datetime": {"datetime": "2023-11-16 03:59:18", "elapsed": 32893.467645, "delta": 1111.50923}}
{"target": 0.41651813256061737, "params": {"baseflow": 0.6700212777201997, "fmax": 0.22418438938607724}, "datetime": {"datetime": "2023-11-16 04:17:20", "elapsed": 33974.94427, "delta": 1081.476625}}
{"target": 0.4222388048579476, "params": {"baseflow": 0.5736111488895862, "fmax": 0.18640086615632917}, "datetime": {"datetime": "2023-11-16 04:37:42", "elapsed": 35196.918401, "delta": 1221.974131}}
{"target": 0.4274221787984395, "params": {"baseflow": 0.2853232276447535, "fmax": 0.17087360343231417}, "datetime": {"datetime": "2023-11-16 04:53:13", "elapsed": 36128.347821, "delta": 931.42942}}
{"target": 0.3875138667230355, "params": {"baseflow": 0.5842915717483461, "fmax": 0.294336287299471}, "datetime": {"datetime": "2023-11-16 05:09:40", "elapsed": 37114.808268, "delta": 986.460447}}
{"target": 0.45853105764867913, "params": {"baseflow": 0.7429464122680692, "fmax": 0.11619085548362439}, "datetime": {"datetime": "2023-11-16 05:28:06", "elapsed": 38221.594897, "delta": 1106.786629}}
{"target": 0.4424881018493095, "params": {"baseflow": 0.6794833258173067, "fmax": 0.12906294592182263}, "datetime": {"datetime": "2023-11-16 05:45:38", "elapsed": 39273.130414, "delta": 1051.535517}}
{"target": 0.41701427666766977, "params": {"baseflow": 1.0, "fmax": 0.2223604254733351}, "datetime": {"datetime": "2023-11-17 15:03:18", "elapsed": 0.0, "delta": 0.0}}
{"target": 0.35776485492626964, "params": {"baseflow": 0.6947097825282152, "fmax": 0.4}, "datetime": {"datetime": "2023-11-17 15:18:42", "elapsed": 923.497616, "delta": 923.497616}}
{"target": 0.4414051818465567, "params": {"baseflow": 0.11859478784121114, "fmax": 0.1511729061605116}, "datetime": {"datetime": "2023-11-17 15:38:14", "elapsed": 2096.055982, "delta": 1172.558366}}
{"target": 0.4122981753559763, "params": {"baseflow": 0.3398867839855908, "fmax": 0.24534778098264975}, "datetime": {"datetime": "2023-11-17 15:50:20", "elapsed": 2822.178328, "delta": 726.122346}}
{"target": 0.41601237523358553, "params": {"baseflow": 0.024409979036028928, "fmax": 0.22563584272310339}, "datetime": {"datetime": "2023-11-17 16:12:57", "elapsed": 4179.073333, "delta": 1356.895005}}
{"target": 0.4597277785108079, "params": {"baseflow": 0.18457417559578623, "fmax": 0.11479160048289208}, "datetime": {"datetime": "2023-11-17 16:37:19", "elapsed": 5641.295382, "delta": 1462.222049}}
{"target": 0.4354541885697803, "params": {"baseflow": 0.17611851814032453, "fmax": 0.06280977190618006}, "datetime": {"datetime": "2023-11-17 16:58:27", "elapsed": 6908.303171, "delta": 1267.007789}}
{"target": 0.4189507390095121, "params": {"baseflow": 0.7154977863888672, "fmax": 0.07529718070550598}, "datetime": {"datetime": "2023-11-17 17:21:04", "elapsed": 8265.425291, "delta": 1357.12212}}
{"target": 0.4415971475888155, "params": {"baseflow": 0.22475818305228368, "fmax": 0.13072771816019918}, "datetime": {"datetime": "2023-11-17 17:42:36", "elapsed": 9557.672082, "delta": 1292.246791}}
{"target": 0.4400881343741943, "params": {"baseflow": 0.7732742171628924, "fmax": 0.13659487804586776}, "datetime": {"datetime": "2023-11-17 17:58:12", "elapsed": 10494.267329, "delta": 936.595247}}
{"target": 0.44961604109958364, "params": {"baseflow": 0.8884381053129583, "fmax": 0.10085292256145634}, "datetime": {"datetime": "2023-11-17 18:23:15", "elapsed": 11996.316865, "delta": 1502.049536}}
{"target": 0.4496294675528534, "params": {"baseflow": 0.14105127786165295, "fmax": 0.101380679603523}, "datetime": {"datetime": "2023-11-17 18:35:54", "elapsed": 12755.906347, "delta": 759.589482}}
{"target": 0.4477170811960338, "params": {"baseflow": 0.16721785658226396, "fmax": 0.14060565552839696}, "datetime": {"datetime": "2023-11-17 18:50:15", "elapsed": 13617.291451, "delta": 861.385104}}
{"target": 0.4477216256041258, "params": {"baseflow": 0.7201695626049586, "fmax": 0.14096688263775348}, "datetime": {"datetime": "2023-11-17 19:02:42", "elapsed": 14363.548771, "delta": 746.25732}}
{"target": 0.4408329726039383, "params": {"baseflow": 0.9966336505248041, "fmax": 0.13329092956581112}, "datetime": {"datetime": "2023-11-17 19:15:38", "elapsed": 15139.840201, "delta": 776.29143}}
{"target": 0.391015574731881, "params": {"baseflow": 0.5976457340015743, "fmax": 0.2889680305702487}, "datetime": {"datetime": "2023-11-17 19:30:14", "elapsed": 16016.105635, "delta": 876.265434}}
{"target": 0.3819019832375813, "params": {"baseflow": 0.6352289536269757, "fmax": 0.30843736373034203}, "datetime": {"datetime": "2023-11-17 19:49:16", "elapsed": 17157.662116, "delta": 1141.556481}}
{"target": 0.4503207283217102, "params": {"baseflow": 0.9446005089175331, "fmax": 0.10319813227899793}, "datetime": {"datetime": "2023-11-17 20:12:33", "elapsed": 18554.73746, "delta": 1397.075344}}
{"target": 0.3590886723017887, "params": {"baseflow": 0.8510758047130692, "fmax": 0.39475341134236674}, "datetime": {"datetime": "2023-11-17 20:38:17", "elapsed": 20098.778941, "delta": 1544.041481}}
{"target": 0.45140950056431767, "params": {"baseflow": 0.8884010227400293, "fmax": 0.10156711568388582}, "datetime": {"datetime": "2023-11-17 20:57:44", "elapsed": 21265.443468, "delta": 1166.664527}}
{"target": 0.4467360084339049, "params": {"baseflow": 0.8819554061032545, "fmax": 0.1409547870379729}, "datetime": {"datetime": "2023-11-17 21:19:46", "elapsed": 22587.408348, "delta": 1321.96488}}
{"target": 0.4432864683120515, "params": {"baseflow": 0.9145608930936769, "fmax": 0.12368061815351589}, "datetime": {"datetime": "2023-11-17 21:40:53", "elapsed": 23854.348432, "delta": 1266.940084}}
{"target": 0.4418096032677472, "params": {"baseflow": 0.05870908485575712, "fmax": 0.13173580556697026}, "datetime": {"datetime": "2023-11-17 22:02:59", "elapsed": 25181.191607, "delta": 1326.843175}}
{"target": 0.35776485492626964, "params": {"baseflow": 0.3216002331650111, "fmax": 0.4}, "datetime": {"datetime": "2023-11-17 22:19:13", "elapsed": 26154.355074, "delta": 973.163467}}
{"target": 0.44293558626493157, "params": {"baseflow": 0.6136374561031891, "fmax": 0.13147530713850034}, "datetime": {"datetime": "2023-11-17 22:40:04", "elapsed": 27406.140587, "delta": 1251.785513}}
{"target": 0.4272567729164632, "params": {"baseflow": 0.6427198691799058, "fmax": 0.1694759409145948}, "datetime": {"datetime": "2023-11-17 22:53:31", "elapsed": 28212.678623, "delta": 806.538036}}
{"target": 0.4404661846646596, "params": {"baseflow": 0.0, "fmax": 0.13452263064329398}, "datetime": {"datetime": "2023-11-17 23:09:42", "elapsed": 29184.209445, "delta": 971.530822}}
{"target": 0.4572416154568721, "params": {"baseflow": 0.8626608456210013, "fmax": 0.11555962766976052}, "datetime": {"datetime": "2023-11-17 23:32:54", "elapsed": 30576.263743, "delta": 1392.054298}}
{"target": 0.40751429013122176, "params": {"baseflow": 0.2943333818692616, "fmax": 0.2575322266426689}, "datetime": {"datetime": "2023-11-17 23:54:11", "elapsed": 31852.976906, "delta": 1276.713163}}
{"target": 0.4170079899646379, "params": {"baseflow": 0.11366966838513042, "fmax": 0.2209251761486172}, "datetime": {"datetime": "2023-11-18 00:16:03", "elapsed": 33164.938555, "delta": 1311.961649}}
{"target": 0.4509921117883399, "params": {"baseflow": 0.34089060558587236, "fmax": 0.13962742485729915}, "datetime": {"datetime": "2023-11-18 00:35:59", "elapsed": 34360.389879, "delta": 1195.451324}}
{"target": 0.3240531699734683, "params": {"baseflow": 0.5473116026867554, "fmax": 0.006464780967463968}, "datetime": {"datetime": "2023-11-18 00:49:10", "elapsed": 35151.599864, "delta": 791.209985}}
{"target": 0.4164648993267543, "params": {"baseflow": 0.9214416459348985, "fmax": 0.22608734884609205}, "datetime": {"datetime": "2023-11-18 01:12:27", "elapsed": 36548.761939, "delta": 1397.162075}}
{"target": 0.42379676815659606, "params": {"baseflow": 0.3506101758884774, "fmax": 0.18105992480614994}, "datetime": {"datetime": "2023-11-18 01:35:24", "elapsed": 37925.703136, "delta": 1376.941197}}
{"target": 0.29589296586099006, "params": {"baseflow": 0.210179661764769, "fmax": 0.000419982623126991}, "datetime": {"datetime": "2023-11-18 01:58:21", "elapsed": 39302.637268, "delta": 1376.934132}}
