{"target": 0.07750890739606653, "params": {"baseflow": 0.24601811587623157, "clay": 0.18578376073862102, "fmax": 0.09435014924997934, "sand": 0.7845614557758968}, "datetime": {"datetime": "2023-11-22 14:22:10", "elapsed": 0.0, "delta": 0.0}}
{"target": 0.049211974881309815, "params": {"baseflow": 0.8493508781936833, "clay": 0.34428270436474373, "fmax": 0.024802673277595888, "sand": 0.917291403093819}, "datetime": {"datetime": "2023-11-22 14:34:06", "elapsed": 715.632672, "delta": 715.632672}}
{"target": 0.19356418458851832, "params": {"baseflow": 0.7341454361834452, "clay": 0.06118691213314198, "fmax": 0.0961675375429536, "sand": 0.9281249100403977}, "datetime": {"datetime": "2023-11-22 15:04:03", "elapsed": 2512.46615, "delta": 1796.833478}}
{"target": 0.09778433058172618, "params": {"baseflow": 0.12132576673647577, "clay": 0.27060102259073404, "fmax": 0.05513613007934786, "sand": 0.9785405611609608}, "datetime": {"datetime": "2023-11-22 15:24:39", "elapsed": 3748.789136, "delta": 1236.322986}}
{"target": 0.26250883313091034, "params": {"baseflow": 0.8755619003684959, "clay": 0.11266442467684212, "fmax": 0.22505333131570338, "sand": 0.08001505924054597}, "datetime": {"datetime": "2023-11-22 15:47:45", "elapsed": 5135.431057, "delta": 1386.641921}}
{"target": 0.05261010933565943, "params": {"baseflow": 0.40192228878087966, "clay": 0.17468603112412606, "fmax": 0.03205384127741895, "sand": 0.5716855201926657}, "datetime": {"datetime": "2023-11-22 16:35:28", "elapsed": 7998.288645, "delta": 2862.857588}}
{"target": 0.27894767866431863, "params": {"baseflow": 0.3548468912575058, "clay": 0.9640342580271009, "fmax": 0.2429171047266727, "sand": 0.20617670370115415}, "datetime": {"datetime": "2023-11-22 16:59:25", "elapsed": 9435.252237, "delta": 1436.963592}}
{"target": 0.2727234303751787, "params": {"baseflow": 0.3807944413025718, "clay": 0.20438060646815626, "fmax": 0.2195379778719756, "sand": 0.9862065528008207}, "datetime": {"datetime": "2023-11-22 17:13:42", "elapsed": 10291.555201, "delta": 856.302964}}
{"target": 0.28105055850440697, "params": {"baseflow": 0.9012664941995863, "clay": 0.5396409607703131, "fmax": 0.1390181029526681, "sand": 0.037542763741473695}, "datetime": {"datetime": "2023-11-22 17:25:17", "elapsed": 10987.345399, "delta": 695.790198}}
{"target": 0.2750972011331817, "params": {"baseflow": 0.40539954535739786, "clay": 0.3653558011746778, "fmax": 0.2206298711279304, "sand": 0.1511082238759599}, "datetime": {"datetime": "2023-11-22 17:36:53", "elapsed": 11683.189254, "delta": 695.843855}}
{"target": 0.279350730528776, "params": {"baseflow": 0.8059622203178527, "clay": 0.5191664933633375, "fmax": 0.2525378044113113, "sand": 0.49768700005938316}, "datetime": {"datetime": "2023-11-22 17:52:40", "elapsed": 12629.581002, "delta": 946.391748}}
{"target": 0.2843230796106736, "params": {"baseflow": 0.9640416536327114, "clay": 0.7472296444889408, "fmax": 0.3368425131914979, "sand": 0.9860856007708919}, "datetime": {"datetime": "2023-11-22 18:15:02", "elapsed": 13971.838796, "delta": 1342.257794}}
{"target": 0.2777367902486926, "params": {"baseflow": 0.7062336897208196, "clay": 0.46844576460820464, "fmax": 0.2874698764666893, "sand": 0.19803621722916673}, "datetime": {"datetime": "2023-11-22 18:50:21", "elapsed": 16090.829431, "delta": 2118.990635}}
{"target": 0.12161411899391288, "params": {"baseflow": 0.303725791391115, "clay": 0.917364950824209, "fmax": 0.06922509828182881, "sand": 0.651437489437164}, "datetime": {"datetime": "2023-11-22 19:52:20", "elapsed": 19809.768684, "delta": 3718.939253}}
{"target": 0.049533207271939134, "params": {"baseflow": 0.9418209059040047, "clay": 0.6380805746748885, "fmax": 0.023149600793886685, "sand": 0.7618936060658268}, "datetime": {"datetime": "2023-11-22 20:03:56", "elapsed": 20505.631779, "delta": 695.863095}}
{"target": 0.26597769301897684, "params": {"baseflow": 0.5240962967908049, "clay": 0.7026230288221013, "fmax": 0.16669877295099525, "sand": 0.04867406719913132}, "datetime": {"datetime": "2023-11-22 20:16:20", "elapsed": 21249.700228, "delta": 744.068449}}
{"target": 0.2908980874918677, "params": {"baseflow": 0.7661457807806128, "clay": 0.800659756944041, "fmax": 0.4, "sand": 0.32319681359650904}, "datetime": {"datetime": "2023-11-22 20:35:56", "elapsed": 22426.311424, "delta": 1176.611196}}
{"target": 0.2868265289023967, "params": {"baseflow": 0.9774261216581261, "clay": 0.7274936624284789, "fmax": 0.375076954385967, "sand": 0.9943119702357021}, "datetime": {"datetime": "2023-11-22 20:55:13", "elapsed": 23583.21213, "delta": 1156.900706}}
{"target": 0.2857473721625776, "params": {"baseflow": 0.5030745979368526, "clay": 0.0, "fmax": 0.4, "sand": 1.0}, "datetime": {"datetime": "2023-11-22 21:06:31", "elapsed": 24260.533089, "delta": 677.320959}}
{"target": 0.27582376622706406, "params": {"baseflow": 0.966300473042632, "clay": 0.9009504572057175, "fmax": 0.21332910985943349, "sand": 0.06403215510173799}, "datetime": {"datetime": "2023-11-22 21:17:53", "elapsed": 24942.64133, "delta": 682.108241}}
{"target": 0.26021592281306793, "params": {"baseflow": 0.5167243600589099, "clay": 0.033747331186193885, "fmax": 0.2007234879823464, "sand": 0.28527099880448115}, "datetime": {"datetime": "2023-11-22 21:33:30", "elapsed": 25880.047279, "delta": 937.405949}}
{"target": 0.28053629725777274, "params": {"baseflow": 0.9792510744335504, "clay": 0.5142776847802583, "fmax": 0.30868939611944696, "sand": 0.6672881965168053}, "datetime": {"datetime": "2023-11-22 21:52:12", "elapsed": 27001.593617, "delta": 1121.546338}}
{"target": 0.2812535095261748, "params": {"baseflow": 0.760877887816068, "clay": 0.1360356039671874, "fmax": 0.25401184364219065, "sand": 0.06952682519056352}, "datetime": {"datetime": "2023-11-22 22:03:33", "elapsed": 27682.49384, "delta": 680.900223}}
