{"target": 0.41749361226355125, "params": {"baseflow": 0.24601811587623157, "fmax": 0.0743135042954484}, "datetime": {"datetime": "2023-11-16 09:38:37", "elapsed": 0.0, "delta": 0.0}}
{"target": 0.3794743435868551, "params": {"baseflow": 0.23587537312494833, "fmax": 0.3138245823103587}, "datetime": {"datetime": "2023-11-16 09:54:18", "elapsed": 941.288507, "delta": 941.288507}}
{"target": 0.4383289696039393, "params": {"baseflow": 0.8493508781936833, "fmax": 0.1377130817458975}, "datetime": {"datetime": "2023-11-16 10:12:25", "elapsed": 2027.722205, "delta": 1086.433698}}
{"target": 0.36780374547695766, "params": {"baseflow": 0.06200668319398972, "fmax": 0.3669165612375276}, "datetime": {"datetime": "2023-11-16 10:42:12", "elapsed": 3815.220312, "delta": 1787.498107}}
{"target": 0.3822648874574128, "params": {"baseflow": 0.7341454361834452, "fmax": 0.024474764853256795}, "datetime": {"datetime": "2023-11-16 11:02:24", "elapsed": 5026.786833, "delta": 1211.566521}}
{"target": 0.425602612624456, "params": {"baseflow": 0.6102951441543503, "fmax": 0.08403793593880274}, "datetime": {"datetime": "2023-11-16 11:20:15", "elapsed": 6098.294663, "delta": 1071.50783}}
{"target": 0.40954997198178483, "params": {"baseflow": 0.8212732333625312, "fmax": 0.06720376817350653}, "datetime": {"datetime": "2023-11-16 11:37:32", "elapsed": 7134.857108, "delta": 1036.562445}}
{"target": 0.44929513542995086, "params": {"baseflow": 0.9118545504729988, "fmax": 0.14198022048961112}, "datetime": {"datetime": "2023-11-16 11:58:49", "elapsed": 8411.665671, "delta": 1276.808563}}
{"target": 0.31660847732194675, "params": {"baseflow": 0.1806570135248763, "fmax": 0.004324612542599838}, "datetime": {"datetime": "2023-11-16 12:22:31", "elapsed": 9833.46568, "delta": 1421.800009}}
{"target": 0.41138128305742805, "params": {"baseflow": 0.02345704028071638, "fmax": 0.24769885527078747}, "datetime": {"datetime": "2023-11-16 12:42:28", "elapsed": 11031.214793, "delta": 1197.749113}}
{"target": 0.4222807605448521, "params": {"baseflow": 0.8878945421675414, "fmax": 0.1924949353362011}, "datetime": {"datetime": "2023-11-16 12:58:20", "elapsed": 11983.191194, "delta": 951.976401}}
{"target": 0.4109587076148073, "params": {"baseflow": 0.2856813664348091, "fmax": 0.2489774995896443}, "datetime": {"datetime": "2023-11-16 13:17:07", "elapsed": 13109.686033, "delta": 1126.494839}}
{"target": 0.427852774880501, "params": {"baseflow": 0.9144507680429272, "fmax": 0.0844386370873512}, "datetime": {"datetime": "2023-11-16 13:37:14", "elapsed": 14316.44006, "delta": 1206.754027}}
{"target": 0.42003659352269834, "params": {"baseflow": 0.45199403871749333, "fmax": 0.20594246844994624}, "datetime": {"datetime": "2023-11-16 13:56:44", "elapsed": 15487.297488, "delta": 1170.857428}}
{"target": 0.44556108140969136, "params": {"baseflow": 0.982216690240335, "fmax": 0.1476216567674589}, "datetime": {"datetime": "2023-11-16 14:15:11", "elapsed": 16594.19172, "delta": 1106.894232}}
{"target": 0.3793428689055032, "params": {"baseflow": 0.6048739636039766, "fmax": 0.3140749170036557}, "datetime": {"datetime": "2023-11-16 14:33:44", "elapsed": 17706.665433, "delta": 1112.473713}}
{"target": 0.44360837116160445, "params": {"baseflow": 0.3316485631433251, "fmax": 0.12704789165860297}, "datetime": {"datetime": "2023-11-16 14:51:45", "elapsed": 18788.252739, "delta": 1081.587306}}
{"target": 0.4305036302862939, "params": {"baseflow": 0.41984956104666227, "fmax": 0.06088515436960425}, "datetime": {"datetime": "2023-11-16 15:06:37", "elapsed": 19679.6425, "delta": 891.389761}}
{"target": 0.2913592959467132, "params": {"baseflow": 0.5252050151183117, "fmax": 0.0}, "datetime": {"datetime": "2023-11-16 15:25:59", "elapsed": 20841.563754, "delta": 1161.921254}}
{"target": 0.40062841310446873, "params": {"baseflow": 0.21315146407637564, "fmax": 0.2726256844309722}, "datetime": {"datetime": "2023-11-16 15:48:46", "elapsed": 22208.406997, "delta": 1366.843243}}
{"target": 0.391015574731881, "params": {"baseflow": 0.5976457340015743, "fmax": 0.2889680305702487}, "datetime": {"datetime": "2023-11-16 16:07:07", "elapsed": 23310.114189, "delta": 1101.707192}}
{"target": 0.3819019832375813, "params": {"baseflow": 0.6352289536269757, "fmax": 0.30843736373034203}, "datetime": {"datetime": "2023-11-16 16:24:20", "elapsed": 24342.573082, "delta": 1032.458893}}
{"target": 0.41439785884886243, "params": {"baseflow": 0.33923365822686136, "fmax": 0.04966302928887703}, "datetime": {"datetime": "2023-11-16 16:41:46", "elapsed": 25389.155768, "delta": 1046.582686}}
{"target": 0.4373860189900024, "params": {"baseflow": 0.6575123630830058, "fmax": 0.1597285944453364}, "datetime": {"datetime": "2023-11-16 17:06:38", "elapsed": 26881.233029, "delta": 1492.077261}}
{"target": 0.41841938023480996, "params": {"baseflow": 0.21804403935183747, "fmax": 0.21478320501037682}, "datetime": {"datetime": "2023-11-16 17:24:59", "elapsed": 27982.155063, "delta": 1100.922034}}
{"target": 0.43085584114187, "params": {"baseflow": 0.5669422884408589, "fmax": 0.1605398477275567}, "datetime": {"datetime": "2023-11-16 17:43:16", "elapsed": 29079.112423, "delta": 1096.95736}}
{"target": 0.40758977676978153, "params": {"baseflow": 1.0, "fmax": 0.25719561797724605}, "datetime": {"datetime": "2023-11-16 18:04:58", "elapsed": 30380.90326, "delta": 1301.790837}}
{"target": 0.4413175659194526, "params": {"baseflow": 0.4063948566832305, "fmax": 0.13208812677196388}, "datetime": {"datetime": "2023-11-16 18:23:37", "elapsed": 31499.861145, "delta": 1118.957885}}
{"target": 0.3577398242431919, "params": {"baseflow": 0.8609860746107488, "fmax": 0.39984817905360837}, "datetime": {"datetime": "2023-11-16 18:42:39", "elapsed": 32641.50904, "delta": 1141.647895}}
{"target": 0.4463134822653846, "params": {"baseflow": 0.5200025422290104, "fmax": 0.1440159756943633}, "datetime": {"datetime": "2023-11-16 19:04:16", "elapsed": 33938.641526, "delta": 1297.132486}}
{"target": 0.2913592959467132, "params": {"baseflow": 1.0, "fmax": 0.0}, "datetime": {"datetime": "2023-11-16 19:17:27", "elapsed": 34729.87696, "delta": 791.235434}}
{"target": 0.45603388603860606, "params": {"baseflow": 0.0, "fmax": 0.11976362835878177}, "datetime": {"datetime": "2023-11-16 19:42:09", "elapsed": 36211.894368, "delta": 1482.017408}}
{"target": 0.39453063585205395, "params": {"baseflow": 0.0, "fmax": 0.030060780637695707}, "datetime": {"datetime": "2023-11-16 19:59:16", "elapsed": 37238.400326, "delta": 1026.505958}}
{"target": 0.40751429013122176, "params": {"baseflow": 0.2943333818692616, "fmax": 0.2575322266426689}, "datetime": {"datetime": "2023-11-16 20:17:02", "elapsed": 38304.944029, "delta": 1066.543703}}
{"target": 0.42582936967151946, "params": {"baseflow": 0.07616073065937312, "fmax": 0.15504956121426022}, "datetime": {"datetime": "2023-11-16 20:33:24", "elapsed": 39286.615904, "delta": 981.671875}}
